The following modules were not unloaded:
  (Use "module --force purge" to unload all):

  1) modules/2.3-20240529   2) openblas/single-0.3.26
🚀 Starting Run. All outputs will be saved to: training_outputs/20250709-172235
⚙️ Using device: cuda
Hyperparameters: {'input_depth': 64, 'input_height': 64, 'input_width': 64, 'num_classes': 3, 'learning_rate': 1e-05, 'batch_size': 16, 'num_epochs': 300, 'num_input_channels': 3, 'max_samples_per_class': 216}

Loading datasets...
Dataset loaded with 623 total samples:
  - mitotic: 213 samples
  - new_daughter: 216 samples
  - stable: 194 samples
  Applied per-class limit: 216 samples/class
Dataset loaded with 623 total samples:
  - mitotic: 213 samples
  - new_daughter: 216 samples
  - stable: 194 samples
  Applied per-class limit: 216 samples/class

Training on 498 samples, validating on 125 samples.
Model has 70,947 trainable parameters.

--- Starting Training ---
Epoch [001/300] | Duration: 23.64s | Train Loss: 1.2316 | Train Acc: 0.2390 | Val Loss: 1.1419 | Val Acc: 0.2960 | Val F1: 0.2145
🎉 New best model found! F1-Score: 0.2145. Saved to training_outputs/20250709-172235/best_model.pth
Epoch [002/300] | Duration: 24.57s | Train Loss: 0.9397 | Train Acc: 0.6004 | Val Loss: 0.8437 | Val Acc: 0.6720 | Val F1: 0.6721
🎉 New best model found! F1-Score: 0.6721. Saved to training_outputs/20250709-172235/best_model.pth
Epoch [003/300] | Duration: 24.83s | Train Loss: 0.7622 | Train Acc: 0.6948 | Val Loss: 0.7094 | Val Acc: 0.7200 | Val F1: 0.7045
🎉 New best model found! F1-Score: 0.7045. Saved to training_outputs/20250709-172235/best_model.pth
Epoch [004/300] | Duration: 24.52s | Train Loss: 0.6946 | Train Acc: 0.7490 | Val Loss: 0.6688 | Val Acc: 0.7440 | Val F1: 0.7378
🎉 New best model found! F1-Score: 0.7378. Saved to training_outputs/20250709-172235/best_model.pth
Epoch [005/300] | Duration: 24.31s | Train Loss: 0.6484 | Train Acc: 0.7731 | Val Loss: 0.6293 | Val Acc: 0.7440 | Val F1: 0.7374
Epoch [006/300] | Duration: 24.24s | Train Loss: 0.6289 | Train Acc: 0.7671 | Val Loss: 0.6326 | Val Acc: 0.7200 | Val F1: 0.7069
Epoch [007/300] | Duration: 24.15s | Train Loss: 0.6067 | Train Acc: 0.7731 | Val Loss: 0.5896 | Val Acc: 0.7520 | Val F1: 0.7477
🎉 New best model found! F1-Score: 0.7477. Saved to training_outputs/20250709-172235/best_model.pth
Epoch [008/300] | Duration: 24.15s | Train Loss: 0.5450 | Train Acc: 0.7992 | Val Loss: 0.5676 | Val Acc: 0.7440 | Val F1: 0.7387
Epoch [009/300] | Duration: 24.05s | Train Loss: 0.5712 | Train Acc: 0.7932 | Val Loss: 0.5569 | Val Acc: 0.7760 | Val F1: 0.7736
🎉 New best model found! F1-Score: 0.7736. Saved to training_outputs/20250709-172235/best_model.pth
Epoch [010/300] | Duration: 23.82s | Train Loss: 0.5647 | Train Acc: 0.7912 | Val Loss: 0.5559 | Val Acc: 0.7600 | Val F1: 0.7576
Epoch [011/300] | Duration: 23.13s | Train Loss: 0.5204 | Train Acc: 0.8112 | Val Loss: 0.5469 | Val Acc: 0.7520 | Val F1: 0.7490
Epoch [012/300] | Duration: 23.80s | Train Loss: 0.5058 | Train Acc: 0.7831 | Val Loss: 0.5241 | Val Acc: 0.7760 | Val F1: 0.7758
🎉 New best model found! F1-Score: 0.7758. Saved to training_outputs/20250709-172235/best_model.pth
Epoch [013/300] | Duration: 24.40s | Train Loss: 0.5042 | Train Acc: 0.7952 | Val Loss: 0.5288 | Val Acc: 0.7600 | Val F1: 0.7587
Epoch [014/300] | Duration: 24.41s | Train Loss: 0.5186 | Train Acc: 0.8052 | Val Loss: 0.5220 | Val Acc: 0.7680 | Val F1: 0.7673
Epoch [015/300] | Duration: 23.93s | Train Loss: 0.5135 | Train Acc: 0.7952 | Val Loss: 0.5196 | Val Acc: 0.7680 | Val F1: 0.7673
Epoch [016/300] | Duration: 23.57s | Train Loss: 0.5087 | Train Acc: 0.8133 | Val Loss: 0.5140 | Val Acc: 0.7760 | Val F1: 0.7759
🎉 New best model found! F1-Score: 0.7759. Saved to training_outputs/20250709-172235/best_model.pth
Epoch [017/300] | Duration: 23.50s | Train Loss: 0.5060 | Train Acc: 0.8112 | Val Loss: 0.5266 | Val Acc: 0.7680 | Val F1: 0.7674
Epoch [018/300] | Duration: 23.62s | Train Loss: 0.4864 | Train Acc: 0.8153 | Val Loss: 0.5385 | Val Acc: 0.7600 | Val F1: 0.7578
Epoch [019/300] | Duration: 22.76s | Train Loss: 0.4883 | Train Acc: 0.8153 | Val Loss: 0.5004 | Val Acc: 0.7760 | Val F1: 0.7759
Epoch [020/300] | Duration: 23.42s | Train Loss: 0.4856 | Train Acc: 0.8213 | Val Loss: 0.5030 | Val Acc: 0.7680 | Val F1: 0.7673
Epoch [021/300] | Duration: 23.81s | Train Loss: 0.4659 | Train Acc: 0.8193 | Val Loss: 0.4980 | Val Acc: 0.7840 | Val F1: 0.7843
🎉 New best model found! F1-Score: 0.7843. Saved to training_outputs/20250709-172235/best_model.pth
Epoch [022/300] | Duration: 24.34s | Train Loss: 0.4885 | Train Acc: 0.8133 | Val Loss: 0.5216 | Val Acc: 0.7680 | Val F1: 0.7674
Epoch [023/300] | Duration: 23.58s | Train Loss: 0.4799 | Train Acc: 0.8253 | Val Loss: 0.5022 | Val Acc: 0.7680 | Val F1: 0.7673
Epoch [024/300] | Duration: 23.67s | Train Loss: 0.4540 | Train Acc: 0.8273 | Val Loss: 0.4983 | Val Acc: 0.7680 | Val F1: 0.7673
Epoch [025/300] | Duration: 23.79s | Train Loss: 0.4792 | Train Acc: 0.7972 | Val Loss: 0.5367 | Val Acc: 0.7440 | Val F1: 0.7392
Epoch [026/300] | Duration: 24.91s | Train Loss: 0.4480 | Train Acc: 0.8153 | Val Loss: 0.5169 | Val Acc: 0.7680 | Val F1: 0.7673
Epoch [027/300] | Duration: 24.09s | Train Loss: 0.4314 | Train Acc: 0.8193 | Val Loss: 0.4965 | Val Acc: 0.7680 | Val F1: 0.7673
Epoch [028/300] | Duration: 24.20s | Train Loss: 0.4535 | Train Acc: 0.8414 | Val Loss: 0.5174 | Val Acc: 0.7520 | Val F1: 0.7484
Epoch [029/300] | Duration: 24.05s | Train Loss: 0.4628 | Train Acc: 0.8233 | Val Loss: 0.5081 | Val Acc: 0.7840 | Val F1: 0.7841
Epoch [030/300] | Duration: 23.05s | Train Loss: 0.4280 | Train Acc: 0.8353 | Val Loss: 0.4855 | Val Acc: 0.7840 | Val F1: 0.7849
🎉 New best model found! F1-Score: 0.7849. Saved to training_outputs/20250709-172235/best_model.pth
Epoch [031/300] | Duration: 23.10s | Train Loss: 0.4737 | Train Acc: 0.8233 | Val Loss: 0.4779 | Val Acc: 0.7840 | Val F1: 0.7843
Epoch [032/300] | Duration: 24.39s | Train Loss: 0.4570 | Train Acc: 0.8193 | Val Loss: 0.4816 | Val Acc: 0.7760 | Val F1: 0.7759
Epoch [033/300] | Duration: 23.85s | Train Loss: 0.4586 | Train Acc: 0.8434 | Val Loss: 0.4943 | Val Acc: 0.7840 | Val F1: 0.7849
Epoch [034/300] | Duration: 22.97s | Train Loss: 0.4415 | Train Acc: 0.8293 | Val Loss: 0.4786 | Val Acc: 0.7840 | Val F1: 0.7849
Epoch [035/300] | Duration: 23.11s | Train Loss: 0.4244 | Train Acc: 0.8273 | Val Loss: 0.4726 | Val Acc: 0.7920 | Val F1: 0.7926
🎉 New best model found! F1-Score: 0.7926. Saved to training_outputs/20250709-172235/best_model.pth
Epoch [036/300] | Duration: 22.87s | Train Loss: 0.4481 | Train Acc: 0.8253 | Val Loss: 0.4677 | Val Acc: 0.8000 | Val F1: 0.8011
🎉 New best model found! F1-Score: 0.8011. Saved to training_outputs/20250709-172235/best_model.pth
Epoch [037/300] | Duration: 23.56s | Train Loss: 0.4141 | Train Acc: 0.8394 | Val Loss: 0.4758 | Val Acc: 0.7920 | Val F1: 0.7926
Epoch [038/300] | Duration: 23.52s | Train Loss: 0.4183 | Train Acc: 0.8494 | Val Loss: 0.4737 | Val Acc: 0.7840 | Val F1: 0.7849
Epoch [039/300] | Duration: 23.44s | Train Loss: 0.4294 | Train Acc: 0.8514 | Val Loss: 0.4854 | Val Acc: 0.7760 | Val F1: 0.7766
Epoch [040/300] | Duration: 23.46s | Train Loss: 0.4256 | Train Acc: 0.8313 | Val Loss: 0.4852 | Val Acc: 0.7920 | Val F1: 0.7919
Epoch [041/300] | Duration: 24.27s | Train Loss: 0.4151 | Train Acc: 0.8273 | Val Loss: 0.4658 | Val Acc: 0.7840 | Val F1: 0.7849
Epoch [042/300] | Duration: 24.66s | Train Loss: 0.4437 | Train Acc: 0.8434 | Val Loss: 0.4735 | Val Acc: 0.7840 | Val F1: 0.7843
Epoch [043/300] | Duration: 24.11s | Train Loss: 0.4119 | Train Acc: 0.8373 | Val Loss: 0.4779 | Val Acc: 0.7760 | Val F1: 0.7759
Epoch [044/300] | Duration: 24.29s | Train Loss: 0.4310 | Train Acc: 0.8434 | Val Loss: 0.4867 | Val Acc: 0.7760 | Val F1: 0.7748
Epoch [045/300] | Duration: 24.35s | Train Loss: 0.4025 | Train Acc: 0.8514 | Val Loss: 0.4716 | Val Acc: 0.7920 | Val F1: 0.7919
Epoch [046/300] | Duration: 24.20s | Train Loss: 0.4069 | Train Acc: 0.8494 | Val Loss: 0.4805 | Val Acc: 0.7840 | Val F1: 0.7849
Epoch [047/300] | Duration: 24.31s | Train Loss: 0.4399 | Train Acc: 0.8213 | Val Loss: 0.4693 | Val Acc: 0.7840 | Val F1: 0.7843
Epoch [048/300] | Duration: 23.80s | Train Loss: 0.4175 | Train Acc: 0.8373 | Val Loss: 0.4722 | Val Acc: 0.7840 | Val F1: 0.7843
Epoch [049/300] | Duration: 23.52s | Train Loss: 0.3935 | Train Acc: 0.8454 | Val Loss: 0.4519 | Val Acc: 0.7760 | Val F1: 0.7771
Epoch [050/300] | Duration: 23.27s | Train Loss: 0.4014 | Train Acc: 0.8394 | Val Loss: 0.4623 | Val Acc: 0.7920 | Val F1: 0.7919
Epoch [051/300] | Duration: 23.40s | Train Loss: 0.4080 | Train Acc: 0.8333 | Val Loss: 0.4501 | Val Acc: 0.7760 | Val F1: 0.7771
Epoch [052/300] | Duration: 22.87s | Train Loss: 0.3974 | Train Acc: 0.8494 | Val Loss: 0.4684 | Val Acc: 0.7760 | Val F1: 0.7771
Epoch [053/300] | Duration: 23.75s | Train Loss: 0.4293 | Train Acc: 0.8394 | Val Loss: 0.4467 | Val Acc: 0.7920 | Val F1: 0.7938
Epoch [054/300] | Duration: 24.04s | Train Loss: 0.4190 | Train Acc: 0.8434 | Val Loss: 0.4693 | Val Acc: 0.7920 | Val F1: 0.7919
Epoch [055/300] | Duration: 23.98s | Train Loss: 0.3913 | Train Acc: 0.8353 | Val Loss: 0.4580 | Val Acc: 0.7840 | Val F1: 0.7849
Epoch [056/300] | Duration: 22.84s | Train Loss: 0.3974 | Train Acc: 0.8574 | Val Loss: 0.4697 | Val Acc: 0.7920 | Val F1: 0.7919
Epoch [057/300] | Duration: 23.27s | Train Loss: 0.3694 | Train Acc: 0.8474 | Val Loss: 0.4479 | Val Acc: 0.8080 | Val F1: 0.8102
🎉 New best model found! F1-Score: 0.8102. Saved to training_outputs/20250709-172235/best_model.pth
Epoch [058/300] | Duration: 24.08s | Train Loss: 0.3935 | Train Acc: 0.8373 | Val Loss: 0.4716 | Val Acc: 0.7840 | Val F1: 0.7843
Epoch [059/300] | Duration: 24.76s | Train Loss: 0.3953 | Train Acc: 0.8494 | Val Loss: 0.4671 | Val Acc: 0.7840 | Val F1: 0.7843
Epoch [060/300] | Duration: 23.98s | Train Loss: 0.4164 | Train Acc: 0.8394 | Val Loss: 0.4516 | Val Acc: 0.7840 | Val F1: 0.7843
Epoch [061/300] | Duration: 24.44s | Train Loss: 0.3722 | Train Acc: 0.8494 | Val Loss: 0.4586 | Val Acc: 0.7920 | Val F1: 0.7919
Epoch [062/300] | Duration: 24.43s | Train Loss: 0.3800 | Train Acc: 0.8514 | Val Loss: 0.4412 | Val Acc: 0.7920 | Val F1: 0.7954
Epoch [063/300] | Duration: 23.88s | Train Loss: 0.4127 | Train Acc: 0.8373 | Val Loss: 0.4611 | Val Acc: 0.7840 | Val F1: 0.7843
Epoch [064/300] | Duration: 23.65s | Train Loss: 0.3861 | Train Acc: 0.8514 | Val Loss: 0.4599 | Val Acc: 0.7920 | Val F1: 0.7919
Epoch [065/300] | Duration: 23.24s | Train Loss: 0.3948 | Train Acc: 0.8614 | Val Loss: 0.4700 | Val Acc: 0.7840 | Val F1: 0.7843
Epoch [066/300] | Duration: 23.32s | Train Loss: 0.3635 | Train Acc: 0.8675 | Val Loss: 0.4452 | Val Acc: 0.7760 | Val F1: 0.7766
Epoch [067/300] | Duration: 22.90s | Train Loss: 0.4104 | Train Acc: 0.8373 | Val Loss: 0.4651 | Val Acc: 0.7760 | Val F1: 0.7771
Epoch [068/300] | Duration: 23.45s | Train Loss: 0.3735 | Train Acc: 0.8594 | Val Loss: 0.4537 | Val Acc: 0.7840 | Val F1: 0.7849
Epoch [069/300] | Duration: 22.86s | Train Loss: 0.3889 | Train Acc: 0.8414 | Val Loss: 0.4488 | Val Acc: 0.7760 | Val F1: 0.7771
Epoch [070/300] | Duration: 22.81s | Train Loss: 0.3636 | Train Acc: 0.8594 | Val Loss: 0.4414 | Val Acc: 0.7920 | Val F1: 0.7935
Epoch [071/300] | Duration: 23.10s | Train Loss: 0.4261 | Train Acc: 0.8293 | Val Loss: 0.4604 | Val Acc: 0.7920 | Val F1: 0.7919
Epoch [072/300] | Duration: 23.72s | Train Loss: 0.3732 | Train Acc: 0.8394 | Val Loss: 0.4436 | Val Acc: 0.7920 | Val F1: 0.7926
Epoch [073/300] | Duration: 23.49s | Train Loss: 0.3551 | Train Acc: 0.8715 | Val Loss: 0.4543 | Val Acc: 0.7840 | Val F1: 0.7843
Epoch [074/300] | Duration: 23.21s | Train Loss: 0.4045 | Train Acc: 0.8574 | Val Loss: 0.4425 | Val Acc: 0.7920 | Val F1: 0.7926
Epoch [075/300] | Duration: 23.33s | Train Loss: 0.3748 | Train Acc: 0.8333 | Val Loss: 0.4285 | Val Acc: 0.7920 | Val F1: 0.7961
Epoch [076/300] | Duration: 23.31s | Train Loss: 0.3533 | Train Acc: 0.8735 | Val Loss: 0.4367 | Val Acc: 0.7840 | Val F1: 0.7849
Epoch [077/300] | Duration: 24.02s | Train Loss: 0.3679 | Train Acc: 0.8414 | Val Loss: 0.4464 | Val Acc: 0.8000 | Val F1: 0.8003
Epoch [078/300] | Duration: 23.55s | Train Loss: 0.3765 | Train Acc: 0.8675 | Val Loss: 0.4543 | Val Acc: 0.7840 | Val F1: 0.7849
Epoch [079/300] | Duration: 24.20s | Train Loss: 0.3461 | Train Acc: 0.8655 | Val Loss: 0.4294 | Val Acc: 0.7920 | Val F1: 0.7935
Epoch [080/300] | Duration: 24.23s | Train Loss: 0.3444 | Train Acc: 0.8695 | Val Loss: 0.4370 | Val Acc: 0.7920 | Val F1: 0.7928
Epoch [081/300] | Duration: 23.15s | Train Loss: 0.3799 | Train Acc: 0.8494 | Val Loss: 0.4418 | Val Acc: 0.7840 | Val F1: 0.7849
Epoch [082/300] | Duration: 22.76s | Train Loss: 0.3718 | Train Acc: 0.8675 | Val Loss: 0.4540 | Val Acc: 0.7840 | Val F1: 0.7849
Epoch [083/300] | Duration: 23.06s | Train Loss: 0.3572 | Train Acc: 0.8554 | Val Loss: 0.4308 | Val Acc: 0.8000 | Val F1: 0.8011
Epoch [084/300] | Duration: 23.35s | Train Loss: 0.3563 | Train Acc: 0.8574 | Val Loss: 0.4361 | Val Acc: 0.8000 | Val F1: 0.8011
Epoch [085/300] | Duration: 23.55s | Train Loss: 0.3763 | Train Acc: 0.8655 | Val Loss: 0.4499 | Val Acc: 0.7840 | Val F1: 0.7843
Epoch [086/300] | Duration: 23.80s | Train Loss: 0.3397 | Train Acc: 0.8775 | Val Loss: 0.4560 | Val Acc: 0.7920 | Val F1: 0.7933
Epoch [087/300] | Duration: 23.97s | Train Loss: 0.3520 | Train Acc: 0.8554 | Val Loss: 0.4322 | Val Acc: 0.7920 | Val F1: 0.7935
Epoch [088/300] | Duration: 24.23s | Train Loss: 0.3638 | Train Acc: 0.8574 | Val Loss: 0.4337 | Val Acc: 0.8080 | Val F1: 0.8092
Epoch [089/300] | Duration: 23.93s | Train Loss: 0.3393 | Train Acc: 0.8655 | Val Loss: 0.4360 | Val Acc: 0.7920 | Val F1: 0.7942
Epoch [090/300] | Duration: 23.73s | Train Loss: 0.3453 | Train Acc: 0.8735 | Val Loss: 0.4366 | Val Acc: 0.7840 | Val F1: 0.7852
Epoch [091/300] | Duration: 23.72s | Train Loss: 0.3402 | Train Acc: 0.8775 | Val Loss: 0.4416 | Val Acc: 0.8000 | Val F1: 0.8003
Epoch [092/300] | Duration: 23.99s | Train Loss: 0.3536 | Train Acc: 0.8795 | Val Loss: 0.4495 | Val Acc: 0.7840 | Val F1: 0.7849
Epoch [093/300] | Duration: 24.18s | Train Loss: 0.3637 | Train Acc: 0.8594 | Val Loss: 0.4315 | Val Acc: 0.7920 | Val F1: 0.7954
Epoch [094/300] | Duration: 23.78s | Train Loss: 0.3346 | Train Acc: 0.8896 | Val Loss: 0.4391 | Val Acc: 0.7920 | Val F1: 0.7935
Epoch [095/300] | Duration: 23.91s | Train Loss: 0.3458 | Train Acc: 0.8715 | Val Loss: 0.4245 | Val Acc: 0.7920 | Val F1: 0.7954
Epoch [096/300] | Duration: 24.49s | Train Loss: 0.3387 | Train Acc: 0.8755 | Val Loss: 0.4337 | Val Acc: 0.7920 | Val F1: 0.7928
Epoch [097/300] | Duration: 24.47s | Train Loss: 0.3589 | Train Acc: 0.8394 | Val Loss: 0.4240 | Val Acc: 0.7920 | Val F1: 0.7961
Epoch [098/300] | Duration: 24.48s | Train Loss: 0.3397 | Train Acc: 0.8574 | Val Loss: 0.4185 | Val Acc: 0.7920 | Val F1: 0.7961
Epoch [099/300] | Duration: 23.59s | Train Loss: 0.3548 | Train Acc: 0.8514 | Val Loss: 0.4277 | Val Acc: 0.7920 | Val F1: 0.7935
Epoch [100/300] | Duration: 23.98s | Train Loss: 0.3680 | Train Acc: 0.8675 | Val Loss: 0.4375 | Val Acc: 0.7840 | Val F1: 0.7856
Epoch [101/300] | Duration: 23.76s | Train Loss: 0.3685 | Train Acc: 0.8534 | Val Loss: 0.4378 | Val Acc: 0.7920 | Val F1: 0.7935
Epoch [102/300] | Duration: 23.78s | Train Loss: 0.3446 | Train Acc: 0.8675 | Val Loss: 0.4223 | Val Acc: 0.8080 | Val F1: 0.8118
🎉 New best model found! F1-Score: 0.8118. Saved to training_outputs/20250709-172235/best_model.pth
Epoch [103/300] | Duration: 24.04s | Train Loss: 0.3564 | Train Acc: 0.8735 | Val Loss: 0.4339 | Val Acc: 0.7920 | Val F1: 0.7935
Epoch [104/300] | Duration: 24.38s | Train Loss: 0.3386 | Train Acc: 0.8755 | Val Loss: 0.4224 | Val Acc: 0.8080 | Val F1: 0.8118
Epoch [105/300] | Duration: 24.22s | Train Loss: 0.3478 | Train Acc: 0.8574 | Val Loss: 0.4256 | Val Acc: 0.7840 | Val F1: 0.7852
Epoch [106/300] | Duration: 23.39s | Train Loss: 0.3455 | Train Acc: 0.8574 | Val Loss: 0.4408 | Val Acc: 0.7920 | Val F1: 0.7935
Epoch [107/300] | Duration: 22.82s | Train Loss: 0.3358 | Train Acc: 0.8715 | Val Loss: 0.4245 | Val Acc: 0.8000 | Val F1: 0.8028
Epoch [108/300] | Duration: 23.14s | Train Loss: 0.3671 | Train Acc: 0.8755 | Val Loss: 0.4412 | Val Acc: 0.7920 | Val F1: 0.7926
Epoch [109/300] | Duration: 23.17s | Train Loss: 0.3600 | Train Acc: 0.8695 | Val Loss: 0.4084 | Val Acc: 0.7920 | Val F1: 0.7961
Epoch [110/300] | Duration: 23.58s | Train Loss: 0.3577 | Train Acc: 0.8675 | Val Loss: 0.4272 | Val Acc: 0.7840 | Val F1: 0.7859
Epoch [111/300] | Duration: 23.42s | Train Loss: 0.3682 | Train Acc: 0.8614 | Val Loss: 0.4381 | Val Acc: 0.7920 | Val F1: 0.7919
Epoch [112/300] | Duration: 23.19s | Train Loss: 0.3597 | Train Acc: 0.8554 | Val Loss: 0.4392 | Val Acc: 0.7920 | Val F1: 0.7919
Epoch [113/300] | Duration: 23.16s | Train Loss: 0.3523 | Train Acc: 0.8775 | Val Loss: 0.4436 | Val Acc: 0.8000 | Val F1: 0.8003
Epoch [114/300] | Duration: 23.01s | Train Loss: 0.3523 | Train Acc: 0.8715 | Val Loss: 0.4250 | Val Acc: 0.7840 | Val F1: 0.7859
Epoch [115/300] | Duration: 22.74s | Train Loss: 0.3619 | Train Acc: 0.8635 | Val Loss: 0.4029 | Val Acc: 0.7920 | Val F1: 0.7961
Epoch [116/300] | Duration: 23.51s | Train Loss: 0.3235 | Train Acc: 0.8755 | Val Loss: 0.4129 | Val Acc: 0.8000 | Val F1: 0.8042
Epoch [117/300] | Duration: 23.77s | Train Loss: 0.3337 | Train Acc: 0.8614 | Val Loss: 0.4216 | Val Acc: 0.8000 | Val F1: 0.8028
Epoch [118/300] | Duration: 24.20s | Train Loss: 0.3350 | Train Acc: 0.8715 | Val Loss: 0.4224 | Val Acc: 0.8000 | Val F1: 0.8021
Epoch [119/300] | Duration: 23.90s | Train Loss: 0.3200 | Train Acc: 0.8835 | Val Loss: 0.4231 | Val Acc: 0.7920 | Val F1: 0.7935
Epoch [120/300] | Duration: 23.90s | Train Loss: 0.3343 | Train Acc: 0.8675 | Val Loss: 0.4237 | Val Acc: 0.8000 | Val F1: 0.8030
Epoch [121/300] | Duration: 23.58s | Train Loss: 0.3195 | Train Acc: 0.8795 | Val Loss: 0.4184 | Val Acc: 0.8000 | Val F1: 0.8036
Epoch [122/300] | Duration: 23.87s | Train Loss: 0.3472 | Train Acc: 0.8635 | Val Loss: 0.4344 | Val Acc: 0.8000 | Val F1: 0.8011
Epoch [123/300] | Duration: 23.41s | Train Loss: 0.3168 | Train Acc: 0.8815 | Val Loss: 0.4185 | Val Acc: 0.8000 | Val F1: 0.8021
Epoch [124/300] | Duration: 23.87s | Train Loss: 0.3150 | Train Acc: 0.8835 | Val Loss: 0.4137 | Val Acc: 0.7920 | Val F1: 0.7954
Epoch [125/300] | Duration: 23.87s | Train Loss: 0.3449 | Train Acc: 0.8735 | Val Loss: 0.4094 | Val Acc: 0.8000 | Val F1: 0.8036
Epoch [126/300] | Duration: 23.72s | Train Loss: 0.3664 | Train Acc: 0.8655 | Val Loss: 0.4096 | Val Acc: 0.7920 | Val F1: 0.7961
Epoch [127/300] | Duration: 23.28s | Train Loss: 0.3716 | Train Acc: 0.8655 | Val Loss: 0.4407 | Val Acc: 0.8000 | Val F1: 0.8017
Epoch [128/300] | Duration: 23.79s | Train Loss: 0.3445 | Train Acc: 0.8755 | Val Loss: 0.4133 | Val Acc: 0.8000 | Val F1: 0.8042
Epoch [129/300] | Duration: 23.35s | Train Loss: 0.3388 | Train Acc: 0.8635 | Val Loss: 0.4268 | Val Acc: 0.8000 | Val F1: 0.8028
Epoch [130/300] | Duration: 23.69s | Train Loss: 0.3144 | Train Acc: 0.8835 | Val Loss: 0.4213 | Val Acc: 0.8160 | Val F1: 0.8193
🎉 New best model found! F1-Score: 0.8193. Saved to training_outputs/20250709-172235/best_model.pth
Epoch [131/300] | Duration: 22.99s | Train Loss: 0.3440 | Train Acc: 0.8554 | Val Loss: 0.4209 | Val Acc: 0.7920 | Val F1: 0.7935
Epoch [132/300] | Duration: 23.58s | Train Loss: 0.3445 | Train Acc: 0.8755 | Val Loss: 0.4205 | Val Acc: 0.7920 | Val F1: 0.7949
Epoch [133/300] | Duration: 22.96s | Train Loss: 0.3393 | Train Acc: 0.8614 | Val Loss: 0.4273 | Val Acc: 0.7920 | Val F1: 0.7935
Epoch [134/300] | Duration: 23.10s | Train Loss: 0.3228 | Train Acc: 0.8715 | Val Loss: 0.4135 | Val Acc: 0.7920 | Val F1: 0.7961
Epoch [135/300] | Duration: 23.10s | Train Loss: 0.3269 | Train Acc: 0.8715 | Val Loss: 0.4068 | Val Acc: 0.7920 | Val F1: 0.7961
Epoch [136/300] | Duration: 22.85s | Train Loss: 0.3156 | Train Acc: 0.8715 | Val Loss: 0.4109 | Val Acc: 0.8000 | Val F1: 0.8042
Epoch [137/300] | Duration: 23.37s | Train Loss: 0.3605 | Train Acc: 0.8695 | Val Loss: 0.4048 | Val Acc: 0.8160 | Val F1: 0.8193
Epoch [138/300] | Duration: 23.44s | Train Loss: 0.2984 | Train Acc: 0.8715 | Val Loss: 0.4173 | Val Acc: 0.8080 | Val F1: 0.8111
Epoch [139/300] | Duration: 23.47s | Train Loss: 0.3450 | Train Acc: 0.8594 | Val Loss: 0.4166 | Val Acc: 0.7920 | Val F1: 0.7935
Epoch [140/300] | Duration: 22.74s | Train Loss: 0.2979 | Train Acc: 0.8896 | Val Loss: 0.4209 | Val Acc: 0.8160 | Val F1: 0.8193
Epoch [141/300] | Duration: 23.80s | Train Loss: 0.3177 | Train Acc: 0.8735 | Val Loss: 0.4046 | Val Acc: 0.8080 | Val F1: 0.8118
Epoch [142/300] | Duration: 23.72s | Train Loss: 0.3579 | Train Acc: 0.8735 | Val Loss: 0.4161 | Val Acc: 0.8080 | Val F1: 0.8118
Epoch [143/300] | Duration: 23.83s | Train Loss: 0.3011 | Train Acc: 0.8815 | Val Loss: 0.4131 | Val Acc: 0.8080 | Val F1: 0.8118
Epoch [144/300] | Duration: 23.84s | Train Loss: 0.3176 | Train Acc: 0.8815 | Val Loss: 0.4162 | Val Acc: 0.8080 | Val F1: 0.8118
Epoch [145/300] | Duration: 23.65s | Train Loss: 0.3420 | Train Acc: 0.8655 | Val Loss: 0.3972 | Val Acc: 0.8000 | Val F1: 0.8036
Epoch [146/300] | Duration: 24.10s | Train Loss: 0.3470 | Train Acc: 0.8755 | Val Loss: 0.4137 | Val Acc: 0.7840 | Val F1: 0.7859
Epoch [147/300] | Duration: 23.97s | Train Loss: 0.3344 | Train Acc: 0.8855 | Val Loss: 0.4055 | Val Acc: 0.8160 | Val F1: 0.8193
Epoch [148/300] | Duration: 24.45s | Train Loss: 0.3035 | Train Acc: 0.8815 | Val Loss: 0.4097 | Val Acc: 0.8080 | Val F1: 0.8118
Epoch [149/300] | Duration: 23.36s | Train Loss: 0.3120 | Train Acc: 0.8775 | Val Loss: 0.4205 | Val Acc: 0.8080 | Val F1: 0.8097
Epoch [150/300] | Duration: 23.10s | Train Loss: 0.3193 | Train Acc: 0.8755 | Val Loss: 0.4124 | Val Acc: 0.8080 | Val F1: 0.8111
Epoch [151/300] | Duration: 23.62s | Train Loss: 0.3278 | Train Acc: 0.8735 | Val Loss: 0.4130 | Val Acc: 0.7920 | Val F1: 0.7935
Epoch [152/300] | Duration: 23.24s | Train Loss: 0.3101 | Train Acc: 0.8855 | Val Loss: 0.4269 | Val Acc: 0.8080 | Val F1: 0.8118
Epoch [153/300] | Duration: 23.43s | Train Loss: 0.2992 | Train Acc: 0.8855 | Val Loss: 0.4059 | Val Acc: 0.8000 | Val F1: 0.8042
Epoch [154/300] | Duration: 23.04s | Train Loss: 0.3445 | Train Acc: 0.8614 | Val Loss: 0.4231 | Val Acc: 0.7840 | Val F1: 0.7859
Epoch [155/300] | Duration: 23.25s | Train Loss: 0.3448 | Train Acc: 0.8675 | Val Loss: 0.4220 | Val Acc: 0.7840 | Val F1: 0.7859
Epoch [156/300] | Duration: 23.73s | Train Loss: 0.3340 | Train Acc: 0.8795 | Val Loss: 0.4230 | Val Acc: 0.8080 | Val F1: 0.8111
Epoch [157/300] | Duration: 23.28s | Train Loss: 0.3255 | Train Acc: 0.8855 | Val Loss: 0.4264 | Val Acc: 0.8000 | Val F1: 0.8028
Epoch [158/300] | Duration: 22.34s | Train Loss: 0.2990 | Train Acc: 0.8956 | Val Loss: 0.4135 | Val Acc: 0.8000 | Val F1: 0.8042
Epoch [159/300] | Duration: 21.79s | Train Loss: 0.3274 | Train Acc: 0.8574 | Val Loss: 0.4093 | Val Acc: 0.8160 | Val F1: 0.8199
🎉 New best model found! F1-Score: 0.8199. Saved to training_outputs/20250709-172235/best_model.pth
Epoch [160/300] | Duration: 21.76s | Train Loss: 0.3273 | Train Acc: 0.8735 | Val Loss: 0.4191 | Val Acc: 0.8160 | Val F1: 0.8199
Epoch [161/300] | Duration: 21.77s | Train Loss: 0.3040 | Train Acc: 0.8775 | Val Loss: 0.4141 | Val Acc: 0.8160 | Val F1: 0.8202
🎉 New best model found! F1-Score: 0.8202. Saved to training_outputs/20250709-172235/best_model.pth
Epoch [162/300] | Duration: 21.68s | Train Loss: 0.3250 | Train Acc: 0.8735 | Val Loss: 0.4137 | Val Acc: 0.7920 | Val F1: 0.7935
Epoch [163/300] | Duration: 22.16s | Train Loss: 0.3111 | Train Acc: 0.8735 | Val Loss: 0.4256 | Val Acc: 0.8160 | Val F1: 0.8193
Epoch [164/300] | Duration: 23.04s | Train Loss: 0.3095 | Train Acc: 0.8815 | Val Loss: 0.4235 | Val Acc: 0.8080 | Val F1: 0.8111
Epoch [165/300] | Duration: 22.98s | Train Loss: 0.3371 | Train Acc: 0.8795 | Val Loss: 0.4216 | Val Acc: 0.7840 | Val F1: 0.7859
Epoch [166/300] | Duration: 22.77s | Train Loss: 0.2882 | Train Acc: 0.8835 | Val Loss: 0.4230 | Val Acc: 0.8080 | Val F1: 0.8111
Epoch [167/300] | Duration: 22.99s | Train Loss: 0.3010 | Train Acc: 0.8655 | Val Loss: 0.4009 | Val Acc: 0.8240 | Val F1: 0.8282
🎉 New best model found! F1-Score: 0.8282. Saved to training_outputs/20250709-172235/best_model.pth
Epoch [168/300] | Duration: 23.17s | Train Loss: 0.2926 | Train Acc: 0.8855 | Val Loss: 0.4098 | Val Acc: 0.8080 | Val F1: 0.8118
Epoch [169/300] | Duration: 23.08s | Train Loss: 0.2969 | Train Acc: 0.8835 | Val Loss: 0.4071 | Val Acc: 0.8000 | Val F1: 0.8036
Epoch [170/300] | Duration: 23.73s | Train Loss: 0.3022 | Train Acc: 0.8815 | Val Loss: 0.4127 | Val Acc: 0.8080 | Val F1: 0.8104
Epoch [171/300] | Duration: 23.24s | Train Loss: 0.3214 | Train Acc: 0.8835 | Val Loss: 0.4003 | Val Acc: 0.8080 | Val F1: 0.8111
Epoch [172/300] | Duration: 22.75s | Train Loss: 0.3033 | Train Acc: 0.8815 | Val Loss: 0.4221 | Val Acc: 0.8000 | Val F1: 0.8017
Epoch [173/300] | Duration: 22.46s | Train Loss: 0.3096 | Train Acc: 0.8775 | Val Loss: 0.4047 | Val Acc: 0.8080 | Val F1: 0.8118
Epoch [174/300] | Duration: 22.22s | Train Loss: 0.3151 | Train Acc: 0.8815 | Val Loss: 0.4356 | Val Acc: 0.7920 | Val F1: 0.7928
Epoch [175/300] | Duration: 22.78s | Train Loss: 0.3151 | Train Acc: 0.8855 | Val Loss: 0.4246 | Val Acc: 0.8000 | Val F1: 0.8028
Epoch [176/300] | Duration: 23.05s | Train Loss: 0.2826 | Train Acc: 0.8996 | Val Loss: 0.4002 | Val Acc: 0.8160 | Val F1: 0.8199
Epoch [177/300] | Duration: 22.73s | Train Loss: 0.2933 | Train Acc: 0.8815 | Val Loss: 0.4058 | Val Acc: 0.8160 | Val F1: 0.8199
Epoch [178/300] | Duration: 23.00s | Train Loss: 0.3085 | Train Acc: 0.9036 | Val Loss: 0.4446 | Val Acc: 0.8080 | Val F1: 0.8090
Epoch [179/300] | Duration: 23.05s | Train Loss: 0.3152 | Train Acc: 0.8936 | Val Loss: 0.4178 | Val Acc: 0.8000 | Val F1: 0.8017
Epoch [180/300] | Duration: 22.57s | Train Loss: 0.3077 | Train Acc: 0.8815 | Val Loss: 0.4053 | Val Acc: 0.8000 | Val F1: 0.8036
Epoch [181/300] | Duration: 22.77s | Train Loss: 0.3266 | Train Acc: 0.8735 | Val Loss: 0.4176 | Val Acc: 0.8080 | Val F1: 0.8118
Epoch [182/300] | Duration: 22.83s | Train Loss: 0.2825 | Train Acc: 0.8896 | Val Loss: 0.4134 | Val Acc: 0.8160 | Val F1: 0.8199
Epoch [183/300] | Duration: 22.98s | Train Loss: 0.3184 | Train Acc: 0.8936 | Val Loss: 0.4123 | Val Acc: 0.8160 | Val F1: 0.8199
Epoch [184/300] | Duration: 23.36s | Train Loss: 0.3408 | Train Acc: 0.8755 | Val Loss: 0.4196 | Val Acc: 0.8080 | Val F1: 0.8097
Epoch [185/300] | Duration: 23.45s | Train Loss: 0.3246 | Train Acc: 0.8876 | Val Loss: 0.4050 | Val Acc: 0.8160 | Val F1: 0.8199
Epoch [186/300] | Duration: 23.96s | Train Loss: 0.3277 | Train Acc: 0.8795 | Val Loss: 0.4137 | Val Acc: 0.8160 | Val F1: 0.8193
Epoch [187/300] | Duration: 23.53s | Train Loss: 0.3101 | Train Acc: 0.8956 | Val Loss: 0.4154 | Val Acc: 0.8000 | Val F1: 0.8028
Epoch [188/300] | Duration: 23.36s | Train Loss: 0.3065 | Train Acc: 0.8956 | Val Loss: 0.4086 | Val Acc: 0.8080 | Val F1: 0.8098
Epoch [189/300] | Duration: 23.56s | Train Loss: 0.2924 | Train Acc: 0.8936 | Val Loss: 0.4097 | Val Acc: 0.8080 | Val F1: 0.8104
Epoch [190/300] | Duration: 23.37s | Train Loss: 0.3125 | Train Acc: 0.8755 | Val Loss: 0.4196 | Val Acc: 0.8000 | Val F1: 0.8017
Epoch [191/300] | Duration: 23.32s | Train Loss: 0.3260 | Train Acc: 0.8876 | Val Loss: 0.3947 | Val Acc: 0.8160 | Val F1: 0.8193
Epoch [192/300] | Duration: 24.28s | Train Loss: 0.2859 | Train Acc: 0.8956 | Val Loss: 0.3935 | Val Acc: 0.8080 | Val F1: 0.8118
Epoch [193/300] | Duration: 23.25s | Train Loss: 0.3094 | Train Acc: 0.8916 | Val Loss: 0.4025 | Val Acc: 0.8160 | Val F1: 0.8193
Epoch [194/300] | Duration: 23.77s | Train Loss: 0.2782 | Train Acc: 0.9076 | Val Loss: 0.3919 | Val Acc: 0.8160 | Val F1: 0.8199
Epoch [195/300] | Duration: 24.00s | Train Loss: 0.3072 | Train Acc: 0.8916 | Val Loss: 0.4214 | Val Acc: 0.8160 | Val F1: 0.8193
Epoch [196/300] | Duration: 24.30s | Train Loss: 0.2754 | Train Acc: 0.8976 | Val Loss: 0.4018 | Val Acc: 0.8320 | Val F1: 0.8360
🎉 New best model found! F1-Score: 0.8360. Saved to training_outputs/20250709-172235/best_model.pth
Epoch [197/300] | Duration: 23.79s | Train Loss: 0.3190 | Train Acc: 0.8815 | Val Loss: 0.4239 | Val Acc: 0.8000 | Val F1: 0.8013
Epoch [198/300] | Duration: 23.96s | Train Loss: 0.2892 | Train Acc: 0.8876 | Val Loss: 0.3958 | Val Acc: 0.8080 | Val F1: 0.8126
Epoch [199/300] | Duration: 23.78s | Train Loss: 0.2729 | Train Acc: 0.9016 | Val Loss: 0.3967 | Val Acc: 0.8080 | Val F1: 0.8118
Epoch [200/300] | Duration: 23.47s | Train Loss: 0.2759 | Train Acc: 0.8976 | Val Loss: 0.4013 | Val Acc: 0.8080 | Val F1: 0.8118
Epoch [201/300] | Duration: 23.31s | Train Loss: 0.2953 | Train Acc: 0.9016 | Val Loss: 0.4321 | Val Acc: 0.8080 | Val F1: 0.8097
Epoch [202/300] | Duration: 23.41s | Train Loss: 0.2927 | Train Acc: 0.9116 | Val Loss: 0.4201 | Val Acc: 0.8080 | Val F1: 0.8101
Epoch [203/300] | Duration: 22.99s | Train Loss: 0.2791 | Train Acc: 0.9016 | Val Loss: 0.4141 | Val Acc: 0.8080 | Val F1: 0.8104
Epoch [204/300] | Duration: 22.36s | Train Loss: 0.2787 | Train Acc: 0.9016 | Val Loss: 0.4221 | Val Acc: 0.8080 | Val F1: 0.8097
Epoch [205/300] | Duration: 22.66s | Train Loss: 0.2838 | Train Acc: 0.8755 | Val Loss: 0.4224 | Val Acc: 0.8160 | Val F1: 0.8191
Epoch [206/300] | Duration: 23.44s | Train Loss: 0.2871 | Train Acc: 0.8896 | Val Loss: 0.4142 | Val Acc: 0.8000 | Val F1: 0.8017
Epoch [207/300] | Duration: 23.00s | Train Loss: 0.2858 | Train Acc: 0.8936 | Val Loss: 0.4238 | Val Acc: 0.8160 | Val F1: 0.8179
Epoch [208/300] | Duration: 23.46s | Train Loss: 0.3089 | Train Acc: 0.8916 | Val Loss: 0.4118 | Val Acc: 0.8240 | Val F1: 0.8275
Epoch [209/300] | Duration: 22.96s | Train Loss: 0.2829 | Train Acc: 0.8976 | Val Loss: 0.3988 | Val Acc: 0.8240 | Val F1: 0.8275
Epoch [210/300] | Duration: 22.55s | Train Loss: 0.2908 | Train Acc: 0.8896 | Val Loss: 0.3958 | Val Acc: 0.8240 | Val F1: 0.8275
Epoch [211/300] | Duration: 22.04s | Train Loss: 0.2849 | Train Acc: 0.8936 | Val Loss: 0.3820 | Val Acc: 0.8080 | Val F1: 0.8118
Epoch [212/300] | Duration: 22.31s | Train Loss: 0.2760 | Train Acc: 0.8835 | Val Loss: 0.4128 | Val Acc: 0.8160 | Val F1: 0.8185
Epoch [213/300] | Duration: 22.63s | Train Loss: 0.2843 | Train Acc: 0.9076 | Val Loss: 0.4044 | Val Acc: 0.8160 | Val F1: 0.8193
Epoch [214/300] | Duration: 22.85s | Train Loss: 0.2856 | Train Acc: 0.8835 | Val Loss: 0.4039 | Val Acc: 0.8080 | Val F1: 0.8104
Epoch [215/300] | Duration: 22.76s | Train Loss: 0.2747 | Train Acc: 0.8976 | Val Loss: 0.4012 | Val Acc: 0.8000 | Val F1: 0.8036
Epoch [216/300] | Duration: 22.44s | Train Loss: 0.2829 | Train Acc: 0.8936 | Val Loss: 0.3993 | Val Acc: 0.8320 | Val F1: 0.8358
Epoch [217/300] | Duration: 22.25s | Train Loss: 0.3081 | Train Acc: 0.8896 | Val Loss: 0.3989 | Val Acc: 0.8240 | Val F1: 0.8275
Epoch [218/300] | Duration: 22.30s | Train Loss: 0.3161 | Train Acc: 0.8855 | Val Loss: 0.4084 | Val Acc: 0.8320 | Val F1: 0.8348
Epoch [219/300] | Duration: 22.95s | Train Loss: 0.3197 | Train Acc: 0.8775 | Val Loss: 0.4169 | Val Acc: 0.8080 | Val F1: 0.8102
Epoch [220/300] | Duration: 23.54s | Train Loss: 0.3088 | Train Acc: 0.8936 | Val Loss: 0.4107 | Val Acc: 0.8080 | Val F1: 0.8111
Epoch [221/300] | Duration: 23.54s | Train Loss: 0.2920 | Train Acc: 0.8795 | Val Loss: 0.3880 | Val Acc: 0.8400 | Val F1: 0.8437
🎉 New best model found! F1-Score: 0.8437. Saved to training_outputs/20250709-172235/best_model.pth
Epoch [222/300] | Duration: 23.52s | Train Loss: 0.2626 | Train Acc: 0.8936 | Val Loss: 0.3985 | Val Acc: 0.8240 | Val F1: 0.8275
Epoch [223/300] | Duration: 23.73s | Train Loss: 0.2647 | Train Acc: 0.8996 | Val Loss: 0.3912 | Val Acc: 0.8160 | Val F1: 0.8199
Epoch [224/300] | Duration: 23.67s | Train Loss: 0.2547 | Train Acc: 0.9016 | Val Loss: 0.4009 | Val Acc: 0.8080 | Val F1: 0.8118
Epoch [225/300] | Duration: 23.89s | Train Loss: 0.2425 | Train Acc: 0.9096 | Val Loss: 0.3985 | Val Acc: 0.8160 | Val F1: 0.8193
Epoch [226/300] | Duration: 23.83s | Train Loss: 0.2996 | Train Acc: 0.8996 | Val Loss: 0.4069 | Val Acc: 0.8240 | Val F1: 0.8266
Epoch [227/300] | Duration: 23.98s | Train Loss: 0.2963 | Train Acc: 0.8855 | Val Loss: 0.3998 | Val Acc: 0.8160 | Val F1: 0.8193
Epoch [228/300] | Duration: 23.29s | Train Loss: 0.2783 | Train Acc: 0.8996 | Val Loss: 0.3952 | Val Acc: 0.8400 | Val F1: 0.8437
Epoch [229/300] | Duration: 23.07s | Train Loss: 0.3046 | Train Acc: 0.8855 | Val Loss: 0.3854 | Val Acc: 0.8080 | Val F1: 0.8111
Epoch [230/300] | Duration: 22.71s | Train Loss: 0.2998 | Train Acc: 0.8896 | Val Loss: 0.3929 | Val Acc: 0.8080 | Val F1: 0.8111
Epoch [231/300] | Duration: 23.52s | Train Loss: 0.2922 | Train Acc: 0.9016 | Val Loss: 0.3953 | Val Acc: 0.8480 | Val F1: 0.8505
🎉 New best model found! F1-Score: 0.8505. Saved to training_outputs/20250709-172235/best_model.pth
Epoch [232/300] | Duration: 24.00s | Train Loss: 0.2605 | Train Acc: 0.9177 | Val Loss: 0.3958 | Val Acc: 0.8240 | Val F1: 0.8279
Epoch [233/300] | Duration: 23.97s | Train Loss: 0.2769 | Train Acc: 0.8916 | Val Loss: 0.3894 | Val Acc: 0.8080 | Val F1: 0.8118
Epoch [234/300] | Duration: 23.85s | Train Loss: 0.2530 | Train Acc: 0.9036 | Val Loss: 0.3918 | Val Acc: 0.8320 | Val F1: 0.8360
Epoch [235/300] | Duration: 23.92s | Train Loss: 0.2894 | Train Acc: 0.9036 | Val Loss: 0.4039 | Val Acc: 0.8240 | Val F1: 0.8266
Epoch [236/300] | Duration: 23.51s | Train Loss: 0.2725 | Train Acc: 0.8876 | Val Loss: 0.3863 | Val Acc: 0.8160 | Val F1: 0.8199
Epoch [237/300] | Duration: 23.09s | Train Loss: 0.3015 | Train Acc: 0.8896 | Val Loss: 0.3786 | Val Acc: 0.8240 | Val F1: 0.8281
Epoch [238/300] | Duration: 23.51s | Train Loss: 0.2981 | Train Acc: 0.9076 | Val Loss: 0.3831 | Val Acc: 0.8480 | Val F1: 0.8514
🎉 New best model found! F1-Score: 0.8514. Saved to training_outputs/20250709-172235/best_model.pth
Epoch [239/300] | Duration: 23.62s | Train Loss: 0.2939 | Train Acc: 0.8896 | Val Loss: 0.4026 | Val Acc: 0.8320 | Val F1: 0.8338
Epoch [240/300] | Duration: 23.24s | Train Loss: 0.2638 | Train Acc: 0.9217 | Val Loss: 0.3970 | Val Acc: 0.8320 | Val F1: 0.8346
Epoch [241/300] | Duration: 23.22s | Train Loss: 0.2594 | Train Acc: 0.8896 | Val Loss: 0.3831 | Val Acc: 0.8240 | Val F1: 0.8279
Epoch [242/300] | Duration: 23.33s | Train Loss: 0.2967 | Train Acc: 0.9096 | Val Loss: 0.3942 | Val Acc: 0.8160 | Val F1: 0.8193
Epoch [243/300] | Duration: 23.11s | Train Loss: 0.2670 | Train Acc: 0.9036 | Val Loss: 0.4069 | Val Acc: 0.8160 | Val F1: 0.8179
Epoch [244/300] | Duration: 23.51s | Train Loss: 0.2903 | Train Acc: 0.9137 | Val Loss: 0.3973 | Val Acc: 0.8080 | Val F1: 0.8118
Epoch [245/300] | Duration: 23.73s | Train Loss: 0.2444 | Train Acc: 0.9217 | Val Loss: 0.3902 | Val Acc: 0.8240 | Val F1: 0.8281
Epoch [246/300] | Duration: 24.34s | Train Loss: 0.2609 | Train Acc: 0.9036 | Val Loss: 0.3869 | Val Acc: 0.8320 | Val F1: 0.8358
Epoch [247/300] | Duration: 23.16s | Train Loss: 0.2881 | Train Acc: 0.9116 | Val Loss: 0.4042 | Val Acc: 0.8000 | Val F1: 0.8017
Epoch [248/300] | Duration: 23.28s | Train Loss: 0.2904 | Train Acc: 0.9056 | Val Loss: 0.3983 | Val Acc: 0.8400 | Val F1: 0.8438
Epoch [249/300] | Duration: 23.66s | Train Loss: 0.2831 | Train Acc: 0.9056 | Val Loss: 0.3994 | Val Acc: 0.8240 | Val F1: 0.8275
Epoch [250/300] | Duration: 23.33s | Train Loss: 0.2544 | Train Acc: 0.9157 | Val Loss: 0.3924 | Val Acc: 0.8240 | Val F1: 0.8269
Epoch [251/300] | Duration: 23.52s | Train Loss: 0.2768 | Train Acc: 0.9157 | Val Loss: 0.4166 | Val Acc: 0.8080 | Val F1: 0.8111
Epoch [252/300] | Duration: 23.51s | Train Loss: 0.2931 | Train Acc: 0.9016 | Val Loss: 0.3936 | Val Acc: 0.8480 | Val F1: 0.8505
Epoch [253/300] | Duration: 23.10s | Train Loss: 0.2872 | Train Acc: 0.9157 | Val Loss: 0.4004 | Val Acc: 0.8320 | Val F1: 0.8350
Epoch [254/300] | Duration: 23.00s | Train Loss: 0.2876 | Train Acc: 0.9116 | Val Loss: 0.3804 | Val Acc: 0.8320 | Val F1: 0.8358
Epoch [255/300] | Duration: 23.44s | Train Loss: 0.2553 | Train Acc: 0.9076 | Val Loss: 0.3811 | Val Acc: 0.8320 | Val F1: 0.8355
Epoch [256/300] | Duration: 23.66s | Train Loss: 0.2877 | Train Acc: 0.9056 | Val Loss: 0.4079 | Val Acc: 0.8320 | Val F1: 0.8355
Epoch [257/300] | Duration: 24.11s | Train Loss: 0.3032 | Train Acc: 0.8896 | Val Loss: 0.3941 | Val Acc: 0.8160 | Val F1: 0.8193
Epoch [258/300] | Duration: 23.76s | Train Loss: 0.2878 | Train Acc: 0.9096 | Val Loss: 0.3961 | Val Acc: 0.8320 | Val F1: 0.8358
Epoch [259/300] | Duration: 23.56s | Train Loss: 0.2385 | Train Acc: 0.9157 | Val Loss: 0.3925 | Val Acc: 0.8320 | Val F1: 0.8358
Epoch [260/300] | Duration: 23.34s | Train Loss: 0.2545 | Train Acc: 0.9016 | Val Loss: 0.4107 | Val Acc: 0.8160 | Val F1: 0.8179
Epoch [261/300] | Duration: 23.52s | Train Loss: 0.2550 | Train Acc: 0.9157 | Val Loss: 0.4041 | Val Acc: 0.8240 | Val F1: 0.8266
Epoch [262/300] | Duration: 23.77s | Train Loss: 0.2691 | Train Acc: 0.9157 | Val Loss: 0.3864 | Val Acc: 0.8240 | Val F1: 0.8281
Epoch [263/300] | Duration: 23.51s | Train Loss: 0.2648 | Train Acc: 0.9096 | Val Loss: 0.3923 | Val Acc: 0.8320 | Val F1: 0.8358
Epoch [264/300] | Duration: 23.25s | Train Loss: 0.2553 | Train Acc: 0.9116 | Val Loss: 0.3922 | Val Acc: 0.8160 | Val F1: 0.8193
Epoch [265/300] | Duration: 22.66s | Train Loss: 0.2513 | Train Acc: 0.9137 | Val Loss: 0.4065 | Val Acc: 0.8320 | Val F1: 0.8346
Epoch [266/300] | Duration: 23.54s | Train Loss: 0.2684 | Train Acc: 0.9036 | Val Loss: 0.3891 | Val Acc: 0.8320 | Val F1: 0.8358
Epoch [267/300] | Duration: 23.63s | Train Loss: 0.2824 | Train Acc: 0.8996 | Val Loss: 0.4081 | Val Acc: 0.8160 | Val F1: 0.8179
Epoch [268/300] | Duration: 23.62s | Train Loss: 0.2479 | Train Acc: 0.9056 | Val Loss: 0.3945 | Val Acc: 0.8240 | Val F1: 0.8281
Epoch [269/300] | Duration: 23.82s | Train Loss: 0.2987 | Train Acc: 0.8976 | Val Loss: 0.3804 | Val Acc: 0.8160 | Val F1: 0.8199
Epoch [270/300] | Duration: 22.72s | Train Loss: 0.2481 | Train Acc: 0.9137 | Val Loss: 0.3891 | Val Acc: 0.8160 | Val F1: 0.8193
Epoch [271/300] | Duration: 22.86s | Train Loss: 0.2752 | Train Acc: 0.9137 | Val Loss: 0.3946 | Val Acc: 0.8240 | Val F1: 0.8269
Epoch [272/300] | Duration: 23.60s | Train Loss: 0.2495 | Train Acc: 0.9096 | Val Loss: 0.3824 | Val Acc: 0.8160 | Val F1: 0.8202
Epoch [273/300] | Duration: 22.78s | Train Loss: 0.2542 | Train Acc: 0.9217 | Val Loss: 0.4040 | Val Acc: 0.8320 | Val F1: 0.8343
Epoch [274/300] | Duration: 22.21s | Train Loss: 0.2708 | Train Acc: 0.9056 | Val Loss: 0.3788 | Val Acc: 0.8400 | Val F1: 0.8438
Epoch [275/300] | Duration: 22.37s | Train Loss: 0.2407 | Train Acc: 0.9217 | Val Loss: 0.3891 | Val Acc: 0.8320 | Val F1: 0.8358
Epoch [276/300] | Duration: 23.23s | Train Loss: 0.2828 | Train Acc: 0.9016 | Val Loss: 0.3954 | Val Acc: 0.8400 | Val F1: 0.8423
Epoch [277/300] | Duration: 23.70s | Train Loss: 0.2703 | Train Acc: 0.9137 | Val Loss: 0.3952 | Val Acc: 0.8160 | Val F1: 0.8179
Epoch [278/300] | Duration: 23.36s | Train Loss: 0.2664 | Train Acc: 0.9217 | Val Loss: 0.3776 | Val Acc: 0.8320 | Val F1: 0.8358
Epoch [279/300] | Duration: 23.68s | Train Loss: 0.2671 | Train Acc: 0.9056 | Val Loss: 0.3987 | Val Acc: 0.8320 | Val F1: 0.8358
Epoch [280/300] | Duration: 23.43s | Train Loss: 0.2304 | Train Acc: 0.9157 | Val Loss: 0.3941 | Val Acc: 0.8320 | Val F1: 0.8358
Epoch [281/300] | Duration: 23.19s | Train Loss: 0.2368 | Train Acc: 0.9056 | Val Loss: 0.3872 | Val Acc: 0.8320 | Val F1: 0.8346
Epoch [282/300] | Duration: 23.41s | Train Loss: 0.2692 | Train Acc: 0.9177 | Val Loss: 0.4200 | Val Acc: 0.8240 | Val F1: 0.8261
Epoch [283/300] | Duration: 23.54s | Train Loss: 0.2544 | Train Acc: 0.9237 | Val Loss: 0.4006 | Val Acc: 0.8240 | Val F1: 0.8275
Epoch [284/300] | Duration: 22.95s | Train Loss: 0.2465 | Train Acc: 0.9116 | Val Loss: 0.3867 | Val Acc: 0.8240 | Val F1: 0.8279
Epoch [285/300] | Duration: 23.19s | Train Loss: 0.2578 | Train Acc: 0.9056 | Val Loss: 0.3941 | Val Acc: 0.8320 | Val F1: 0.8346
Epoch [286/300] | Duration: 23.15s | Train Loss: 0.2490 | Train Acc: 0.9036 | Val Loss: 0.3999 | Val Acc: 0.8160 | Val F1: 0.8185
Epoch [287/300] | Duration: 22.96s | Train Loss: 0.2448 | Train Acc: 0.9116 | Val Loss: 0.3869 | Val Acc: 0.8400 | Val F1: 0.8437
Epoch [288/300] | Duration: 23.33s | Train Loss: 0.2518 | Train Acc: 0.9056 | Val Loss: 0.3944 | Val Acc: 0.8320 | Val F1: 0.8346
Epoch [289/300] | Duration: 23.09s | Train Loss: 0.2743 | Train Acc: 0.9177 | Val Loss: 0.3962 | Val Acc: 0.8320 | Val F1: 0.8358
Epoch [290/300] | Duration: 23.08s | Train Loss: 0.2419 | Train Acc: 0.9157 | Val Loss: 0.3905 | Val Acc: 0.8400 | Val F1: 0.8426
Epoch [291/300] | Duration: 23.56s | Train Loss: 0.2399 | Train Acc: 0.9116 | Val Loss: 0.3898 | Val Acc: 0.8320 | Val F1: 0.8358
Epoch [292/300] | Duration: 23.75s | Train Loss: 0.2381 | Train Acc: 0.9217 | Val Loss: 0.3841 | Val Acc: 0.8320 | Val F1: 0.8358
Epoch [293/300] | Duration: 23.65s | Train Loss: 0.2571 | Train Acc: 0.9177 | Val Loss: 0.3968 | Val Acc: 0.8160 | Val F1: 0.8179
Epoch [294/300] | Duration: 23.57s | Train Loss: 0.2309 | Train Acc: 0.9277 | Val Loss: 0.3924 | Val Acc: 0.8560 | Val F1: 0.8583
🎉 New best model found! F1-Score: 0.8583. Saved to training_outputs/20250709-172235/best_model.pth
Epoch [295/300] | Duration: 23.67s | Train Loss: 0.2415 | Train Acc: 0.9157 | Val Loss: 0.3743 | Val Acc: 0.8400 | Val F1: 0.8437
Epoch [296/300] | Duration: 23.57s | Train Loss: 0.2371 | Train Acc: 0.9237 | Val Loss: 0.3793 | Val Acc: 0.8320 | Val F1: 0.8358
Epoch [297/300] | Duration: 23.46s | Train Loss: 0.2496 | Train Acc: 0.9217 | Val Loss: 0.3867 | Val Acc: 0.8080 | Val F1: 0.8104
Epoch [298/300] | Duration: 23.52s | Train Loss: 0.2567 | Train Acc: 0.9157 | Val Loss: 0.3953 | Val Acc: 0.8240 | Val F1: 0.8275
Epoch [299/300] | Duration: 24.17s | Train Loss: 0.2507 | Train Acc: 0.9257 | Val Loss: 0.3804 | Val Acc: 0.8400 | Val F1: 0.8426
Epoch [300/300] | Duration: 24.10s | Train Loss: 0.2521 | Train Acc: 0.9177 | Val Loss: 0.3647 | Val Acc: 0.8080 | Val F1: 0.8118

✅ Training finished.

💾 Saving final artifacts...
📈 Saved training metrics plot to training_outputs/20250709-172235/training_metrics.png
📊 Saved final confusion matrix to training_outputs/20250709-172235/final_confusion_matrix.png
📝 Saved final classification report to training_outputs/20250709-172235/final_classification_report.txt

✨ Run complete.
