The following modules were not unloaded:
  (Use "module --force purge" to unload all):

  1) modules/2.3-20240529   2) openblas/single-0.3.26
🚀 Starting Run. All outputs will be saved to: training_outputs/20250728-180254
⚙️ Using device: cuda
Hyperparameters: {'input_depth': 64, 'input_height': 64, 'input_width': 64, 'num_classes': 4, 'learning_rate': 1e-05, 'batch_size': 16, 'num_epochs': 300, 'num_input_channels': 3, 'max_samples_per_class': 216}

Loading datasets...
Dataset loaded with 684 total samples:
  - mitotic: 216 samples
  - new_daughter: 216 samples
  - stable: 216 samples
  - death: 36 samples
  Applied per-class limit: 216 samples/class
Dataset loaded with 684 total samples:
  - mitotic: 216 samples
  - new_daughter: 216 samples
  - stable: 216 samples
  - death: 36 samples
  Applied per-class limit: 216 samples/class

Training on 547 samples, validating on 137 samples.
Model has 71,012 trainable parameters.

--- Starting Training ---
Epoch [001/300] | Duration: 54.31s | Train Loss: 1.3491 | Train Acc: 0.3199 | Val Loss: 1.3156 | Val Acc: 0.4307 | Val F1: 0.2636
🎉 New best model found! F1-Score: 0.2636. Saved to training_outputs/20250728-180254/best_model.pth
Epoch [002/300] | Duration: 26.72s | Train Loss: 1.3183 | Train Acc: 0.4314 | Val Loss: 1.2529 | Val Acc: 0.5109 | Val F1: 0.3568
🎉 New best model found! F1-Score: 0.3568. Saved to training_outputs/20250728-180254/best_model.pth
Epoch [003/300] | Duration: 27.60s | Train Loss: 1.2773 | Train Acc: 0.5082 | Val Loss: 1.2334 | Val Acc: 0.5693 | Val F1: 0.4763
🎉 New best model found! F1-Score: 0.4763. Saved to training_outputs/20250728-180254/best_model.pth
Epoch [004/300] | Duration: 27.36s | Train Loss: 1.2603 | Train Acc: 0.5484 | Val Loss: 1.2202 | Val Acc: 0.5839 | Val F1: 0.4900
🎉 New best model found! F1-Score: 0.4900. Saved to training_outputs/20250728-180254/best_model.pth
Epoch [005/300] | Duration: 27.10s | Train Loss: 1.2373 | Train Acc: 0.5466 | Val Loss: 1.2009 | Val Acc: 0.5912 | Val F1: 0.4608
Epoch [006/300] | Duration: 27.51s | Train Loss: 1.2091 | Train Acc: 0.5704 | Val Loss: 1.1893 | Val Acc: 0.5839 | Val F1: 0.4595
Epoch [007/300] | Duration: 27.58s | Train Loss: 1.1903 | Train Acc: 0.5594 | Val Loss: 1.1755 | Val Acc: 0.5912 | Val F1: 0.4604
Epoch [008/300] | Duration: 26.91s | Train Loss: 1.1979 | Train Acc: 0.5759 | Val Loss: 1.1626 | Val Acc: 0.5766 | Val F1: 0.4470
Epoch [009/300] | Duration: 27.22s | Train Loss: 1.1650 | Train Acc: 0.5631 | Val Loss: 1.1549 | Val Acc: 0.5839 | Val F1: 0.4534
Epoch [010/300] | Duration: 27.42s | Train Loss: 1.1542 | Train Acc: 0.5887 | Val Loss: 1.1446 | Val Acc: 0.5839 | Val F1: 0.4517
Epoch [011/300] | Duration: 27.18s | Train Loss: 1.1415 | Train Acc: 0.5832 | Val Loss: 1.1345 | Val Acc: 0.5839 | Val F1: 0.4528
Epoch [012/300] | Duration: 26.77s | Train Loss: 1.1390 | Train Acc: 0.5832 | Val Loss: 1.1281 | Val Acc: 0.5839 | Val F1: 0.4498
Epoch [013/300] | Duration: 25.82s | Train Loss: 1.1582 | Train Acc: 0.5466 | Val Loss: 1.1232 | Val Acc: 0.5912 | Val F1: 0.4543
Epoch [014/300] | Duration: 25.05s | Train Loss: 1.1427 | Train Acc: 0.5649 | Val Loss: 1.1179 | Val Acc: 0.5620 | Val F1: 0.4339
Epoch [015/300] | Duration: 24.46s | Train Loss: 1.1350 | Train Acc: 0.5759 | Val Loss: 1.1144 | Val Acc: 0.5912 | Val F1: 0.4547
Epoch [016/300] | Duration: 25.16s | Train Loss: 1.1219 | Train Acc: 0.5759 | Val Loss: 1.1120 | Val Acc: 0.5985 | Val F1: 0.4637
Epoch [017/300] | Duration: 25.66s | Train Loss: 1.1118 | Train Acc: 0.5814 | Val Loss: 1.1072 | Val Acc: 0.5547 | Val F1: 0.4261
Epoch [018/300] | Duration: 25.06s | Train Loss: 1.1246 | Train Acc: 0.5594 | Val Loss: 1.0976 | Val Acc: 0.5839 | Val F1: 0.4483
Epoch [019/300] | Duration: 25.13s | Train Loss: 1.0946 | Train Acc: 0.5923 | Val Loss: 1.0990 | Val Acc: 0.6204 | Val F1: 0.4776
Epoch [020/300] | Duration: 25.26s | Train Loss: 1.1020 | Train Acc: 0.5960 | Val Loss: 1.0934 | Val Acc: 0.6131 | Val F1: 0.4732
Epoch [021/300] | Duration: 25.29s | Train Loss: 1.1105 | Train Acc: 0.6088 | Val Loss: 1.0915 | Val Acc: 0.5839 | Val F1: 0.4494
Epoch [022/300] | Duration: 27.90s | Train Loss: 1.0908 | Train Acc: 0.5941 | Val Loss: 1.0894 | Val Acc: 0.6058 | Val F1: 0.4661
Epoch [023/300] | Duration: 27.73s | Train Loss: 1.1195 | Train Acc: 0.5887 | Val Loss: 1.0883 | Val Acc: 0.5693 | Val F1: 0.4367
Epoch [024/300] | Duration: 27.80s | Train Loss: 1.1074 | Train Acc: 0.6015 | Val Loss: 1.0849 | Val Acc: 0.6204 | Val F1: 0.4766
Epoch [025/300] | Duration: 28.24s | Train Loss: 1.0725 | Train Acc: 0.6143 | Val Loss: 1.0883 | Val Acc: 0.6204 | Val F1: 0.4782
Epoch [026/300] | Duration: 28.19s | Train Loss: 1.0764 | Train Acc: 0.6033 | Val Loss: 1.0844 | Val Acc: 0.5693 | Val F1: 0.4367
Epoch [027/300] | Duration: 27.89s | Train Loss: 1.0976 | Train Acc: 0.5887 | Val Loss: 1.0842 | Val Acc: 0.5839 | Val F1: 0.4498
Epoch [028/300] | Duration: 27.67s | Train Loss: 1.0963 | Train Acc: 0.5960 | Val Loss: 1.0858 | Val Acc: 0.5985 | Val F1: 0.4604
Epoch [029/300] | Duration: 27.83s | Train Loss: 1.0703 | Train Acc: 0.6051 | Val Loss: 1.0761 | Val Acc: 0.6131 | Val F1: 0.4715
Epoch [030/300] | Duration: 27.48s | Train Loss: 1.0681 | Train Acc: 0.6234 | Val Loss: 1.0727 | Val Acc: 0.6204 | Val F1: 0.4774
Epoch [031/300] | Duration: 25.45s | Train Loss: 1.0850 | Train Acc: 0.6124 | Val Loss: 1.0704 | Val Acc: 0.6058 | Val F1: 0.4664
Epoch [032/300] | Duration: 24.59s | Train Loss: 1.0661 | Train Acc: 0.5887 | Val Loss: 1.0856 | Val Acc: 0.6277 | Val F1: 0.4826
Epoch [033/300] | Duration: 24.74s | Train Loss: 1.0980 | Train Acc: 0.5887 | Val Loss: 1.0760 | Val Acc: 0.6058 | Val F1: 0.4661
Epoch [034/300] | Duration: 26.04s | Train Loss: 1.0889 | Train Acc: 0.6033 | Val Loss: 1.0793 | Val Acc: 0.6058 | Val F1: 0.4687
Epoch [035/300] | Duration: 26.23s | Train Loss: 1.0661 | Train Acc: 0.6234 | Val Loss: 1.0741 | Val Acc: 0.5985 | Val F1: 0.4623
Epoch [036/300] | Duration: 26.58s | Train Loss: 1.0748 | Train Acc: 0.6015 | Val Loss: 1.0726 | Val Acc: 0.5766 | Val F1: 0.4455
Epoch [037/300] | Duration: 25.66s | Train Loss: 1.0458 | Train Acc: 0.6124 | Val Loss: 1.0704 | Val Acc: 0.6131 | Val F1: 0.4714
Epoch [038/300] | Duration: 25.54s | Train Loss: 1.0458 | Train Acc: 0.6179 | Val Loss: 1.0635 | Val Acc: 0.6131 | Val F1: 0.4722
Epoch [039/300] | Duration: 25.60s | Train Loss: 1.0606 | Train Acc: 0.6069 | Val Loss: 1.0685 | Val Acc: 0.5912 | Val F1: 0.4538
Epoch [040/300] | Duration: 26.07s | Train Loss: 1.0381 | Train Acc: 0.6362 | Val Loss: 1.0625 | Val Acc: 0.5912 | Val F1: 0.4554
Epoch [041/300] | Duration: 26.87s | Train Loss: 1.0508 | Train Acc: 0.6179 | Val Loss: 1.0627 | Val Acc: 0.6058 | Val F1: 0.4669
Epoch [042/300] | Duration: 27.46s | Train Loss: 1.0488 | Train Acc: 0.6033 | Val Loss: 1.0654 | Val Acc: 0.6058 | Val F1: 0.4666
Epoch [043/300] | Duration: 27.93s | Train Loss: 1.0334 | Train Acc: 0.6015 | Val Loss: 1.0684 | Val Acc: 0.6058 | Val F1: 0.4669
Epoch [044/300] | Duration: 27.41s | Train Loss: 1.0421 | Train Acc: 0.6179 | Val Loss: 1.0699 | Val Acc: 0.6131 | Val F1: 0.4729
Epoch [045/300] | Duration: 28.02s | Train Loss: 1.0464 | Train Acc: 0.6179 | Val Loss: 1.0645 | Val Acc: 0.6131 | Val F1: 0.4721
Epoch [046/300] | Duration: 28.27s | Train Loss: 1.0432 | Train Acc: 0.6179 | Val Loss: 1.0707 | Val Acc: 0.5985 | Val F1: 0.4636
Epoch [047/300] | Duration: 28.26s | Train Loss: 1.0358 | Train Acc: 0.6362 | Val Loss: 1.0569 | Val Acc: 0.6131 | Val F1: 0.4733
Epoch [048/300] | Duration: 27.87s | Train Loss: 1.0383 | Train Acc: 0.6271 | Val Loss: 1.0691 | Val Acc: 0.5985 | Val F1: 0.4624
Epoch [049/300] | Duration: 27.70s | Train Loss: 1.0219 | Train Acc: 0.6362 | Val Loss: 1.0520 | Val Acc: 0.6131 | Val F1: 0.4736
Epoch [050/300] | Duration: 27.58s | Train Loss: 1.0388 | Train Acc: 0.6033 | Val Loss: 1.0593 | Val Acc: 0.5985 | Val F1: 0.4619
Epoch [051/300] | Duration: 27.09s | Train Loss: 1.0482 | Train Acc: 0.6161 | Val Loss: 1.0598 | Val Acc: 0.6131 | Val F1: 0.4721
Epoch [052/300] | Duration: 26.75s | Train Loss: 1.0274 | Train Acc: 0.6307 | Val Loss: 1.0578 | Val Acc: 0.6204 | Val F1: 0.4775
Epoch [053/300] | Duration: 26.66s | Train Loss: 1.0503 | Train Acc: 0.6252 | Val Loss: 1.0484 | Val Acc: 0.6058 | Val F1: 0.4647
Epoch [054/300] | Duration: 32.89s | Train Loss: 1.0237 | Train Acc: 0.6271 | Val Loss: 1.0516 | Val Acc: 0.5912 | Val F1: 0.4554
Epoch [055/300] | Duration: 38.73s | Train Loss: 1.0407 | Train Acc: 0.6161 | Val Loss: 1.0538 | Val Acc: 0.6058 | Val F1: 0.4674
Epoch [056/300] | Duration: 26.18s | Train Loss: 1.0153 | Train Acc: 0.6325 | Val Loss: 1.0597 | Val Acc: 0.6131 | Val F1: 0.4715
Epoch [057/300] | Duration: 26.74s | Train Loss: 1.0418 | Train Acc: 0.6161 | Val Loss: 1.0480 | Val Acc: 0.6131 | Val F1: 0.4748
Epoch [058/300] | Duration: 27.45s | Train Loss: 1.0003 | Train Acc: 0.6380 | Val Loss: 1.0487 | Val Acc: 0.6058 | Val F1: 0.4678
Epoch [059/300] | Duration: 27.14s | Train Loss: 1.0151 | Train Acc: 0.6252 | Val Loss: 1.0478 | Val Acc: 0.5985 | Val F1: 0.4634
Epoch [060/300] | Duration: 27.56s | Train Loss: 1.0098 | Train Acc: 0.6453 | Val Loss: 1.0472 | Val Acc: 0.5985 | Val F1: 0.4592
Epoch [061/300] | Duration: 27.52s | Train Loss: 1.0118 | Train Acc: 0.6252 | Val Loss: 1.0489 | Val Acc: 0.6058 | Val F1: 0.4690
Epoch [062/300] | Duration: 27.90s | Train Loss: 1.0433 | Train Acc: 0.6234 | Val Loss: 1.0442 | Val Acc: 0.6350 | Val F1: 0.4905
🎉 New best model found! F1-Score: 0.4905. Saved to training_outputs/20250728-180254/best_model.pth
Epoch [063/300] | Duration: 27.21s | Train Loss: 1.0447 | Train Acc: 0.6216 | Val Loss: 1.0488 | Val Acc: 0.6204 | Val F1: 0.4791
Epoch [064/300] | Duration: 27.46s | Train Loss: 1.0168 | Train Acc: 0.6344 | Val Loss: 1.0402 | Val Acc: 0.6204 | Val F1: 0.4797
Epoch [065/300] | Duration: 27.12s | Train Loss: 1.0266 | Train Acc: 0.6362 | Val Loss: 1.0420 | Val Acc: 0.6204 | Val F1: 0.4794
Epoch [066/300] | Duration: 27.83s | Train Loss: 0.9945 | Train Acc: 0.6636 | Val Loss: 1.0380 | Val Acc: 0.6131 | Val F1: 0.4736
Epoch [067/300] | Duration: 27.71s | Train Loss: 1.0146 | Train Acc: 0.6252 | Val Loss: 1.0481 | Val Acc: 0.5985 | Val F1: 0.4635
Epoch [068/300] | Duration: 27.20s | Train Loss: 1.0203 | Train Acc: 0.6417 | Val Loss: 1.0343 | Val Acc: 0.6058 | Val F1: 0.4711
Epoch [069/300] | Duration: 24.97s | Train Loss: 1.0290 | Train Acc: 0.6252 | Val Loss: 1.0436 | Val Acc: 0.6204 | Val F1: 0.4789
Epoch [070/300] | Duration: 25.05s | Train Loss: 1.0012 | Train Acc: 0.6453 | Val Loss: 1.0390 | Val Acc: 0.6058 | Val F1: 0.4689
Epoch [071/300] | Duration: 25.07s | Train Loss: 1.0332 | Train Acc: 0.6362 | Val Loss: 1.0346 | Val Acc: 0.6204 | Val F1: 0.4792
Epoch [072/300] | Duration: 25.28s | Train Loss: 0.9806 | Train Acc: 0.6545 | Val Loss: 1.0382 | Val Acc: 0.6131 | Val F1: 0.4740
Epoch [073/300] | Duration: 25.66s | Train Loss: 1.0092 | Train Acc: 0.6271 | Val Loss: 1.0370 | Val Acc: 0.6277 | Val F1: 0.4867
Epoch [074/300] | Duration: 25.35s | Train Loss: 0.9927 | Train Acc: 0.6453 | Val Loss: 1.0349 | Val Acc: 0.6204 | Val F1: 0.4775
Epoch [075/300] | Duration: 25.48s | Train Loss: 0.9883 | Train Acc: 0.6782 | Val Loss: 1.0309 | Val Acc: 0.6204 | Val F1: 0.4799
Epoch [076/300] | Duration: 25.54s | Train Loss: 0.9809 | Train Acc: 0.6399 | Val Loss: 1.0333 | Val Acc: 0.6058 | Val F1: 0.4686
Epoch [077/300] | Duration: 26.26s | Train Loss: 1.0066 | Train Acc: 0.6581 | Val Loss: 1.0306 | Val Acc: 0.6131 | Val F1: 0.4742
Epoch [078/300] | Duration: 27.84s | Train Loss: 0.9954 | Train Acc: 0.6417 | Val Loss: 1.0242 | Val Acc: 0.6131 | Val F1: 0.4734
Epoch [079/300] | Duration: 27.61s | Train Loss: 0.9574 | Train Acc: 0.6618 | Val Loss: 1.0320 | Val Acc: 0.6204 | Val F1: 0.4794
Epoch [080/300] | Duration: 26.46s | Train Loss: 0.9971 | Train Acc: 0.6362 | Val Loss: 1.0320 | Val Acc: 0.6131 | Val F1: 0.4740
Epoch [081/300] | Duration: 27.30s | Train Loss: 0.9779 | Train Acc: 0.6581 | Val Loss: 1.0335 | Val Acc: 0.6204 | Val F1: 0.4797
Epoch [082/300] | Duration: 27.03s | Train Loss: 0.9909 | Train Acc: 0.6435 | Val Loss: 1.0413 | Val Acc: 0.6350 | Val F1: 0.4871
Epoch [083/300] | Duration: 26.89s | Train Loss: 0.9894 | Train Acc: 0.6344 | Val Loss: 1.0407 | Val Acc: 0.6058 | Val F1: 0.4662
Epoch [084/300] | Duration: 26.63s | Train Loss: 0.9913 | Train Acc: 0.6325 | Val Loss: 1.0290 | Val Acc: 0.6204 | Val F1: 0.4809
Epoch [085/300] | Duration: 26.87s | Train Loss: 0.9813 | Train Acc: 0.6490 | Val Loss: 1.0323 | Val Acc: 0.6204 | Val F1: 0.4782
Epoch [086/300] | Duration: 26.03s | Train Loss: 0.9819 | Train Acc: 0.6527 | Val Loss: 1.0266 | Val Acc: 0.6204 | Val F1: 0.4801
Epoch [087/300] | Duration: 25.96s | Train Loss: 0.9926 | Train Acc: 0.6344 | Val Loss: 1.0315 | Val Acc: 0.6131 | Val F1: 0.4740
Epoch [088/300] | Duration: 25.88s | Train Loss: 0.9674 | Train Acc: 0.6600 | Val Loss: 1.0336 | Val Acc: 0.6131 | Val F1: 0.4727
Epoch [089/300] | Duration: 26.38s | Train Loss: 0.9738 | Train Acc: 0.6563 | Val Loss: 1.0254 | Val Acc: 0.6131 | Val F1: 0.4743
Epoch [090/300] | Duration: 26.02s | Train Loss: 0.9741 | Train Acc: 0.6691 | Val Loss: 1.0275 | Val Acc: 0.6350 | Val F1: 0.4882
Epoch [091/300] | Duration: 25.86s | Train Loss: 0.9742 | Train Acc: 0.6563 | Val Loss: 1.0397 | Val Acc: 0.6277 | Val F1: 0.4855
Epoch [092/300] | Duration: 26.18s | Train Loss: 0.9810 | Train Acc: 0.6636 | Val Loss: 1.0334 | Val Acc: 0.6204 | Val F1: 0.4827
Epoch [093/300] | Duration: 26.24s | Train Loss: 0.9727 | Train Acc: 0.6545 | Val Loss: 1.0259 | Val Acc: 0.6204 | Val F1: 0.4787
Epoch [094/300] | Duration: 25.11s | Train Loss: 0.9852 | Train Acc: 0.6435 | Val Loss: 1.0302 | Val Acc: 0.6277 | Val F1: 0.4871
Epoch [095/300] | Duration: 25.02s | Train Loss: 0.9661 | Train Acc: 0.6581 | Val Loss: 1.0346 | Val Acc: 0.6131 | Val F1: 0.4765
Epoch [096/300] | Duration: 27.14s | Train Loss: 0.9621 | Train Acc: 0.6490 | Val Loss: 1.0202 | Val Acc: 0.6204 | Val F1: 0.4794
Epoch [097/300] | Duration: 27.27s | Train Loss: 0.9669 | Train Acc: 0.6527 | Val Loss: 1.0192 | Val Acc: 0.6204 | Val F1: 0.4839
Epoch [098/300] | Duration: 26.78s | Train Loss: 0.9818 | Train Acc: 0.6344 | Val Loss: 1.0210 | Val Acc: 0.6058 | Val F1: 0.4729
Epoch [099/300] | Duration: 26.42s | Train Loss: 0.9711 | Train Acc: 0.6654 | Val Loss: 1.0248 | Val Acc: 0.6204 | Val F1: 0.4785
Epoch [100/300] | Duration: 25.42s | Train Loss: 0.9771 | Train Acc: 0.6453 | Val Loss: 1.0212 | Val Acc: 0.6204 | Val F1: 0.4786
Epoch [101/300] | Duration: 25.89s | Train Loss: 0.9670 | Train Acc: 0.6490 | Val Loss: 1.0223 | Val Acc: 0.6204 | Val F1: 0.4788
Epoch [102/300] | Duration: 25.19s | Train Loss: 0.9645 | Train Acc: 0.6399 | Val Loss: 1.0330 | Val Acc: 0.6204 | Val F1: 0.4792
Epoch [103/300] | Duration: 25.47s | Train Loss: 0.9688 | Train Acc: 0.6307 | Val Loss: 1.0170 | Val Acc: 0.6204 | Val F1: 0.4785
Epoch [104/300] | Duration: 25.87s | Train Loss: 0.9658 | Train Acc: 0.6399 | Val Loss: 1.0188 | Val Acc: 0.6131 | Val F1: 0.4729
Epoch [105/300] | Duration: 25.38s | Train Loss: 0.9810 | Train Acc: 0.6472 | Val Loss: 1.0194 | Val Acc: 0.6204 | Val F1: 0.4776
Epoch [106/300] | Duration: 24.77s | Train Loss: 0.9723 | Train Acc: 0.6618 | Val Loss: 1.0197 | Val Acc: 0.6131 | Val F1: 0.4733
Epoch [107/300] | Duration: 25.76s | Train Loss: 0.9629 | Train Acc: 0.6600 | Val Loss: 1.0170 | Val Acc: 0.6131 | Val F1: 0.4738
Epoch [108/300] | Duration: 25.76s | Train Loss: 0.9732 | Train Acc: 0.6600 | Val Loss: 1.0212 | Val Acc: 0.6277 | Val F1: 0.4835
Epoch [109/300] | Duration: 26.02s | Train Loss: 0.9762 | Train Acc: 0.6709 | Val Loss: 1.0153 | Val Acc: 0.6204 | Val F1: 0.4780
Epoch [110/300] | Duration: 26.37s | Train Loss: 0.9567 | Train Acc: 0.6764 | Val Loss: 1.0123 | Val Acc: 0.6131 | Val F1: 0.4738
Epoch [111/300] | Duration: 26.62s | Train Loss: 0.9569 | Train Acc: 0.6545 | Val Loss: 1.0025 | Val Acc: 0.6131 | Val F1: 0.4744
Epoch [112/300] | Duration: 27.66s | Train Loss: 0.9608 | Train Acc: 0.6673 | Val Loss: 1.0110 | Val Acc: 0.6058 | Val F1: 0.4663
Epoch [113/300] | Duration: 27.45s | Train Loss: 0.9678 | Train Acc: 0.6673 | Val Loss: 1.0056 | Val Acc: 0.6204 | Val F1: 0.4788
Epoch [114/300] | Duration: 27.65s | Train Loss: 0.9784 | Train Acc: 0.6380 | Val Loss: 1.0148 | Val Acc: 0.6131 | Val F1: 0.4745
Epoch [115/300] | Duration: 26.80s | Train Loss: 0.9615 | Train Acc: 0.6545 | Val Loss: 0.9984 | Val Acc: 0.6204 | Val F1: 0.4792
Epoch [116/300] | Duration: 26.73s | Train Loss: 0.9545 | Train Acc: 0.6618 | Val Loss: 0.9994 | Val Acc: 0.6058 | Val F1: 0.4668
Epoch [117/300] | Duration: 26.53s | Train Loss: 0.9349 | Train Acc: 0.6600 | Val Loss: 0.9932 | Val Acc: 0.6277 | Val F1: 0.4835
Epoch [118/300] | Duration: 26.66s | Train Loss: 0.9543 | Train Acc: 0.6600 | Val Loss: 0.9981 | Val Acc: 0.6277 | Val F1: 0.4866
Epoch [119/300] | Duration: 26.25s | Train Loss: 0.9735 | Train Acc: 0.6563 | Val Loss: 1.0108 | Val Acc: 0.6277 | Val F1: 0.4829
Epoch [120/300] | Duration: 26.51s | Train Loss: 0.9615 | Train Acc: 0.6508 | Val Loss: 1.0198 | Val Acc: 0.6204 | Val F1: 0.4770
Epoch [121/300] | Duration: 27.02s | Train Loss: 0.9494 | Train Acc: 0.6709 | Val Loss: 0.9989 | Val Acc: 0.6204 | Val F1: 0.4780
Epoch [122/300] | Duration: 26.58s | Train Loss: 0.9510 | Train Acc: 0.6581 | Val Loss: 1.0097 | Val Acc: 0.6131 | Val F1: 0.4734
Epoch [123/300] | Duration: 26.67s | Train Loss: 0.9364 | Train Acc: 0.6801 | Val Loss: 1.0076 | Val Acc: 0.6277 | Val F1: 0.4829
Epoch [124/300] | Duration: 27.06s | Train Loss: 0.9465 | Train Acc: 0.6453 | Val Loss: 1.0009 | Val Acc: 0.6204 | Val F1: 0.4774
Epoch [125/300] | Duration: 26.25s | Train Loss: 0.9418 | Train Acc: 0.6673 | Val Loss: 1.0113 | Val Acc: 0.6496 | Val F1: 0.4996
🎉 New best model found! F1-Score: 0.4996. Saved to training_outputs/20250728-180254/best_model.pth
Epoch [126/300] | Duration: 26.42s | Train Loss: 0.9451 | Train Acc: 0.6819 | Val Loss: 0.9997 | Val Acc: 0.6058 | Val F1: 0.4686
Epoch [127/300] | Duration: 25.93s | Train Loss: 0.9425 | Train Acc: 0.6654 | Val Loss: 0.9977 | Val Acc: 0.6277 | Val F1: 0.4835
Epoch [128/300] | Duration: 26.62s | Train Loss: 0.9494 | Train Acc: 0.6782 | Val Loss: 1.0024 | Val Acc: 0.6058 | Val F1: 0.4673
Epoch [129/300] | Duration: 26.33s | Train Loss: 0.9331 | Train Acc: 0.6691 | Val Loss: 0.9980 | Val Acc: 0.6350 | Val F1: 0.4885
Epoch [130/300] | Duration: 27.33s | Train Loss: 0.9666 | Train Acc: 0.6435 | Val Loss: 0.9988 | Val Acc: 0.6131 | Val F1: 0.4750
Epoch [131/300] | Duration: 27.37s | Train Loss: 0.9364 | Train Acc: 0.6581 | Val Loss: 0.9980 | Val Acc: 0.6204 | Val F1: 0.4793
Epoch [132/300] | Duration: 27.11s | Train Loss: 0.9265 | Train Acc: 0.6837 | Val Loss: 0.9997 | Val Acc: 0.6277 | Val F1: 0.4840
Epoch [133/300] | Duration: 27.11s | Train Loss: 0.9385 | Train Acc: 0.6746 | Val Loss: 0.9996 | Val Acc: 0.6350 | Val F1: 0.4891
Epoch [134/300] | Duration: 27.01s | Train Loss: 0.9320 | Train Acc: 0.6691 | Val Loss: 0.9940 | Val Acc: 0.6277 | Val F1: 0.4829
Epoch [135/300] | Duration: 26.79s | Train Loss: 0.9209 | Train Acc: 0.6947 | Val Loss: 0.9940 | Val Acc: 0.6204 | Val F1: 0.4793
Epoch [136/300] | Duration: 27.17s | Train Loss: 0.9097 | Train Acc: 0.6545 | Val Loss: 0.9958 | Val Acc: 0.6496 | Val F1: 0.4998
🎉 New best model found! F1-Score: 0.4998. Saved to training_outputs/20250728-180254/best_model.pth
Epoch [137/300] | Duration: 26.61s | Train Loss: 0.9332 | Train Acc: 0.6453 | Val Loss: 0.9946 | Val Acc: 0.6204 | Val F1: 0.4822
Epoch [138/300] | Duration: 26.22s | Train Loss: 0.9673 | Train Acc: 0.6399 | Val Loss: 0.9975 | Val Acc: 0.6204 | Val F1: 0.4806
Epoch [139/300] | Duration: 26.29s | Train Loss: 0.9565 | Train Acc: 0.6417 | Val Loss: 0.9911 | Val Acc: 0.6204 | Val F1: 0.4822
Epoch [140/300] | Duration: 26.64s | Train Loss: 0.9143 | Train Acc: 0.6874 | Val Loss: 0.9971 | Val Acc: 0.6131 | Val F1: 0.4743
Epoch [141/300] | Duration: 26.33s | Train Loss: 0.9188 | Train Acc: 0.6654 | Val Loss: 0.9929 | Val Acc: 0.6131 | Val F1: 0.4737
Epoch [142/300] | Duration: 26.35s | Train Loss: 0.9203 | Train Acc: 0.6654 | Val Loss: 0.9993 | Val Acc: 0.6204 | Val F1: 0.4785
Epoch [143/300] | Duration: 26.32s | Train Loss: 0.9370 | Train Acc: 0.6618 | Val Loss: 0.9892 | Val Acc: 0.6277 | Val F1: 0.4835
Epoch [144/300] | Duration: 26.33s | Train Loss: 0.9381 | Train Acc: 0.6801 | Val Loss: 0.9864 | Val Acc: 0.6423 | Val F1: 0.4961
Epoch [145/300] | Duration: 26.99s | Train Loss: 0.9189 | Train Acc: 0.6691 | Val Loss: 0.9928 | Val Acc: 0.6204 | Val F1: 0.4794
Epoch [146/300] | Duration: 27.36s | Train Loss: 0.9307 | Train Acc: 0.6801 | Val Loss: 0.9775 | Val Acc: 0.6423 | Val F1: 0.4959
Epoch [147/300] | Duration: 26.63s | Train Loss: 0.9438 | Train Acc: 0.6654 | Val Loss: 0.9742 | Val Acc: 0.6350 | Val F1: 0.4907
Epoch [148/300] | Duration: 27.85s | Train Loss: 0.9250 | Train Acc: 0.6654 | Val Loss: 0.9768 | Val Acc: 0.6350 | Val F1: 0.4901
Epoch [149/300] | Duration: 28.30s | Train Loss: 0.9033 | Train Acc: 0.6837 | Val Loss: 0.9767 | Val Acc: 0.6350 | Val F1: 0.4889
Epoch [150/300] | Duration: 28.02s | Train Loss: 0.9237 | Train Acc: 0.6782 | Val Loss: 0.9728 | Val Acc: 0.6423 | Val F1: 0.4947
Epoch [151/300] | Duration: 27.98s | Train Loss: 0.8959 | Train Acc: 0.6856 | Val Loss: 0.9796 | Val Acc: 0.6131 | Val F1: 0.4752
Epoch [152/300] | Duration: 27.75s | Train Loss: 0.9228 | Train Acc: 0.6636 | Val Loss: 0.9733 | Val Acc: 0.6423 | Val F1: 0.4949
Epoch [153/300] | Duration: 27.43s | Train Loss: 0.9193 | Train Acc: 0.6691 | Val Loss: 0.9835 | Val Acc: 0.6496 | Val F1: 0.4991
Epoch [154/300] | Duration: 27.63s | Train Loss: 0.9245 | Train Acc: 0.6691 | Val Loss: 0.9756 | Val Acc: 0.6423 | Val F1: 0.4952
Epoch [155/300] | Duration: 27.71s | Train Loss: 0.9102 | Train Acc: 0.6453 | Val Loss: 0.9833 | Val Acc: 0.6350 | Val F1: 0.4896
Epoch [156/300] | Duration: 27.44s | Train Loss: 0.9044 | Train Acc: 0.6801 | Val Loss: 0.9854 | Val Acc: 0.6423 | Val F1: 0.4950
Epoch [157/300] | Duration: 28.20s | Train Loss: 0.8955 | Train Acc: 0.6746 | Val Loss: 0.9916 | Val Acc: 0.6204 | Val F1: 0.4803
Epoch [158/300] | Duration: 28.02s | Train Loss: 0.8892 | Train Acc: 0.7057 | Val Loss: 0.9957 | Val Acc: 0.6204 | Val F1: 0.4800
Epoch [159/300] | Duration: 27.85s | Train Loss: 0.9224 | Train Acc: 0.6691 | Val Loss: 0.9864 | Val Acc: 0.6642 | Val F1: 0.5113
🎉 New best model found! F1-Score: 0.5113. Saved to training_outputs/20250728-180254/best_model.pth
Epoch [160/300] | Duration: 27.50s | Train Loss: 0.9174 | Train Acc: 0.6782 | Val Loss: 0.9657 | Val Acc: 0.6423 | Val F1: 0.4956
Epoch [161/300] | Duration: 27.46s | Train Loss: 0.9332 | Train Acc: 0.6764 | Val Loss: 0.9759 | Val Acc: 0.6423 | Val F1: 0.4957
Epoch [162/300] | Duration: 27.74s | Train Loss: 0.9128 | Train Acc: 0.6600 | Val Loss: 0.9821 | Val Acc: 0.6423 | Val F1: 0.4963
Epoch [163/300] | Duration: 28.08s | Train Loss: 0.9203 | Train Acc: 0.6819 | Val Loss: 0.9718 | Val Acc: 0.6569 | Val F1: 0.5052
Epoch [164/300] | Duration: 26.85s | Train Loss: 0.9118 | Train Acc: 0.6728 | Val Loss: 0.9849 | Val Acc: 0.6423 | Val F1: 0.4946
Epoch [165/300] | Duration: 27.43s | Train Loss: 0.8916 | Train Acc: 0.6691 | Val Loss: 1.0041 | Val Acc: 0.6058 | Val F1: 0.4720
Epoch [166/300] | Duration: 28.30s | Train Loss: 0.8979 | Train Acc: 0.6929 | Val Loss: 0.9828 | Val Acc: 0.6350 | Val F1: 0.4890
Epoch [167/300] | Duration: 28.11s | Train Loss: 0.8827 | Train Acc: 0.6819 | Val Loss: 0.9649 | Val Acc: 0.6350 | Val F1: 0.4916
Epoch [168/300] | Duration: 27.38s | Train Loss: 0.8926 | Train Acc: 0.6782 | Val Loss: 0.9700 | Val Acc: 0.6350 | Val F1: 0.4897
Epoch [169/300] | Duration: 27.54s | Train Loss: 0.8848 | Train Acc: 0.6910 | Val Loss: 0.9755 | Val Acc: 0.6277 | Val F1: 0.4857
Epoch [170/300] | Duration: 27.83s | Train Loss: 0.8794 | Train Acc: 0.6801 | Val Loss: 0.9683 | Val Acc: 0.6277 | Val F1: 0.4849
Epoch [171/300] | Duration: 27.43s | Train Loss: 0.9208 | Train Acc: 0.6600 | Val Loss: 0.9631 | Val Acc: 0.6569 | Val F1: 0.5062
Epoch [172/300] | Duration: 27.59s | Train Loss: 0.9071 | Train Acc: 0.6618 | Val Loss: 0.9662 | Val Acc: 0.6642 | Val F1: 0.5107
Epoch [173/300] | Duration: 27.70s | Train Loss: 0.8896 | Train Acc: 0.6782 | Val Loss: 0.9621 | Val Acc: 0.6350 | Val F1: 0.4936
Epoch [174/300] | Duration: 26.89s | Train Loss: 0.8799 | Train Acc: 0.6929 | Val Loss: 0.9685 | Val Acc: 0.6496 | Val F1: 0.5006
Epoch [175/300] | Duration: 26.29s | Train Loss: 0.9085 | Train Acc: 0.6618 | Val Loss: 0.9527 | Val Acc: 0.6350 | Val F1: 0.4918
Epoch [176/300] | Duration: 27.26s | Train Loss: 0.9031 | Train Acc: 0.6746 | Val Loss: 0.9607 | Val Acc: 0.6423 | Val F1: 0.4959
Epoch [177/300] | Duration: 26.25s | Train Loss: 0.9363 | Train Acc: 0.6837 | Val Loss: 0.9625 | Val Acc: 0.6423 | Val F1: 0.4979
Epoch [178/300] | Duration: 26.46s | Train Loss: 0.8908 | Train Acc: 0.6673 | Val Loss: 0.9756 | Val Acc: 0.6496 | Val F1: 0.5035
Epoch [179/300] | Duration: 26.57s | Train Loss: 0.8655 | Train Acc: 0.6929 | Val Loss: 0.9600 | Val Acc: 0.6496 | Val F1: 0.5005
Epoch [180/300] | Duration: 26.52s | Train Loss: 0.9109 | Train Acc: 0.6728 | Val Loss: 0.9653 | Val Acc: 0.6569 | Val F1: 0.5074
Epoch [181/300] | Duration: 26.07s | Train Loss: 0.9212 | Train Acc: 0.6947 | Val Loss: 0.9724 | Val Acc: 0.6350 | Val F1: 0.4897
Epoch [182/300] | Duration: 26.54s | Train Loss: 0.9063 | Train Acc: 0.6910 | Val Loss: 0.9689 | Val Acc: 0.6204 | Val F1: 0.4803
Epoch [183/300] | Duration: 26.74s | Train Loss: 0.8886 | Train Acc: 0.6801 | Val Loss: 0.9715 | Val Acc: 0.6496 | Val F1: 0.5009
Epoch [184/300] | Duration: 26.31s | Train Loss: 0.8808 | Train Acc: 0.6984 | Val Loss: 0.9653 | Val Acc: 0.6496 | Val F1: 0.5013
Epoch [185/300] | Duration: 26.70s | Train Loss: 0.8836 | Train Acc: 0.6782 | Val Loss: 0.9663 | Val Acc: 0.6496 | Val F1: 0.5034
Epoch [186/300] | Duration: 26.51s | Train Loss: 0.8764 | Train Acc: 0.6892 | Val Loss: 0.9608 | Val Acc: 0.6569 | Val F1: 0.5082
Epoch [187/300] | Duration: 25.70s | Train Loss: 0.8891 | Train Acc: 0.6874 | Val Loss: 0.9576 | Val Acc: 0.6350 | Val F1: 0.4944
Epoch [188/300] | Duration: 26.22s | Train Loss: 0.8900 | Train Acc: 0.6892 | Val Loss: 0.9554 | Val Acc: 0.6496 | Val F1: 0.5026
Epoch [189/300] | Duration: 25.48s | Train Loss: 0.9003 | Train Acc: 0.6782 | Val Loss: 0.9602 | Val Acc: 0.6569 | Val F1: 0.5067
Epoch [190/300] | Duration: 25.79s | Train Loss: 0.8720 | Train Acc: 0.6801 | Val Loss: 0.9642 | Val Acc: 0.6277 | Val F1: 0.4874
Epoch [191/300] | Duration: 26.12s | Train Loss: 0.8658 | Train Acc: 0.7093 | Val Loss: 0.9575 | Val Acc: 0.6423 | Val F1: 0.4982
Epoch [192/300] | Duration: 26.26s | Train Loss: 0.8823 | Train Acc: 0.7057 | Val Loss: 0.9651 | Val Acc: 0.6496 | Val F1: 0.4990
Epoch [193/300] | Duration: 26.73s | Train Loss: 0.8852 | Train Acc: 0.6910 | Val Loss: 0.9623 | Val Acc: 0.6277 | Val F1: 0.4870
Epoch [194/300] | Duration: 26.46s | Train Loss: 0.8812 | Train Acc: 0.6892 | Val Loss: 0.9606 | Val Acc: 0.6569 | Val F1: 0.5068
Epoch [195/300] | Duration: 26.37s | Train Loss: 0.8967 | Train Acc: 0.6819 | Val Loss: 0.9524 | Val Acc: 0.6496 | Val F1: 0.5013
Epoch [196/300] | Duration: 26.31s | Train Loss: 0.8805 | Train Acc: 0.6819 | Val Loss: 0.9528 | Val Acc: 0.6350 | Val F1: 0.4915
Epoch [197/300] | Duration: 26.19s | Train Loss: 0.8764 | Train Acc: 0.6929 | Val Loss: 0.9668 | Val Acc: 0.6423 | Val F1: 0.4939
Epoch [198/300] | Duration: 26.08s | Train Loss: 0.8697 | Train Acc: 0.6984 | Val Loss: 0.9483 | Val Acc: 0.6569 | Val F1: 0.5079
Epoch [199/300] | Duration: 25.96s | Train Loss: 0.8703 | Train Acc: 0.6947 | Val Loss: 0.9655 | Val Acc: 0.6496 | Val F1: 0.5011
Epoch [200/300] | Duration: 26.08s | Train Loss: 0.8986 | Train Acc: 0.6764 | Val Loss: 0.9579 | Val Acc: 0.6496 | Val F1: 0.5031
Epoch [201/300] | Duration: 26.23s | Train Loss: 0.8821 | Train Acc: 0.6837 | Val Loss: 0.9667 | Val Acc: 0.6496 | Val F1: 0.5030
Epoch [202/300] | Duration: 26.29s | Train Loss: 0.8619 | Train Acc: 0.7020 | Val Loss: 0.9655 | Val Acc: 0.6423 | Val F1: 0.4991
Epoch [203/300] | Duration: 26.26s | Train Loss: 0.8568 | Train Acc: 0.6947 | Val Loss: 0.9636 | Val Acc: 0.6277 | Val F1: 0.4865
Epoch [204/300] | Duration: 26.54s | Train Loss: 0.8588 | Train Acc: 0.7002 | Val Loss: 0.9608 | Val Acc: 0.6496 | Val F1: 0.5012
Epoch [205/300] | Duration: 26.82s | Train Loss: 0.8376 | Train Acc: 0.7148 | Val Loss: 0.9475 | Val Acc: 0.6423 | Val F1: 0.4969
Epoch [206/300] | Duration: 26.63s | Train Loss: 0.8807 | Train Acc: 0.6874 | Val Loss: 0.9527 | Val Acc: 0.6569 | Val F1: 0.5079
Epoch [207/300] | Duration: 26.19s | Train Loss: 0.8676 | Train Acc: 0.6764 | Val Loss: 0.9589 | Val Acc: 0.6496 | Val F1: 0.5027
Epoch [208/300] | Duration: 26.60s | Train Loss: 0.8493 | Train Acc: 0.7020 | Val Loss: 0.9499 | Val Acc: 0.6569 | Val F1: 0.5085
Epoch [209/300] | Duration: 27.10s | Train Loss: 0.8755 | Train Acc: 0.6947 | Val Loss: 0.9599 | Val Acc: 0.6350 | Val F1: 0.4938
Epoch [210/300] | Duration: 28.14s | Train Loss: 0.8687 | Train Acc: 0.6965 | Val Loss: 0.9553 | Val Acc: 0.6496 | Val F1: 0.5051
Epoch [211/300] | Duration: 28.25s | Train Loss: 0.8828 | Train Acc: 0.6856 | Val Loss: 0.9469 | Val Acc: 0.6569 | Val F1: 0.5061
Epoch [212/300] | Duration: 28.28s | Train Loss: 0.8817 | Train Acc: 0.6728 | Val Loss: 0.9458 | Val Acc: 0.6569 | Val F1: 0.5085
Epoch [213/300] | Duration: 28.24s | Train Loss: 0.8652 | Train Acc: 0.6947 | Val Loss: 0.9676 | Val Acc: 0.6350 | Val F1: 0.4908
Epoch [214/300] | Duration: 28.16s | Train Loss: 0.8711 | Train Acc: 0.7002 | Val Loss: 0.9547 | Val Acc: 0.6496 | Val F1: 0.5021
Epoch [215/300] | Duration: 28.30s | Train Loss: 0.8260 | Train Acc: 0.7130 | Val Loss: 0.9428 | Val Acc: 0.6642 | Val F1: 0.5120
🎉 New best model found! F1-Score: 0.5120. Saved to training_outputs/20250728-180254/best_model.pth
Epoch [216/300] | Duration: 28.23s | Train Loss: 0.8535 | Train Acc: 0.7093 | Val Loss: 0.9486 | Val Acc: 0.6642 | Val F1: 0.5129
🎉 New best model found! F1-Score: 0.5129. Saved to training_outputs/20250728-180254/best_model.pth
Epoch [217/300] | Duration: 28.37s | Train Loss: 0.8581 | Train Acc: 0.7148 | Val Loss: 0.9508 | Val Acc: 0.6423 | Val F1: 0.4983
Epoch [218/300] | Duration: 28.20s | Train Loss: 0.8496 | Train Acc: 0.6892 | Val Loss: 0.9416 | Val Acc: 0.6642 | Val F1: 0.5122
Epoch [219/300] | Duration: 28.53s | Train Loss: 0.8558 | Train Acc: 0.6984 | Val Loss: 0.9541 | Val Acc: 0.6569 | Val F1: 0.5071
Epoch [220/300] | Duration: 28.43s | Train Loss: 0.8562 | Train Acc: 0.6984 | Val Loss: 0.9400 | Val Acc: 0.6642 | Val F1: 0.5122
Epoch [221/300] | Duration: 28.18s | Train Loss: 0.8313 | Train Acc: 0.7020 | Val Loss: 0.9572 | Val Acc: 0.6350 | Val F1: 0.4905
Epoch [222/300] | Duration: 46.80s | Train Loss: 0.8476 | Train Acc: 0.7112 | Val Loss: 0.9402 | Val Acc: 0.6496 | Val F1: 0.5022
Epoch [223/300] | Duration: 34.79s | Train Loss: 0.8483 | Train Acc: 0.6910 | Val Loss: 0.9371 | Val Acc: 0.6569 | Val F1: 0.5070
Epoch [224/300] | Duration: 28.27s | Train Loss: 0.8691 | Train Acc: 0.6728 | Val Loss: 0.9740 | Val Acc: 0.6131 | Val F1: 0.4732
Epoch [225/300] | Duration: 28.26s | Train Loss: 0.8592 | Train Acc: 0.6892 | Val Loss: 0.9456 | Val Acc: 0.6642 | Val F1: 0.5122
Epoch [226/300] | Duration: 28.05s | Train Loss: 0.8388 | Train Acc: 0.7020 | Val Loss: 0.9471 | Val Acc: 0.6204 | Val F1: 0.4798
Epoch [227/300] | Duration: 28.34s | Train Loss: 0.8477 | Train Acc: 0.7020 | Val Loss: 0.9444 | Val Acc: 0.6569 | Val F1: 0.5067
Epoch [228/300] | Duration: 28.30s | Train Loss: 0.8614 | Train Acc: 0.7002 | Val Loss: 0.9478 | Val Acc: 0.6204 | Val F1: 0.4751
Epoch [229/300] | Duration: 28.46s | Train Loss: 0.8539 | Train Acc: 0.6910 | Val Loss: 0.9607 | Val Acc: 0.6204 | Val F1: 0.4805
Epoch [230/300] | Duration: 28.34s | Train Loss: 0.8348 | Train Acc: 0.7057 | Val Loss: 0.9623 | Val Acc: 0.6642 | Val F1: 0.5109
Epoch [231/300] | Duration: 28.13s | Train Loss: 0.8627 | Train Acc: 0.7002 | Val Loss: 0.9475 | Val Acc: 0.6496 | Val F1: 0.5038
Epoch [232/300] | Duration: 28.49s | Train Loss: 0.8461 | Train Acc: 0.6910 | Val Loss: 0.9263 | Val Acc: 0.6496 | Val F1: 0.5005
Epoch [233/300] | Duration: 28.30s | Train Loss: 0.8414 | Train Acc: 0.7002 | Val Loss: 0.9506 | Val Acc: 0.6277 | Val F1: 0.4814
Epoch [234/300] | Duration: 28.21s | Train Loss: 0.8313 | Train Acc: 0.7185 | Val Loss: 0.9453 | Val Acc: 0.6569 | Val F1: 0.5085
Epoch [235/300] | Duration: 28.32s | Train Loss: 0.8482 | Train Acc: 0.6801 | Val Loss: 0.9257 | Val Acc: 0.6496 | Val F1: 0.5014
Epoch [236/300] | Duration: 28.48s | Train Loss: 0.8340 | Train Acc: 0.7203 | Val Loss: 0.9388 | Val Acc: 0.6569 | Val F1: 0.5057
Epoch [237/300] | Duration: 28.19s | Train Loss: 0.8326 | Train Acc: 0.7020 | Val Loss: 0.9286 | Val Acc: 0.6569 | Val F1: 0.5081
Epoch [238/300] | Duration: 28.31s | Train Loss: 0.8273 | Train Acc: 0.7057 | Val Loss: 0.9405 | Val Acc: 0.6423 | Val F1: 0.4965
Epoch [239/300] | Duration: 28.23s | Train Loss: 0.8482 | Train Acc: 0.7130 | Val Loss: 0.9329 | Val Acc: 0.6642 | Val F1: 0.5122
Epoch [240/300] | Duration: 28.32s | Train Loss: 0.8255 | Train Acc: 0.7221 | Val Loss: 0.9358 | Val Acc: 0.6496 | Val F1: 0.5021
Epoch [241/300] | Duration: 28.37s | Train Loss: 0.8190 | Train Acc: 0.7130 | Val Loss: 0.9346 | Val Acc: 0.6788 | Val F1: 0.5238
🎉 New best model found! F1-Score: 0.5238. Saved to training_outputs/20250728-180254/best_model.pth
Epoch [242/300] | Duration: 28.24s | Train Loss: 0.8278 | Train Acc: 0.7093 | Val Loss: 0.9418 | Val Acc: 0.6496 | Val F1: 0.5038
Epoch [243/300] | Duration: 28.43s | Train Loss: 0.8526 | Train Acc: 0.6984 | Val Loss: 0.9362 | Val Acc: 0.6423 | Val F1: 0.4990
Epoch [244/300] | Duration: 28.42s | Train Loss: 0.8332 | Train Acc: 0.7093 | Val Loss: 0.9486 | Val Acc: 0.6423 | Val F1: 0.4936
Epoch [245/300] | Duration: 28.32s | Train Loss: 0.8459 | Train Acc: 0.6984 | Val Loss: 0.9308 | Val Acc: 0.6569 | Val F1: 0.5063
Epoch [246/300] | Duration: 28.47s | Train Loss: 0.8156 | Train Acc: 0.7038 | Val Loss: 0.9301 | Val Acc: 0.6423 | Val F1: 0.4950
Epoch [247/300] | Duration: 28.29s | Train Loss: 0.8348 | Train Acc: 0.7130 | Val Loss: 0.9435 | Val Acc: 0.6569 | Val F1: 0.5059
Epoch [248/300] | Duration: 28.44s | Train Loss: 0.8617 | Train Acc: 0.6929 | Val Loss: 0.9232 | Val Acc: 0.6642 | Val F1: 0.5121
Epoch [249/300] | Duration: 28.09s | Train Loss: 0.8276 | Train Acc: 0.7038 | Val Loss: 0.9374 | Val Acc: 0.6350 | Val F1: 0.4893
Epoch [250/300] | Duration: 28.42s | Train Loss: 0.8431 | Train Acc: 0.7038 | Val Loss: 0.9315 | Val Acc: 0.6642 | Val F1: 0.5130
Epoch [251/300] | Duration: 28.24s | Train Loss: 0.7826 | Train Acc: 0.7221 | Val Loss: 0.9333 | Val Acc: 0.6569 | Val F1: 0.5079
Epoch [252/300] | Duration: 28.46s | Train Loss: 0.8391 | Train Acc: 0.7112 | Val Loss: 0.9259 | Val Acc: 0.6642 | Val F1: 0.5122
Epoch [253/300] | Duration: 27.99s | Train Loss: 0.8299 | Train Acc: 0.7166 | Val Loss: 0.9309 | Val Acc: 0.6423 | Val F1: 0.4944
Epoch [254/300] | Duration: 28.41s | Train Loss: 0.8383 | Train Acc: 0.7002 | Val Loss: 0.9304 | Val Acc: 0.6423 | Val F1: 0.4944
Epoch [255/300] | Duration: 28.38s | Train Loss: 0.8224 | Train Acc: 0.7185 | Val Loss: 0.9323 | Val Acc: 0.6569 | Val F1: 0.5060
Epoch [256/300] | Duration: 28.28s | Train Loss: 0.8408 | Train Acc: 0.6929 | Val Loss: 0.9329 | Val Acc: 0.6642 | Val F1: 0.5103
Epoch [257/300] | Duration: 28.13s | Train Loss: 0.8221 | Train Acc: 0.7112 | Val Loss: 0.9268 | Val Acc: 0.6496 | Val F1: 0.5021
Epoch [258/300] | Duration: 28.37s | Train Loss: 0.8349 | Train Acc: 0.6984 | Val Loss: 0.9330 | Val Acc: 0.6496 | Val F1: 0.4997
Epoch [259/300] | Duration: 28.26s | Train Loss: 0.8228 | Train Acc: 0.6965 | Val Loss: 0.9306 | Val Acc: 0.6423 | Val F1: 0.4969
Epoch [260/300] | Duration: 28.37s | Train Loss: 0.8338 | Train Acc: 0.7057 | Val Loss: 0.9394 | Val Acc: 0.6569 | Val F1: 0.5092
Epoch [261/300] | Duration: 28.03s | Train Loss: 0.8034 | Train Acc: 0.7349 | Val Loss: 0.9165 | Val Acc: 0.6715 | Val F1: 0.5160
Epoch [262/300] | Duration: 28.36s | Train Loss: 0.8285 | Train Acc: 0.7038 | Val Loss: 0.9302 | Val Acc: 0.6642 | Val F1: 0.5090
Epoch [263/300] | Duration: 28.24s | Train Loss: 0.8052 | Train Acc: 0.7148 | Val Loss: 0.9308 | Val Acc: 0.6496 | Val F1: 0.5035
Epoch [264/300] | Duration: 28.22s | Train Loss: 0.8226 | Train Acc: 0.7112 | Val Loss: 0.9231 | Val Acc: 0.6569 | Val F1: 0.5092
Epoch [265/300] | Duration: 28.29s | Train Loss: 0.8153 | Train Acc: 0.7239 | Val Loss: 0.9257 | Val Acc: 0.6569 | Val F1: 0.5057
Epoch [266/300] | Duration: 28.63s | Train Loss: 0.7998 | Train Acc: 0.7166 | Val Loss: 0.9448 | Val Acc: 0.6569 | Val F1: 0.5056
Epoch [267/300] | Duration: 28.22s | Train Loss: 0.7877 | Train Acc: 0.7276 | Val Loss: 0.9292 | Val Acc: 0.6496 | Val F1: 0.4996
Epoch [268/300] | Duration: 28.33s | Train Loss: 0.8237 | Train Acc: 0.7258 | Val Loss: 0.9273 | Val Acc: 0.6496 | Val F1: 0.4996
Epoch [269/300] | Duration: 28.32s | Train Loss: 0.8372 | Train Acc: 0.7331 | Val Loss: 0.9351 | Val Acc: 0.6569 | Val F1: 0.5066
Epoch [270/300] | Duration: 28.40s | Train Loss: 0.8162 | Train Acc: 0.6929 | Val Loss: 0.9249 | Val Acc: 0.6496 | Val F1: 0.4996
Epoch [271/300] | Duration: 28.37s | Train Loss: 0.8064 | Train Acc: 0.6929 | Val Loss: 0.9259 | Val Acc: 0.6496 | Val F1: 0.5029
Epoch [272/300] | Duration: 28.20s | Train Loss: 0.8051 | Train Acc: 0.7239 | Val Loss: 0.9457 | Val Acc: 0.6496 | Val F1: 0.5002
Epoch [273/300] | Duration: 28.12s | Train Loss: 0.8044 | Train Acc: 0.7148 | Val Loss: 0.9106 | Val Acc: 0.6569 | Val F1: 0.5075
Epoch [274/300] | Duration: 28.29s | Train Loss: 0.8243 | Train Acc: 0.7185 | Val Loss: 0.9312 | Val Acc: 0.6496 | Val F1: 0.5003
Epoch [275/300] | Duration: 28.18s | Train Loss: 0.8315 | Train Acc: 0.7221 | Val Loss: 0.9289 | Val Acc: 0.6642 | Val F1: 0.5108
Epoch [276/300] | Duration: 28.22s | Train Loss: 0.8462 | Train Acc: 0.7020 | Val Loss: 0.9309 | Val Acc: 0.6642 | Val F1: 0.5114
Epoch [277/300] | Duration: 28.13s | Train Loss: 0.8035 | Train Acc: 0.7221 | Val Loss: 0.9180 | Val Acc: 0.6642 | Val F1: 0.5135
Epoch [278/300] | Duration: 28.24s | Train Loss: 0.8010 | Train Acc: 0.7075 | Val Loss: 0.9156 | Val Acc: 0.6496 | Val F1: 0.5005
Epoch [279/300] | Duration: 27.97s | Train Loss: 0.7938 | Train Acc: 0.7239 | Val Loss: 0.9345 | Val Acc: 0.6569 | Val F1: 0.5057
Epoch [280/300] | Duration: 28.30s | Train Loss: 0.8332 | Train Acc: 0.7148 | Val Loss: 0.9192 | Val Acc: 0.6423 | Val F1: 0.4960
Epoch [281/300] | Duration: 28.25s | Train Loss: 0.8082 | Train Acc: 0.7313 | Val Loss: 0.9185 | Val Acc: 0.6715 | Val F1: 0.5161
Epoch [282/300] | Duration: 28.09s | Train Loss: 0.8065 | Train Acc: 0.6910 | Val Loss: 0.9216 | Val Acc: 0.6496 | Val F1: 0.5009
Epoch [283/300] | Duration: 28.02s | Train Loss: 0.7986 | Train Acc: 0.7313 | Val Loss: 0.9273 | Val Acc: 0.6569 | Val F1: 0.5080
Epoch [284/300] | Duration: 28.27s | Train Loss: 0.8154 | Train Acc: 0.7038 | Val Loss: 0.9531 | Val Acc: 0.6423 | Val F1: 0.4961
Epoch [285/300] | Duration: 28.61s | Train Loss: 0.8026 | Train Acc: 0.7075 | Val Loss: 0.9231 | Val Acc: 0.6569 | Val F1: 0.5062
Epoch [286/300] | Duration: 28.46s | Train Loss: 0.8125 | Train Acc: 0.7386 | Val Loss: 0.9568 | Val Acc: 0.6423 | Val F1: 0.4983
Epoch [287/300] | Duration: 28.40s | Train Loss: 0.8149 | Train Acc: 0.7093 | Val Loss: 0.9211 | Val Acc: 0.6496 | Val F1: 0.5019
Epoch [288/300] | Duration: 28.30s | Train Loss: 0.8248 | Train Acc: 0.7057 | Val Loss: 0.9365 | Val Acc: 0.6642 | Val F1: 0.5098
Epoch [289/300] | Duration: 28.04s | Train Loss: 0.8009 | Train Acc: 0.7185 | Val Loss: 0.9251 | Val Acc: 0.6642 | Val F1: 0.5134
Epoch [290/300] | Duration: 28.46s | Train Loss: 0.7925 | Train Acc: 0.7020 | Val Loss: 0.9424 | Val Acc: 0.6569 | Val F1: 0.5060
Epoch [291/300] | Duration: 28.32s | Train Loss: 0.8062 | Train Acc: 0.7404 | Val Loss: 0.9183 | Val Acc: 0.6569 | Val F1: 0.5076
Epoch [292/300] | Duration: 28.43s | Train Loss: 0.7917 | Train Acc: 0.7367 | Val Loss: 0.9359 | Val Acc: 0.6496 | Val F1: 0.5025
Epoch [293/300] | Duration: 28.25s | Train Loss: 0.7945 | Train Acc: 0.7367 | Val Loss: 0.9270 | Val Acc: 0.6569 | Val F1: 0.5065
Epoch [294/300] | Duration: 28.15s | Train Loss: 0.7868 | Train Acc: 0.7313 | Val Loss: 0.9330 | Val Acc: 0.6715 | Val F1: 0.5155
Epoch [295/300] | Duration: 28.54s | Train Loss: 0.8054 | Train Acc: 0.7239 | Val Loss: 0.9477 | Val Acc: 0.6496 | Val F1: 0.5015
Epoch [296/300] | Duration: 28.31s | Train Loss: 0.8173 | Train Acc: 0.7166 | Val Loss: 0.9453 | Val Acc: 0.6569 | Val F1: 0.5057
Epoch [297/300] | Duration: 28.48s | Train Loss: 0.8181 | Train Acc: 0.7038 | Val Loss: 0.9186 | Val Acc: 0.6569 | Val F1: 0.5057
Epoch [298/300] | Duration: 54.53s | Train Loss: 0.7770 | Train Acc: 0.7239 | Val Loss: 0.9279 | Val Acc: 0.6569 | Val F1: 0.5062
Epoch [299/300] | Duration: 33.54s | Train Loss: 0.8077 | Train Acc: 0.7075 | Val Loss: 0.9263 | Val Acc: 0.6642 | Val F1: 0.5132
Epoch [300/300] | Duration: 40.75s | Train Loss: 0.7663 | Train Acc: 0.7313 | Val Loss: 0.9242 | Val Acc: 0.6569 | Val F1: 0.5057

✅ Training finished.

💾 Saving final artifacts...
📈 Saved training metrics plot to training_outputs/20250728-180254/training_metrics.png
📊 Saved final confusion matrix to training_outputs/20250728-180254/final_confusion_matrix.png
📝 Saved final classification report to training_outputs/20250728-180254/final_classification_report.txt

✨ Run complete.
