The following modules were not unloaded:
  (Use "module --force purge" to unload all):

  1) modules/2.3-20240529   2) openblas/single-0.3.26
🚀 Starting Run. All outputs will be saved to: training_outputs/20250708-234010
⚙️ Using device: cuda
Hyperparameters: {'input_depth': 64, 'input_height': 64, 'input_width': 64, 'num_classes': 3, 'learning_rate': 0.0001, 'batch_size': 16, 'num_epochs': 300, 'num_input_channels': 3, 'max_samples_per_class': 216}

Loading datasets...
Dataset loaded with 645 total samples:
  - mitotic: 213 samples
  - new_daughter: 216 samples
  - stable: 216 samples
  Applied per-class limit: 216 samples/class
Dataset loaded with 645 total samples:
  - mitotic: 213 samples
  - new_daughter: 216 samples
  - stable: 216 samples
  Applied per-class limit: 216 samples/class

Training on 516 samples, validating on 129 samples.
Model has 70,947 trainable parameters.

--- Starting Training ---
Epoch [001/300] | Duration: 60.73s | Train Loss: 1.0220 | Train Acc: 0.5310 | Val Loss: 1.0810 | Val Acc: 0.3488 | Val F1: 0.2640
🎉 New best model found! F1-Score: 0.2640. Saved to training_outputs/20250708-234010/best_model.pth
Epoch [002/300] | Duration: 41.37s | Train Loss: 0.9245 | Train Acc: 0.5969 | Val Loss: 1.0173 | Val Acc: 0.5814 | Val F1: 0.5810
🎉 New best model found! F1-Score: 0.5810. Saved to training_outputs/20250708-234010/best_model.pth
Epoch [003/300] | Duration: 47.37s | Train Loss: 0.9040 | Train Acc: 0.5930 | Val Loss: 0.9785 | Val Acc: 0.6202 | Val F1: 0.6178
🎉 New best model found! F1-Score: 0.6178. Saved to training_outputs/20250708-234010/best_model.pth
Epoch [004/300] | Duration: 39.72s | Train Loss: 0.8638 | Train Acc: 0.6512 | Val Loss: 0.9712 | Val Acc: 0.6202 | Val F1: 0.6202
🎉 New best model found! F1-Score: 0.6202. Saved to training_outputs/20250708-234010/best_model.pth
Epoch [005/300] | Duration: 37.08s | Train Loss: 0.8550 | Train Acc: 0.6434 | Val Loss: 0.9610 | Val Acc: 0.6512 | Val F1: 0.6511
🎉 New best model found! F1-Score: 0.6511. Saved to training_outputs/20250708-234010/best_model.pth
Epoch [006/300] | Duration: 37.29s | Train Loss: 0.8476 | Train Acc: 0.6318 | Val Loss: 0.9705 | Val Acc: 0.6124 | Val F1: 0.6125
Epoch [007/300] | Duration: 37.47s | Train Loss: 0.8396 | Train Acc: 0.6260 | Val Loss: 0.9421 | Val Acc: 0.6434 | Val F1: 0.6432
Epoch [008/300] | Duration: 36.93s | Train Loss: 0.8003 | Train Acc: 0.6744 | Val Loss: 0.9440 | Val Acc: 0.6357 | Val F1: 0.6354
Epoch [009/300] | Duration: 37.27s | Train Loss: 0.8309 | Train Acc: 0.6550 | Val Loss: 0.8886 | Val Acc: 0.6357 | Val F1: 0.6337
Epoch [010/300] | Duration: 36.97s | Train Loss: 0.7746 | Train Acc: 0.6899 | Val Loss: 0.9613 | Val Acc: 0.6279 | Val F1: 0.6277
Epoch [011/300] | Duration: 37.39s | Train Loss: 0.8099 | Train Acc: 0.6841 | Val Loss: 0.9398 | Val Acc: 0.6744 | Val F1: 0.6745
🎉 New best model found! F1-Score: 0.6745. Saved to training_outputs/20250708-234010/best_model.pth
Epoch [012/300] | Duration: 37.15s | Train Loss: 0.7826 | Train Acc: 0.6860 | Val Loss: 0.8929 | Val Acc: 0.6279 | Val F1: 0.6279
Epoch [013/300] | Duration: 37.35s | Train Loss: 0.7779 | Train Acc: 0.6919 | Val Loss: 0.9246 | Val Acc: 0.6512 | Val F1: 0.6478
Epoch [014/300] | Duration: 37.35s | Train Loss: 0.7583 | Train Acc: 0.6725 | Val Loss: 0.8989 | Val Acc: 0.6512 | Val F1: 0.6507
Epoch [015/300] | Duration: 37.13s | Train Loss: 0.7754 | Train Acc: 0.6957 | Val Loss: 0.8757 | Val Acc: 0.6512 | Val F1: 0.6512
Epoch [016/300] | Duration: 37.08s | Train Loss: 0.7736 | Train Acc: 0.6822 | Val Loss: 0.9637 | Val Acc: 0.6202 | Val F1: 0.6190
Epoch [017/300] | Duration: 37.15s | Train Loss: 0.7435 | Train Acc: 0.7035 | Val Loss: 0.9049 | Val Acc: 0.6202 | Val F1: 0.6217
Epoch [018/300] | Duration: 37.22s | Train Loss: 0.7148 | Train Acc: 0.6996 | Val Loss: 0.8271 | Val Acc: 0.6822 | Val F1: 0.6802
🎉 New best model found! F1-Score: 0.6802. Saved to training_outputs/20250708-234010/best_model.pth
Epoch [019/300] | Duration: 37.22s | Train Loss: 0.7131 | Train Acc: 0.7035 | Val Loss: 0.8723 | Val Acc: 0.6357 | Val F1: 0.6350
Epoch [020/300] | Duration: 37.27s | Train Loss: 0.7031 | Train Acc: 0.7132 | Val Loss: 0.8840 | Val Acc: 0.6512 | Val F1: 0.6481
Epoch [021/300] | Duration: 37.23s | Train Loss: 0.7156 | Train Acc: 0.7151 | Val Loss: 0.8805 | Val Acc: 0.6512 | Val F1: 0.6514
Epoch [022/300] | Duration: 37.32s | Train Loss: 0.7113 | Train Acc: 0.7209 | Val Loss: 0.8921 | Val Acc: 0.6822 | Val F1: 0.6818
🎉 New best model found! F1-Score: 0.6818. Saved to training_outputs/20250708-234010/best_model.pth
Epoch [023/300] | Duration: 37.28s | Train Loss: 0.7082 | Train Acc: 0.7326 | Val Loss: 0.8820 | Val Acc: 0.6667 | Val F1: 0.6659
Epoch [024/300] | Duration: 37.24s | Train Loss: 0.6952 | Train Acc: 0.6938 | Val Loss: 0.7969 | Val Acc: 0.6744 | Val F1: 0.6750
Epoch [025/300] | Duration: 37.19s | Train Loss: 0.6911 | Train Acc: 0.7384 | Val Loss: 0.8887 | Val Acc: 0.6977 | Val F1: 0.6975
🎉 New best model found! F1-Score: 0.6975. Saved to training_outputs/20250708-234010/best_model.pth
Epoch [026/300] | Duration: 36.69s | Train Loss: 0.7030 | Train Acc: 0.7229 | Val Loss: 0.8393 | Val Acc: 0.7054 | Val F1: 0.7055
🎉 New best model found! F1-Score: 0.7055. Saved to training_outputs/20250708-234010/best_model.pth
Epoch [027/300] | Duration: 36.89s | Train Loss: 0.7045 | Train Acc: 0.7112 | Val Loss: 0.8507 | Val Acc: 0.7054 | Val F1: 0.7044
Epoch [028/300] | Duration: 37.20s | Train Loss: 0.6823 | Train Acc: 0.7345 | Val Loss: 0.8114 | Val Acc: 0.6822 | Val F1: 0.6824
Epoch [029/300] | Duration: 37.16s | Train Loss: 0.6639 | Train Acc: 0.7422 | Val Loss: 0.8027 | Val Acc: 0.6744 | Val F1: 0.6749
Epoch [030/300] | Duration: 37.24s | Train Loss: 0.6870 | Train Acc: 0.7364 | Val Loss: 0.8757 | Val Acc: 0.6667 | Val F1: 0.6658
Epoch [031/300] | Duration: 37.33s | Train Loss: 0.6649 | Train Acc: 0.7422 | Val Loss: 0.8225 | Val Acc: 0.7132 | Val F1: 0.7127
🎉 New best model found! F1-Score: 0.7127. Saved to training_outputs/20250708-234010/best_model.pth
Epoch [032/300] | Duration: 37.20s | Train Loss: 0.6815 | Train Acc: 0.7578 | Val Loss: 0.7711 | Val Acc: 0.7209 | Val F1: 0.7212
🎉 New best model found! F1-Score: 0.7212. Saved to training_outputs/20250708-234010/best_model.pth
Epoch [033/300] | Duration: 37.18s | Train Loss: 0.6559 | Train Acc: 0.7326 | Val Loss: 0.8644 | Val Acc: 0.6977 | Val F1: 0.6972
Epoch [034/300] | Duration: 37.21s | Train Loss: 0.6398 | Train Acc: 0.7655 | Val Loss: 0.8208 | Val Acc: 0.7054 | Val F1: 0.7054
Epoch [035/300] | Duration: 37.15s | Train Loss: 0.6179 | Train Acc: 0.7558 | Val Loss: 0.7817 | Val Acc: 0.7054 | Val F1: 0.7047
Epoch [036/300] | Duration: 37.35s | Train Loss: 0.6270 | Train Acc: 0.7519 | Val Loss: 0.8097 | Val Acc: 0.7209 | Val F1: 0.7207
Epoch [037/300] | Duration: 37.09s | Train Loss: 0.6233 | Train Acc: 0.7636 | Val Loss: 0.7992 | Val Acc: 0.7054 | Val F1: 0.7045
Epoch [038/300] | Duration: 37.34s | Train Loss: 0.6441 | Train Acc: 0.7578 | Val Loss: 0.7949 | Val Acc: 0.6744 | Val F1: 0.6741
Epoch [039/300] | Duration: 37.24s | Train Loss: 0.6233 | Train Acc: 0.7558 | Val Loss: 0.8042 | Val Acc: 0.7209 | Val F1: 0.7205
Epoch [040/300] | Duration: 37.28s | Train Loss: 0.6552 | Train Acc: 0.7578 | Val Loss: 0.8110 | Val Acc: 0.6744 | Val F1: 0.6744
Epoch [041/300] | Duration: 37.26s | Train Loss: 0.6266 | Train Acc: 0.7888 | Val Loss: 0.7914 | Val Acc: 0.6899 | Val F1: 0.6885
Epoch [042/300] | Duration: 37.30s | Train Loss: 0.6096 | Train Acc: 0.7674 | Val Loss: 0.7433 | Val Acc: 0.7209 | Val F1: 0.7218
🎉 New best model found! F1-Score: 0.7218. Saved to training_outputs/20250708-234010/best_model.pth
Epoch [043/300] | Duration: 37.23s | Train Loss: 0.5957 | Train Acc: 0.7771 | Val Loss: 0.8681 | Val Acc: 0.6822 | Val F1: 0.6821
Epoch [044/300] | Duration: 37.35s | Train Loss: 0.6122 | Train Acc: 0.7578 | Val Loss: 0.7142 | Val Acc: 0.6899 | Val F1: 0.6898
Epoch [045/300] | Duration: 37.43s | Train Loss: 0.5939 | Train Acc: 0.7868 | Val Loss: 0.7701 | Val Acc: 0.6899 | Val F1: 0.6900
Epoch [046/300] | Duration: 37.35s | Train Loss: 0.6072 | Train Acc: 0.7868 | Val Loss: 0.8833 | Val Acc: 0.6899 | Val F1: 0.6901
Epoch [047/300] | Duration: 37.35s | Train Loss: 0.6094 | Train Acc: 0.7713 | Val Loss: 0.7165 | Val Acc: 0.7287 | Val F1: 0.7288
🎉 New best model found! F1-Score: 0.7288. Saved to training_outputs/20250708-234010/best_model.pth
Epoch [048/300] | Duration: 37.37s | Train Loss: 0.6164 | Train Acc: 0.7674 | Val Loss: 0.7548 | Val Acc: 0.6589 | Val F1: 0.6586
Epoch [049/300] | Duration: 37.27s | Train Loss: 0.5809 | Train Acc: 0.7791 | Val Loss: 0.7971 | Val Acc: 0.6977 | Val F1: 0.6977
Epoch [050/300] | Duration: 36.79s | Train Loss: 0.5659 | Train Acc: 0.7984 | Val Loss: 0.7578 | Val Acc: 0.7054 | Val F1: 0.7059
Epoch [051/300] | Duration: 37.30s | Train Loss: 0.5929 | Train Acc: 0.7829 | Val Loss: 0.7846 | Val Acc: 0.7054 | Val F1: 0.7053
Epoch [052/300] | Duration: 37.08s | Train Loss: 0.5731 | Train Acc: 0.7868 | Val Loss: 0.8653 | Val Acc: 0.6589 | Val F1: 0.6587
Epoch [053/300] | Duration: 37.27s | Train Loss: 0.5618 | Train Acc: 0.7791 | Val Loss: 0.7661 | Val Acc: 0.7209 | Val F1: 0.7210
Epoch [054/300] | Duration: 37.29s | Train Loss: 0.6040 | Train Acc: 0.7868 | Val Loss: 0.7723 | Val Acc: 0.6822 | Val F1: 0.6822
Epoch [055/300] | Duration: 37.44s | Train Loss: 0.5320 | Train Acc: 0.8159 | Val Loss: 0.7035 | Val Acc: 0.7364 | Val F1: 0.7363
🎉 New best model found! F1-Score: 0.7363. Saved to training_outputs/20250708-234010/best_model.pth
Epoch [056/300] | Duration: 37.31s | Train Loss: 0.5400 | Train Acc: 0.8101 | Val Loss: 0.7111 | Val Acc: 0.7287 | Val F1: 0.7284
Epoch [057/300] | Duration: 37.39s | Train Loss: 0.5075 | Train Acc: 0.8353 | Val Loss: 0.7273 | Val Acc: 0.7054 | Val F1: 0.7033
Epoch [058/300] | Duration: 37.22s | Train Loss: 0.5691 | Train Acc: 0.7868 | Val Loss: 0.7354 | Val Acc: 0.7287 | Val F1: 0.7277
Epoch [059/300] | Duration: 37.31s | Train Loss: 0.5607 | Train Acc: 0.8023 | Val Loss: 0.7086 | Val Acc: 0.7132 | Val F1: 0.7140
Epoch [060/300] | Duration: 37.41s | Train Loss: 0.5396 | Train Acc: 0.8178 | Val Loss: 0.6808 | Val Acc: 0.7364 | Val F1: 0.7365
🎉 New best model found! F1-Score: 0.7365. Saved to training_outputs/20250708-234010/best_model.pth
Epoch [061/300] | Duration: 37.18s | Train Loss: 0.5344 | Train Acc: 0.8043 | Val Loss: 0.8629 | Val Acc: 0.6744 | Val F1: 0.6726
Epoch [062/300] | Duration: 37.14s | Train Loss: 0.5278 | Train Acc: 0.8043 | Val Loss: 0.7005 | Val Acc: 0.7442 | Val F1: 0.7426
🎉 New best model found! F1-Score: 0.7426. Saved to training_outputs/20250708-234010/best_model.pth
Epoch [063/300] | Duration: 37.20s | Train Loss: 0.5248 | Train Acc: 0.7984 | Val Loss: 0.7851 | Val Acc: 0.6899 | Val F1: 0.6897
Epoch [064/300] | Duration: 37.26s | Train Loss: 0.5156 | Train Acc: 0.8198 | Val Loss: 0.6535 | Val Acc: 0.7287 | Val F1: 0.7295
Epoch [065/300] | Duration: 37.40s | Train Loss: 0.5192 | Train Acc: 0.7829 | Val Loss: 0.7921 | Val Acc: 0.7054 | Val F1: 0.7047
Epoch [066/300] | Duration: 37.33s | Train Loss: 0.5129 | Train Acc: 0.8140 | Val Loss: 0.7107 | Val Acc: 0.7054 | Val F1: 0.7060
Epoch [067/300] | Duration: 37.36s | Train Loss: 0.5121 | Train Acc: 0.8295 | Val Loss: 0.6768 | Val Acc: 0.7364 | Val F1: 0.7365
Epoch [068/300] | Duration: 37.35s | Train Loss: 0.5072 | Train Acc: 0.8178 | Val Loss: 0.7145 | Val Acc: 0.7287 | Val F1: 0.7259
Epoch [069/300] | Duration: 37.21s | Train Loss: 0.5234 | Train Acc: 0.7984 | Val Loss: 0.7414 | Val Acc: 0.6744 | Val F1: 0.6738
Epoch [070/300] | Duration: 37.24s | Train Loss: 0.4865 | Train Acc: 0.8217 | Val Loss: 0.7377 | Val Acc: 0.6822 | Val F1: 0.6823
Epoch [071/300] | Duration: 37.34s | Train Loss: 0.4688 | Train Acc: 0.8295 | Val Loss: 0.7127 | Val Acc: 0.6899 | Val F1: 0.6900
Epoch [072/300] | Duration: 37.23s | Train Loss: 0.5028 | Train Acc: 0.8120 | Val Loss: 0.7062 | Val Acc: 0.7132 | Val F1: 0.7123
Epoch [073/300] | Duration: 37.26s | Train Loss: 0.4615 | Train Acc: 0.8411 | Val Loss: 0.7585 | Val Acc: 0.7209 | Val F1: 0.7205
Epoch [074/300] | Duration: 37.10s | Train Loss: 0.5046 | Train Acc: 0.8236 | Val Loss: 0.6821 | Val Acc: 0.7054 | Val F1: 0.7024
Epoch [075/300] | Duration: 37.00s | Train Loss: 0.4976 | Train Acc: 0.8198 | Val Loss: 0.7162 | Val Acc: 0.7287 | Val F1: 0.7296
Epoch [076/300] | Duration: 37.35s | Train Loss: 0.4977 | Train Acc: 0.8295 | Val Loss: 0.6753 | Val Acc: 0.7519 | Val F1: 0.7505
🎉 New best model found! F1-Score: 0.7505. Saved to training_outputs/20250708-234010/best_model.pth
Epoch [077/300] | Duration: 37.15s | Train Loss: 0.4833 | Train Acc: 0.8217 | Val Loss: 0.7125 | Val Acc: 0.7287 | Val F1: 0.7278
Epoch [078/300] | Duration: 37.14s | Train Loss: 0.5192 | Train Acc: 0.7984 | Val Loss: 0.6556 | Val Acc: 0.7597 | Val F1: 0.7579
🎉 New best model found! F1-Score: 0.7579. Saved to training_outputs/20250708-234010/best_model.pth
Epoch [079/300] | Duration: 37.06s | Train Loss: 0.4623 | Train Acc: 0.8488 | Val Loss: 0.7261 | Val Acc: 0.7597 | Val F1: 0.7575
Epoch [080/300] | Duration: 37.19s | Train Loss: 0.4584 | Train Acc: 0.8469 | Val Loss: 0.6238 | Val Acc: 0.7364 | Val F1: 0.7376
Epoch [081/300] | Duration: 37.17s | Train Loss: 0.4852 | Train Acc: 0.8236 | Val Loss: 0.7545 | Val Acc: 0.7209 | Val F1: 0.7217
Epoch [082/300] | Duration: 37.19s | Train Loss: 0.4615 | Train Acc: 0.8275 | Val Loss: 0.6954 | Val Acc: 0.7209 | Val F1: 0.7206
Epoch [083/300] | Duration: 37.22s | Train Loss: 0.4557 | Train Acc: 0.8488 | Val Loss: 0.6734 | Val Acc: 0.7364 | Val F1: 0.7370
Epoch [084/300] | Duration: 37.15s | Train Loss: 0.4732 | Train Acc: 0.8198 | Val Loss: 0.7308 | Val Acc: 0.7132 | Val F1: 0.7144
Epoch [085/300] | Duration: 37.29s | Train Loss: 0.4610 | Train Acc: 0.8527 | Val Loss: 0.6631 | Val Acc: 0.7519 | Val F1: 0.7515
Epoch [086/300] | Duration: 37.23s | Train Loss: 0.4458 | Train Acc: 0.8430 | Val Loss: 0.6548 | Val Acc: 0.7287 | Val F1: 0.7304
Epoch [087/300] | Duration: 37.00s | Train Loss: 0.4409 | Train Acc: 0.8508 | Val Loss: 0.6924 | Val Acc: 0.7442 | Val F1: 0.7445
Epoch [088/300] | Duration: 37.26s | Train Loss: 0.4276 | Train Acc: 0.8702 | Val Loss: 0.6691 | Val Acc: 0.7519 | Val F1: 0.7507
Epoch [089/300] | Duration: 37.20s | Train Loss: 0.4176 | Train Acc: 0.8547 | Val Loss: 0.5937 | Val Acc: 0.7597 | Val F1: 0.7603
🎉 New best model found! F1-Score: 0.7603. Saved to training_outputs/20250708-234010/best_model.pth
Epoch [090/300] | Duration: 37.22s | Train Loss: 0.4654 | Train Acc: 0.8605 | Val Loss: 0.7521 | Val Acc: 0.7597 | Val F1: 0.7591
Epoch [091/300] | Duration: 37.29s | Train Loss: 0.4655 | Train Acc: 0.8333 | Val Loss: 0.7829 | Val Acc: 0.7519 | Val F1: 0.7520
Epoch [092/300] | Duration: 37.35s | Train Loss: 0.4369 | Train Acc: 0.8450 | Val Loss: 0.6631 | Val Acc: 0.7442 | Val F1: 0.7448
Epoch [093/300] | Duration: 37.38s | Train Loss: 0.4667 | Train Acc: 0.8295 | Val Loss: 0.6130 | Val Acc: 0.7519 | Val F1: 0.7502
Epoch [094/300] | Duration: 37.46s | Train Loss: 0.4167 | Train Acc: 0.8721 | Val Loss: 0.7177 | Val Acc: 0.7287 | Val F1: 0.7275
Epoch [095/300] | Duration: 37.20s | Train Loss: 0.4290 | Train Acc: 0.8566 | Val Loss: 0.6954 | Val Acc: 0.7287 | Val F1: 0.7284
Epoch [096/300] | Duration: 37.41s | Train Loss: 0.4964 | Train Acc: 0.8314 | Val Loss: 0.7533 | Val Acc: 0.7132 | Val F1: 0.7131
Epoch [097/300] | Duration: 37.17s | Train Loss: 0.3996 | Train Acc: 0.8721 | Val Loss: 0.6958 | Val Acc: 0.7209 | Val F1: 0.7191
Epoch [098/300] | Duration: 37.21s | Train Loss: 0.4077 | Train Acc: 0.8547 | Val Loss: 0.6299 | Val Acc: 0.7597 | Val F1: 0.7595
Epoch [099/300] | Duration: 37.09s | Train Loss: 0.3943 | Train Acc: 0.8721 | Val Loss: 0.7875 | Val Acc: 0.6977 | Val F1: 0.6966
Epoch [100/300] | Duration: 37.21s | Train Loss: 0.4292 | Train Acc: 0.8566 | Val Loss: 0.7278 | Val Acc: 0.7209 | Val F1: 0.7202
Epoch [101/300] | Duration: 37.28s | Train Loss: 0.4456 | Train Acc: 0.8488 | Val Loss: 0.6754 | Val Acc: 0.7674 | Val F1: 0.7685
🎉 New best model found! F1-Score: 0.7685. Saved to training_outputs/20250708-234010/best_model.pth
Epoch [102/300] | Duration: 37.17s | Train Loss: 0.3909 | Train Acc: 0.8702 | Val Loss: 0.5455 | Val Acc: 0.7752 | Val F1: 0.7753
🎉 New best model found! F1-Score: 0.7753. Saved to training_outputs/20250708-234010/best_model.pth
Epoch [103/300] | Duration: 37.17s | Train Loss: 0.3853 | Train Acc: 0.8682 | Val Loss: 0.7190 | Val Acc: 0.7519 | Val F1: 0.7518
Epoch [104/300] | Duration: 37.17s | Train Loss: 0.3908 | Train Acc: 0.8663 | Val Loss: 0.6418 | Val Acc: 0.7674 | Val F1: 0.7688
Epoch [105/300] | Duration: 37.15s | Train Loss: 0.3942 | Train Acc: 0.8663 | Val Loss: 0.7159 | Val Acc: 0.7674 | Val F1: 0.7670
Epoch [106/300] | Duration: 37.19s | Train Loss: 0.3864 | Train Acc: 0.8760 | Val Loss: 0.6400 | Val Acc: 0.7442 | Val F1: 0.7452
Epoch [107/300] | Duration: 37.38s | Train Loss: 0.4027 | Train Acc: 0.8566 | Val Loss: 0.7064 | Val Acc: 0.7287 | Val F1: 0.7270
Epoch [108/300] | Duration: 37.23s | Train Loss: 0.4015 | Train Acc: 0.8624 | Val Loss: 0.7125 | Val Acc: 0.7752 | Val F1: 0.7748
Epoch [109/300] | Duration: 37.30s | Train Loss: 0.4288 | Train Acc: 0.8798 | Val Loss: 0.7332 | Val Acc: 0.7597 | Val F1: 0.7591
Epoch [110/300] | Duration: 37.26s | Train Loss: 0.4214 | Train Acc: 0.8876 | Val Loss: 0.7510 | Val Acc: 0.7597 | Val F1: 0.7592
Epoch [111/300] | Duration: 37.23s | Train Loss: 0.4097 | Train Acc: 0.8740 | Val Loss: 0.6260 | Val Acc: 0.7829 | Val F1: 0.7829
🎉 New best model found! F1-Score: 0.7829. Saved to training_outputs/20250708-234010/best_model.pth
Epoch [112/300] | Duration: 37.31s | Train Loss: 0.3904 | Train Acc: 0.8585 | Val Loss: 0.8003 | Val Acc: 0.7132 | Val F1: 0.7130
Epoch [113/300] | Duration: 37.24s | Train Loss: 0.3599 | Train Acc: 0.8915 | Val Loss: 0.6174 | Val Acc: 0.7519 | Val F1: 0.7528
Epoch [114/300] | Duration: 37.11s | Train Loss: 0.3805 | Train Acc: 0.8760 | Val Loss: 0.6742 | Val Acc: 0.7829 | Val F1: 0.7814
Epoch [115/300] | Duration: 37.05s | Train Loss: 0.3929 | Train Acc: 0.8643 | Val Loss: 0.6599 | Val Acc: 0.7597 | Val F1: 0.7600
Epoch [116/300] | Duration: 37.13s | Train Loss: 0.3375 | Train Acc: 0.8818 | Val Loss: 0.6166 | Val Acc: 0.7597 | Val F1: 0.7608
Epoch [117/300] | Duration: 37.28s | Train Loss: 0.3714 | Train Acc: 0.8682 | Val Loss: 0.7249 | Val Acc: 0.7674 | Val F1: 0.7669
Epoch [118/300] | Duration: 37.27s | Train Loss: 0.3928 | Train Acc: 0.8547 | Val Loss: 0.6822 | Val Acc: 0.7674 | Val F1: 0.7696
Epoch [119/300] | Duration: 37.40s | Train Loss: 0.3486 | Train Acc: 0.8934 | Val Loss: 0.7098 | Val Acc: 0.7907 | Val F1: 0.7905
🎉 New best model found! F1-Score: 0.7905. Saved to training_outputs/20250708-234010/best_model.pth
Epoch [120/300] | Duration: 37.30s | Train Loss: 0.3502 | Train Acc: 0.8702 | Val Loss: 0.7754 | Val Acc: 0.7829 | Val F1: 0.7834
Epoch [121/300] | Duration: 37.22s | Train Loss: 0.3812 | Train Acc: 0.8721 | Val Loss: 0.7236 | Val Acc: 0.7597 | Val F1: 0.7603
Epoch [122/300] | Duration: 37.14s | Train Loss: 0.3828 | Train Acc: 0.8702 | Val Loss: 0.6134 | Val Acc: 0.7829 | Val F1: 0.7828
Epoch [123/300] | Duration: 37.24s | Train Loss: 0.3352 | Train Acc: 0.8934 | Val Loss: 0.6309 | Val Acc: 0.7674 | Val F1: 0.7670
Epoch [124/300] | Duration: 37.20s | Train Loss: 0.3615 | Train Acc: 0.8721 | Val Loss: 0.6685 | Val Acc: 0.7364 | Val F1: 0.7355
Epoch [125/300] | Duration: 37.06s | Train Loss: 0.3350 | Train Acc: 0.8857 | Val Loss: 0.6632 | Val Acc: 0.7597 | Val F1: 0.7596
Epoch [126/300] | Duration: 37.29s | Train Loss: 0.3926 | Train Acc: 0.8624 | Val Loss: 0.8089 | Val Acc: 0.7597 | Val F1: 0.7588
Epoch [127/300] | Duration: 37.12s | Train Loss: 0.3577 | Train Acc: 0.8760 | Val Loss: 0.7591 | Val Acc: 0.7519 | Val F1: 0.7522
Epoch [128/300] | Duration: 37.22s | Train Loss: 0.3629 | Train Acc: 0.8702 | Val Loss: 0.7210 | Val Acc: 0.7829 | Val F1: 0.7827
Epoch [129/300] | Duration: 37.18s | Train Loss: 0.3310 | Train Acc: 0.9050 | Val Loss: 0.6488 | Val Acc: 0.7442 | Val F1: 0.7447
Epoch [130/300] | Duration: 37.26s | Train Loss: 0.3183 | Train Acc: 0.9031 | Val Loss: 0.7231 | Val Acc: 0.7519 | Val F1: 0.7533
Epoch [131/300] | Duration: 37.21s | Train Loss: 0.3529 | Train Acc: 0.8508 | Val Loss: 0.6855 | Val Acc: 0.7442 | Val F1: 0.7444
Epoch [132/300] | Duration: 37.26s | Train Loss: 0.3652 | Train Acc: 0.8895 | Val Loss: 0.5980 | Val Acc: 0.7674 | Val F1: 0.7676
Epoch [133/300] | Duration: 37.30s | Train Loss: 0.3411 | Train Acc: 0.8798 | Val Loss: 0.5796 | Val Acc: 0.7984 | Val F1: 0.7979
🎉 New best model found! F1-Score: 0.7979. Saved to training_outputs/20250708-234010/best_model.pth
Epoch [134/300] | Duration: 37.35s | Train Loss: 0.3498 | Train Acc: 0.8857 | Val Loss: 0.6577 | Val Acc: 0.7674 | Val F1: 0.7668
Epoch [135/300] | Duration: 37.26s | Train Loss: 0.3309 | Train Acc: 0.8915 | Val Loss: 0.5876 | Val Acc: 0.7597 | Val F1: 0.7603
Epoch [136/300] | Duration: 37.23s | Train Loss: 0.3387 | Train Acc: 0.8798 | Val Loss: 0.5715 | Val Acc: 0.7442 | Val F1: 0.7448
Epoch [137/300] | Duration: 37.18s | Train Loss: 0.3320 | Train Acc: 0.8760 | Val Loss: 0.6937 | Val Acc: 0.7597 | Val F1: 0.7586
Epoch [138/300] | Duration: 37.14s | Train Loss: 0.3364 | Train Acc: 0.8876 | Val Loss: 0.7422 | Val Acc: 0.7674 | Val F1: 0.7674
Epoch [139/300] | Duration: 37.19s | Train Loss: 0.3154 | Train Acc: 0.9012 | Val Loss: 0.6326 | Val Acc: 0.7752 | Val F1: 0.7757
Epoch [140/300] | Duration: 37.37s | Train Loss: 0.3424 | Train Acc: 0.8818 | Val Loss: 0.6226 | Val Acc: 0.7597 | Val F1: 0.7594
Epoch [141/300] | Duration: 37.34s | Train Loss: 0.3060 | Train Acc: 0.8973 | Val Loss: 0.5891 | Val Acc: 0.7674 | Val F1: 0.7674
Epoch [142/300] | Duration: 37.33s | Train Loss: 0.3160 | Train Acc: 0.8973 | Val Loss: 0.6042 | Val Acc: 0.7984 | Val F1: 0.7984
🎉 New best model found! F1-Score: 0.7984. Saved to training_outputs/20250708-234010/best_model.pth
Epoch [143/300] | Duration: 37.45s | Train Loss: 0.3015 | Train Acc: 0.8915 | Val Loss: 0.5996 | Val Acc: 0.7752 | Val F1: 0.7748
Epoch [144/300] | Duration: 37.35s | Train Loss: 0.3167 | Train Acc: 0.8973 | Val Loss: 0.6244 | Val Acc: 0.7829 | Val F1: 0.7840
Epoch [145/300] | Duration: 37.46s | Train Loss: 0.3077 | Train Acc: 0.9050 | Val Loss: 0.6655 | Val Acc: 0.7752 | Val F1: 0.7748
Epoch [146/300] | Duration: 37.13s | Train Loss: 0.3147 | Train Acc: 0.9089 | Val Loss: 0.6326 | Val Acc: 0.7674 | Val F1: 0.7670
Epoch [147/300] | Duration: 37.27s | Train Loss: 0.3511 | Train Acc: 0.8857 | Val Loss: 0.7456 | Val Acc: 0.7442 | Val F1: 0.7455
Epoch [148/300] | Duration: 37.34s | Train Loss: 0.3672 | Train Acc: 0.8585 | Val Loss: 0.6909 | Val Acc: 0.7519 | Val F1: 0.7521
Epoch [149/300] | Duration: 37.29s | Train Loss: 0.3115 | Train Acc: 0.9070 | Val Loss: 0.6636 | Val Acc: 0.7752 | Val F1: 0.7756
Epoch [150/300] | Duration: 37.32s | Train Loss: 0.3499 | Train Acc: 0.8663 | Val Loss: 0.5511 | Val Acc: 0.7597 | Val F1: 0.7599
Epoch [151/300] | Duration: 37.31s | Train Loss: 0.2952 | Train Acc: 0.9205 | Val Loss: 0.7472 | Val Acc: 0.7829 | Val F1: 0.7825
Epoch [152/300] | Duration: 37.56s | Train Loss: 0.2992 | Train Acc: 0.9089 | Val Loss: 0.5789 | Val Acc: 0.7829 | Val F1: 0.7830
Epoch [153/300] | Duration: 37.24s | Train Loss: 0.3242 | Train Acc: 0.8953 | Val Loss: 0.6569 | Val Acc: 0.7829 | Val F1: 0.7835
Epoch [154/300] | Duration: 37.27s | Train Loss: 0.2892 | Train Acc: 0.9089 | Val Loss: 0.6209 | Val Acc: 0.7907 | Val F1: 0.7908
Epoch [155/300] | Duration: 37.30s | Train Loss: 0.2869 | Train Acc: 0.9109 | Val Loss: 0.6957 | Val Acc: 0.7752 | Val F1: 0.7767
Epoch [156/300] | Duration: 37.24s | Train Loss: 0.3088 | Train Acc: 0.8934 | Val Loss: 0.6095 | Val Acc: 0.7519 | Val F1: 0.7534
Epoch [157/300] | Duration: 37.23s | Train Loss: 0.2836 | Train Acc: 0.9147 | Val Loss: 0.5551 | Val Acc: 0.7907 | Val F1: 0.7902
Epoch [158/300] | Duration: 37.44s | Train Loss: 0.2969 | Train Acc: 0.9167 | Val Loss: 0.6884 | Val Acc: 0.7984 | Val F1: 0.7976
Epoch [159/300] | Duration: 37.16s | Train Loss: 0.3314 | Train Acc: 0.8857 | Val Loss: 0.6798 | Val Acc: 0.7984 | Val F1: 0.7997
🎉 New best model found! F1-Score: 0.7997. Saved to training_outputs/20250708-234010/best_model.pth
Epoch [160/300] | Duration: 37.30s | Train Loss: 0.2880 | Train Acc: 0.9147 | Val Loss: 0.7344 | Val Acc: 0.7907 | Val F1: 0.7919
Epoch [161/300] | Duration: 37.25s | Train Loss: 0.3209 | Train Acc: 0.8953 | Val Loss: 0.6947 | Val Acc: 0.7907 | Val F1: 0.7922
Epoch [162/300] | Duration: 37.14s | Train Loss: 0.3158 | Train Acc: 0.8992 | Val Loss: 0.6614 | Val Acc: 0.7907 | Val F1: 0.7912
Epoch [163/300] | Duration: 37.34s | Train Loss: 0.3167 | Train Acc: 0.8915 | Val Loss: 0.6232 | Val Acc: 0.7597 | Val F1: 0.7595
Epoch [164/300] | Duration: 37.30s | Train Loss: 0.3088 | Train Acc: 0.8992 | Val Loss: 0.7443 | Val Acc: 0.7752 | Val F1: 0.7746
Epoch [165/300] | Duration: 37.29s | Train Loss: 0.2737 | Train Acc: 0.9070 | Val Loss: 0.6897 | Val Acc: 0.7674 | Val F1: 0.7673
Epoch [166/300] | Duration: 37.09s | Train Loss: 0.2731 | Train Acc: 0.9050 | Val Loss: 0.6664 | Val Acc: 0.7674 | Val F1: 0.7679
Epoch [167/300] | Duration: 37.28s | Train Loss: 0.2908 | Train Acc: 0.9050 | Val Loss: 0.6810 | Val Acc: 0.7829 | Val F1: 0.7836
Epoch [168/300] | Duration: 37.37s | Train Loss: 0.2330 | Train Acc: 0.9244 | Val Loss: 0.6734 | Val Acc: 0.7907 | Val F1: 0.7909
Epoch [169/300] | Duration: 37.21s | Train Loss: 0.3303 | Train Acc: 0.8953 | Val Loss: 0.5479 | Val Acc: 0.8217 | Val F1: 0.8238
🎉 New best model found! F1-Score: 0.8238. Saved to training_outputs/20250708-234010/best_model.pth
Epoch [170/300] | Duration: 37.33s | Train Loss: 0.2797 | Train Acc: 0.9147 | Val Loss: 0.5872 | Val Acc: 0.8217 | Val F1: 0.8223
Epoch [171/300] | Duration: 36.94s | Train Loss: 0.2726 | Train Acc: 0.9128 | Val Loss: 0.6232 | Val Acc: 0.7674 | Val F1: 0.7673
Epoch [172/300] | Duration: 36.97s | Train Loss: 0.2763 | Train Acc: 0.9089 | Val Loss: 0.5459 | Val Acc: 0.7907 | Val F1: 0.7904
Epoch [173/300] | Duration: 37.21s | Train Loss: 0.2839 | Train Acc: 0.9031 | Val Loss: 0.6486 | Val Acc: 0.8062 | Val F1: 0.8063
Epoch [174/300] | Duration: 37.23s | Train Loss: 0.2725 | Train Acc: 0.9031 | Val Loss: 0.6958 | Val Acc: 0.7907 | Val F1: 0.7915
Epoch [175/300] | Duration: 37.23s | Train Loss: 0.3105 | Train Acc: 0.9167 | Val Loss: 0.6679 | Val Acc: 0.7984 | Val F1: 0.7993
Epoch [176/300] | Duration: 37.33s | Train Loss: 0.2844 | Train Acc: 0.8992 | Val Loss: 0.6203 | Val Acc: 0.8062 | Val F1: 0.8068
Epoch [177/300] | Duration: 37.32s | Train Loss: 0.2459 | Train Acc: 0.9225 | Val Loss: 0.6625 | Val Acc: 0.8062 | Val F1: 0.8066
Epoch [178/300] | Duration: 37.28s | Train Loss: 0.3094 | Train Acc: 0.9089 | Val Loss: 0.7467 | Val Acc: 0.7442 | Val F1: 0.7430
Epoch [179/300] | Duration: 37.46s | Train Loss: 0.2790 | Train Acc: 0.9128 | Val Loss: 0.7443 | Val Acc: 0.7907 | Val F1: 0.7902
Epoch [180/300] | Duration: 37.15s | Train Loss: 0.2611 | Train Acc: 0.9283 | Val Loss: 0.6504 | Val Acc: 0.8062 | Val F1: 0.8080
Epoch [181/300] | Duration: 37.39s | Train Loss: 0.2767 | Train Acc: 0.9070 | Val Loss: 0.6994 | Val Acc: 0.8062 | Val F1: 0.8071
Epoch [182/300] | Duration: 37.33s | Train Loss: 0.2451 | Train Acc: 0.9147 | Val Loss: 0.7191 | Val Acc: 0.7907 | Val F1: 0.7904
Epoch [183/300] | Duration: 37.39s | Train Loss: 0.2899 | Train Acc: 0.9012 | Val Loss: 0.6994 | Val Acc: 0.7829 | Val F1: 0.7837
Epoch [184/300] | Duration: 37.28s | Train Loss: 0.2438 | Train Acc: 0.9244 | Val Loss: 0.7111 | Val Acc: 0.8062 | Val F1: 0.8064
Epoch [185/300] | Duration: 37.37s | Train Loss: 0.2268 | Train Acc: 0.9360 | Val Loss: 0.7617 | Val Acc: 0.7984 | Val F1: 0.7986
Epoch [186/300] | Duration: 37.37s | Train Loss: 0.2675 | Train Acc: 0.9302 | Val Loss: 0.6127 | Val Acc: 0.7907 | Val F1: 0.7906
Epoch [187/300] | Duration: 37.18s | Train Loss: 0.2491 | Train Acc: 0.9147 | Val Loss: 0.7645 | Val Acc: 0.7907 | Val F1: 0.7907
Epoch [188/300] | Duration: 37.35s | Train Loss: 0.2944 | Train Acc: 0.9050 | Val Loss: 0.6952 | Val Acc: 0.8062 | Val F1: 0.8064
Epoch [189/300] | Duration: 37.18s | Train Loss: 0.2560 | Train Acc: 0.9167 | Val Loss: 0.6672 | Val Acc: 0.7984 | Val F1: 0.7979
Epoch [190/300] | Duration: 37.29s | Train Loss: 0.2683 | Train Acc: 0.9070 | Val Loss: 0.8601 | Val Acc: 0.7907 | Val F1: 0.7904
Epoch [191/300] | Duration: 37.35s | Train Loss: 0.2896 | Train Acc: 0.9031 | Val Loss: 0.7354 | Val Acc: 0.8062 | Val F1: 0.8060
Epoch [192/300] | Duration: 37.44s | Train Loss: 0.2619 | Train Acc: 0.9147 | Val Loss: 0.7286 | Val Acc: 0.8062 | Val F1: 0.8071
Epoch [193/300] | Duration: 37.29s | Train Loss: 0.2508 | Train Acc: 0.9264 | Val Loss: 0.6891 | Val Acc: 0.8217 | Val F1: 0.8223
Epoch [194/300] | Duration: 37.27s | Train Loss: 0.2468 | Train Acc: 0.9283 | Val Loss: 0.7332 | Val Acc: 0.7752 | Val F1: 0.7761
Epoch [195/300] | Duration: 37.35s | Train Loss: 0.2523 | Train Acc: 0.9128 | Val Loss: 0.6915 | Val Acc: 0.8062 | Val F1: 0.8068
Epoch [196/300] | Duration: 37.26s | Train Loss: 0.2411 | Train Acc: 0.9283 | Val Loss: 0.6523 | Val Acc: 0.7984 | Val F1: 0.7983
Epoch [197/300] | Duration: 37.32s | Train Loss: 0.2197 | Train Acc: 0.9496 | Val Loss: 0.6497 | Val Acc: 0.7984 | Val F1: 0.7997
Epoch [198/300] | Duration: 37.13s | Train Loss: 0.2503 | Train Acc: 0.9128 | Val Loss: 0.6896 | Val Acc: 0.7984 | Val F1: 0.7986
Epoch [199/300] | Duration: 37.28s | Train Loss: 0.2488 | Train Acc: 0.9244 | Val Loss: 0.6212 | Val Acc: 0.8295 | Val F1: 0.8306
🎉 New best model found! F1-Score: 0.8306. Saved to training_outputs/20250708-234010/best_model.pth
Epoch [200/300] | Duration: 37.36s | Train Loss: 0.2578 | Train Acc: 0.9128 | Val Loss: 0.7447 | Val Acc: 0.7829 | Val F1: 0.7811
Epoch [201/300] | Duration: 37.28s | Train Loss: 0.2544 | Train Acc: 0.9089 | Val Loss: 0.5471 | Val Acc: 0.7907 | Val F1: 0.7919
Epoch [202/300] | Duration: 37.26s | Train Loss: 0.2554 | Train Acc: 0.9360 | Val Loss: 0.7005 | Val Acc: 0.8062 | Val F1: 0.8069
Epoch [203/300] | Duration: 37.95s | Train Loss: 0.2677 | Train Acc: 0.9128 | Val Loss: 0.8228 | Val Acc: 0.7984 | Val F1: 0.7982
Epoch [204/300] | Duration: 37.54s | Train Loss: 0.2663 | Train Acc: 0.9050 | Val Loss: 0.7190 | Val Acc: 0.8140 | Val F1: 0.8133
Epoch [205/300] | Duration: 37.28s | Train Loss: 0.2230 | Train Acc: 0.9302 | Val Loss: 0.6863 | Val Acc: 0.8295 | Val F1: 0.8313
🎉 New best model found! F1-Score: 0.8313. Saved to training_outputs/20250708-234010/best_model.pth
Epoch [206/300] | Duration: 37.25s | Train Loss: 0.2922 | Train Acc: 0.9012 | Val Loss: 0.7319 | Val Acc: 0.8062 | Val F1: 0.8071
Epoch [207/300] | Duration: 37.55s | Train Loss: 0.2407 | Train Acc: 0.9244 | Val Loss: 0.6382 | Val Acc: 0.7984 | Val F1: 0.7983
Epoch [208/300] | Duration: 37.71s | Train Loss: 0.2430 | Train Acc: 0.9264 | Val Loss: 0.5760 | Val Acc: 0.7984 | Val F1: 0.7990
Epoch [209/300] | Duration: 38.01s | Train Loss: 0.2860 | Train Acc: 0.8973 | Val Loss: 0.6962 | Val Acc: 0.7907 | Val F1: 0.7905
Epoch [210/300] | Duration: 37.65s | Train Loss: 0.2724 | Train Acc: 0.8915 | Val Loss: 0.8255 | Val Acc: 0.8217 | Val F1: 0.8215
Epoch [211/300] | Duration: 37.66s | Train Loss: 0.2385 | Train Acc: 0.9264 | Val Loss: 0.6721 | Val Acc: 0.7907 | Val F1: 0.7914
Epoch [212/300] | Duration: 37.88s | Train Loss: 0.2146 | Train Acc: 0.9399 | Val Loss: 0.6339 | Val Acc: 0.8217 | Val F1: 0.8221
Epoch [213/300] | Duration: 37.83s | Train Loss: 0.2125 | Train Acc: 0.9302 | Val Loss: 0.6645 | Val Acc: 0.8062 | Val F1: 0.8071
Epoch [214/300] | Duration: 37.67s | Train Loss: 0.2262 | Train Acc: 0.9341 | Val Loss: 0.6839 | Val Acc: 0.7907 | Val F1: 0.7922
Epoch [215/300] | Duration: 37.62s | Train Loss: 0.2524 | Train Acc: 0.9186 | Val Loss: 0.6313 | Val Acc: 0.8217 | Val F1: 0.8220
Epoch [216/300] | Duration: 37.74s | Train Loss: 0.2351 | Train Acc: 0.9283 | Val Loss: 0.6248 | Val Acc: 0.8295 | Val F1: 0.8298
Epoch [217/300] | Duration: 37.61s | Train Loss: 0.1953 | Train Acc: 0.9419 | Val Loss: 0.6453 | Val Acc: 0.8217 | Val F1: 0.8215
Epoch [218/300] | Duration: 37.67s | Train Loss: 0.2663 | Train Acc: 0.9205 | Val Loss: 0.7803 | Val Acc: 0.7674 | Val F1: 0.7676
Epoch [219/300] | Duration: 37.60s | Train Loss: 0.2427 | Train Acc: 0.9264 | Val Loss: 0.7723 | Val Acc: 0.8062 | Val F1: 0.8065
Epoch [220/300] | Duration: 37.56s | Train Loss: 0.2167 | Train Acc: 0.9283 | Val Loss: 0.7193 | Val Acc: 0.7829 | Val F1: 0.7838
Epoch [221/300] | Duration: 37.76s | Train Loss: 0.2220 | Train Acc: 0.9360 | Val Loss: 0.6955 | Val Acc: 0.7907 | Val F1: 0.7902
Epoch [222/300] | Duration: 37.75s | Train Loss: 0.2516 | Train Acc: 0.9205 | Val Loss: 0.6998 | Val Acc: 0.7984 | Val F1: 0.8005
Epoch [223/300] | Duration: 37.60s | Train Loss: 0.2518 | Train Acc: 0.9167 | Val Loss: 0.7180 | Val Acc: 0.8372 | Val F1: 0.8376
🎉 New best model found! F1-Score: 0.8376. Saved to training_outputs/20250708-234010/best_model.pth
Epoch [224/300] | Duration: 37.67s | Train Loss: 0.2209 | Train Acc: 0.9283 | Val Loss: 0.7206 | Val Acc: 0.8062 | Val F1: 0.8062
Epoch [225/300] | Duration: 37.55s | Train Loss: 0.2396 | Train Acc: 0.9167 | Val Loss: 0.7089 | Val Acc: 0.7829 | Val F1: 0.7835
Epoch [226/300] | Duration: 37.69s | Train Loss: 0.2101 | Train Acc: 0.9360 | Val Loss: 0.6870 | Val Acc: 0.7984 | Val F1: 0.7985
Epoch [227/300] | Duration: 37.48s | Train Loss: 0.2548 | Train Acc: 0.9264 | Val Loss: 0.7477 | Val Acc: 0.8062 | Val F1: 0.8063
Epoch [228/300] | Duration: 37.76s | Train Loss: 0.2303 | Train Acc: 0.9244 | Val Loss: 0.7296 | Val Acc: 0.8062 | Val F1: 0.8067
Epoch [229/300] | Duration: 37.66s | Train Loss: 0.2029 | Train Acc: 0.9380 | Val Loss: 0.7179 | Val Acc: 0.8217 | Val F1: 0.8229
Epoch [230/300] | Duration: 37.81s | Train Loss: 0.2372 | Train Acc: 0.9244 | Val Loss: 0.7655 | Val Acc: 0.7597 | Val F1: 0.7610
Epoch [231/300] | Duration: 37.71s | Train Loss: 0.2362 | Train Acc: 0.9341 | Val Loss: 0.7274 | Val Acc: 0.7984 | Val F1: 0.7987
Epoch [232/300] | Duration: 37.82s | Train Loss: 0.2083 | Train Acc: 0.9322 | Val Loss: 0.7683 | Val Acc: 0.8062 | Val F1: 0.8066
Epoch [233/300] | Duration: 37.89s | Train Loss: 0.2024 | Train Acc: 0.9380 | Val Loss: 0.7230 | Val Acc: 0.7752 | Val F1: 0.7754
Epoch [234/300] | Duration: 37.58s | Train Loss: 0.2627 | Train Acc: 0.9283 | Val Loss: 0.6948 | Val Acc: 0.7442 | Val F1: 0.7433
Epoch [235/300] | Duration: 37.61s | Train Loss: 0.2478 | Train Acc: 0.9264 | Val Loss: 0.7599 | Val Acc: 0.7597 | Val F1: 0.7591
Epoch [236/300] | Duration: 37.60s | Train Loss: 0.2489 | Train Acc: 0.9167 | Val Loss: 0.6373 | Val Acc: 0.8140 | Val F1: 0.8141
Epoch [237/300] | Duration: 37.72s | Train Loss: 0.2727 | Train Acc: 0.9205 | Val Loss: 0.7577 | Val Acc: 0.8140 | Val F1: 0.8130
Epoch [238/300] | Duration: 37.76s | Train Loss: 0.2237 | Train Acc: 0.9399 | Val Loss: 0.6859 | Val Acc: 0.8140 | Val F1: 0.8140
Epoch [239/300] | Duration: 37.67s | Train Loss: 0.2264 | Train Acc: 0.9322 | Val Loss: 0.8245 | Val Acc: 0.7829 | Val F1: 0.7839
Epoch [240/300] | Duration: 37.58s | Train Loss: 0.1936 | Train Acc: 0.9554 | Val Loss: 0.6930 | Val Acc: 0.8062 | Val F1: 0.8064
Epoch [241/300] | Duration: 37.79s | Train Loss: 0.1861 | Train Acc: 0.9399 | Val Loss: 0.6901 | Val Acc: 0.8140 | Val F1: 0.8135
Epoch [242/300] | Duration: 37.70s | Train Loss: 0.2346 | Train Acc: 0.9244 | Val Loss: 0.7729 | Val Acc: 0.7829 | Val F1: 0.7832
Epoch [243/300] | Duration: 37.69s | Train Loss: 0.1971 | Train Acc: 0.9477 | Val Loss: 0.6500 | Val Acc: 0.8062 | Val F1: 0.8073
Epoch [244/300] | Duration: 37.77s | Train Loss: 0.2397 | Train Acc: 0.9205 | Val Loss: 0.6915 | Val Acc: 0.7752 | Val F1: 0.7764
Epoch [245/300] | Duration: 37.73s | Train Loss: 0.2423 | Train Acc: 0.9283 | Val Loss: 0.6339 | Val Acc: 0.7984 | Val F1: 0.7986
Epoch [246/300] | Duration: 37.68s | Train Loss: 0.2694 | Train Acc: 0.9031 | Val Loss: 0.7293 | Val Acc: 0.8140 | Val F1: 0.8138
Epoch [247/300] | Duration: 37.65s | Train Loss: 0.2254 | Train Acc: 0.9341 | Val Loss: 0.6915 | Val Acc: 0.7984 | Val F1: 0.7998
Epoch [248/300] | Duration: 38.08s | Train Loss: 0.2514 | Train Acc: 0.9283 | Val Loss: 0.7702 | Val Acc: 0.7907 | Val F1: 0.7910
Epoch [249/300] | Duration: 37.78s | Train Loss: 0.2126 | Train Acc: 0.9380 | Val Loss: 0.6182 | Val Acc: 0.7907 | Val F1: 0.7924
Epoch [250/300] | Duration: 37.74s | Train Loss: 0.1901 | Train Acc: 0.9457 | Val Loss: 0.7547 | Val Acc: 0.7907 | Val F1: 0.7901
Epoch [251/300] | Duration: 37.61s | Train Loss: 0.2096 | Train Acc: 0.9360 | Val Loss: 0.8087 | Val Acc: 0.7907 | Val F1: 0.7924
Epoch [252/300] | Duration: 37.86s | Train Loss: 0.2485 | Train Acc: 0.9167 | Val Loss: 0.6556 | Val Acc: 0.8140 | Val F1: 0.8148
Epoch [253/300] | Duration: 37.63s | Train Loss: 0.2018 | Train Acc: 0.9399 | Val Loss: 0.6999 | Val Acc: 0.8140 | Val F1: 0.8140
Epoch [254/300] | Duration: 37.72s | Train Loss: 0.1711 | Train Acc: 0.9477 | Val Loss: 0.8160 | Val Acc: 0.7907 | Val F1: 0.7912
Epoch [255/300] | Duration: 37.57s | Train Loss: 0.1920 | Train Acc: 0.9399 | Val Loss: 0.7403 | Val Acc: 0.7907 | Val F1: 0.7921
Epoch [256/300] | Duration: 37.59s | Train Loss: 0.2055 | Train Acc: 0.9322 | Val Loss: 0.7675 | Val Acc: 0.8062 | Val F1: 0.8062
Epoch [257/300] | Duration: 37.70s | Train Loss: 0.1943 | Train Acc: 0.9360 | Val Loss: 0.7275 | Val Acc: 0.8062 | Val F1: 0.8073
Epoch [258/300] | Duration: 37.66s | Train Loss: 0.2076 | Train Acc: 0.9264 | Val Loss: 0.7442 | Val Acc: 0.7907 | Val F1: 0.7909
Epoch [259/300] | Duration: 37.80s | Train Loss: 0.1961 | Train Acc: 0.9360 | Val Loss: 0.7783 | Val Acc: 0.8217 | Val F1: 0.8218
Epoch [260/300] | Duration: 37.75s | Train Loss: 0.2382 | Train Acc: 0.9205 | Val Loss: 0.6977 | Val Acc: 0.8062 | Val F1: 0.8064
Epoch [261/300] | Duration: 37.88s | Train Loss: 0.2077 | Train Acc: 0.9360 | Val Loss: 0.7155 | Val Acc: 0.8140 | Val F1: 0.8141
Epoch [262/300] | Duration: 37.74s | Train Loss: 0.2013 | Train Acc: 0.9302 | Val Loss: 0.7102 | Val Acc: 0.7907 | Val F1: 0.7899
Epoch [263/300] | Duration: 37.85s | Train Loss: 0.2157 | Train Acc: 0.9244 | Val Loss: 0.6983 | Val Acc: 0.8140 | Val F1: 0.8137
Epoch [264/300] | Duration: 37.83s | Train Loss: 0.2171 | Train Acc: 0.9322 | Val Loss: 0.7398 | Val Acc: 0.7829 | Val F1: 0.7828
Epoch [265/300] | Duration: 37.89s | Train Loss: 0.1614 | Train Acc: 0.9496 | Val Loss: 0.6655 | Val Acc: 0.7829 | Val F1: 0.7841
Epoch [266/300] | Duration: 37.59s | Train Loss: 0.2222 | Train Acc: 0.9283 | Val Loss: 0.7329 | Val Acc: 0.7984 | Val F1: 0.7993
Epoch [267/300] | Duration: 37.76s | Train Loss: 0.2062 | Train Acc: 0.9399 | Val Loss: 0.6985 | Val Acc: 0.7907 | Val F1: 0.7907
Epoch [268/300] | Duration: 37.73s | Train Loss: 0.1888 | Train Acc: 0.9399 | Val Loss: 0.6914 | Val Acc: 0.7984 | Val F1: 0.7992
Epoch [269/300] | Duration: 37.72s | Train Loss: 0.2109 | Train Acc: 0.9380 | Val Loss: 0.6492 | Val Acc: 0.8062 | Val F1: 0.8064
Epoch [270/300] | Duration: 37.76s | Train Loss: 0.1998 | Train Acc: 0.9205 | Val Loss: 0.8118 | Val Acc: 0.8062 | Val F1: 0.8062
Epoch [271/300] | Duration: 37.75s | Train Loss: 0.2159 | Train Acc: 0.9225 | Val Loss: 0.6982 | Val Acc: 0.7907 | Val F1: 0.7913
Epoch [272/300] | Duration: 37.56s | Train Loss: 0.1922 | Train Acc: 0.9322 | Val Loss: 0.7106 | Val Acc: 0.8062 | Val F1: 0.8063
Epoch [273/300] | Duration: 37.68s | Train Loss: 0.1816 | Train Acc: 0.9419 | Val Loss: 0.7567 | Val Acc: 0.8140 | Val F1: 0.8143
Epoch [274/300] | Duration: 37.74s | Train Loss: 0.1925 | Train Acc: 0.9380 | Val Loss: 0.7030 | Val Acc: 0.8217 | Val F1: 0.8218
Epoch [275/300] | Duration: 37.76s | Train Loss: 0.1820 | Train Acc: 0.9496 | Val Loss: 0.6520 | Val Acc: 0.8217 | Val F1: 0.8220
Epoch [276/300] | Duration: 37.75s | Train Loss: 0.1897 | Train Acc: 0.9496 | Val Loss: 0.7186 | Val Acc: 0.7984 | Val F1: 0.7987
Epoch [277/300] | Duration: 37.76s | Train Loss: 0.1720 | Train Acc: 0.9419 | Val Loss: 0.7400 | Val Acc: 0.8062 | Val F1: 0.8066
Epoch [278/300] | Duration: 37.71s | Train Loss: 0.1588 | Train Acc: 0.9535 | Val Loss: 0.6864 | Val Acc: 0.7829 | Val F1: 0.7835
Epoch [279/300] | Duration: 37.90s | Train Loss: 0.1848 | Train Acc: 0.9438 | Val Loss: 0.6713 | Val Acc: 0.7984 | Val F1: 0.7987
Epoch [280/300] | Duration: 37.78s | Train Loss: 0.1841 | Train Acc: 0.9438 | Val Loss: 0.9724 | Val Acc: 0.7829 | Val F1: 0.7830
Epoch [281/300] | Duration: 37.59s | Train Loss: 0.1915 | Train Acc: 0.9380 | Val Loss: 0.8627 | Val Acc: 0.7907 | Val F1: 0.7904
Epoch [282/300] | Duration: 37.84s | Train Loss: 0.2287 | Train Acc: 0.9244 | Val Loss: 0.6441 | Val Acc: 0.8062 | Val F1: 0.8064
Epoch [283/300] | Duration: 37.79s | Train Loss: 0.2517 | Train Acc: 0.9147 | Val Loss: 0.7471 | Val Acc: 0.8140 | Val F1: 0.8135
Epoch [284/300] | Duration: 37.68s | Train Loss: 0.1705 | Train Acc: 0.9574 | Val Loss: 0.6422 | Val Acc: 0.7907 | Val F1: 0.7911
Epoch [285/300] | Duration: 37.67s | Train Loss: 0.1913 | Train Acc: 0.9399 | Val Loss: 0.7171 | Val Acc: 0.8140 | Val F1: 0.8143
Epoch [286/300] | Duration: 37.74s | Train Loss: 0.1665 | Train Acc: 0.9574 | Val Loss: 0.6573 | Val Acc: 0.8217 | Val F1: 0.8218
Epoch [287/300] | Duration: 37.64s | Train Loss: 0.1464 | Train Acc: 0.9612 | Val Loss: 0.6237 | Val Acc: 0.8062 | Val F1: 0.8069
Epoch [288/300] | Duration: 37.71s | Train Loss: 0.1636 | Train Acc: 0.9535 | Val Loss: 0.6633 | Val Acc: 0.7984 | Val F1: 0.7990
Epoch [289/300] | Duration: 37.89s | Train Loss: 0.1504 | Train Acc: 0.9516 | Val Loss: 0.6323 | Val Acc: 0.7984 | Val F1: 0.7984
Epoch [290/300] | Duration: 37.64s | Train Loss: 0.1609 | Train Acc: 0.9496 | Val Loss: 0.6198 | Val Acc: 0.8217 | Val F1: 0.8223
Epoch [291/300] | Duration: 37.67s | Train Loss: 0.1565 | Train Acc: 0.9496 | Val Loss: 0.7207 | Val Acc: 0.7984 | Val F1: 0.7976
Epoch [292/300] | Duration: 37.60s | Train Loss: 0.1852 | Train Acc: 0.9380 | Val Loss: 0.7622 | Val Acc: 0.7829 | Val F1: 0.7822
Epoch [293/300] | Duration: 37.54s | Train Loss: 0.1611 | Train Acc: 0.9574 | Val Loss: 0.7773 | Val Acc: 0.7907 | Val F1: 0.7912
Epoch [294/300] | Duration: 37.95s | Train Loss: 0.1658 | Train Acc: 0.9574 | Val Loss: 0.6423 | Val Acc: 0.7907 | Val F1: 0.7916
Epoch [295/300] | Duration: 37.72s | Train Loss: 0.1724 | Train Acc: 0.9438 | Val Loss: 0.5984 | Val Acc: 0.7984 | Val F1: 0.7985
Epoch [296/300] | Duration: 37.69s | Train Loss: 0.1634 | Train Acc: 0.9496 | Val Loss: 0.7109 | Val Acc: 0.8140 | Val F1: 0.8139
Epoch [297/300] | Duration: 37.71s | Train Loss: 0.1666 | Train Acc: 0.9438 | Val Loss: 0.6559 | Val Acc: 0.8062 | Val F1: 0.8073
Epoch [298/300] | Duration: 37.76s | Train Loss: 0.1660 | Train Acc: 0.9496 | Val Loss: 0.6305 | Val Acc: 0.7984 | Val F1: 0.7988
Epoch [299/300] | Duration: 37.76s | Train Loss: 0.1598 | Train Acc: 0.9574 | Val Loss: 0.6993 | Val Acc: 0.7984 | Val F1: 0.7995
Epoch [300/300] | Duration: 37.58s | Train Loss: 0.2071 | Train Acc: 0.9302 | Val Loss: 0.6082 | Val Acc: 0.8217 | Val F1: 0.8213

✅ Training finished.

💾 Saving final artifacts...
📈 Saved training metrics plot to training_outputs/20250708-234010/training_metrics.png
📊 Saved final confusion matrix to training_outputs/20250708-234010/final_confusion_matrix.png
📝 Saved final classification report to training_outputs/20250708-234010/final_classification_report.txt

✨ Run complete.
