The following modules were not unloaded:
  (Use "module --force purge" to unload all):

  1) modules/2.3-20240529   2) openblas/single-0.3.26
🚀 Starting Run. All outputs will be saved to: training_outputs/20250721-103802
⚙️ Using device: cuda
Hyperparameters: {'input_depth': 32, 'input_height': 32, 'input_width': 32, 'num_classes': 3, 'classes_names': ['mitotic', 'new_daughter', 'stable'], 'learning_rate': 0.0001, 'batch_size': 16, 'num_epochs': 300, 'num_input_channels': 3, 'dropout_rate': 0.5, 'weight_decay': 1e-05, 'early_stopping_patience': 25, 'max_samples_per_class': {'mitotic': 329, 'new_daughter': 329, 'stable': 329}, 'class_weights': [1.0, 1.0, 1.0]}

Loading datasets...
Dataset loaded with 987 total samples:
  - mitotic: 329 samples
  - new_daughter: 329 samples
  - stable: 329 samples
Dataset loaded with 987 total samples:
  - mitotic: 329 samples
  - new_daughter: 329 samples
  - stable: 329 samples

Training on 789 samples, validating on 198 samples.
Model has 236,035 trainable parameters.

--- Starting Training ---
Epoch [001/300] | Duration: 35.13s | Train Loss: 1.0385 | Train Acc: 0.4905 | Val Loss: 0.9160 | Val Acc: 0.6414 | Val F1: 0.6075
🎉 New best model found! F1-Score: 0.6075. Saved.
Epoch [002/300] | Duration: 17.86s | Train Loss: 0.8967 | Train Acc: 0.6046 | Val Loss: 0.8047 | Val Acc: 0.6263 | Val F1: 0.5523
Epoch [003/300] | Duration: 17.78s | Train Loss: 0.8577 | Train Acc: 0.6134 | Val Loss: 0.7702 | Val Acc: 0.6162 | Val F1: 0.5421
Epoch [004/300] | Duration: 17.57s | Train Loss: 0.8247 | Train Acc: 0.6198 | Val Loss: 0.7553 | Val Acc: 0.6263 | Val F1: 0.5515
Epoch [005/300] | Duration: 35.70s | Train Loss: 0.8109 | Train Acc: 0.6185 | Val Loss: 0.7426 | Val Acc: 0.6263 | Val F1: 0.5639
Epoch [006/300] | Duration: 17.02s | Train Loss: 0.7890 | Train Acc: 0.6362 | Val Loss: 0.7234 | Val Acc: 0.6515 | Val F1: 0.6038
Epoch [007/300] | Duration: 16.74s | Train Loss: 0.7780 | Train Acc: 0.6553 | Val Loss: 0.7091 | Val Acc: 0.6414 | Val F1: 0.5896
Epoch [008/300] | Duration: 16.77s | Train Loss: 0.7495 | Train Acc: 0.6578 | Val Loss: 0.7009 | Val Acc: 0.6717 | Val F1: 0.6500
🎉 New best model found! F1-Score: 0.6500. Saved.
Epoch [009/300] | Duration: 16.72s | Train Loss: 0.7453 | Train Acc: 0.6882 | Val Loss: 0.6867 | Val Acc: 0.6768 | Val F1: 0.6496
Epoch [010/300] | Duration: 16.70s | Train Loss: 0.7273 | Train Acc: 0.6793 | Val Loss: 0.6831 | Val Acc: 0.7121 | Val F1: 0.6979
🎉 New best model found! F1-Score: 0.6979. Saved.
Epoch [011/300] | Duration: 16.80s | Train Loss: 0.7177 | Train Acc: 0.6844 | Val Loss: 0.6823 | Val Acc: 0.7020 | Val F1: 0.6979
Epoch [012/300] | Duration: 17.25s | Train Loss: 0.7050 | Train Acc: 0.7174 | Val Loss: 0.6534 | Val Acc: 0.7020 | Val F1: 0.6906
Epoch [013/300] | Duration: 16.67s | Train Loss: 0.7085 | Train Acc: 0.6971 | Val Loss: 0.6519 | Val Acc: 0.7222 | Val F1: 0.7150
🎉 New best model found! F1-Score: 0.7150. Saved.
Epoch [014/300] | Duration: 16.94s | Train Loss: 0.6659 | Train Acc: 0.7262 | Val Loss: 0.6511 | Val Acc: 0.6768 | Val F1: 0.6684
Epoch [015/300] | Duration: 17.01s | Train Loss: 0.6684 | Train Acc: 0.7136 | Val Loss: 0.6358 | Val Acc: 0.7172 | Val F1: 0.7124
Epoch [016/300] | Duration: 17.00s | Train Loss: 0.6563 | Train Acc: 0.7364 | Val Loss: 0.6335 | Val Acc: 0.6768 | Val F1: 0.6657
Epoch [017/300] | Duration: 17.07s | Train Loss: 0.6515 | Train Acc: 0.7402 | Val Loss: 0.6363 | Val Acc: 0.6869 | Val F1: 0.6836
Epoch [018/300] | Duration: 17.24s | Train Loss: 0.6700 | Train Acc: 0.7174 | Val Loss: 0.6236 | Val Acc: 0.6970 | Val F1: 0.6911
Epoch [019/300] | Duration: 17.04s | Train Loss: 0.6437 | Train Acc: 0.7414 | Val Loss: 0.6149 | Val Acc: 0.7222 | Val F1: 0.7181
🎉 New best model found! F1-Score: 0.7181. Saved.
Epoch [020/300] | Duration: 17.20s | Train Loss: 0.6315 | Train Acc: 0.7605 | Val Loss: 0.6233 | Val Acc: 0.7424 | Val F1: 0.7415
🎉 New best model found! F1-Score: 0.7415. Saved.
Epoch [021/300] | Duration: 17.00s | Train Loss: 0.6217 | Train Acc: 0.7351 | Val Loss: 0.6142 | Val Acc: 0.7071 | Val F1: 0.7037
Epoch [022/300] | Duration: 16.84s | Train Loss: 0.6337 | Train Acc: 0.7224 | Val Loss: 0.6343 | Val Acc: 0.7121 | Val F1: 0.7091
Epoch [023/300] | Duration: 16.69s | Train Loss: 0.6351 | Train Acc: 0.7402 | Val Loss: 0.6277 | Val Acc: 0.7121 | Val F1: 0.7053
Epoch [024/300] | Duration: 16.77s | Train Loss: 0.6003 | Train Acc: 0.7681 | Val Loss: 0.6203 | Val Acc: 0.7273 | Val F1: 0.7263
Epoch [025/300] | Duration: 16.66s | Train Loss: 0.6028 | Train Acc: 0.7630 | Val Loss: 0.5992 | Val Acc: 0.7273 | Val F1: 0.7241
Epoch [026/300] | Duration: 16.70s | Train Loss: 0.5829 | Train Acc: 0.7681 | Val Loss: 0.5984 | Val Acc: 0.7424 | Val F1: 0.7403
Epoch [027/300] | Duration: 16.70s | Train Loss: 0.5972 | Train Acc: 0.7655 | Val Loss: 0.6160 | Val Acc: 0.7071 | Val F1: 0.7004
Epoch [028/300] | Duration: 16.71s | Train Loss: 0.6023 | Train Acc: 0.7630 | Val Loss: 0.6047 | Val Acc: 0.7273 | Val F1: 0.7203
Epoch [029/300] | Duration: 16.70s | Train Loss: 0.5815 | Train Acc: 0.7643 | Val Loss: 0.5863 | Val Acc: 0.7727 | Val F1: 0.7715
🎉 New best model found! F1-Score: 0.7715. Saved.
Epoch [030/300] | Duration: 16.67s | Train Loss: 0.5847 | Train Acc: 0.7655 | Val Loss: 0.5866 | Val Acc: 0.7576 | Val F1: 0.7559
Epoch [031/300] | Duration: 16.69s | Train Loss: 0.5843 | Train Acc: 0.7693 | Val Loss: 0.5869 | Val Acc: 0.7525 | Val F1: 0.7506
Epoch [032/300] | Duration: 16.95s | Train Loss: 0.5922 | Train Acc: 0.7706 | Val Loss: 0.5818 | Val Acc: 0.7626 | Val F1: 0.7587
Epoch [033/300] | Duration: 16.88s | Train Loss: 0.5522 | Train Acc: 0.7871 | Val Loss: 0.5975 | Val Acc: 0.7626 | Val F1: 0.7611
Epoch [034/300] | Duration: 16.97s | Train Loss: 0.5520 | Train Acc: 0.7947 | Val Loss: 0.5994 | Val Acc: 0.7374 | Val F1: 0.7341
Epoch [035/300] | Duration: 17.03s | Train Loss: 0.5610 | Train Acc: 0.7833 | Val Loss: 0.5894 | Val Acc: 0.7576 | Val F1: 0.7561
Epoch [036/300] | Duration: 17.03s | Train Loss: 0.5712 | Train Acc: 0.7833 | Val Loss: 0.5759 | Val Acc: 0.7778 | Val F1: 0.7766
🎉 New best model found! F1-Score: 0.7766. Saved.
Epoch [037/300] | Duration: 17.21s | Train Loss: 0.5642 | Train Acc: 0.7820 | Val Loss: 0.6011 | Val Acc: 0.7424 | Val F1: 0.7393
Epoch [038/300] | Duration: 17.04s | Train Loss: 0.5403 | Train Acc: 0.7947 | Val Loss: 0.5646 | Val Acc: 0.7727 | Val F1: 0.7722
Epoch [039/300] | Duration: 16.65s | Train Loss: 0.5441 | Train Acc: 0.7795 | Val Loss: 0.5972 | Val Acc: 0.7121 | Val F1: 0.7078
Epoch [040/300] | Duration: 16.67s | Train Loss: 0.5444 | Train Acc: 0.7871 | Val Loss: 0.6108 | Val Acc: 0.7475 | Val F1: 0.7439
Epoch [041/300] | Duration: 16.71s | Train Loss: 0.5282 | Train Acc: 0.8010 | Val Loss: 0.5536 | Val Acc: 0.7677 | Val F1: 0.7675
Epoch [042/300] | Duration: 16.71s | Train Loss: 0.5213 | Train Acc: 0.8048 | Val Loss: 0.5424 | Val Acc: 0.7828 | Val F1: 0.7805
🎉 New best model found! F1-Score: 0.7805. Saved.
Epoch [043/300] | Duration: 16.64s | Train Loss: 0.5434 | Train Acc: 0.7985 | Val Loss: 0.5897 | Val Acc: 0.7576 | Val F1: 0.7553
Epoch [044/300] | Duration: 16.67s | Train Loss: 0.5248 | Train Acc: 0.8150 | Val Loss: 0.5454 | Val Acc: 0.7727 | Val F1: 0.7738
Epoch [045/300] | Duration: 16.70s | Train Loss: 0.5338 | Train Acc: 0.7934 | Val Loss: 0.5856 | Val Acc: 0.7626 | Val F1: 0.7599
Epoch [046/300] | Duration: 16.88s | Train Loss: 0.5157 | Train Acc: 0.8035 | Val Loss: 0.5548 | Val Acc: 0.7778 | Val F1: 0.7759
Epoch [047/300] | Duration: 16.70s | Train Loss: 0.5038 | Train Acc: 0.8213 | Val Loss: 0.5682 | Val Acc: 0.7677 | Val F1: 0.7642
Epoch [048/300] | Duration: 17.01s | Train Loss: 0.4821 | Train Acc: 0.8061 | Val Loss: 0.5527 | Val Acc: 0.7727 | Val F1: 0.7692
Epoch [049/300] | Duration: 16.97s | Train Loss: 0.4836 | Train Acc: 0.8289 | Val Loss: 0.5540 | Val Acc: 0.7879 | Val F1: 0.7852
🎉 New best model found! F1-Score: 0.7852. Saved.
Epoch [050/300] | Duration: 16.74s | Train Loss: 0.4939 | Train Acc: 0.8289 | Val Loss: 0.5725 | Val Acc: 0.7677 | Val F1: 0.7642
Epoch [051/300] | Duration: 16.69s | Train Loss: 0.4791 | Train Acc: 0.8150 | Val Loss: 0.5160 | Val Acc: 0.8131 | Val F1: 0.8131
🎉 New best model found! F1-Score: 0.8131. Saved.
Epoch [052/300] | Duration: 16.67s | Train Loss: 0.4681 | Train Acc: 0.8264 | Val Loss: 0.5294 | Val Acc: 0.7929 | Val F1: 0.7920
Epoch [053/300] | Duration: 16.72s | Train Loss: 0.4704 | Train Acc: 0.8302 | Val Loss: 0.5332 | Val Acc: 0.7828 | Val F1: 0.7843
Epoch [054/300] | Duration: 16.71s | Train Loss: 0.4913 | Train Acc: 0.8226 | Val Loss: 0.6912 | Val Acc: 0.7323 | Val F1: 0.7304
Epoch [055/300] | Duration: 16.83s | Train Loss: 0.4677 | Train Acc: 0.8238 | Val Loss: 0.5211 | Val Acc: 0.7879 | Val F1: 0.7861
Epoch [056/300] | Duration: 16.89s | Train Loss: 0.4562 | Train Acc: 0.8327 | Val Loss: 0.5362 | Val Acc: 0.7525 | Val F1: 0.7499
Epoch [057/300] | Duration: 16.86s | Train Loss: 0.4525 | Train Acc: 0.8289 | Val Loss: 0.5069 | Val Acc: 0.7980 | Val F1: 0.7961
Epoch [058/300] | Duration: 16.71s | Train Loss: 0.4417 | Train Acc: 0.8454 | Val Loss: 0.5561 | Val Acc: 0.7525 | Val F1: 0.7484
Epoch [059/300] | Duration: 17.01s | Train Loss: 0.4439 | Train Acc: 0.8428 | Val Loss: 0.5359 | Val Acc: 0.7778 | Val F1: 0.7747
Epoch [060/300] | Duration: 16.96s | Train Loss: 0.4253 | Train Acc: 0.8314 | Val Loss: 0.5222 | Val Acc: 0.7879 | Val F1: 0.7876
Epoch [061/300] | Duration: 16.90s | Train Loss: 0.4383 | Train Acc: 0.8365 | Val Loss: 0.5161 | Val Acc: 0.7727 | Val F1: 0.7714
Epoch [062/300] | Duration: 16.68s | Train Loss: 0.4522 | Train Acc: 0.8441 | Val Loss: 0.5193 | Val Acc: 0.7980 | Val F1: 0.7963
Epoch [063/300] | Duration: 16.68s | Train Loss: 0.4389 | Train Acc: 0.8479 | Val Loss: 0.4901 | Val Acc: 0.7879 | Val F1: 0.7852
Epoch [064/300] | Duration: 16.66s | Train Loss: 0.4150 | Train Acc: 0.8441 | Val Loss: 0.5375 | Val Acc: 0.7576 | Val F1: 0.7533
Epoch [065/300] | Duration: 16.67s | Train Loss: 0.4275 | Train Acc: 0.8403 | Val Loss: 0.5086 | Val Acc: 0.7778 | Val F1: 0.7772
Epoch [066/300] | Duration: 16.67s | Train Loss: 0.3951 | Train Acc: 0.8593 | Val Loss: 0.4882 | Val Acc: 0.7980 | Val F1: 0.7970
Epoch [067/300] | Duration: 16.80s | Train Loss: 0.4153 | Train Acc: 0.8593 | Val Loss: 0.5157 | Val Acc: 0.8081 | Val F1: 0.8071
Epoch [068/300] | Duration: 16.97s | Train Loss: 0.4004 | Train Acc: 0.8606 | Val Loss: 0.5224 | Val Acc: 0.7778 | Val F1: 0.7757
Epoch [069/300] | Duration: 17.04s | Train Loss: 0.3962 | Train Acc: 0.8416 | Val Loss: 0.4961 | Val Acc: 0.8081 | Val F1: 0.8078
Epoch [070/300] | Duration: 17.02s | Train Loss: 0.3871 | Train Acc: 0.8619 | Val Loss: 0.5509 | Val Acc: 0.7929 | Val F1: 0.7903
Epoch [071/300] | Duration: 16.96s | Train Loss: 0.3688 | Train Acc: 0.8682 | Val Loss: 0.4772 | Val Acc: 0.7980 | Val F1: 0.7976
Epoch [072/300] | Duration: 16.64s | Train Loss: 0.3765 | Train Acc: 0.8682 | Val Loss: 0.4848 | Val Acc: 0.8232 | Val F1: 0.8239
🎉 New best model found! F1-Score: 0.8239. Saved.
Epoch [073/300] | Duration: 16.68s | Train Loss: 0.3959 | Train Acc: 0.8555 | Val Loss: 0.4599 | Val Acc: 0.8333 | Val F1: 0.8338
🎉 New best model found! F1-Score: 0.8338. Saved.
Epoch [074/300] | Duration: 16.77s | Train Loss: 0.3695 | Train Acc: 0.8796 | Val Loss: 0.4723 | Val Acc: 0.7980 | Val F1: 0.7956
Epoch [075/300] | Duration: 16.84s | Train Loss: 0.3636 | Train Acc: 0.8796 | Val Loss: 0.5673 | Val Acc: 0.7828 | Val F1: 0.7775
Epoch [076/300] | Duration: 16.69s | Train Loss: 0.3771 | Train Acc: 0.8733 | Val Loss: 0.4859 | Val Acc: 0.7879 | Val F1: 0.7840
Epoch [077/300] | Duration: 16.73s | Train Loss: 0.3543 | Train Acc: 0.8733 | Val Loss: 0.4972 | Val Acc: 0.7879 | Val F1: 0.7833
Epoch [078/300] | Duration: 16.73s | Train Loss: 0.3493 | Train Acc: 0.8872 | Val Loss: 0.4768 | Val Acc: 0.8030 | Val F1: 0.8032
Epoch [079/300] | Duration: 16.70s | Train Loss: 0.3435 | Train Acc: 0.8910 | Val Loss: 0.4753 | Val Acc: 0.7980 | Val F1: 0.7962
Epoch [080/300] | Duration: 16.76s | Train Loss: 0.3376 | Train Acc: 0.8872 | Val Loss: 0.4762 | Val Acc: 0.7879 | Val F1: 0.7857
Epoch [081/300] | Duration: 16.76s | Train Loss: 0.3474 | Train Acc: 0.8720 | Val Loss: 0.5544 | Val Acc: 0.7980 | Val F1: 0.7973
Epoch [082/300] | Duration: 16.70s | Train Loss: 0.3213 | Train Acc: 0.8910 | Val Loss: 0.4806 | Val Acc: 0.8081 | Val F1: 0.8077
Epoch [083/300] | Duration: 16.70s | Train Loss: 0.3501 | Train Acc: 0.8821 | Val Loss: 0.4848 | Val Acc: 0.8081 | Val F1: 0.8042
Epoch [084/300] | Duration: 16.68s | Train Loss: 0.3218 | Train Acc: 0.8948 | Val Loss: 0.4908 | Val Acc: 0.8232 | Val F1: 0.8211
Epoch [085/300] | Duration: 16.67s | Train Loss: 0.3106 | Train Acc: 0.9075 | Val Loss: 0.4667 | Val Acc: 0.7980 | Val F1: 0.7954
Epoch [086/300] | Duration: 16.72s | Train Loss: 0.3063 | Train Acc: 0.9024 | Val Loss: 0.4792 | Val Acc: 0.8182 | Val F1: 0.8159
Epoch [087/300] | Duration: 16.91s | Train Loss: 0.3110 | Train Acc: 0.9049 | Val Loss: 0.4559 | Val Acc: 0.8232 | Val F1: 0.8226
Epoch [088/300] | Duration: 17.00s | Train Loss: 0.2957 | Train Acc: 0.9037 | Val Loss: 0.4532 | Val Acc: 0.8232 | Val F1: 0.8236
Epoch [089/300] | Duration: 17.16s | Train Loss: 0.2756 | Train Acc: 0.9100 | Val Loss: 0.4785 | Val Acc: 0.7980 | Val F1: 0.7950
Epoch [090/300] | Duration: 16.99s | Train Loss: 0.2894 | Train Acc: 0.9011 | Val Loss: 0.4576 | Val Acc: 0.8131 | Val F1: 0.8127
Epoch [091/300] | Duration: 16.95s | Train Loss: 0.2794 | Train Acc: 0.9138 | Val Loss: 0.4652 | Val Acc: 0.8030 | Val F1: 0.8020
Epoch [092/300] | Duration: 16.69s | Train Loss: 0.2825 | Train Acc: 0.9151 | Val Loss: 0.4622 | Val Acc: 0.8131 | Val F1: 0.8121
Epoch [093/300] | Duration: 16.70s | Train Loss: 0.3005 | Train Acc: 0.9037 | Val Loss: 0.5101 | Val Acc: 0.8182 | Val F1: 0.8170
Epoch [094/300] | Duration: 16.74s | Train Loss: 0.2846 | Train Acc: 0.9100 | Val Loss: 0.4644 | Val Acc: 0.8030 | Val F1: 0.8008
Epoch [095/300] | Duration: 16.71s | Train Loss: 0.2988 | Train Acc: 0.9163 | Val Loss: 0.5120 | Val Acc: 0.7828 | Val F1: 0.7793
Epoch [096/300] | Duration: 16.68s | Train Loss: 0.2857 | Train Acc: 0.9125 | Val Loss: 0.4881 | Val Acc: 0.7929 | Val F1: 0.7893
Epoch [097/300] | Duration: 16.62s | Train Loss: 0.2947 | Train Acc: 0.9037 | Val Loss: 0.4616 | Val Acc: 0.8030 | Val F1: 0.8021
Epoch [098/300] | Duration: 16.66s | Train Loss: 0.3055 | Train Acc: 0.9049 | Val Loss: 0.4933 | Val Acc: 0.8030 | Val F1: 0.8004

🛑 Early stopping triggered after 25 epochs.

✅ Training finished.

💾 Saving final artifacts...
Loaded best model from training_outputs/20250721-103802/best_model.pth for final evaluation.
📈 Saved training metrics plot.
📊 Saved final confusion matrix.
📝 Saved final classification report.

✨ Run complete.
