The following modules were not unloaded:
  (Use "module --force purge" to unload all):

  1) modules/2.3-20240529   2) openblas/single-0.3.26
🚀 Starting Run. All outputs will be saved to: training_outputs/20250725-114411
⚙️ Using device: cuda
Hyperparameters: {'input_depth': 32, 'input_height': 32, 'input_width': 32, 'num_classes': 3, 'classes_names': ['mitotic', 'new_daughter', 'stable'], 'learning_rate': 1e-05, 'batch_size': 16, 'num_epochs': 300, 'num_input_channels': 4, 'dropout_rate': 0.1, 'weight_decay': 1e-05, 'early_stopping_patience': 35, 'max_samples_per_class': {'mitotic': 221, 'new_daughter': 221, 'stable': 221}, 'class_weights': [1.0, 1.0, 1.0]}

Loading datasets...
Dataset loaded with 660 total samples:
  - mitotic: 218 samples
  - new_daughter: 221 samples
  - stable: 221 samples
  Applied per-class limits:
    - mitotic: 221 max samples
    - new_daughter: 221 max samples
    - stable: 221 max samples
Dataset loaded with 660 total samples:
  - mitotic: 218 samples
  - new_daughter: 221 samples
  - stable: 221 samples
  Applied per-class limits:
    - mitotic: 221 max samples
    - new_daughter: 221 max samples
    - stable: 221 max samples

Training on 528 samples, validating on 132 samples.
Model has 71,379 trainable parameters.

--- Starting Training ---
Epoch [001/300] | Duration: 50.05s | Train Loss: 1.0978 | Train Acc: 0.3428 | Val Loss: 1.0848 | Val Acc: 0.4470 | Val F1: 0.3537
🎉 New best model found! F1-Score: 0.3537. Saved to training_outputs/20250725-114411/best_model.pth
Epoch [002/300] | Duration: 9.27s | Train Loss: 1.0469 | Train Acc: 0.4508 | Val Loss: 1.0203 | Val Acc: 0.6288 | Val F1: 0.6255
🎉 New best model found! F1-Score: 0.6255. Saved to training_outputs/20250725-114411/best_model.pth
Epoch [003/300] | Duration: 8.90s | Train Loss: 1.0174 | Train Acc: 0.5019 | Val Loss: 0.9775 | Val Acc: 0.6061 | Val F1: 0.5948
Epoch [004/300] | Duration: 9.60s | Train Loss: 0.9805 | Train Acc: 0.5644 | Val Loss: 0.9494 | Val Acc: 0.6136 | Val F1: 0.6066
Epoch [005/300] | Duration: 9.15s | Train Loss: 0.9582 | Train Acc: 0.5852 | Val Loss: 0.9234 | Val Acc: 0.6667 | Val F1: 0.6521
🎉 New best model found! F1-Score: 0.6521. Saved to training_outputs/20250725-114411/best_model.pth
Epoch [006/300] | Duration: 8.92s | Train Loss: 0.9335 | Train Acc: 0.6383 | Val Loss: 0.9032 | Val Acc: 0.6818 | Val F1: 0.6706
🎉 New best model found! F1-Score: 0.6706. Saved to training_outputs/20250725-114411/best_model.pth
Epoch [007/300] | Duration: 9.81s | Train Loss: 0.9094 | Train Acc: 0.6723 | Val Loss: 0.8841 | Val Acc: 0.6818 | Val F1: 0.6704
Epoch [008/300] | Duration: 9.61s | Train Loss: 0.8972 | Train Acc: 0.6420 | Val Loss: 0.8676 | Val Acc: 0.7121 | Val F1: 0.6969
🎉 New best model found! F1-Score: 0.6969. Saved to training_outputs/20250725-114411/best_model.pth
Epoch [009/300] | Duration: 9.22s | Train Loss: 0.8631 | Train Acc: 0.6913 | Val Loss: 0.8536 | Val Acc: 0.7121 | Val F1: 0.6984
🎉 New best model found! F1-Score: 0.6984. Saved to training_outputs/20250725-114411/best_model.pth
Epoch [010/300] | Duration: 8.29s | Train Loss: 0.8549 | Train Acc: 0.6705 | Val Loss: 0.8449 | Val Acc: 0.7045 | Val F1: 0.6891
Epoch [011/300] | Duration: 8.42s | Train Loss: 0.8440 | Train Acc: 0.6875 | Val Loss: 0.8286 | Val Acc: 0.6970 | Val F1: 0.6826
Epoch [012/300] | Duration: 9.43s | Train Loss: 0.8063 | Train Acc: 0.7311 | Val Loss: 0.8143 | Val Acc: 0.7273 | Val F1: 0.7166
🎉 New best model found! F1-Score: 0.7166. Saved to training_outputs/20250725-114411/best_model.pth
Epoch [013/300] | Duration: 8.95s | Train Loss: 0.8150 | Train Acc: 0.7102 | Val Loss: 0.8079 | Val Acc: 0.7273 | Val F1: 0.7147
Epoch [014/300] | Duration: 38.70s | Train Loss: 0.7864 | Train Acc: 0.7386 | Val Loss: 0.7999 | Val Acc: 0.7273 | Val F1: 0.7147
Epoch [015/300] | Duration: 16.54s | Train Loss: 0.8003 | Train Acc: 0.7083 | Val Loss: 0.7814 | Val Acc: 0.7348 | Val F1: 0.7243
🎉 New best model found! F1-Score: 0.7243. Saved to training_outputs/20250725-114411/best_model.pth
Epoch [016/300] | Duration: 8.55s | Train Loss: 0.7943 | Train Acc: 0.7197 | Val Loss: 0.7787 | Val Acc: 0.7348 | Val F1: 0.7243
Epoch [017/300] | Duration: 8.64s | Train Loss: 0.7742 | Train Acc: 0.7216 | Val Loss: 0.7745 | Val Acc: 0.7348 | Val F1: 0.7243
Epoch [018/300] | Duration: 8.20s | Train Loss: 0.7669 | Train Acc: 0.7254 | Val Loss: 0.7609 | Val Acc: 0.7424 | Val F1: 0.7330
🎉 New best model found! F1-Score: 0.7330. Saved to training_outputs/20250725-114411/best_model.pth
Epoch [019/300] | Duration: 8.29s | Train Loss: 0.7447 | Train Acc: 0.7576 | Val Loss: 0.7573 | Val Acc: 0.7576 | Val F1: 0.7473
🎉 New best model found! F1-Score: 0.7473. Saved to training_outputs/20250725-114411/best_model.pth
Epoch [020/300] | Duration: 9.02s | Train Loss: 0.7440 | Train Acc: 0.7481 | Val Loss: 0.7559 | Val Acc: 0.7727 | Val F1: 0.7649
🎉 New best model found! F1-Score: 0.7649. Saved to training_outputs/20250725-114411/best_model.pth
Epoch [021/300] | Duration: 9.18s | Train Loss: 0.7356 | Train Acc: 0.7784 | Val Loss: 0.7445 | Val Acc: 0.7576 | Val F1: 0.7494
Epoch [022/300] | Duration: 8.88s | Train Loss: 0.7443 | Train Acc: 0.7633 | Val Loss: 0.7283 | Val Acc: 0.7803 | Val F1: 0.7733
🎉 New best model found! F1-Score: 0.7733. Saved to training_outputs/20250725-114411/best_model.pth
Epoch [023/300] | Duration: 9.92s | Train Loss: 0.7168 | Train Acc: 0.7595 | Val Loss: 0.7244 | Val Acc: 0.7803 | Val F1: 0.7733
Epoch [024/300] | Duration: 35.80s | Train Loss: 0.7249 | Train Acc: 0.7689 | Val Loss: 0.7198 | Val Acc: 0.7803 | Val F1: 0.7733
Epoch [025/300] | Duration: 8.63s | Train Loss: 0.6908 | Train Acc: 0.7765 | Val Loss: 0.7013 | Val Acc: 0.8106 | Val F1: 0.8068
🎉 New best model found! F1-Score: 0.8068. Saved to training_outputs/20250725-114411/best_model.pth
Epoch [026/300] | Duration: 7.88s | Train Loss: 0.7187 | Train Acc: 0.7576 | Val Loss: 0.7008 | Val Acc: 0.8030 | Val F1: 0.7993
Epoch [027/300] | Duration: 7.77s | Train Loss: 0.6958 | Train Acc: 0.7860 | Val Loss: 0.6933 | Val Acc: 0.8106 | Val F1: 0.8054
Epoch [028/300] | Duration: 7.89s | Train Loss: 0.6804 | Train Acc: 0.7784 | Val Loss: 0.6960 | Val Acc: 0.8258 | Val F1: 0.8208
🎉 New best model found! F1-Score: 0.8208. Saved to training_outputs/20250725-114411/best_model.pth
Epoch [029/300] | Duration: 8.24s | Train Loss: 0.6817 | Train Acc: 0.7879 | Val Loss: 0.6809 | Val Acc: 0.8409 | Val F1: 0.8374
🎉 New best model found! F1-Score: 0.8374. Saved to training_outputs/20250725-114411/best_model.pth
Epoch [030/300] | Duration: 9.25s | Train Loss: 0.6627 | Train Acc: 0.7822 | Val Loss: 0.6766 | Val Acc: 0.8182 | Val F1: 0.8138
Epoch [031/300] | Duration: 9.44s | Train Loss: 0.6619 | Train Acc: 0.7973 | Val Loss: 0.6574 | Val Acc: 0.8182 | Val F1: 0.8161
Epoch [032/300] | Duration: 9.88s | Train Loss: 0.6619 | Train Acc: 0.8011 | Val Loss: 0.6495 | Val Acc: 0.8258 | Val F1: 0.8231
Epoch [033/300] | Duration: 9.53s | Train Loss: 0.6321 | Train Acc: 0.8068 | Val Loss: 0.6459 | Val Acc: 0.8409 | Val F1: 0.8386
🎉 New best model found! F1-Score: 0.8386. Saved to training_outputs/20250725-114411/best_model.pth
Epoch [034/300] | Duration: 8.91s | Train Loss: 0.6486 | Train Acc: 0.8144 | Val Loss: 0.6422 | Val Acc: 0.8333 | Val F1: 0.8309
Epoch [035/300] | Duration: 8.43s | Train Loss: 0.6446 | Train Acc: 0.7992 | Val Loss: 0.6386 | Val Acc: 0.8409 | Val F1: 0.8386
Epoch [036/300] | Duration: 13.75s | Train Loss: 0.6464 | Train Acc: 0.7917 | Val Loss: 0.6375 | Val Acc: 0.8333 | Val F1: 0.8304
Epoch [037/300] | Duration: 27.62s | Train Loss: 0.6369 | Train Acc: 0.8049 | Val Loss: 0.6260 | Val Acc: 0.8409 | Val F1: 0.8386
Epoch [038/300] | Duration: 8.32s | Train Loss: 0.6355 | Train Acc: 0.7917 | Val Loss: 0.6211 | Val Acc: 0.8409 | Val F1: 0.8386
Epoch [039/300] | Duration: 8.83s | Train Loss: 0.6348 | Train Acc: 0.8106 | Val Loss: 0.6171 | Val Acc: 0.8409 | Val F1: 0.8386
Epoch [040/300] | Duration: 8.98s | Train Loss: 0.6143 | Train Acc: 0.8295 | Val Loss: 0.6064 | Val Acc: 0.8333 | Val F1: 0.8309
Epoch [041/300] | Duration: 8.81s | Train Loss: 0.6065 | Train Acc: 0.8030 | Val Loss: 0.6138 | Val Acc: 0.8333 | Val F1: 0.8304
Epoch [042/300] | Duration: 9.28s | Train Loss: 0.5978 | Train Acc: 0.8182 | Val Loss: 0.6078 | Val Acc: 0.8409 | Val F1: 0.8386
Epoch [043/300] | Duration: 8.23s | Train Loss: 0.6149 | Train Acc: 0.8106 | Val Loss: 0.5897 | Val Acc: 0.8258 | Val F1: 0.8237
Epoch [044/300] | Duration: 8.39s | Train Loss: 0.6038 | Train Acc: 0.8163 | Val Loss: 0.5932 | Val Acc: 0.8409 | Val F1: 0.8386
Epoch [045/300] | Duration: 8.42s | Train Loss: 0.5992 | Train Acc: 0.8201 | Val Loss: 0.5891 | Val Acc: 0.8409 | Val F1: 0.8395
🎉 New best model found! F1-Score: 0.8395. Saved to training_outputs/20250725-114411/best_model.pth
Epoch [046/300] | Duration: 14.56s | Train Loss: 0.6141 | Train Acc: 0.8182 | Val Loss: 0.5852 | Val Acc: 0.8409 | Val F1: 0.8386
Epoch [047/300] | Duration: 20.10s | Train Loss: 0.6001 | Train Acc: 0.8201 | Val Loss: 0.5859 | Val Acc: 0.8409 | Val F1: 0.8389
Epoch [048/300] | Duration: 8.71s | Train Loss: 0.5772 | Train Acc: 0.8258 | Val Loss: 0.5852 | Val Acc: 0.8409 | Val F1: 0.8386
Epoch [049/300] | Duration: 8.39s | Train Loss: 0.5877 | Train Acc: 0.8163 | Val Loss: 0.5965 | Val Acc: 0.8258 | Val F1: 0.8225
Epoch [050/300] | Duration: 8.88s | Train Loss: 0.5789 | Train Acc: 0.7936 | Val Loss: 0.5894 | Val Acc: 0.8409 | Val F1: 0.8386
Epoch [051/300] | Duration: 8.29s | Train Loss: 0.5750 | Train Acc: 0.8409 | Val Loss: 0.5743 | Val Acc: 0.8409 | Val F1: 0.8386
Epoch [052/300] | Duration: 8.00s | Train Loss: 0.5705 | Train Acc: 0.8295 | Val Loss: 0.5765 | Val Acc: 0.8409 | Val F1: 0.8386
Epoch [053/300] | Duration: 8.91s | Train Loss: 0.5718 | Train Acc: 0.8220 | Val Loss: 0.5802 | Val Acc: 0.8409 | Val F1: 0.8389
Epoch [054/300] | Duration: 8.42s | Train Loss: 0.5573 | Train Acc: 0.8371 | Val Loss: 0.5771 | Val Acc: 0.8485 | Val F1: 0.8468
🎉 New best model found! F1-Score: 0.8468. Saved to training_outputs/20250725-114411/best_model.pth
Epoch [055/300] | Duration: 8.66s | Train Loss: 0.5790 | Train Acc: 0.8182 | Val Loss: 0.5699 | Val Acc: 0.8409 | Val F1: 0.8389
Epoch [056/300] | Duration: 26.36s | Train Loss: 0.5631 | Train Acc: 0.8182 | Val Loss: 0.5742 | Val Acc: 0.8409 | Val F1: 0.8389
Epoch [057/300] | Duration: 10.31s | Train Loss: 0.5541 | Train Acc: 0.8182 | Val Loss: 0.5641 | Val Acc: 0.8409 | Val F1: 0.8389
Epoch [058/300] | Duration: 9.95s | Train Loss: 0.5550 | Train Acc: 0.8220 | Val Loss: 0.5630 | Val Acc: 0.8409 | Val F1: 0.8389
Epoch [059/300] | Duration: 8.72s | Train Loss: 0.5564 | Train Acc: 0.8371 | Val Loss: 0.5563 | Val Acc: 0.8561 | Val F1: 0.8549
🎉 New best model found! F1-Score: 0.8549. Saved to training_outputs/20250725-114411/best_model.pth
Epoch [060/300] | Duration: 8.90s | Train Loss: 0.5390 | Train Acc: 0.8258 | Val Loss: 0.5605 | Val Acc: 0.8409 | Val F1: 0.8389
Epoch [061/300] | Duration: 8.34s | Train Loss: 0.5373 | Train Acc: 0.8220 | Val Loss: 0.5520 | Val Acc: 0.8485 | Val F1: 0.8470
Epoch [062/300] | Duration: 8.63s | Train Loss: 0.5251 | Train Acc: 0.8409 | Val Loss: 0.5485 | Val Acc: 0.8409 | Val F1: 0.8389
Epoch [063/300] | Duration: 9.36s | Train Loss: 0.5529 | Train Acc: 0.8239 | Val Loss: 0.5524 | Val Acc: 0.8485 | Val F1: 0.8468
Epoch [064/300] | Duration: 9.03s | Train Loss: 0.5564 | Train Acc: 0.8163 | Val Loss: 0.5577 | Val Acc: 0.8409 | Val F1: 0.8389
Epoch [065/300] | Duration: 11.26s | Train Loss: 0.5282 | Train Acc: 0.8314 | Val Loss: 0.5426 | Val Acc: 0.8485 | Val F1: 0.8463
Epoch [066/300] | Duration: 20.92s | Train Loss: 0.5568 | Train Acc: 0.8125 | Val Loss: 0.5428 | Val Acc: 0.8485 | Val F1: 0.8470
Epoch [067/300] | Duration: 8.87s | Train Loss: 0.5341 | Train Acc: 0.8295 | Val Loss: 0.5513 | Val Acc: 0.8409 | Val F1: 0.8389
Epoch [068/300] | Duration: 7.89s | Train Loss: 0.5283 | Train Acc: 0.8333 | Val Loss: 0.5447 | Val Acc: 0.8409 | Val F1: 0.8390
Epoch [069/300] | Duration: 8.79s | Train Loss: 0.5212 | Train Acc: 0.8352 | Val Loss: 0.5419 | Val Acc: 0.8409 | Val F1: 0.8389
Epoch [070/300] | Duration: 8.93s | Train Loss: 0.5514 | Train Acc: 0.8239 | Val Loss: 0.5366 | Val Acc: 0.8485 | Val F1: 0.8471
Epoch [071/300] | Duration: 10.23s | Train Loss: 0.5339 | Train Acc: 0.8220 | Val Loss: 0.5289 | Val Acc: 0.8409 | Val F1: 0.8390
Epoch [072/300] | Duration: 9.61s | Train Loss: 0.5568 | Train Acc: 0.8163 | Val Loss: 0.5432 | Val Acc: 0.8485 | Val F1: 0.8470
Epoch [073/300] | Duration: 8.29s | Train Loss: 0.5167 | Train Acc: 0.8333 | Val Loss: 0.5210 | Val Acc: 0.8485 | Val F1: 0.8468
Epoch [074/300] | Duration: 8.65s | Train Loss: 0.5283 | Train Acc: 0.8277 | Val Loss: 0.5322 | Val Acc: 0.8409 | Val F1: 0.8389
Epoch [075/300] | Duration: 20.90s | Train Loss: 0.5223 | Train Acc: 0.8352 | Val Loss: 0.5250 | Val Acc: 0.8561 | Val F1: 0.8544
Epoch [076/300] | Duration: 9.23s | Train Loss: 0.5274 | Train Acc: 0.8239 | Val Loss: 0.5293 | Val Acc: 0.8485 | Val F1: 0.8470
Epoch [077/300] | Duration: 8.13s | Train Loss: 0.5216 | Train Acc: 0.8239 | Val Loss: 0.5247 | Val Acc: 0.8561 | Val F1: 0.8540
Epoch [078/300] | Duration: 8.37s | Train Loss: 0.5107 | Train Acc: 0.8485 | Val Loss: 0.5169 | Val Acc: 0.8485 | Val F1: 0.8463
Epoch [079/300] | Duration: 8.54s | Train Loss: 0.5161 | Train Acc: 0.8277 | Val Loss: 0.5251 | Val Acc: 0.8409 | Val F1: 0.8389
Epoch [080/300] | Duration: 8.61s | Train Loss: 0.4930 | Train Acc: 0.8580 | Val Loss: 0.5206 | Val Acc: 0.8409 | Val F1: 0.8391
Epoch [081/300] | Duration: 8.71s | Train Loss: 0.5107 | Train Acc: 0.8258 | Val Loss: 0.5162 | Val Acc: 0.8485 | Val F1: 0.8463
Epoch [082/300] | Duration: 9.70s | Train Loss: 0.5109 | Train Acc: 0.8580 | Val Loss: 0.5145 | Val Acc: 0.8485 | Val F1: 0.8463
Epoch [083/300] | Duration: 8.42s | Train Loss: 0.5058 | Train Acc: 0.8390 | Val Loss: 0.5174 | Val Acc: 0.8409 | Val F1: 0.8389
Epoch [084/300] | Duration: 8.48s | Train Loss: 0.4998 | Train Acc: 0.8447 | Val Loss: 0.5139 | Val Acc: 0.8561 | Val F1: 0.8540
Epoch [085/300] | Duration: 10.73s | Train Loss: 0.5213 | Train Acc: 0.8314 | Val Loss: 0.5213 | Val Acc: 0.8485 | Val F1: 0.8457
Epoch [086/300] | Duration: 21.42s | Train Loss: 0.5168 | Train Acc: 0.8182 | Val Loss: 0.5190 | Val Acc: 0.8561 | Val F1: 0.8548
Epoch [087/300] | Duration: 9.76s | Train Loss: 0.5004 | Train Acc: 0.8466 | Val Loss: 0.5180 | Val Acc: 0.8485 | Val F1: 0.8470
Epoch [088/300] | Duration: 8.91s | Train Loss: 0.5048 | Train Acc: 0.8258 | Val Loss: 0.5111 | Val Acc: 0.8561 | Val F1: 0.8544
Epoch [089/300] | Duration: 8.74s | Train Loss: 0.5106 | Train Acc: 0.8428 | Val Loss: 0.5078 | Val Acc: 0.8485 | Val F1: 0.8470
Epoch [090/300] | Duration: 8.74s | Train Loss: 0.5002 | Train Acc: 0.8314 | Val Loss: 0.5094 | Val Acc: 0.8561 | Val F1: 0.8548
Epoch [091/300] | Duration: 8.35s | Train Loss: 0.4884 | Train Acc: 0.8542 | Val Loss: 0.5089 | Val Acc: 0.8636 | Val F1: 0.8621
🎉 New best model found! F1-Score: 0.8621. Saved to training_outputs/20250725-114411/best_model.pth
Epoch [092/300] | Duration: 9.21s | Train Loss: 0.4990 | Train Acc: 0.8239 | Val Loss: 0.5087 | Val Acc: 0.8561 | Val F1: 0.8541
Epoch [093/300] | Duration: 9.56s | Train Loss: 0.4915 | Train Acc: 0.8485 | Val Loss: 0.5067 | Val Acc: 0.8409 | Val F1: 0.8389
Epoch [094/300] | Duration: 14.68s | Train Loss: 0.4964 | Train Acc: 0.8352 | Val Loss: 0.4996 | Val Acc: 0.8485 | Val F1: 0.8470
Epoch [095/300] | Duration: 17.48s | Train Loss: 0.5058 | Train Acc: 0.8352 | Val Loss: 0.4979 | Val Acc: 0.8485 | Val F1: 0.8470
Epoch [096/300] | Duration: 10.08s | Train Loss: 0.4991 | Train Acc: 0.8314 | Val Loss: 0.4921 | Val Acc: 0.8561 | Val F1: 0.8544
Epoch [097/300] | Duration: 9.50s | Train Loss: 0.5210 | Train Acc: 0.8068 | Val Loss: 0.4959 | Val Acc: 0.8485 | Val F1: 0.8470
Epoch [098/300] | Duration: 9.85s | Train Loss: 0.4881 | Train Acc: 0.8542 | Val Loss: 0.4864 | Val Acc: 0.8561 | Val F1: 0.8544
Epoch [099/300] | Duration: 9.66s | Train Loss: 0.5107 | Train Acc: 0.8333 | Val Loss: 0.4922 | Val Acc: 0.8561 | Val F1: 0.8544
Epoch [100/300] | Duration: 8.97s | Train Loss: 0.4843 | Train Acc: 0.8523 | Val Loss: 0.4964 | Val Acc: 0.8636 | Val F1: 0.8629
🎉 New best model found! F1-Score: 0.8629. Saved to training_outputs/20250725-114411/best_model.pth
Epoch [101/300] | Duration: 8.87s | Train Loss: 0.5076 | Train Acc: 0.8201 | Val Loss: 0.4908 | Val Acc: 0.8485 | Val F1: 0.8470
Epoch [102/300] | Duration: 9.27s | Train Loss: 0.4917 | Train Acc: 0.8390 | Val Loss: 0.4825 | Val Acc: 0.8485 | Val F1: 0.8463
Epoch [103/300] | Duration: 9.65s | Train Loss: 0.4835 | Train Acc: 0.8258 | Val Loss: 0.4892 | Val Acc: 0.8485 | Val F1: 0.8470
Epoch [104/300] | Duration: 8.34s | Train Loss: 0.4968 | Train Acc: 0.8390 | Val Loss: 0.4859 | Val Acc: 0.8561 | Val F1: 0.8544
Epoch [105/300] | Duration: 9.33s | Train Loss: 0.4913 | Train Acc: 0.8239 | Val Loss: 0.4823 | Val Acc: 0.8561 | Val F1: 0.8544
Epoch [106/300] | Duration: 9.81s | Train Loss: 0.4788 | Train Acc: 0.8561 | Val Loss: 0.4842 | Val Acc: 0.8561 | Val F1: 0.8544
Epoch [107/300] | Duration: 9.95s | Train Loss: 0.4898 | Train Acc: 0.8428 | Val Loss: 0.4789 | Val Acc: 0.8561 | Val F1: 0.8544
Epoch [108/300] | Duration: 10.12s | Train Loss: 0.4970 | Train Acc: 0.8314 | Val Loss: 0.4912 | Val Acc: 0.8636 | Val F1: 0.8621
Epoch [109/300] | Duration: 9.20s | Train Loss: 0.4892 | Train Acc: 0.8390 | Val Loss: 0.4786 | Val Acc: 0.8561 | Val F1: 0.8544
Epoch [110/300] | Duration: 9.30s | Train Loss: 0.4993 | Train Acc: 0.8144 | Val Loss: 0.4810 | Val Acc: 0.8485 | Val F1: 0.8467
Epoch [111/300] | Duration: 8.90s | Train Loss: 0.4925 | Train Acc: 0.8447 | Val Loss: 0.4774 | Val Acc: 0.8561 | Val F1: 0.8544
Epoch [112/300] | Duration: 8.36s | Train Loss: 0.5082 | Train Acc: 0.8352 | Val Loss: 0.4852 | Val Acc: 0.8636 | Val F1: 0.8621
Epoch [113/300] | Duration: 8.44s | Train Loss: 0.4997 | Train Acc: 0.8277 | Val Loss: 0.4801 | Val Acc: 0.8485 | Val F1: 0.8467
Epoch [114/300] | Duration: 8.23s | Train Loss: 0.4925 | Train Acc: 0.8371 | Val Loss: 0.4803 | Val Acc: 0.8636 | Val F1: 0.8621
Epoch [115/300] | Duration: 9.08s | Train Loss: 0.5089 | Train Acc: 0.8258 | Val Loss: 0.4767 | Val Acc: 0.8485 | Val F1: 0.8470
Epoch [116/300] | Duration: 8.26s | Train Loss: 0.4910 | Train Acc: 0.8182 | Val Loss: 0.4757 | Val Acc: 0.8485 | Val F1: 0.8470
Epoch [117/300] | Duration: 8.82s | Train Loss: 0.4881 | Train Acc: 0.8295 | Val Loss: 0.4774 | Val Acc: 0.8485 | Val F1: 0.8470
Epoch [118/300] | Duration: 8.08s | Train Loss: 0.4648 | Train Acc: 0.8466 | Val Loss: 0.4796 | Val Acc: 0.8485 | Val F1: 0.8470
Epoch [119/300] | Duration: 7.89s | Train Loss: 0.4671 | Train Acc: 0.8447 | Val Loss: 0.4718 | Val Acc: 0.8561 | Val F1: 0.8544
Epoch [120/300] | Duration: 7.51s | Train Loss: 0.4626 | Train Acc: 0.8466 | Val Loss: 0.4863 | Val Acc: 0.8561 | Val F1: 0.8548
Epoch [121/300] | Duration: 7.81s | Train Loss: 0.4996 | Train Acc: 0.8371 | Val Loss: 0.4662 | Val Acc: 0.8561 | Val F1: 0.8544
Epoch [122/300] | Duration: 8.67s | Train Loss: 0.4753 | Train Acc: 0.8428 | Val Loss: 0.4767 | Val Acc: 0.8561 | Val F1: 0.8548
Epoch [123/300] | Duration: 9.93s | Train Loss: 0.4791 | Train Acc: 0.8485 | Val Loss: 0.4783 | Val Acc: 0.8561 | Val F1: 0.8548
Epoch [124/300] | Duration: 8.70s | Train Loss: 0.4782 | Train Acc: 0.8428 | Val Loss: 0.4840 | Val Acc: 0.8485 | Val F1: 0.8467
Epoch [125/300] | Duration: 8.53s | Train Loss: 0.4783 | Train Acc: 0.8409 | Val Loss: 0.4777 | Val Acc: 0.8636 | Val F1: 0.8621
Epoch [126/300] | Duration: 8.55s | Train Loss: 0.4849 | Train Acc: 0.8409 | Val Loss: 0.4746 | Val Acc: 0.8561 | Val F1: 0.8548
Epoch [127/300] | Duration: 9.19s | Train Loss: 0.4625 | Train Acc: 0.8674 | Val Loss: 0.4729 | Val Acc: 0.8561 | Val F1: 0.8540
Epoch [128/300] | Duration: 9.57s | Train Loss: 0.4635 | Train Acc: 0.8466 | Val Loss: 0.4706 | Val Acc: 0.8636 | Val F1: 0.8629
Epoch [129/300] | Duration: 9.68s | Train Loss: 0.4728 | Train Acc: 0.8352 | Val Loss: 0.4787 | Val Acc: 0.8485 | Val F1: 0.8467
Epoch [130/300] | Duration: 9.17s | Train Loss: 0.4734 | Train Acc: 0.8542 | Val Loss: 0.4730 | Val Acc: 0.8561 | Val F1: 0.8540
Epoch [131/300] | Duration: 9.08s | Train Loss: 0.4943 | Train Acc: 0.8352 | Val Loss: 0.4779 | Val Acc: 0.8485 | Val F1: 0.8467
Epoch [132/300] | Duration: 8.88s | Train Loss: 0.4767 | Train Acc: 0.8371 | Val Loss: 0.4674 | Val Acc: 0.8561 | Val F1: 0.8540
Epoch [133/300] | Duration: 9.02s | Train Loss: 0.4672 | Train Acc: 0.8466 | Val Loss: 0.4708 | Val Acc: 0.8485 | Val F1: 0.8467
Epoch [134/300] | Duration: 8.09s | Train Loss: 0.4604 | Train Acc: 0.8447 | Val Loss: 0.4738 | Val Acc: 0.8485 | Val F1: 0.8467
Epoch [135/300] | Duration: 8.84s | Train Loss: 0.4620 | Train Acc: 0.8504 | Val Loss: 0.4685 | Val Acc: 0.8561 | Val F1: 0.8540

🛑 Early stopping triggered after 35 epochs with no improvement.

✅ Training finished.

💾 Saving final artifacts...
Loaded best model from training_outputs/20250725-114411/best_model.pth for final evaluation.
📈 Saved training metrics plot to training_outputs/20250725-114411/training_metrics.png
📊 Saved final confusion matrix to training_outputs/20250725-114411/final_confusion_matrix.png
📝 Saved final classification report to training_outputs/20250725-114411/final_classification_report.txt

✨ Run complete.
