The following modules were not unloaded:
  (Use "module --force purge" to unload all):

  1) modules/2.3-20240529   2) openblas/single-0.3.26
🚀 Starting Run. All outputs will be saved to: training_outputs/20250717-213241
⚙️ Using device: cuda
Hyperparameters: {'input_depth': 32, 'input_height': 32, 'input_width': 32, 'num_classes': 3, 'classes_names': ['mitotic', 'new_daughter', 'stable'], 'learning_rate': 0.0001, 'batch_size': 16, 'num_epochs': 300, 'num_input_channels': 4, 'dropout_rate': 0.5, 'weight_decay': 1e-05, 'early_stopping_patience': 25, 'max_samples_per_class': {'mitotic': 329, 'new_daughter': 329, 'stable': 329}, 'class_weights': [1.0, 1.0, 1.0]}

Loading datasets...
Dataset loaded with 987 total samples:
  - mitotic: 329 samples
  - new_daughter: 329 samples
  - stable: 329 samples
  Applied per-class limits:
    - mitotic: 329 max samples
    - new_daughter: 329 max samples
    - stable: 329 max samples
Dataset loaded with 987 total samples:
  - mitotic: 329 samples
  - new_daughter: 329 samples
  - stable: 329 samples
  Applied per-class limits:
    - mitotic: 329 max samples
    - new_daughter: 329 max samples
    - stable: 329 max samples

Training on 789 samples, validating on 198 samples.
Model has 71,379 trainable parameters.

--- Starting Training ---
Epoch [001/300] | Duration: 95.60s | Train Loss: 0.9386 | Train Acc: 0.5843 | Val Loss: 0.8253 | Val Acc: 0.6212 | Val F1: 0.5475
🎉 New best model found! F1-Score: 0.5475. Saved to training_outputs/20250717-213241/best_model.pth
Epoch [002/300] | Duration: 38.40s | Train Loss: 0.7392 | Train Acc: 0.7148 | Val Loss: 0.6272 | Val Acc: 0.8081 | Val F1: 0.8068
🎉 New best model found! F1-Score: 0.8068. Saved to training_outputs/20250717-213241/best_model.pth
Epoch [003/300] | Duration: 34.69s | Train Loss: 0.6696 | Train Acc: 0.7503 | Val Loss: 0.5742 | Val Acc: 0.8283 | Val F1: 0.8274
🎉 New best model found! F1-Score: 0.8274. Saved to training_outputs/20250717-213241/best_model.pth
Epoch [004/300] | Duration: 34.95s | Train Loss: 0.6241 | Train Acc: 0.7579 | Val Loss: 0.5307 | Val Acc: 0.8131 | Val F1: 0.8120
Epoch [005/300] | Duration: 34.71s | Train Loss: 0.6056 | Train Acc: 0.7833 | Val Loss: 0.5219 | Val Acc: 0.8283 | Val F1: 0.8253
Epoch [006/300] | Duration: 34.10s | Train Loss: 0.5810 | Train Acc: 0.7921 | Val Loss: 0.5378 | Val Acc: 0.7929 | Val F1: 0.7892
Epoch [007/300] | Duration: 32.41s | Train Loss: 0.5945 | Train Acc: 0.7731 | Val Loss: 0.5062 | Val Acc: 0.8333 | Val F1: 0.8326
🎉 New best model found! F1-Score: 0.8326. Saved to training_outputs/20250717-213241/best_model.pth
Epoch [008/300] | Duration: 32.45s | Train Loss: 0.5377 | Train Acc: 0.8099 | Val Loss: 0.4751 | Val Acc: 0.8384 | Val F1: 0.8358
🎉 New best model found! F1-Score: 0.8358. Saved to training_outputs/20250717-213241/best_model.pth
Epoch [009/300] | Duration: 32.08s | Train Loss: 0.5355 | Train Acc: 0.8086 | Val Loss: 0.4874 | Val Acc: 0.8182 | Val F1: 0.8166
Epoch [010/300] | Duration: 31.13s | Train Loss: 0.5399 | Train Acc: 0.8074 | Val Loss: 0.4625 | Val Acc: 0.8232 | Val F1: 0.8202
Epoch [011/300] | Duration: 27.47s | Train Loss: 0.5213 | Train Acc: 0.8124 | Val Loss: 0.4347 | Val Acc: 0.8384 | Val F1: 0.8378
🎉 New best model found! F1-Score: 0.8378. Saved to training_outputs/20250717-213241/best_model.pth
Epoch [012/300] | Duration: 24.99s | Train Loss: 0.5116 | Train Acc: 0.8099 | Val Loss: 0.4314 | Val Acc: 0.8485 | Val F1: 0.8482
🎉 New best model found! F1-Score: 0.8482. Saved to training_outputs/20250717-213241/best_model.pth
Epoch [013/300] | Duration: 27.65s | Train Loss: 0.5115 | Train Acc: 0.8238 | Val Loss: 0.4743 | Val Acc: 0.8131 | Val F1: 0.8114
Epoch [014/300] | Duration: 27.74s | Train Loss: 0.4879 | Train Acc: 0.8226 | Val Loss: 0.4298 | Val Acc: 0.8081 | Val F1: 0.8065
Epoch [015/300] | Duration: 27.54s | Train Loss: 0.4738 | Train Acc: 0.8289 | Val Loss: 0.4516 | Val Acc: 0.8283 | Val F1: 0.8261
Epoch [016/300] | Duration: 29.20s | Train Loss: 0.4890 | Train Acc: 0.8238 | Val Loss: 0.4526 | Val Acc: 0.8283 | Val F1: 0.8259
Epoch [017/300] | Duration: 30.30s | Train Loss: 0.4699 | Train Acc: 0.8390 | Val Loss: 0.4460 | Val Acc: 0.8232 | Val F1: 0.8198
Epoch [018/300] | Duration: 30.21s | Train Loss: 0.4543 | Train Acc: 0.8276 | Val Loss: 0.4378 | Val Acc: 0.8384 | Val F1: 0.8375
Epoch [019/300] | Duration: 29.94s | Train Loss: 0.4711 | Train Acc: 0.8238 | Val Loss: 0.4403 | Val Acc: 0.8283 | Val F1: 0.8253
Epoch [020/300] | Duration: 29.37s | Train Loss: 0.4759 | Train Acc: 0.8327 | Val Loss: 0.4410 | Val Acc: 0.8283 | Val F1: 0.8269
Epoch [021/300] | Duration: 28.32s | Train Loss: 0.4504 | Train Acc: 0.8466 | Val Loss: 0.4236 | Val Acc: 0.8232 | Val F1: 0.8216
Epoch [022/300] | Duration: 30.94s | Train Loss: 0.4655 | Train Acc: 0.8403 | Val Loss: 0.4008 | Val Acc: 0.8333 | Val F1: 0.8318
Epoch [023/300] | Duration: 29.60s | Train Loss: 0.4751 | Train Acc: 0.8416 | Val Loss: 0.4489 | Val Acc: 0.8131 | Val F1: 0.8093
Epoch [024/300] | Duration: 28.46s | Train Loss: 0.4414 | Train Acc: 0.8441 | Val Loss: 0.3943 | Val Acc: 0.8434 | Val F1: 0.8440
Epoch [025/300] | Duration: 28.79s | Train Loss: 0.4558 | Train Acc: 0.8428 | Val Loss: 0.4604 | Val Acc: 0.8283 | Val F1: 0.8261
Epoch [026/300] | Duration: 28.33s | Train Loss: 0.4255 | Train Acc: 0.8580 | Val Loss: 0.3955 | Val Acc: 0.8535 | Val F1: 0.8516
🎉 New best model found! F1-Score: 0.8516. Saved to training_outputs/20250717-213241/best_model.pth
Epoch [027/300] | Duration: 28.14s | Train Loss: 0.4019 | Train Acc: 0.8568 | Val Loss: 0.3761 | Val Acc: 0.8535 | Val F1: 0.8539
🎉 New best model found! F1-Score: 0.8539. Saved to training_outputs/20250717-213241/best_model.pth
Epoch [028/300] | Duration: 29.04s | Train Loss: 0.4147 | Train Acc: 0.8466 | Val Loss: 0.3754 | Val Acc: 0.8636 | Val F1: 0.8633
🎉 New best model found! F1-Score: 0.8633. Saved to training_outputs/20250717-213241/best_model.pth
Epoch [029/300] | Duration: 29.69s | Train Loss: 0.4080 | Train Acc: 0.8580 | Val Loss: 0.4267 | Val Acc: 0.8182 | Val F1: 0.8168
Epoch [030/300] | Duration: 32.31s | Train Loss: 0.3970 | Train Acc: 0.8517 | Val Loss: 0.3947 | Val Acc: 0.8384 | Val F1: 0.8371
Epoch [031/300] | Duration: 31.39s | Train Loss: 0.4036 | Train Acc: 0.8593 | Val Loss: 0.3908 | Val Acc: 0.8636 | Val F1: 0.8633
Epoch [032/300] | Duration: 31.23s | Train Loss: 0.4084 | Train Acc: 0.8542 | Val Loss: 0.4322 | Val Acc: 0.8283 | Val F1: 0.8276
Epoch [033/300] | Duration: 30.60s | Train Loss: 0.4115 | Train Acc: 0.8593 | Val Loss: 0.3793 | Val Acc: 0.8485 | Val F1: 0.8492
Epoch [034/300] | Duration: 33.73s | Train Loss: 0.3975 | Train Acc: 0.8568 | Val Loss: 0.3849 | Val Acc: 0.8485 | Val F1: 0.8477
Epoch [035/300] | Duration: 31.72s | Train Loss: 0.4205 | Train Acc: 0.8517 | Val Loss: 0.3697 | Val Acc: 0.8788 | Val F1: 0.8790
🎉 New best model found! F1-Score: 0.8790. Saved to training_outputs/20250717-213241/best_model.pth
Epoch [036/300] | Duration: 31.92s | Train Loss: 0.3869 | Train Acc: 0.8695 | Val Loss: 0.3834 | Val Acc: 0.8535 | Val F1: 0.8535
Epoch [037/300] | Duration: 33.27s | Train Loss: 0.4145 | Train Acc: 0.8542 | Val Loss: 0.3756 | Val Acc: 0.8636 | Val F1: 0.8642
Epoch [038/300] | Duration: 33.42s | Train Loss: 0.4024 | Train Acc: 0.8530 | Val Loss: 0.4142 | Val Acc: 0.8434 | Val F1: 0.8429
Epoch [039/300] | Duration: 31.26s | Train Loss: 0.4336 | Train Acc: 0.8466 | Val Loss: 0.4015 | Val Acc: 0.8636 | Val F1: 0.8636
Epoch [040/300] | Duration: 31.06s | Train Loss: 0.3888 | Train Acc: 0.8580 | Val Loss: 0.4012 | Val Acc: 0.8384 | Val F1: 0.8378
Epoch [041/300] | Duration: 30.33s | Train Loss: 0.3878 | Train Acc: 0.8619 | Val Loss: 0.4126 | Val Acc: 0.8485 | Val F1: 0.8478
Epoch [042/300] | Duration: 30.45s | Train Loss: 0.4069 | Train Acc: 0.8682 | Val Loss: 0.4082 | Val Acc: 0.8485 | Val F1: 0.8471
Epoch [043/300] | Duration: 31.40s | Train Loss: 0.4006 | Train Acc: 0.8593 | Val Loss: 0.3858 | Val Acc: 0.8687 | Val F1: 0.8687
Epoch [044/300] | Duration: 29.15s | Train Loss: 0.3740 | Train Acc: 0.8847 | Val Loss: 0.3695 | Val Acc: 0.8737 | Val F1: 0.8740
Epoch [045/300] | Duration: 29.44s | Train Loss: 0.3857 | Train Acc: 0.8733 | Val Loss: 0.3662 | Val Acc: 0.8687 | Val F1: 0.8685
Epoch [046/300] | Duration: 30.45s | Train Loss: 0.3828 | Train Acc: 0.8771 | Val Loss: 0.3785 | Val Acc: 0.8636 | Val F1: 0.8631
Epoch [047/300] | Duration: 30.34s | Train Loss: 0.3888 | Train Acc: 0.8504 | Val Loss: 0.3781 | Val Acc: 0.8636 | Val F1: 0.8631
Epoch [048/300] | Duration: 31.56s | Train Loss: 0.3848 | Train Acc: 0.8682 | Val Loss: 0.3773 | Val Acc: 0.8737 | Val F1: 0.8734
Epoch [049/300] | Duration: 32.07s | Train Loss: 0.3707 | Train Acc: 0.8555 | Val Loss: 0.4077 | Val Acc: 0.8485 | Val F1: 0.8476
Epoch [050/300] | Duration: 30.37s | Train Loss: 0.3579 | Train Acc: 0.8783 | Val Loss: 0.4052 | Val Acc: 0.8687 | Val F1: 0.8681
Epoch [051/300] | Duration: 27.30s | Train Loss: 0.3886 | Train Acc: 0.8416 | Val Loss: 0.3718 | Val Acc: 0.8485 | Val F1: 0.8486
Epoch [052/300] | Duration: 26.80s | Train Loss: 0.3595 | Train Acc: 0.8644 | Val Loss: 0.3627 | Val Acc: 0.8838 | Val F1: 0.8831
🎉 New best model found! F1-Score: 0.8831. Saved to training_outputs/20250717-213241/best_model.pth
Epoch [053/300] | Duration: 30.58s | Train Loss: 0.3687 | Train Acc: 0.8695 | Val Loss: 0.4135 | Val Acc: 0.8283 | Val F1: 0.8261
Epoch [054/300] | Duration: 31.75s | Train Loss: 0.3749 | Train Acc: 0.8568 | Val Loss: 0.3575 | Val Acc: 0.8737 | Val F1: 0.8734
Epoch [055/300] | Duration: 30.46s | Train Loss: 0.3644 | Train Acc: 0.8631 | Val Loss: 0.3687 | Val Acc: 0.8586 | Val F1: 0.8591
Epoch [056/300] | Duration: 29.86s | Train Loss: 0.3624 | Train Acc: 0.8720 | Val Loss: 0.4069 | Val Acc: 0.8485 | Val F1: 0.8485
Epoch [057/300] | Duration: 29.12s | Train Loss: 0.3664 | Train Acc: 0.8568 | Val Loss: 0.3678 | Val Acc: 0.8737 | Val F1: 0.8743
Epoch [058/300] | Duration: 29.88s | Train Loss: 0.3808 | Train Acc: 0.8783 | Val Loss: 0.3812 | Val Acc: 0.8636 | Val F1: 0.8628
Epoch [059/300] | Duration: 30.25s | Train Loss: 0.3600 | Train Acc: 0.8657 | Val Loss: 0.3604 | Val Acc: 0.8737 | Val F1: 0.8735
Epoch [060/300] | Duration: 29.61s | Train Loss: 0.3476 | Train Acc: 0.8821 | Val Loss: 0.3782 | Val Acc: 0.8838 | Val F1: 0.8841
🎉 New best model found! F1-Score: 0.8841. Saved to training_outputs/20250717-213241/best_model.pth
Epoch [061/300] | Duration: 28.81s | Train Loss: 0.3388 | Train Acc: 0.8707 | Val Loss: 0.3797 | Val Acc: 0.8788 | Val F1: 0.8790
Epoch [062/300] | Duration: 29.47s | Train Loss: 0.3404 | Train Acc: 0.8948 | Val Loss: 0.3779 | Val Acc: 0.8636 | Val F1: 0.8633
Epoch [063/300] | Duration: 29.03s | Train Loss: 0.3468 | Train Acc: 0.8580 | Val Loss: 0.4410 | Val Acc: 0.8232 | Val F1: 0.8229
Epoch [064/300] | Duration: 33.17s | Train Loss: 0.3795 | Train Acc: 0.8619 | Val Loss: 0.3810 | Val Acc: 0.8687 | Val F1: 0.8692
Epoch [065/300] | Duration: 29.55s | Train Loss: 0.3448 | Train Acc: 0.8809 | Val Loss: 0.3634 | Val Acc: 0.8687 | Val F1: 0.8674
Epoch [066/300] | Duration: 28.29s | Train Loss: 0.3388 | Train Acc: 0.8834 | Val Loss: 0.3521 | Val Acc: 0.8788 | Val F1: 0.8788
Epoch [067/300] | Duration: 25.83s | Train Loss: 0.3035 | Train Acc: 0.9011 | Val Loss: 0.3658 | Val Acc: 0.8889 | Val F1: 0.8887
🎉 New best model found! F1-Score: 0.8887. Saved to training_outputs/20250717-213241/best_model.pth
Epoch [068/300] | Duration: 26.61s | Train Loss: 0.3510 | Train Acc: 0.8707 | Val Loss: 0.3672 | Val Acc: 0.8838 | Val F1: 0.8836
Epoch [069/300] | Duration: 28.51s | Train Loss: 0.3144 | Train Acc: 0.9011 | Val Loss: 0.3631 | Val Acc: 0.8838 | Val F1: 0.8839
Epoch [070/300] | Duration: 30.48s | Train Loss: 0.3569 | Train Acc: 0.8771 | Val Loss: 0.3450 | Val Acc: 0.8838 | Val F1: 0.8839
Epoch [071/300] | Duration: 30.20s | Train Loss: 0.3311 | Train Acc: 0.8809 | Val Loss: 0.3509 | Val Acc: 0.8939 | Val F1: 0.8936
🎉 New best model found! F1-Score: 0.8936. Saved to training_outputs/20250717-213241/best_model.pth
Epoch [072/300] | Duration: 30.44s | Train Loss: 0.3251 | Train Acc: 0.8809 | Val Loss: 0.3475 | Val Acc: 0.8838 | Val F1: 0.8842
Epoch [073/300] | Duration: 30.36s | Train Loss: 0.3355 | Train Acc: 0.8872 | Val Loss: 0.3705 | Val Acc: 0.8889 | Val F1: 0.8886
Epoch [074/300] | Duration: 31.25s | Train Loss: 0.3404 | Train Acc: 0.8733 | Val Loss: 0.3562 | Val Acc: 0.8788 | Val F1: 0.8777
Epoch [075/300] | Duration: 32.00s | Train Loss: 0.2838 | Train Acc: 0.9024 | Val Loss: 0.3611 | Val Acc: 0.8788 | Val F1: 0.8789
Epoch [076/300] | Duration: 31.79s | Train Loss: 0.3120 | Train Acc: 0.9011 | Val Loss: 0.3634 | Val Acc: 0.8889 | Val F1: 0.8890
Epoch [077/300] | Duration: 32.71s | Train Loss: 0.3209 | Train Acc: 0.8796 | Val Loss: 0.3652 | Val Acc: 0.8636 | Val F1: 0.8641
Epoch [078/300] | Duration: 30.54s | Train Loss: 0.3157 | Train Acc: 0.8834 | Val Loss: 0.3635 | Val Acc: 0.8788 | Val F1: 0.8790
Epoch [079/300] | Duration: 31.53s | Train Loss: 0.3341 | Train Acc: 0.8910 | Val Loss: 0.3527 | Val Acc: 0.8838 | Val F1: 0.8841
Epoch [080/300] | Duration: 28.43s | Train Loss: 0.3265 | Train Acc: 0.8935 | Val Loss: 0.3537 | Val Acc: 0.8838 | Val F1: 0.8842
Epoch [081/300] | Duration: 28.38s | Train Loss: 0.2999 | Train Acc: 0.9024 | Val Loss: 0.3594 | Val Acc: 0.8788 | Val F1: 0.8792
Epoch [082/300] | Duration: 29.04s | Train Loss: 0.3432 | Train Acc: 0.8707 | Val Loss: 0.3578 | Val Acc: 0.8838 | Val F1: 0.8842
Epoch [083/300] | Duration: 29.74s | Train Loss: 0.3050 | Train Acc: 0.8859 | Val Loss: 0.3559 | Val Acc: 0.8838 | Val F1: 0.8841
Epoch [084/300] | Duration: 32.78s | Train Loss: 0.3056 | Train Acc: 0.8935 | Val Loss: 0.3615 | Val Acc: 0.8737 | Val F1: 0.8732
Epoch [085/300] | Duration: 30.86s | Train Loss: 0.3051 | Train Acc: 0.8973 | Val Loss: 0.3578 | Val Acc: 0.8889 | Val F1: 0.8887
Epoch [086/300] | Duration: 28.73s | Train Loss: 0.2983 | Train Acc: 0.9011 | Val Loss: 0.3650 | Val Acc: 0.8889 | Val F1: 0.8891
Epoch [087/300] | Duration: 28.43s | Train Loss: 0.2991 | Train Acc: 0.9011 | Val Loss: 0.3651 | Val Acc: 0.8838 | Val F1: 0.8839
Epoch [088/300] | Duration: 28.23s | Train Loss: 0.2983 | Train Acc: 0.8923 | Val Loss: 0.3622 | Val Acc: 0.8788 | Val F1: 0.8787
Epoch [089/300] | Duration: 30.28s | Train Loss: 0.3292 | Train Acc: 0.8771 | Val Loss: 0.3628 | Val Acc: 0.8737 | Val F1: 0.8732
Epoch [090/300] | Duration: 29.18s | Train Loss: 0.3060 | Train Acc: 0.9011 | Val Loss: 0.3540 | Val Acc: 0.8889 | Val F1: 0.8891
Epoch [091/300] | Duration: 27.19s | Train Loss: 0.3305 | Train Acc: 0.8885 | Val Loss: 0.3554 | Val Acc: 0.8889 | Val F1: 0.8890
Epoch [092/300] | Duration: 26.49s | Train Loss: 0.2900 | Train Acc: 0.8986 | Val Loss: 0.3532 | Val Acc: 0.8939 | Val F1: 0.8941
🎉 New best model found! F1-Score: 0.8941. Saved to training_outputs/20250717-213241/best_model.pth
Epoch [093/300] | Duration: 26.25s | Train Loss: 0.2993 | Train Acc: 0.8973 | Val Loss: 0.3562 | Val Acc: 0.8939 | Val F1: 0.8940
Epoch [094/300] | Duration: 31.37s | Train Loss: 0.3115 | Train Acc: 0.9037 | Val Loss: 0.3597 | Val Acc: 0.8687 | Val F1: 0.8680
Epoch [095/300] | Duration: 30.78s | Train Loss: 0.3121 | Train Acc: 0.8834 | Val Loss: 0.3546 | Val Acc: 0.8788 | Val F1: 0.8792
Epoch [096/300] | Duration: 30.19s | Train Loss: 0.3449 | Train Acc: 0.8897 | Val Loss: 0.3537 | Val Acc: 0.8889 | Val F1: 0.8889
Epoch [097/300] | Duration: 28.21s | Train Loss: 0.3067 | Train Acc: 0.8961 | Val Loss: 0.3639 | Val Acc: 0.8788 | Val F1: 0.8786
Epoch [098/300] | Duration: 28.38s | Train Loss: 0.3054 | Train Acc: 0.8897 | Val Loss: 0.3736 | Val Acc: 0.8788 | Val F1: 0.8786
Epoch [099/300] | Duration: 29.55s | Train Loss: 0.2995 | Train Acc: 0.8897 | Val Loss: 0.3567 | Val Acc: 0.8889 | Val F1: 0.8892
Epoch [100/300] | Duration: 30.61s | Train Loss: 0.3451 | Train Acc: 0.8821 | Val Loss: 0.3524 | Val Acc: 0.8838 | Val F1: 0.8841
Epoch [101/300] | Duration: 31.74s | Train Loss: 0.3009 | Train Acc: 0.8923 | Val Loss: 0.3515 | Val Acc: 0.8788 | Val F1: 0.8791
Epoch [102/300] | Duration: 32.68s | Train Loss: 0.3320 | Train Acc: 0.8961 | Val Loss: 0.3514 | Val Acc: 0.8838 | Val F1: 0.8841
Epoch [103/300] | Duration: 31.86s | Train Loss: 0.3293 | Train Acc: 0.8910 | Val Loss: 0.3479 | Val Acc: 0.8788 | Val F1: 0.8786
Epoch [104/300] | Duration: 30.65s | Train Loss: 0.2732 | Train Acc: 0.9075 | Val Loss: 0.3565 | Val Acc: 0.8889 | Val F1: 0.8891
Epoch [105/300] | Duration: 33.55s | Train Loss: 0.2976 | Train Acc: 0.8809 | Val Loss: 0.3547 | Val Acc: 0.8889 | Val F1: 0.8892
Epoch [106/300] | Duration: 30.91s | Train Loss: 0.2987 | Train Acc: 0.8961 | Val Loss: 0.3590 | Val Acc: 0.8889 | Val F1: 0.8891
Epoch [107/300] | Duration: 30.46s | Train Loss: 0.3094 | Train Acc: 0.8935 | Val Loss: 0.3620 | Val Acc: 0.8889 | Val F1: 0.8889
Epoch [108/300] | Duration: 29.82s | Train Loss: 0.3319 | Train Acc: 0.8847 | Val Loss: 0.3597 | Val Acc: 0.8939 | Val F1: 0.8941
Epoch [109/300] | Duration: 30.76s | Train Loss: 0.3291 | Train Acc: 0.8758 | Val Loss: 0.3584 | Val Acc: 0.8788 | Val F1: 0.8792
Epoch [110/300] | Duration: 30.13s | Train Loss: 0.3106 | Train Acc: 0.8910 | Val Loss: 0.3548 | Val Acc: 0.8788 | Val F1: 0.8791
Epoch [111/300] | Duration: 29.31s | Train Loss: 0.3209 | Train Acc: 0.8847 | Val Loss: 0.3551 | Val Acc: 0.8737 | Val F1: 0.8735
Epoch [112/300] | Duration: 30.29s | Train Loss: 0.3314 | Train Acc: 0.8758 | Val Loss: 0.3653 | Val Acc: 0.8889 | Val F1: 0.8890
Epoch [113/300] | Duration: 29.71s | Train Loss: 0.3066 | Train Acc: 0.8859 | Val Loss: 0.3667 | Val Acc: 0.8889 | Val F1: 0.8892
Epoch [114/300] | Duration: 29.96s | Train Loss: 0.2954 | Train Acc: 0.8897 | Val Loss: 0.3747 | Val Acc: 0.8737 | Val F1: 0.8739
Epoch [115/300] | Duration: 31.12s | Train Loss: 0.2908 | Train Acc: 0.8973 | Val Loss: 0.3609 | Val Acc: 0.8889 | Val F1: 0.8892
Epoch [116/300] | Duration: 27.56s | Train Loss: 0.3077 | Train Acc: 0.8910 | Val Loss: 0.3692 | Val Acc: 0.8737 | Val F1: 0.8737
Epoch [117/300] | Duration: 29.73s | Train Loss: 0.2981 | Train Acc: 0.9024 | Val Loss: 0.3554 | Val Acc: 0.8838 | Val F1: 0.8838

🛑 Early stopping triggered after 25 epochs with no improvement.

✅ Training finished.

💾 Saving final artifacts...
Loaded best model from training_outputs/20250717-213241/best_model.pth for final evaluation.
📈 Saved training metrics plot to training_outputs/20250717-213241/training_metrics.png
📊 Saved final confusion matrix to training_outputs/20250717-213241/final_confusion_matrix.png
📝 Saved final classification report to training_outputs/20250717-213241/final_classification_report.txt

✨ Run complete.
