The following modules were not unloaded:
  (Use "module --force purge" to unload all):

  1) modules/2.3-20240529   2) openblas/single-0.3.26
🚀 Starting Run. All outputs will be saved to: training_outputs/20250717-173255
⚙️ Using device: cuda
Hyperparameters: {'input_depth': 64, 'input_height': 64, 'input_width': 64, 'num_classes': 3, 'classes_names': ['mitotic', 'new_daughter', 'stable'], 'learning_rate': 0.0001, 'batch_size': 16, 'num_epochs': 300, 'num_input_channels': 4, 'max_samples_per_class': {'mitotic': 329, 'new_daughter': 329, 'stable': 329}, 'class_weights': [1, 1, 1]}

Loading datasets...
Dataset loaded with 987 total samples:
  - mitotic: 329 samples
  - new_daughter: 329 samples
  - stable: 329 samples
  Applied per-class limits:
    - mitotic: 329 max samples
    - new_daughter: 329 max samples
    - stable: 329 max samples
Dataset loaded with 987 total samples:
  - mitotic: 329 samples
  - new_daughter: 329 samples
  - stable: 329 samples
  Applied per-class limits:
    - mitotic: 329 max samples
    - new_daughter: 329 max samples
    - stable: 329 max samples

Training on 789 samples, validating on 198 samples.
Model has 71,379 trainable parameters.

--- Starting Training ---
Epoch [001/300] | Duration: 55.38s | Train Loss: 0.9542 | Train Acc: 0.6248 | Val Loss: 0.9937 | Val Acc: 0.5455 | Val F1: 0.4360
🎉 New best model found! F1-Score: 0.4360. Saved to training_outputs/20250717-173255/best_model.pth
Epoch [002/300] | Duration: 30.27s | Train Loss: 0.8255 | Train Acc: 0.6692 | Val Loss: 0.7629 | Val Acc: 0.6616 | Val F1: 0.6357
🎉 New best model found! F1-Score: 0.6357. Saved to training_outputs/20250717-173255/best_model.pth
Epoch [003/300] | Duration: 30.43s | Train Loss: 0.7938 | Train Acc: 0.6705 | Val Loss: 0.7406 | Val Acc: 0.6616 | Val F1: 0.6311
Epoch [004/300] | Duration: 30.53s | Train Loss: 0.7526 | Train Acc: 0.7047 | Val Loss: 0.7033 | Val Acc: 0.6869 | Val F1: 0.6692
🎉 New best model found! F1-Score: 0.6692. Saved to training_outputs/20250717-173255/best_model.pth
Epoch [005/300] | Duration: 30.15s | Train Loss: 0.7513 | Train Acc: 0.6819 | Val Loss: 0.6529 | Val Acc: 0.7020 | Val F1: 0.6855
🎉 New best model found! F1-Score: 0.6855. Saved to training_outputs/20250717-173255/best_model.pth
Epoch [006/300] | Duration: 30.39s | Train Loss: 0.7045 | Train Acc: 0.7136 | Val Loss: 0.6700 | Val Acc: 0.7172 | Val F1: 0.7034
🎉 New best model found! F1-Score: 0.7034. Saved to training_outputs/20250717-173255/best_model.pth
Epoch [007/300] | Duration: 30.58s | Train Loss: 0.7019 | Train Acc: 0.7262 | Val Loss: 0.6247 | Val Acc: 0.7374 | Val F1: 0.7299
🎉 New best model found! F1-Score: 0.7299. Saved to training_outputs/20250717-173255/best_model.pth
Epoch [008/300] | Duration: 30.99s | Train Loss: 0.6862 | Train Acc: 0.7262 | Val Loss: 0.6267 | Val Acc: 0.7222 | Val F1: 0.7111
Epoch [009/300] | Duration: 29.55s | Train Loss: 0.6699 | Train Acc: 0.7465 | Val Loss: 0.6521 | Val Acc: 0.7626 | Val F1: 0.7464
🎉 New best model found! F1-Score: 0.7464. Saved to training_outputs/20250717-173255/best_model.pth
Epoch [010/300] | Duration: 30.27s | Train Loss: 0.6600 | Train Acc: 0.7313 | Val Loss: 0.6029 | Val Acc: 0.7727 | Val F1: 0.7621
🎉 New best model found! F1-Score: 0.7621. Saved to training_outputs/20250717-173255/best_model.pth
Epoch [011/300] | Duration: 30.70s | Train Loss: 0.6299 | Train Acc: 0.7516 | Val Loss: 0.5773 | Val Acc: 0.7778 | Val F1: 0.7708
🎉 New best model found! F1-Score: 0.7708. Saved to training_outputs/20250717-173255/best_model.pth
Epoch [012/300] | Duration: 30.93s | Train Loss: 0.6327 | Train Acc: 0.7630 | Val Loss: 0.5884 | Val Acc: 0.8131 | Val F1: 0.8093
🎉 New best model found! F1-Score: 0.8093. Saved to training_outputs/20250717-173255/best_model.pth
Epoch [013/300] | Duration: 31.05s | Train Loss: 0.5945 | Train Acc: 0.7845 | Val Loss: 0.5612 | Val Acc: 0.7980 | Val F1: 0.7931
Epoch [014/300] | Duration: 30.48s | Train Loss: 0.5946 | Train Acc: 0.7719 | Val Loss: 0.5522 | Val Acc: 0.7980 | Val F1: 0.7908
Epoch [015/300] | Duration: 30.27s | Train Loss: 0.5949 | Train Acc: 0.7731 | Val Loss: 0.5304 | Val Acc: 0.8232 | Val F1: 0.8214
🎉 New best model found! F1-Score: 0.8214. Saved to training_outputs/20250717-173255/best_model.pth
Epoch [016/300] | Duration: 30.87s | Train Loss: 0.5660 | Train Acc: 0.7896 | Val Loss: 0.5377 | Val Acc: 0.8131 | Val F1: 0.8093
Epoch [017/300] | Duration: 30.26s | Train Loss: 0.5730 | Train Acc: 0.7947 | Val Loss: 0.5231 | Val Acc: 0.8182 | Val F1: 0.8167
Epoch [018/300] | Duration: 30.91s | Train Loss: 0.5639 | Train Acc: 0.7959 | Val Loss: 0.5236 | Val Acc: 0.8182 | Val F1: 0.8148
Epoch [019/300] | Duration: 30.81s | Train Loss: 0.5651 | Train Acc: 0.7997 | Val Loss: 0.4986 | Val Acc: 0.8434 | Val F1: 0.8415
🎉 New best model found! F1-Score: 0.8415. Saved to training_outputs/20250717-173255/best_model.pth
Epoch [020/300] | Duration: 31.25s | Train Loss: 0.5460 | Train Acc: 0.8023 | Val Loss: 0.4791 | Val Acc: 0.8131 | Val F1: 0.8120
Epoch [021/300] | Duration: 30.10s | Train Loss: 0.5369 | Train Acc: 0.8137 | Val Loss: 0.4892 | Val Acc: 0.8081 | Val F1: 0.8047
Epoch [022/300] | Duration: 31.11s | Train Loss: 0.5338 | Train Acc: 0.7883 | Val Loss: 0.4993 | Val Acc: 0.8232 | Val F1: 0.8220
Epoch [023/300] | Duration: 30.08s | Train Loss: 0.5293 | Train Acc: 0.8086 | Val Loss: 0.5349 | Val Acc: 0.7828 | Val F1: 0.7799
Epoch [024/300] | Duration: 51.37s | Train Loss: 0.5169 | Train Acc: 0.7985 | Val Loss: 0.5026 | Val Acc: 0.8081 | Val F1: 0.8046
Epoch [025/300] | Duration: 59.35s | Train Loss: 0.4984 | Train Acc: 0.8175 | Val Loss: 0.4789 | Val Acc: 0.8333 | Val F1: 0.8310
Epoch [026/300] | Duration: 29.61s | Train Loss: 0.5093 | Train Acc: 0.8150 | Val Loss: 0.4966 | Val Acc: 0.8182 | Val F1: 0.8144
Epoch [027/300] | Duration: 29.93s | Train Loss: 0.5091 | Train Acc: 0.8200 | Val Loss: 0.4499 | Val Acc: 0.8636 | Val F1: 0.8628
🎉 New best model found! F1-Score: 0.8628. Saved to training_outputs/20250717-173255/best_model.pth
Epoch [028/300] | Duration: 30.69s | Train Loss: 0.4663 | Train Acc: 0.8441 | Val Loss: 0.4318 | Val Acc: 0.8535 | Val F1: 0.8526
Epoch [029/300] | Duration: 30.57s | Train Loss: 0.4856 | Train Acc: 0.8238 | Val Loss: 0.5055 | Val Acc: 0.8131 | Val F1: 0.8129
Epoch [030/300] | Duration: 30.41s | Train Loss: 0.4931 | Train Acc: 0.8302 | Val Loss: 0.4583 | Val Acc: 0.8485 | Val F1: 0.8474
Epoch [031/300] | Duration: 29.69s | Train Loss: 0.4673 | Train Acc: 0.8365 | Val Loss: 0.4619 | Val Acc: 0.8333 | Val F1: 0.8330
Epoch [032/300] | Duration: 30.57s | Train Loss: 0.4576 | Train Acc: 0.8289 | Val Loss: 0.4526 | Val Acc: 0.8384 | Val F1: 0.8385
Epoch [033/300] | Duration: 30.64s | Train Loss: 0.4725 | Train Acc: 0.8264 | Val Loss: 0.4814 | Val Acc: 0.8030 | Val F1: 0.8016
Epoch [034/300] | Duration: 30.04s | Train Loss: 0.4645 | Train Acc: 0.8314 | Val Loss: 0.5004 | Val Acc: 0.8283 | Val F1: 0.8268
Epoch [035/300] | Duration: 30.26s | Train Loss: 0.4584 | Train Acc: 0.8264 | Val Loss: 0.4748 | Val Acc: 0.8232 | Val F1: 0.8223
Epoch [036/300] | Duration: 31.47s | Train Loss: 0.4416 | Train Acc: 0.8517 | Val Loss: 0.4567 | Val Acc: 0.8586 | Val F1: 0.8581
Epoch [037/300] | Duration: 30.48s | Train Loss: 0.4464 | Train Acc: 0.8403 | Val Loss: 0.4231 | Val Acc: 0.8434 | Val F1: 0.8419
Epoch [038/300] | Duration: 30.42s | Train Loss: 0.4603 | Train Acc: 0.8403 | Val Loss: 0.4298 | Val Acc: 0.8485 | Val F1: 0.8469
Epoch [039/300] | Duration: 30.59s | Train Loss: 0.4398 | Train Acc: 0.8504 | Val Loss: 0.5025 | Val Acc: 0.8283 | Val F1: 0.8264
Epoch [040/300] | Duration: 30.06s | Train Loss: 0.4491 | Train Acc: 0.8340 | Val Loss: 0.4484 | Val Acc: 0.8182 | Val F1: 0.8167
Epoch [041/300] | Duration: 30.19s | Train Loss: 0.4401 | Train Acc: 0.8479 | Val Loss: 0.4340 | Val Acc: 0.8535 | Val F1: 0.8523
Epoch [042/300] | Duration: 30.52s | Train Loss: 0.4292 | Train Acc: 0.8466 | Val Loss: 0.4155 | Val Acc: 0.8586 | Val F1: 0.8583
Epoch [043/300] | Duration: 29.44s | Train Loss: 0.4107 | Train Acc: 0.8568 | Val Loss: 0.4915 | Val Acc: 0.8384 | Val F1: 0.8364
Epoch [044/300] | Duration: 30.87s | Train Loss: 0.4388 | Train Acc: 0.8479 | Val Loss: 0.4381 | Val Acc: 0.8333 | Val F1: 0.8327
Epoch [045/300] | Duration: 30.44s | Train Loss: 0.4098 | Train Acc: 0.8378 | Val Loss: 0.4327 | Val Acc: 0.8535 | Val F1: 0.8522
Epoch [046/300] | Duration: 30.56s | Train Loss: 0.4176 | Train Acc: 0.8479 | Val Loss: 0.4471 | Val Acc: 0.8485 | Val F1: 0.8474
Epoch [047/300] | Duration: 30.07s | Train Loss: 0.3973 | Train Acc: 0.8644 | Val Loss: 0.4052 | Val Acc: 0.8535 | Val F1: 0.8532
Epoch [048/300] | Duration: 30.29s | Train Loss: 0.3823 | Train Acc: 0.8758 | Val Loss: 0.4285 | Val Acc: 0.8434 | Val F1: 0.8419
Epoch [049/300] | Duration: 29.48s | Train Loss: 0.4080 | Train Acc: 0.8644 | Val Loss: 0.4315 | Val Acc: 0.8687 | Val F1: 0.8683
🎉 New best model found! F1-Score: 0.8683. Saved to training_outputs/20250717-173255/best_model.pth
Epoch [050/300] | Duration: 29.80s | Train Loss: 0.3892 | Train Acc: 0.8695 | Val Loss: 0.4296 | Val Acc: 0.8586 | Val F1: 0.8583
Epoch [051/300] | Duration: 30.58s | Train Loss: 0.4111 | Train Acc: 0.8593 | Val Loss: 0.4457 | Val Acc: 0.8586 | Val F1: 0.8578
Epoch [052/300] | Duration: 30.53s | Train Loss: 0.4101 | Train Acc: 0.8504 | Val Loss: 0.3913 | Val Acc: 0.8485 | Val F1: 0.8485
Epoch [053/300] | Duration: 30.58s | Train Loss: 0.4231 | Train Acc: 0.8568 | Val Loss: 0.4339 | Val Acc: 0.8333 | Val F1: 0.8335
Epoch [054/300] | Duration: 30.79s | Train Loss: 0.3797 | Train Acc: 0.8619 | Val Loss: 0.4681 | Val Acc: 0.8232 | Val F1: 0.8174
Epoch [055/300] | Duration: 30.89s | Train Loss: 0.4031 | Train Acc: 0.8454 | Val Loss: 0.4699 | Val Acc: 0.8384 | Val F1: 0.8369
Epoch [056/300] | Duration: 30.20s | Train Loss: 0.3908 | Train Acc: 0.8542 | Val Loss: 0.4536 | Val Acc: 0.8687 | Val F1: 0.8680
Epoch [057/300] | Duration: 30.49s | Train Loss: 0.3973 | Train Acc: 0.8593 | Val Loss: 0.4838 | Val Acc: 0.8182 | Val F1: 0.8203
Epoch [058/300] | Duration: 30.07s | Train Loss: 0.3842 | Train Acc: 0.8619 | Val Loss: 0.4493 | Val Acc: 0.8485 | Val F1: 0.8481
Epoch [059/300] | Duration: 29.80s | Train Loss: 0.3735 | Train Acc: 0.8695 | Val Loss: 0.4218 | Val Acc: 0.8687 | Val F1: 0.8676
Epoch [060/300] | Duration: 30.23s | Train Loss: 0.3634 | Train Acc: 0.8720 | Val Loss: 0.4375 | Val Acc: 0.8434 | Val F1: 0.8438
Epoch [061/300] | Duration: 30.04s | Train Loss: 0.3667 | Train Acc: 0.8745 | Val Loss: 0.5032 | Val Acc: 0.8283 | Val F1: 0.8272
Epoch [062/300] | Duration: 30.29s | Train Loss: 0.3696 | Train Acc: 0.8758 | Val Loss: 0.4246 | Val Acc: 0.8636 | Val F1: 0.8628
Epoch [063/300] | Duration: 30.43s | Train Loss: 0.3740 | Train Acc: 0.8669 | Val Loss: 0.4499 | Val Acc: 0.8384 | Val F1: 0.8381
Epoch [064/300] | Duration: 29.97s | Train Loss: 0.3961 | Train Acc: 0.8555 | Val Loss: 0.5277 | Val Acc: 0.7929 | Val F1: 0.7960
Epoch [065/300] | Duration: 30.15s | Train Loss: 0.3759 | Train Acc: 0.8745 | Val Loss: 0.4179 | Val Acc: 0.8586 | Val F1: 0.8588
Epoch [066/300] | Duration: 30.95s | Train Loss: 0.3549 | Train Acc: 0.8783 | Val Loss: 0.4102 | Val Acc: 0.8586 | Val F1: 0.8581
Epoch [067/300] | Duration: 30.48s | Train Loss: 0.3594 | Train Acc: 0.8657 | Val Loss: 0.3808 | Val Acc: 0.8788 | Val F1: 0.8779
🎉 New best model found! F1-Score: 0.8779. Saved to training_outputs/20250717-173255/best_model.pth
Epoch [068/300] | Duration: 31.09s | Train Loss: 0.3383 | Train Acc: 0.8910 | Val Loss: 0.4112 | Val Acc: 0.8535 | Val F1: 0.8541
Epoch [069/300] | Duration: 30.42s | Train Loss: 0.3516 | Train Acc: 0.8872 | Val Loss: 0.4452 | Val Acc: 0.8636 | Val F1: 0.8632
Epoch [070/300] | Duration: 30.82s | Train Loss: 0.3691 | Train Acc: 0.8669 | Val Loss: 0.3881 | Val Acc: 0.8838 | Val F1: 0.8829
🎉 New best model found! F1-Score: 0.8829. Saved to training_outputs/20250717-173255/best_model.pth
Epoch [071/300] | Duration: 30.73s | Train Loss: 0.3796 | Train Acc: 0.8758 | Val Loss: 0.4117 | Val Acc: 0.8535 | Val F1: 0.8541
Epoch [072/300] | Duration: 30.79s | Train Loss: 0.3590 | Train Acc: 0.8783 | Val Loss: 0.4356 | Val Acc: 0.8586 | Val F1: 0.8581
Epoch [073/300] | Duration: 30.20s | Train Loss: 0.3723 | Train Acc: 0.8568 | Val Loss: 0.4169 | Val Acc: 0.8687 | Val F1: 0.8678
Epoch [074/300] | Duration: 29.91s | Train Loss: 0.3570 | Train Acc: 0.8796 | Val Loss: 0.4288 | Val Acc: 0.8485 | Val F1: 0.8484
Epoch [075/300] | Duration: 30.41s | Train Loss: 0.3475 | Train Acc: 0.8631 | Val Loss: 0.4064 | Val Acc: 0.8636 | Val F1: 0.8635
Epoch [076/300] | Duration: 30.16s | Train Loss: 0.3422 | Train Acc: 0.8809 | Val Loss: 0.4628 | Val Acc: 0.8333 | Val F1: 0.8337
Epoch [077/300] | Duration: 29.16s | Train Loss: 0.3781 | Train Acc: 0.8517 | Val Loss: 0.4245 | Val Acc: 0.8485 | Val F1: 0.8485
Epoch [078/300] | Duration: 30.04s | Train Loss: 0.3377 | Train Acc: 0.8682 | Val Loss: 0.4120 | Val Acc: 0.8737 | Val F1: 0.8734
Epoch [079/300] | Duration: 30.59s | Train Loss: 0.3286 | Train Acc: 0.8923 | Val Loss: 0.4059 | Val Acc: 0.8838 | Val F1: 0.8835
🎉 New best model found! F1-Score: 0.8835. Saved to training_outputs/20250717-173255/best_model.pth
Epoch [080/300] | Duration: 30.14s | Train Loss: 0.3396 | Train Acc: 0.8796 | Val Loss: 0.4376 | Val Acc: 0.8535 | Val F1: 0.8530
Epoch [081/300] | Duration: 30.47s | Train Loss: 0.3831 | Train Acc: 0.8669 | Val Loss: 0.4127 | Val Acc: 0.8586 | Val F1: 0.8579
Epoch [082/300] | Duration: 30.70s | Train Loss: 0.3284 | Train Acc: 0.8847 | Val Loss: 0.5057 | Val Acc: 0.8333 | Val F1: 0.8322
Epoch [083/300] | Duration: 30.90s | Train Loss: 0.3738 | Train Acc: 0.8631 | Val Loss: 0.4289 | Val Acc: 0.8535 | Val F1: 0.8527
Epoch [084/300] | Duration: 30.34s | Train Loss: 0.3444 | Train Acc: 0.8796 | Val Loss: 0.3744 | Val Acc: 0.8737 | Val F1: 0.8730
Epoch [085/300] | Duration: 30.30s | Train Loss: 0.3454 | Train Acc: 0.8745 | Val Loss: 0.4875 | Val Acc: 0.8384 | Val F1: 0.8377
Epoch [086/300] | Duration: 30.10s | Train Loss: 0.3592 | Train Acc: 0.8504 | Val Loss: 0.3881 | Val Acc: 0.8788 | Val F1: 0.8790
Epoch [087/300] | Duration: 29.86s | Train Loss: 0.3275 | Train Acc: 0.8897 | Val Loss: 0.4230 | Val Acc: 0.8687 | Val F1: 0.8688
Epoch [088/300] | Duration: 29.66s | Train Loss: 0.3392 | Train Acc: 0.8771 | Val Loss: 0.4675 | Val Acc: 0.8434 | Val F1: 0.8449
Epoch [089/300] | Duration: 30.22s | Train Loss: 0.3351 | Train Acc: 0.8796 | Val Loss: 0.4275 | Val Acc: 0.8737 | Val F1: 0.8734
Epoch [090/300] | Duration: 30.40s | Train Loss: 0.3175 | Train Acc: 0.8923 | Val Loss: 0.4335 | Val Acc: 0.8586 | Val F1: 0.8582
Epoch [091/300] | Duration: 29.88s | Train Loss: 0.3183 | Train Acc: 0.8859 | Val Loss: 0.4261 | Val Acc: 0.8636 | Val F1: 0.8634
Epoch [092/300] | Duration: 30.85s | Train Loss: 0.3216 | Train Acc: 0.8847 | Val Loss: 0.4169 | Val Acc: 0.8535 | Val F1: 0.8539
Epoch [093/300] | Duration: 29.98s | Train Loss: 0.3089 | Train Acc: 0.8897 | Val Loss: 0.4430 | Val Acc: 0.8737 | Val F1: 0.8743
Epoch [094/300] | Duration: 30.96s | Train Loss: 0.3293 | Train Acc: 0.8834 | Val Loss: 0.5864 | Val Acc: 0.7778 | Val F1: 0.7794
Epoch [095/300] | Duration: 29.96s | Train Loss: 0.3219 | Train Acc: 0.8872 | Val Loss: 0.4490 | Val Acc: 0.8485 | Val F1: 0.8495
Epoch [096/300] | Duration: 29.69s | Train Loss: 0.3206 | Train Acc: 0.8859 | Val Loss: 0.3947 | Val Acc: 0.8737 | Val F1: 0.8737
Epoch [097/300] | Duration: 30.01s | Train Loss: 0.3350 | Train Acc: 0.8783 | Val Loss: 0.4294 | Val Acc: 0.8636 | Val F1: 0.8638
Epoch [098/300] | Duration: 29.79s | Train Loss: 0.3507 | Train Acc: 0.8809 | Val Loss: 0.4898 | Val Acc: 0.8535 | Val F1: 0.8521
Epoch [099/300] | Duration: 30.47s | Train Loss: 0.3319 | Train Acc: 0.8783 | Val Loss: 0.4409 | Val Acc: 0.8687 | Val F1: 0.8680
Epoch [100/300] | Duration: 30.05s | Train Loss: 0.3293 | Train Acc: 0.8834 | Val Loss: 0.4823 | Val Acc: 0.8232 | Val F1: 0.8223
Epoch [101/300] | Duration: 28.48s | Train Loss: 0.3008 | Train Acc: 0.9024 | Val Loss: 0.3729 | Val Acc: 0.8737 | Val F1: 0.8731
Epoch [102/300] | Duration: 29.88s | Train Loss: 0.3181 | Train Acc: 0.8847 | Val Loss: 0.4453 | Val Acc: 0.8636 | Val F1: 0.8630
Epoch [103/300] | Duration: 28.87s | Train Loss: 0.3210 | Train Acc: 0.8821 | Val Loss: 0.4297 | Val Acc: 0.8687 | Val F1: 0.8685
Epoch [104/300] | Duration: 29.92s | Train Loss: 0.3071 | Train Acc: 0.8796 | Val Loss: 0.4339 | Val Acc: 0.8586 | Val F1: 0.8583
Epoch [105/300] | Duration: 29.90s | Train Loss: 0.3112 | Train Acc: 0.8910 | Val Loss: 0.4070 | Val Acc: 0.8687 | Val F1: 0.8680
Epoch [106/300] | Duration: 30.53s | Train Loss: 0.2920 | Train Acc: 0.9100 | Val Loss: 0.4704 | Val Acc: 0.8737 | Val F1: 0.8731
Epoch [107/300] | Duration: 30.12s | Train Loss: 0.3188 | Train Acc: 0.8973 | Val Loss: 0.4661 | Val Acc: 0.8586 | Val F1: 0.8594
Epoch [108/300] | Duration: 29.56s | Train Loss: 0.2913 | Train Acc: 0.8948 | Val Loss: 0.4869 | Val Acc: 0.8384 | Val F1: 0.8401
Epoch [109/300] | Duration: 30.22s | Train Loss: 0.2926 | Train Acc: 0.8885 | Val Loss: 0.4595 | Val Acc: 0.8535 | Val F1: 0.8525
Epoch [110/300] | Duration: 29.86s | Train Loss: 0.2907 | Train Acc: 0.8809 | Val Loss: 0.4725 | Val Acc: 0.8535 | Val F1: 0.8549
Epoch [111/300] | Duration: 29.79s | Train Loss: 0.2976 | Train Acc: 0.8973 | Val Loss: 0.4187 | Val Acc: 0.8586 | Val F1: 0.8581
Epoch [112/300] | Duration: 31.06s | Train Loss: 0.2863 | Train Acc: 0.9062 | Val Loss: 0.4054 | Val Acc: 0.8687 | Val F1: 0.8685
Epoch [113/300] | Duration: 30.57s | Train Loss: 0.2954 | Train Acc: 0.8872 | Val Loss: 0.4079 | Val Acc: 0.8737 | Val F1: 0.8743
Epoch [114/300] | Duration: 29.75s | Train Loss: 0.2762 | Train Acc: 0.9100 | Val Loss: 0.4257 | Val Acc: 0.8788 | Val F1: 0.8780
Epoch [115/300] | Duration: 29.63s | Train Loss: 0.2702 | Train Acc: 0.8986 | Val Loss: 0.4572 | Val Acc: 0.8535 | Val F1: 0.8508
Epoch [116/300] | Duration: 30.30s | Train Loss: 0.2883 | Train Acc: 0.9011 | Val Loss: 0.4538 | Val Acc: 0.8535 | Val F1: 0.8538
Epoch [117/300] | Duration: 29.55s | Train Loss: 0.2945 | Train Acc: 0.8986 | Val Loss: 0.4606 | Val Acc: 0.8535 | Val F1: 0.8523
Epoch [118/300] | Duration: 30.35s | Train Loss: 0.2605 | Train Acc: 0.9151 | Val Loss: 0.4634 | Val Acc: 0.8434 | Val F1: 0.8444
Epoch [119/300] | Duration: 29.48s | Train Loss: 0.3073 | Train Acc: 0.8809 | Val Loss: 0.5604 | Val Acc: 0.8434 | Val F1: 0.8401
Epoch [120/300] | Duration: 29.99s | Train Loss: 0.3225 | Train Acc: 0.8720 | Val Loss: 0.4290 | Val Acc: 0.8434 | Val F1: 0.8441
Epoch [121/300] | Duration: 29.21s | Train Loss: 0.2980 | Train Acc: 0.8948 | Val Loss: 0.4635 | Val Acc: 0.8384 | Val F1: 0.8372
Epoch [122/300] | Duration: 29.24s | Train Loss: 0.3099 | Train Acc: 0.8885 | Val Loss: 0.4124 | Val Acc: 0.8687 | Val F1: 0.8688
Epoch [123/300] | Duration: 30.04s | Train Loss: 0.2831 | Train Acc: 0.8948 | Val Loss: 0.4098 | Val Acc: 0.8636 | Val F1: 0.8635
Epoch [124/300] | Duration: 29.17s | Train Loss: 0.3153 | Train Acc: 0.8847 | Val Loss: 0.3934 | Val Acc: 0.8838 | Val F1: 0.8837
🎉 New best model found! F1-Score: 0.8837. Saved to training_outputs/20250717-173255/best_model.pth
Epoch [125/300] | Duration: 30.27s | Train Loss: 0.3050 | Train Acc: 0.8935 | Val Loss: 0.4251 | Val Acc: 0.8535 | Val F1: 0.8545
Epoch [126/300] | Duration: 29.95s | Train Loss: 0.2782 | Train Acc: 0.9075 | Val Loss: 0.4360 | Val Acc: 0.8384 | Val F1: 0.8389
Epoch [127/300] | Duration: 29.27s | Train Loss: 0.2762 | Train Acc: 0.8948 | Val Loss: 0.5383 | Val Acc: 0.8131 | Val F1: 0.8037
Epoch [128/300] | Duration: 29.50s | Train Loss: 0.2890 | Train Acc: 0.8973 | Val Loss: 0.4327 | Val Acc: 0.8687 | Val F1: 0.8687
Epoch [129/300] | Duration: 29.61s | Train Loss: 0.2743 | Train Acc: 0.9037 | Val Loss: 0.4198 | Val Acc: 0.8687 | Val F1: 0.8693
Epoch [130/300] | Duration: 30.62s | Train Loss: 0.2855 | Train Acc: 0.9037 | Val Loss: 0.5032 | Val Acc: 0.8535 | Val F1: 0.8534
Epoch [131/300] | Duration: 29.84s | Train Loss: 0.2665 | Train Acc: 0.9049 | Val Loss: 0.4859 | Val Acc: 0.8485 | Val F1: 0.8489
Epoch [132/300] | Duration: 29.29s | Train Loss: 0.2645 | Train Acc: 0.9062 | Val Loss: 0.4994 | Val Acc: 0.8434 | Val F1: 0.8409
Epoch [133/300] | Duration: 29.74s | Train Loss: 0.2744 | Train Acc: 0.9037 | Val Loss: 0.4835 | Val Acc: 0.8384 | Val F1: 0.8384
Epoch [134/300] | Duration: 29.52s | Train Loss: 0.2787 | Train Acc: 0.8986 | Val Loss: 0.4757 | Val Acc: 0.8333 | Val F1: 0.8340
Epoch [135/300] | Duration: 29.52s | Train Loss: 0.2810 | Train Acc: 0.9100 | Val Loss: 0.4465 | Val Acc: 0.8838 | Val F1: 0.8842
🎉 New best model found! F1-Score: 0.8842. Saved to training_outputs/20250717-173255/best_model.pth
Epoch [136/300] | Duration: 29.41s | Train Loss: 0.2533 | Train Acc: 0.9163 | Val Loss: 0.4560 | Val Acc: 0.8384 | Val F1: 0.8374
Epoch [137/300] | Duration: 29.17s | Train Loss: 0.2920 | Train Acc: 0.8910 | Val Loss: 0.4312 | Val Acc: 0.8636 | Val F1: 0.8635
Epoch [138/300] | Duration: 29.94s | Train Loss: 0.2849 | Train Acc: 0.9037 | Val Loss: 0.4449 | Val Acc: 0.8737 | Val F1: 0.8728
Epoch [139/300] | Duration: 30.17s | Train Loss: 0.3002 | Train Acc: 0.9024 | Val Loss: 0.5571 | Val Acc: 0.8232 | Val F1: 0.8239
Epoch [140/300] | Duration: 29.50s | Train Loss: 0.3043 | Train Acc: 0.8973 | Val Loss: 0.4784 | Val Acc: 0.8636 | Val F1: 0.8624
Epoch [141/300] | Duration: 30.23s | Train Loss: 0.2642 | Train Acc: 0.9163 | Val Loss: 0.4527 | Val Acc: 0.8535 | Val F1: 0.8538
Epoch [142/300] | Duration: 29.46s | Train Loss: 0.2697 | Train Acc: 0.9024 | Val Loss: 0.4088 | Val Acc: 0.8788 | Val F1: 0.8787
Epoch [143/300] | Duration: 30.11s | Train Loss: 0.2870 | Train Acc: 0.9024 | Val Loss: 0.4072 | Val Acc: 0.8838 | Val F1: 0.8835
Epoch [144/300] | Duration: 29.77s | Train Loss: 0.2592 | Train Acc: 0.9062 | Val Loss: 0.4543 | Val Acc: 0.8788 | Val F1: 0.8789
Epoch [145/300] | Duration: 30.11s | Train Loss: 0.2862 | Train Acc: 0.9011 | Val Loss: 0.4340 | Val Acc: 0.8535 | Val F1: 0.8534
Epoch [146/300] | Duration: 30.48s | Train Loss: 0.2490 | Train Acc: 0.9163 | Val Loss: 0.4478 | Val Acc: 0.8535 | Val F1: 0.8538
Epoch [147/300] | Duration: 30.00s | Train Loss: 0.2496 | Train Acc: 0.9290 | Val Loss: 0.4450 | Val Acc: 0.8586 | Val F1: 0.8589
Epoch [148/300] | Duration: 30.24s | Train Loss: 0.2349 | Train Acc: 0.9316 | Val Loss: 0.4641 | Val Acc: 0.8636 | Val F1: 0.8634
Epoch [149/300] | Duration: 30.06s | Train Loss: 0.2641 | Train Acc: 0.9075 | Val Loss: 0.4278 | Val Acc: 0.8687 | Val F1: 0.8686
Epoch [150/300] | Duration: 29.46s | Train Loss: 0.2576 | Train Acc: 0.9024 | Val Loss: 0.4801 | Val Acc: 0.8384 | Val F1: 0.8369
Epoch [151/300] | Duration: 29.74s | Train Loss: 0.2498 | Train Acc: 0.9113 | Val Loss: 0.4651 | Val Acc: 0.8687 | Val F1: 0.8683
Epoch [152/300] | Duration: 29.66s | Train Loss: 0.2903 | Train Acc: 0.9024 | Val Loss: 0.4319 | Val Acc: 0.8687 | Val F1: 0.8688
Epoch [153/300] | Duration: 29.73s | Train Loss: 0.2418 | Train Acc: 0.9163 | Val Loss: 0.5019 | Val Acc: 0.8586 | Val F1: 0.8576
Epoch [154/300] | Duration: 29.83s | Train Loss: 0.2532 | Train Acc: 0.9075 | Val Loss: 0.4382 | Val Acc: 0.8788 | Val F1: 0.8779
Epoch [155/300] | Duration: 29.46s | Train Loss: 0.2464 | Train Acc: 0.9087 | Val Loss: 0.4314 | Val Acc: 0.8889 | Val F1: 0.8887
🎉 New best model found! F1-Score: 0.8887. Saved to training_outputs/20250717-173255/best_model.pth
Epoch [156/300] | Duration: 30.14s | Train Loss: 0.2711 | Train Acc: 0.9024 | Val Loss: 0.4813 | Val Acc: 0.8535 | Val F1: 0.8541
Epoch [157/300] | Duration: 30.65s | Train Loss: 0.2698 | Train Acc: 0.9049 | Val Loss: 0.4366 | Val Acc: 0.8586 | Val F1: 0.8590
Epoch [158/300] | Duration: 29.99s | Train Loss: 0.2458 | Train Acc: 0.9138 | Val Loss: 0.4738 | Val Acc: 0.8485 | Val F1: 0.8461
Epoch [159/300] | Duration: 29.29s | Train Loss: 0.2301 | Train Acc: 0.9265 | Val Loss: 0.5016 | Val Acc: 0.8434 | Val F1: 0.8413
Epoch [160/300] | Duration: 30.05s | Train Loss: 0.2597 | Train Acc: 0.9075 | Val Loss: 0.4662 | Val Acc: 0.8636 | Val F1: 0.8637
Epoch [161/300] | Duration: 30.55s | Train Loss: 0.2416 | Train Acc: 0.9163 | Val Loss: 0.5050 | Val Acc: 0.8586 | Val F1: 0.8580
Epoch [162/300] | Duration: 30.01s | Train Loss: 0.2552 | Train Acc: 0.9075 | Val Loss: 0.5009 | Val Acc: 0.8636 | Val F1: 0.8626
Epoch [163/300] | Duration: 29.79s | Train Loss: 0.2261 | Train Acc: 0.9189 | Val Loss: 0.4536 | Val Acc: 0.8737 | Val F1: 0.8729
Epoch [164/300] | Duration: 29.50s | Train Loss: 0.2543 | Train Acc: 0.9024 | Val Loss: 0.4466 | Val Acc: 0.8586 | Val F1: 0.8584
Epoch [165/300] | Duration: 29.89s | Train Loss: 0.2830 | Train Acc: 0.9075 | Val Loss: 0.4940 | Val Acc: 0.8687 | Val F1: 0.8689
Epoch [166/300] | Duration: 30.64s | Train Loss: 0.2491 | Train Acc: 0.9087 | Val Loss: 0.5941 | Val Acc: 0.8030 | Val F1: 0.8034
Epoch [167/300] | Duration: 29.96s | Train Loss: 0.2343 | Train Acc: 0.9214 | Val Loss: 0.5451 | Val Acc: 0.8283 | Val F1: 0.8293
Epoch [168/300] | Duration: 30.75s | Train Loss: 0.2416 | Train Acc: 0.9163 | Val Loss: 0.4914 | Val Acc: 0.8384 | Val F1: 0.8348
Epoch [169/300] | Duration: 30.86s | Train Loss: 0.2405 | Train Acc: 0.9202 | Val Loss: 0.4649 | Val Acc: 0.8788 | Val F1: 0.8782
Epoch [170/300] | Duration: 29.42s | Train Loss: 0.2721 | Train Acc: 0.9075 | Val Loss: 0.4907 | Val Acc: 0.8434 | Val F1: 0.8450
Epoch [171/300] | Duration: 30.48s | Train Loss: 0.2193 | Train Acc: 0.9265 | Val Loss: 0.4620 | Val Acc: 0.8333 | Val F1: 0.8337
Epoch [172/300] | Duration: 29.85s | Train Loss: 0.2757 | Train Acc: 0.8872 | Val Loss: 0.4099 | Val Acc: 0.8636 | Val F1: 0.8636
Epoch [173/300] | Duration: 29.71s | Train Loss: 0.2584 | Train Acc: 0.8999 | Val Loss: 0.4729 | Val Acc: 0.8485 | Val F1: 0.8489
Epoch [174/300] | Duration: 29.83s | Train Loss: 0.2489 | Train Acc: 0.9151 | Val Loss: 0.4893 | Val Acc: 0.8535 | Val F1: 0.8538
Epoch [175/300] | Duration: 29.03s | Train Loss: 0.2437 | Train Acc: 0.9202 | Val Loss: 0.5457 | Val Acc: 0.8434 | Val F1: 0.8417
Epoch [176/300] | Duration: 29.60s | Train Loss: 0.2346 | Train Acc: 0.9176 | Val Loss: 0.5277 | Val Acc: 0.8485 | Val F1: 0.8482
Epoch [177/300] | Duration: 29.92s | Train Loss: 0.2779 | Train Acc: 0.8973 | Val Loss: 0.4895 | Val Acc: 0.8636 | Val F1: 0.8641
Epoch [178/300] | Duration: 29.51s | Train Loss: 0.2181 | Train Acc: 0.9227 | Val Loss: 0.4440 | Val Acc: 0.8687 | Val F1: 0.8689
Epoch [179/300] | Duration: 29.50s | Train Loss: 0.2274 | Train Acc: 0.9227 | Val Loss: 0.4684 | Val Acc: 0.8737 | Val F1: 0.8733
Epoch [180/300] | Duration: 29.57s | Train Loss: 0.2397 | Train Acc: 0.9138 | Val Loss: 0.4668 | Val Acc: 0.8535 | Val F1: 0.8547
Epoch [181/300] | Duration: 29.62s | Train Loss: 0.2466 | Train Acc: 0.9163 | Val Loss: 0.4544 | Val Acc: 0.8687 | Val F1: 0.8687
Epoch [182/300] | Duration: 29.98s | Train Loss: 0.2488 | Train Acc: 0.9138 | Val Loss: 0.4609 | Val Acc: 0.8636 | Val F1: 0.8627
Epoch [183/300] | Duration: 29.95s | Train Loss: 0.2337 | Train Acc: 0.9151 | Val Loss: 0.4387 | Val Acc: 0.8687 | Val F1: 0.8684
Epoch [184/300] | Duration: 30.05s | Train Loss: 0.2498 | Train Acc: 0.9189 | Val Loss: 0.4933 | Val Acc: 0.8485 | Val F1: 0.8480
Epoch [185/300] | Duration: 30.25s | Train Loss: 0.2308 | Train Acc: 0.9290 | Val Loss: 0.4685 | Val Acc: 0.8636 | Val F1: 0.8641
Epoch [186/300] | Duration: 30.47s | Train Loss: 0.2449 | Train Acc: 0.9189 | Val Loss: 0.4152 | Val Acc: 0.8838 | Val F1: 0.8838
Epoch [187/300] | Duration: 30.26s | Train Loss: 0.2405 | Train Acc: 0.9240 | Val Loss: 0.4618 | Val Acc: 0.8687 | Val F1: 0.8692
Epoch [188/300] | Duration: 30.63s | Train Loss: 0.2193 | Train Acc: 0.9328 | Val Loss: 0.4888 | Val Acc: 0.8687 | Val F1: 0.8685
Epoch [189/300] | Duration: 30.15s | Train Loss: 0.2345 | Train Acc: 0.9202 | Val Loss: 0.4662 | Val Acc: 0.8384 | Val F1: 0.8391
Epoch [190/300] | Duration: 30.25s | Train Loss: 0.2371 | Train Acc: 0.9100 | Val Loss: 0.4325 | Val Acc: 0.8636 | Val F1: 0.8632
Epoch [191/300] | Duration: 29.43s | Train Loss: 0.2525 | Train Acc: 0.9189 | Val Loss: 0.5071 | Val Acc: 0.8636 | Val F1: 0.8643
Epoch [192/300] | Duration: 30.24s | Train Loss: 0.2476 | Train Acc: 0.9214 | Val Loss: 0.5151 | Val Acc: 0.8535 | Val F1: 0.8542
Epoch [193/300] | Duration: 29.82s | Train Loss: 0.2321 | Train Acc: 0.9151 | Val Loss: 0.5809 | Val Acc: 0.8283 | Val F1: 0.8252
Epoch [194/300] | Duration: 30.35s | Train Loss: 0.2527 | Train Acc: 0.9125 | Val Loss: 0.4232 | Val Acc: 0.8788 | Val F1: 0.8787
Epoch [195/300] | Duration: 29.83s | Train Loss: 0.2420 | Train Acc: 0.9176 | Val Loss: 0.4737 | Val Acc: 0.8586 | Val F1: 0.8592
Epoch [196/300] | Duration: 30.09s | Train Loss: 0.2176 | Train Acc: 0.9252 | Val Loss: 0.6365 | Val Acc: 0.8232 | Val F1: 0.8248
Epoch [197/300] | Duration: 29.98s | Train Loss: 0.2347 | Train Acc: 0.9176 | Val Loss: 0.4830 | Val Acc: 0.8434 | Val F1: 0.8440
Epoch [198/300] | Duration: 29.84s | Train Loss: 0.2280 | Train Acc: 0.9214 | Val Loss: 0.6077 | Val Acc: 0.8182 | Val F1: 0.8203
Epoch [199/300] | Duration: 29.97s | Train Loss: 0.2061 | Train Acc: 0.9404 | Val Loss: 0.4917 | Val Acc: 0.8535 | Val F1: 0.8546
Epoch [200/300] | Duration: 29.91s | Train Loss: 0.2606 | Train Acc: 0.9100 | Val Loss: 0.4244 | Val Acc: 0.8636 | Val F1: 0.8635
Epoch [201/300] | Duration: 30.06s | Train Loss: 0.2097 | Train Acc: 0.9392 | Val Loss: 0.5303 | Val Acc: 0.8636 | Val F1: 0.8637
Epoch [202/300] | Duration: 30.27s | Train Loss: 0.2090 | Train Acc: 0.9316 | Val Loss: 0.4650 | Val Acc: 0.8788 | Val F1: 0.8787
Epoch [203/300] | Duration: 30.35s | Train Loss: 0.2229 | Train Acc: 0.9176 | Val Loss: 0.4385 | Val Acc: 0.8788 | Val F1: 0.8788
Epoch [204/300] | Duration: 30.30s | Train Loss: 0.2347 | Train Acc: 0.9240 | Val Loss: 0.5342 | Val Acc: 0.8636 | Val F1: 0.8638
Epoch [205/300] | Duration: 30.46s | Train Loss: 0.2568 | Train Acc: 0.9151 | Val Loss: 0.4987 | Val Acc: 0.8586 | Val F1: 0.8596
Epoch [206/300] | Duration: 29.95s | Train Loss: 0.2089 | Train Acc: 0.9278 | Val Loss: 0.4546 | Val Acc: 0.8636 | Val F1: 0.8644
Epoch [207/300] | Duration: 31.06s | Train Loss: 0.2037 | Train Acc: 0.9316 | Val Loss: 0.7771 | Val Acc: 0.7727 | Val F1: 0.7742
Epoch [208/300] | Duration: 29.40s | Train Loss: 0.2189 | Train Acc: 0.9290 | Val Loss: 0.4577 | Val Acc: 0.8586 | Val F1: 0.8585
Epoch [209/300] | Duration: 29.81s | Train Loss: 0.1927 | Train Acc: 0.9316 | Val Loss: 0.4607 | Val Acc: 0.8687 | Val F1: 0.8685
Epoch [210/300] | Duration: 30.04s | Train Loss: 0.2164 | Train Acc: 0.9240 | Val Loss: 0.6200 | Val Acc: 0.8333 | Val F1: 0.8349
Epoch [211/300] | Duration: 29.32s | Train Loss: 0.2160 | Train Acc: 0.9202 | Val Loss: 0.4980 | Val Acc: 0.8636 | Val F1: 0.8641
Epoch [212/300] | Duration: 29.96s | Train Loss: 0.2151 | Train Acc: 0.9290 | Val Loss: 0.4765 | Val Acc: 0.8838 | Val F1: 0.8837
Epoch [213/300] | Duration: 30.03s | Train Loss: 0.1771 | Train Acc: 0.9404 | Val Loss: 0.4884 | Val Acc: 0.8687 | Val F1: 0.8683
Epoch [214/300] | Duration: 30.11s | Train Loss: 0.2593 | Train Acc: 0.9087 | Val Loss: 0.4691 | Val Acc: 0.8535 | Val F1: 0.8531
Epoch [215/300] | Duration: 29.78s | Train Loss: 0.2162 | Train Acc: 0.9379 | Val Loss: 0.4494 | Val Acc: 0.8636 | Val F1: 0.8629
Epoch [216/300] | Duration: 29.42s | Train Loss: 0.1928 | Train Acc: 0.9316 | Val Loss: 0.4852 | Val Acc: 0.8636 | Val F1: 0.8646
Epoch [217/300] | Duration: 30.33s | Train Loss: 0.1887 | Train Acc: 0.9366 | Val Loss: 0.4835 | Val Acc: 0.8636 | Val F1: 0.8635
Epoch [218/300] | Duration: 29.26s | Train Loss: 0.2096 | Train Acc: 0.9392 | Val Loss: 0.4732 | Val Acc: 0.8535 | Val F1: 0.8548
Epoch [219/300] | Duration: 29.23s | Train Loss: 0.2534 | Train Acc: 0.9151 | Val Loss: 0.4860 | Val Acc: 0.8788 | Val F1: 0.8789
Epoch [220/300] | Duration: 30.25s | Train Loss: 0.1974 | Train Acc: 0.9278 | Val Loss: 0.5091 | Val Acc: 0.8485 | Val F1: 0.8482
Epoch [221/300] | Duration: 29.43s | Train Loss: 0.1904 | Train Acc: 0.9404 | Val Loss: 0.5424 | Val Acc: 0.8384 | Val F1: 0.8389
Epoch [222/300] | Duration: 29.99s | Train Loss: 0.2066 | Train Acc: 0.9202 | Val Loss: 0.5606 | Val Acc: 0.8485 | Val F1: 0.8446
Epoch [223/300] | Duration: 29.21s | Train Loss: 0.1986 | Train Acc: 0.9303 | Val Loss: 0.6033 | Val Acc: 0.8283 | Val F1: 0.8303
Epoch [224/300] | Duration: 30.05s | Train Loss: 0.2022 | Train Acc: 0.9392 | Val Loss: 0.5197 | Val Acc: 0.8687 | Val F1: 0.8693
Epoch [225/300] | Duration: 29.96s | Train Loss: 0.1847 | Train Acc: 0.9316 | Val Loss: 0.5413 | Val Acc: 0.8283 | Val F1: 0.8245
Epoch [226/300] | Duration: 29.83s | Train Loss: 0.1965 | Train Acc: 0.9278 | Val Loss: 0.4827 | Val Acc: 0.8636 | Val F1: 0.8631
Epoch [227/300] | Duration: 29.55s | Train Loss: 0.2064 | Train Acc: 0.9354 | Val Loss: 0.5358 | Val Acc: 0.8586 | Val F1: 0.8596
Epoch [228/300] | Duration: 29.80s | Train Loss: 0.2442 | Train Acc: 0.9062 | Val Loss: 0.5350 | Val Acc: 0.8434 | Val F1: 0.8442
Epoch [229/300] | Duration: 29.31s | Train Loss: 0.1904 | Train Acc: 0.9379 | Val Loss: 0.4857 | Val Acc: 0.8636 | Val F1: 0.8640
Epoch [230/300] | Duration: 29.61s | Train Loss: 0.1962 | Train Acc: 0.9290 | Val Loss: 0.4962 | Val Acc: 0.8485 | Val F1: 0.8486
Epoch [231/300] | Duration: 30.02s | Train Loss: 0.2166 | Train Acc: 0.9227 | Val Loss: 0.4946 | Val Acc: 0.8636 | Val F1: 0.8638
Epoch [232/300] | Duration: 29.61s | Train Loss: 0.1694 | Train Acc: 0.9442 | Val Loss: 0.4390 | Val Acc: 0.8838 | Val F1: 0.8841
Epoch [233/300] | Duration: 29.67s | Train Loss: 0.1863 | Train Acc: 0.9354 | Val Loss: 0.5198 | Val Acc: 0.8636 | Val F1: 0.8635
Epoch [234/300] | Duration: 29.54s | Train Loss: 0.1940 | Train Acc: 0.9290 | Val Loss: 0.4774 | Val Acc: 0.8737 | Val F1: 0.8737
Epoch [235/300] | Duration: 30.23s | Train Loss: 0.1945 | Train Acc: 0.9290 | Val Loss: 0.4747 | Val Acc: 0.8535 | Val F1: 0.8541
Epoch [236/300] | Duration: 29.39s | Train Loss: 0.2134 | Train Acc: 0.9316 | Val Loss: 0.5194 | Val Acc: 0.8485 | Val F1: 0.8496
Epoch [237/300] | Duration: 30.07s | Train Loss: 0.2109 | Train Acc: 0.9328 | Val Loss: 0.4702 | Val Acc: 0.8485 | Val F1: 0.8491
Epoch [238/300] | Duration: 29.36s | Train Loss: 0.2185 | Train Acc: 0.9303 | Val Loss: 0.5533 | Val Acc: 0.8333 | Val F1: 0.8344
Epoch [239/300] | Duration: 30.39s | Train Loss: 0.1737 | Train Acc: 0.9366 | Val Loss: 0.4878 | Val Acc: 0.8636 | Val F1: 0.8633
Epoch [240/300] | Duration: 28.92s | Train Loss: 0.1976 | Train Acc: 0.9404 | Val Loss: 0.5359 | Val Acc: 0.8485 | Val F1: 0.8471
Epoch [241/300] | Duration: 29.63s | Train Loss: 0.2057 | Train Acc: 0.9303 | Val Loss: 0.4414 | Val Acc: 0.8889 | Val F1: 0.8890
🎉 New best model found! F1-Score: 0.8890. Saved to training_outputs/20250717-173255/best_model.pth
Epoch [242/300] | Duration: 29.57s | Train Loss: 0.2167 | Train Acc: 0.9240 | Val Loss: 0.4738 | Val Acc: 0.8838 | Val F1: 0.8840
Epoch [243/300] | Duration: 29.32s | Train Loss: 0.2193 | Train Acc: 0.9341 | Val Loss: 0.5028 | Val Acc: 0.8333 | Val F1: 0.8333
Epoch [244/300] | Duration: 29.90s | Train Loss: 0.1977 | Train Acc: 0.9328 | Val Loss: 0.5731 | Val Acc: 0.8283 | Val F1: 0.8301
Epoch [245/300] | Duration: 29.84s | Train Loss: 0.1725 | Train Acc: 0.9442 | Val Loss: 0.5900 | Val Acc: 0.8434 | Val F1: 0.8451
Epoch [246/300] | Duration: 29.86s | Train Loss: 0.1973 | Train Acc: 0.9379 | Val Loss: 0.5575 | Val Acc: 0.8485 | Val F1: 0.8493
Epoch [247/300] | Duration: 29.60s | Train Loss: 0.1863 | Train Acc: 0.9379 | Val Loss: 0.5274 | Val Acc: 0.8485 | Val F1: 0.8488
Epoch [248/300] | Duration: 29.98s | Train Loss: 0.2156 | Train Acc: 0.9189 | Val Loss: 0.4500 | Val Acc: 0.8838 | Val F1: 0.8839
Epoch [249/300] | Duration: 29.74s | Train Loss: 0.1831 | Train Acc: 0.9430 | Val Loss: 0.5245 | Val Acc: 0.8636 | Val F1: 0.8636
Epoch [250/300] | Duration: 29.62s | Train Loss: 0.1973 | Train Acc: 0.9341 | Val Loss: 0.5096 | Val Acc: 0.8636 | Val F1: 0.8634
Epoch [251/300] | Duration: 29.57s | Train Loss: 0.1940 | Train Acc: 0.9417 | Val Loss: 0.4581 | Val Acc: 0.8687 | Val F1: 0.8689
Epoch [252/300] | Duration: 29.82s | Train Loss: 0.1916 | Train Acc: 0.9176 | Val Loss: 0.6640 | Val Acc: 0.8182 | Val F1: 0.8192
Epoch [253/300] | Duration: 29.86s | Train Loss: 0.1894 | Train Acc: 0.9506 | Val Loss: 0.5085 | Val Acc: 0.8737 | Val F1: 0.8734
Epoch [254/300] | Duration: 30.06s | Train Loss: 0.1841 | Train Acc: 0.9417 | Val Loss: 0.4816 | Val Acc: 0.8788 | Val F1: 0.8790
Epoch [255/300] | Duration: 30.04s | Train Loss: 0.1912 | Train Acc: 0.9328 | Val Loss: 0.4709 | Val Acc: 0.8535 | Val F1: 0.8531
Epoch [256/300] | Duration: 29.65s | Train Loss: 0.1618 | Train Acc: 0.9544 | Val Loss: 0.4993 | Val Acc: 0.8485 | Val F1: 0.8483
Epoch [257/300] | Duration: 29.58s | Train Loss: 0.1678 | Train Acc: 0.9455 | Val Loss: 0.5707 | Val Acc: 0.8333 | Val F1: 0.8338
Epoch [258/300] | Duration: 29.39s | Train Loss: 0.2055 | Train Acc: 0.9240 | Val Loss: 0.4771 | Val Acc: 0.8737 | Val F1: 0.8738
Epoch [259/300] | Duration: 29.60s | Train Loss: 0.1957 | Train Acc: 0.9265 | Val Loss: 0.5713 | Val Acc: 0.8081 | Val F1: 0.8086
Epoch [260/300] | Duration: 29.25s | Train Loss: 0.2157 | Train Acc: 0.9151 | Val Loss: 0.4062 | Val Acc: 0.8889 | Val F1: 0.8888
Epoch [261/300] | Duration: 28.97s | Train Loss: 0.1770 | Train Acc: 0.9366 | Val Loss: 0.5878 | Val Acc: 0.8333 | Val F1: 0.8348
Epoch [262/300] | Duration: 30.18s | Train Loss: 0.1799 | Train Acc: 0.9430 | Val Loss: 0.4727 | Val Acc: 0.8737 | Val F1: 0.8736
Epoch [263/300] | Duration: 30.30s | Train Loss: 0.1851 | Train Acc: 0.9379 | Val Loss: 0.4890 | Val Acc: 0.8687 | Val F1: 0.8694
Epoch [264/300] | Duration: 29.76s | Train Loss: 0.1883 | Train Acc: 0.9354 | Val Loss: 0.5501 | Val Acc: 0.8434 | Val F1: 0.8416
Epoch [265/300] | Duration: 30.22s | Train Loss: 0.1920 | Train Acc: 0.9316 | Val Loss: 0.4793 | Val Acc: 0.8838 | Val F1: 0.8836
Epoch [266/300] | Duration: 30.19s | Train Loss: 0.1751 | Train Acc: 0.9366 | Val Loss: 0.4792 | Val Acc: 0.8535 | Val F1: 0.8528
Epoch [267/300] | Duration: 29.77s | Train Loss: 0.1759 | Train Acc: 0.9430 | Val Loss: 0.5696 | Val Acc: 0.8485 | Val F1: 0.8471
Epoch [268/300] | Duration: 30.16s | Train Loss: 0.1788 | Train Acc: 0.9328 | Val Loss: 0.5286 | Val Acc: 0.8636 | Val F1: 0.8644
Epoch [269/300] | Duration: 28.86s | Train Loss: 0.1612 | Train Acc: 0.9544 | Val Loss: 0.5013 | Val Acc: 0.8687 | Val F1: 0.8689
Epoch [270/300] | Duration: 29.77s | Train Loss: 0.1895 | Train Acc: 0.9328 | Val Loss: 0.4425 | Val Acc: 0.8889 | Val F1: 0.8889
Epoch [271/300] | Duration: 29.14s | Train Loss: 0.1663 | Train Acc: 0.9404 | Val Loss: 0.4982 | Val Acc: 0.8535 | Val F1: 0.8541
Epoch [272/300] | Duration: 28.95s | Train Loss: 0.1947 | Train Acc: 0.9328 | Val Loss: 0.4339 | Val Acc: 0.8788 | Val F1: 0.8784
Epoch [273/300] | Duration: 29.11s | Train Loss: 0.1743 | Train Acc: 0.9455 | Val Loss: 0.4841 | Val Acc: 0.8586 | Val F1: 0.8580
Epoch [274/300] | Duration: 29.65s | Train Loss: 0.1686 | Train Acc: 0.9430 | Val Loss: 0.4792 | Val Acc: 0.8788 | Val F1: 0.8786
Epoch [275/300] | Duration: 29.46s | Train Loss: 0.1594 | Train Acc: 0.9480 | Val Loss: 0.4891 | Val Acc: 0.8737 | Val F1: 0.8738
Epoch [276/300] | Duration: 29.80s | Train Loss: 0.1780 | Train Acc: 0.9316 | Val Loss: 0.5634 | Val Acc: 0.8434 | Val F1: 0.8446
Epoch [277/300] | Duration: 29.91s | Train Loss: 0.1772 | Train Acc: 0.9442 | Val Loss: 0.5714 | Val Acc: 0.8636 | Val F1: 0.8632
Epoch [278/300] | Duration: 29.32s | Train Loss: 0.1663 | Train Acc: 0.9430 | Val Loss: 0.4780 | Val Acc: 0.8687 | Val F1: 0.8689
Epoch [279/300] | Duration: 30.02s | Train Loss: 0.1675 | Train Acc: 0.9480 | Val Loss: 0.4624 | Val Acc: 0.8687 | Val F1: 0.8687
Epoch [280/300] | Duration: 29.37s | Train Loss: 0.1778 | Train Acc: 0.9354 | Val Loss: 0.6441 | Val Acc: 0.8232 | Val F1: 0.8235
Epoch [281/300] | Duration: 29.43s | Train Loss: 0.1757 | Train Acc: 0.9442 | Val Loss: 0.5297 | Val Acc: 0.8687 | Val F1: 0.8681
Epoch [282/300] | Duration: 29.48s | Train Loss: 0.1737 | Train Acc: 0.9417 | Val Loss: 0.5353 | Val Acc: 0.8586 | Val F1: 0.8573
Epoch [283/300] | Duration: 29.80s | Train Loss: 0.1888 | Train Acc: 0.9379 | Val Loss: 0.5494 | Val Acc: 0.8485 | Val F1: 0.8497
Epoch [284/300] | Duration: 29.29s | Train Loss: 0.1717 | Train Acc: 0.9404 | Val Loss: 0.4408 | Val Acc: 0.8838 | Val F1: 0.8842
Epoch [285/300] | Duration: 29.73s | Train Loss: 0.1797 | Train Acc: 0.9404 | Val Loss: 0.5249 | Val Acc: 0.8384 | Val F1: 0.8384
Epoch [286/300] | Duration: 30.05s | Train Loss: 0.1523 | Train Acc: 0.9493 | Val Loss: 0.5064 | Val Acc: 0.8838 | Val F1: 0.8838
Epoch [287/300] | Duration: 29.03s | Train Loss: 0.1673 | Train Acc: 0.9417 | Val Loss: 0.8759 | Val Acc: 0.7475 | Val F1: 0.7459
Epoch [288/300] | Duration: 29.51s | Train Loss: 0.1852 | Train Acc: 0.9328 | Val Loss: 0.5381 | Val Acc: 0.8535 | Val F1: 0.8544
Epoch [289/300] | Duration: 29.77s | Train Loss: 0.1494 | Train Acc: 0.9417 | Val Loss: 0.4847 | Val Acc: 0.8636 | Val F1: 0.8635
Epoch [290/300] | Duration: 29.58s | Train Loss: 0.1705 | Train Acc: 0.9404 | Val Loss: 0.5289 | Val Acc: 0.8636 | Val F1: 0.8643
Epoch [291/300] | Duration: 30.37s | Train Loss: 0.1558 | Train Acc: 0.9531 | Val Loss: 0.5050 | Val Acc: 0.8636 | Val F1: 0.8639
Epoch [292/300] | Duration: 29.74s | Train Loss: 0.1602 | Train Acc: 0.9493 | Val Loss: 0.5559 | Val Acc: 0.8586 | Val F1: 0.8595
Epoch [293/300] | Duration: 29.83s | Train Loss: 0.1700 | Train Acc: 0.9480 | Val Loss: 0.7015 | Val Acc: 0.8182 | Val F1: 0.8137
Epoch [294/300] | Duration: 29.66s | Train Loss: 0.1738 | Train Acc: 0.9404 | Val Loss: 0.5312 | Val Acc: 0.8687 | Val F1: 0.8684
Epoch [295/300] | Duration: 29.50s | Train Loss: 0.1859 | Train Acc: 0.9278 | Val Loss: 0.6410 | Val Acc: 0.8333 | Val F1: 0.8350
Epoch [296/300] | Duration: 29.44s | Train Loss: 0.1718 | Train Acc: 0.9328 | Val Loss: 0.4518 | Val Acc: 0.8737 | Val F1: 0.8732
Epoch [297/300] | Duration: 30.06s | Train Loss: 0.1646 | Train Acc: 0.9392 | Val Loss: 0.4722 | Val Acc: 0.8939 | Val F1: 0.8938
🎉 New best model found! F1-Score: 0.8938. Saved to training_outputs/20250717-173255/best_model.pth
Epoch [298/300] | Duration: 29.85s | Train Loss: 0.1498 | Train Acc: 0.9506 | Val Loss: 0.5099 | Val Acc: 0.8788 | Val F1: 0.8790
Epoch [299/300] | Duration: 30.40s | Train Loss: 0.1647 | Train Acc: 0.9455 | Val Loss: 0.5515 | Val Acc: 0.8586 | Val F1: 0.8593
Epoch [300/300] | Duration: 30.46s | Train Loss: 0.1452 | Train Acc: 0.9607 | Val Loss: 0.5109 | Val Acc: 0.8889 | Val F1: 0.8890

✅ Training finished.

💾 Saving final artifacts...
📈 Saved training metrics plot to training_outputs/20250717-173255/training_metrics.png
📊 Saved final confusion matrix to training_outputs/20250717-173255/final_confusion_matrix.png
📝 Saved final classification report to training_outputs/20250717-173255/final_classification_report.txt

✨ Run complete.
