The following modules were not unloaded:
  (Use "module --force purge" to unload all):

  1) modules/2.3-20240529   2) openblas/single-0.3.26
🚀 Starting Run. All outputs will be saved to: training_outputs/20250724-180206
⚙️ Using device: cuda
Hyperparameters: {'input_depth': 32, 'input_height': 32, 'input_width': 32, 'num_classes': 4, 'classes_names': ['mitotic', 'new_daughter', 'stable', 'death'], 'learning_rate': 1e-05, 'batch_size': 16, 'num_epochs': 300, 'num_input_channels': 4, 'dropout_rate': 0.1, 'weight_decay': 1e-05, 'early_stopping_patience': 35, 'max_samples_per_class': {'mitotic': 221, 'new_daughter': 221, 'stable': 221, 'death': 221}, 'class_weights': [1.0, 1.0, 1.0, 1.0]}

Loading datasets...
Dataset loaded with 684 total samples:
  - mitotic: 218 samples
  - new_daughter: 221 samples
  - stable: 221 samples
  - death: 24 samples
  Applied per-class limits:
    - mitotic: 221 max samples
    - new_daughter: 221 max samples
    - stable: 221 max samples
    - death: 221 max samples
Dataset loaded with 684 total samples:
  - mitotic: 218 samples
  - new_daughter: 221 samples
  - stable: 221 samples
  - death: 24 samples
  Applied per-class limits:
    - mitotic: 221 max samples
    - new_daughter: 221 max samples
    - stable: 221 max samples
    - death: 221 max samples

Training on 547 samples, validating on 137 samples.
Model has 71,444 trainable parameters.

--- Starting Training ---
Epoch [001/300] | Duration: 45.44s | Train Loss: 1.4042 | Train Acc: 0.2230 | Val Loss: 1.4755 | Val Acc: 0.2920 | Val F1: 0.1547
🎉 New best model found! F1-Score: 0.1547. Saved to training_outputs/20250724-180206/best_model.pth
Epoch [002/300] | Duration: 10.40s | Train Loss: 1.3431 | Train Acc: 0.3675 | Val Loss: 1.3443 | Val Acc: 0.3139 | Val F1: 0.2403
🎉 New best model found! F1-Score: 0.2403. Saved to training_outputs/20250724-180206/best_model.pth
Epoch [003/300] | Duration: 10.22s | Train Loss: 1.2902 | Train Acc: 0.4662 | Val Loss: 1.2557 | Val Acc: 0.4745 | Val F1: 0.3331
🎉 New best model found! F1-Score: 0.3331. Saved to training_outputs/20250724-180206/best_model.pth
Epoch [004/300] | Duration: 10.07s | Train Loss: 1.2684 | Train Acc: 0.5229 | Val Loss: 1.2230 | Val Acc: 0.5109 | Val F1: 0.4160
🎉 New best model found! F1-Score: 0.4160. Saved to training_outputs/20250724-180206/best_model.pth
Epoch [005/300] | Duration: 10.10s | Train Loss: 1.2532 | Train Acc: 0.5430 | Val Loss: 1.1937 | Val Acc: 0.5182 | Val F1: 0.4250
🎉 New best model found! F1-Score: 0.4250. Saved to training_outputs/20250724-180206/best_model.pth
Epoch [006/300] | Duration: 10.56s | Train Loss: 1.2319 | Train Acc: 0.5558 | Val Loss: 1.1705 | Val Acc: 0.5547 | Val F1: 0.4014
Epoch [007/300] | Duration: 10.27s | Train Loss: 1.2033 | Train Acc: 0.5905 | Val Loss: 1.1549 | Val Acc: 0.5693 | Val F1: 0.4085
Epoch [008/300] | Duration: 9.82s | Train Loss: 1.1951 | Train Acc: 0.5722 | Val Loss: 1.1365 | Val Acc: 0.5839 | Val F1: 0.4152
Epoch [009/300] | Duration: 8.66s | Train Loss: 1.1610 | Train Acc: 0.6143 | Val Loss: 1.1137 | Val Acc: 0.6350 | Val F1: 0.4713
🎉 New best model found! F1-Score: 0.4713. Saved to training_outputs/20250724-180206/best_model.pth
Epoch [010/300] | Duration: 10.37s | Train Loss: 1.1422 | Train Acc: 0.6197 | Val Loss: 1.0989 | Val Acc: 0.6277 | Val F1: 0.4676
Epoch [011/300] | Duration: 10.62s | Train Loss: 1.1252 | Train Acc: 0.6307 | Val Loss: 1.0905 | Val Acc: 0.6350 | Val F1: 0.4720
🎉 New best model found! F1-Score: 0.4720. Saved to training_outputs/20250724-180206/best_model.pth
Epoch [012/300] | Duration: 9.86s | Train Loss: 1.1135 | Train Acc: 0.6618 | Val Loss: 1.0829 | Val Acc: 0.6350 | Val F1: 0.4694
Epoch [013/300] | Duration: 9.70s | Train Loss: 1.0980 | Train Acc: 0.6874 | Val Loss: 1.0660 | Val Acc: 0.6642 | Val F1: 0.4986
🎉 New best model found! F1-Score: 0.4986. Saved to training_outputs/20250724-180206/best_model.pth
Epoch [014/300] | Duration: 8.89s | Train Loss: 1.0903 | Train Acc: 0.6837 | Val Loss: 1.0486 | Val Acc: 0.6788 | Val F1: 0.5093
🎉 New best model found! F1-Score: 0.5093. Saved to training_outputs/20250724-180206/best_model.pth
Epoch [015/300] | Duration: 8.71s | Train Loss: 1.0861 | Train Acc: 0.6636 | Val Loss: 1.0328 | Val Acc: 0.6934 | Val F1: 0.5223
🎉 New best model found! F1-Score: 0.5223. Saved to training_outputs/20250724-180206/best_model.pth
Epoch [016/300] | Duration: 10.54s | Train Loss: 1.0783 | Train Acc: 0.6782 | Val Loss: 1.0301 | Val Acc: 0.7080 | Val F1: 0.5374
🎉 New best model found! F1-Score: 0.5374. Saved to training_outputs/20250724-180206/best_model.pth
Epoch [017/300] | Duration: 9.86s | Train Loss: 1.0582 | Train Acc: 0.6801 | Val Loss: 1.0283 | Val Acc: 0.6861 | Val F1: 0.5176
Epoch [018/300] | Duration: 9.42s | Train Loss: 1.0509 | Train Acc: 0.6910 | Val Loss: 1.0059 | Val Acc: 0.7445 | Val F1: 0.5669
🎉 New best model found! F1-Score: 0.5669. Saved to training_outputs/20250724-180206/best_model.pth
Epoch [019/300] | Duration: 9.28s | Train Loss: 1.0294 | Train Acc: 0.6801 | Val Loss: 0.9946 | Val Acc: 0.7299 | Val F1: 0.5535
Epoch [020/300] | Duration: 11.17s | Train Loss: 1.0252 | Train Acc: 0.7075 | Val Loss: 0.9957 | Val Acc: 0.7007 | Val F1: 0.5295
Epoch [021/300] | Duration: 10.47s | Train Loss: 1.0573 | Train Acc: 0.7185 | Val Loss: 0.9759 | Val Acc: 0.7591 | Val F1: 0.5784
🎉 New best model found! F1-Score: 0.5784. Saved to training_outputs/20250724-180206/best_model.pth
Epoch [022/300] | Duration: 9.05s | Train Loss: 1.0010 | Train Acc: 0.6856 | Val Loss: 0.9911 | Val Acc: 0.7080 | Val F1: 0.5366
Epoch [023/300] | Duration: 10.18s | Train Loss: 0.9845 | Train Acc: 0.7130 | Val Loss: 0.9581 | Val Acc: 0.7372 | Val F1: 0.5597
Epoch [024/300] | Duration: 9.92s | Train Loss: 0.9832 | Train Acc: 0.7294 | Val Loss: 0.9532 | Val Acc: 0.7518 | Val F1: 0.5736
Epoch [025/300] | Duration: 8.76s | Train Loss: 0.9912 | Train Acc: 0.7276 | Val Loss: 0.9377 | Val Acc: 0.7591 | Val F1: 0.5770
Epoch [026/300] | Duration: 9.19s | Train Loss: 0.9733 | Train Acc: 0.7367 | Val Loss: 0.9473 | Val Acc: 0.7299 | Val F1: 0.5548
Epoch [027/300] | Duration: 8.96s | Train Loss: 0.9411 | Train Acc: 0.7495 | Val Loss: 0.9206 | Val Acc: 0.7518 | Val F1: 0.5716
Epoch [028/300] | Duration: 10.23s | Train Loss: 0.9709 | Train Acc: 0.7349 | Val Loss: 0.9139 | Val Acc: 0.7737 | Val F1: 0.5914
🎉 New best model found! F1-Score: 0.5914. Saved to training_outputs/20250724-180206/best_model.pth
Epoch [029/300] | Duration: 9.75s | Train Loss: 0.9532 | Train Acc: 0.7495 | Val Loss: 0.9048 | Val Acc: 0.7737 | Val F1: 0.5912
Epoch [030/300] | Duration: 9.31s | Train Loss: 0.9466 | Train Acc: 0.7313 | Val Loss: 0.9025 | Val Acc: 0.7737 | Val F1: 0.5912
Epoch [031/300] | Duration: 11.14s | Train Loss: 0.9535 | Train Acc: 0.7642 | Val Loss: 0.9115 | Val Acc: 0.7591 | Val F1: 0.5780
Epoch [032/300] | Duration: 9.77s | Train Loss: 0.9295 | Train Acc: 0.7495 | Val Loss: 0.8990 | Val Acc: 0.7664 | Val F1: 0.5850
Epoch [033/300] | Duration: 10.37s | Train Loss: 0.9031 | Train Acc: 0.7660 | Val Loss: 0.8852 | Val Acc: 0.7591 | Val F1: 0.5800
Epoch [034/300] | Duration: 9.51s | Train Loss: 0.9144 | Train Acc: 0.7770 | Val Loss: 0.8775 | Val Acc: 0.7664 | Val F1: 0.5848
Epoch [035/300] | Duration: 8.85s | Train Loss: 0.9001 | Train Acc: 0.7806 | Val Loss: 0.8773 | Val Acc: 0.7591 | Val F1: 0.5794
Epoch [036/300] | Duration: 9.33s | Train Loss: 0.8957 | Train Acc: 0.7715 | Val Loss: 0.8728 | Val Acc: 0.7737 | Val F1: 0.5889
Epoch [037/300] | Duration: 10.20s | Train Loss: 0.8842 | Train Acc: 0.7623 | Val Loss: 0.8581 | Val Acc: 0.7810 | Val F1: 0.5958
🎉 New best model found! F1-Score: 0.5958. Saved to training_outputs/20250724-180206/best_model.pth
Epoch [038/300] | Duration: 10.46s | Train Loss: 0.8726 | Train Acc: 0.7715 | Val Loss: 0.8506 | Val Acc: 0.7810 | Val F1: 0.5972
🎉 New best model found! F1-Score: 0.5972. Saved to training_outputs/20250724-180206/best_model.pth
Epoch [039/300] | Duration: 10.50s | Train Loss: 0.8713 | Train Acc: 0.7678 | Val Loss: 0.8482 | Val Acc: 0.7664 | Val F1: 0.5860
Epoch [040/300] | Duration: 9.79s | Train Loss: 0.8657 | Train Acc: 0.7879 | Val Loss: 0.8391 | Val Acc: 0.7810 | Val F1: 0.5974
🎉 New best model found! F1-Score: 0.5974. Saved to training_outputs/20250724-180206/best_model.pth
Epoch [041/300] | Duration: 10.32s | Train Loss: 0.8417 | Train Acc: 0.7751 | Val Loss: 0.8163 | Val Acc: 0.7883 | Val F1: 0.6030
🎉 New best model found! F1-Score: 0.6030. Saved to training_outputs/20250724-180206/best_model.pth
Epoch [042/300] | Duration: 10.13s | Train Loss: 0.8564 | Train Acc: 0.7623 | Val Loss: 0.8288 | Val Acc: 0.7810 | Val F1: 0.5952
Epoch [043/300] | Duration: 9.47s | Train Loss: 0.8431 | Train Acc: 0.7824 | Val Loss: 0.8283 | Val Acc: 0.7883 | Val F1: 0.6032
🎉 New best model found! F1-Score: 0.6032. Saved to training_outputs/20250724-180206/best_model.pth
Epoch [044/300] | Duration: 9.92s | Train Loss: 0.8214 | Train Acc: 0.7879 | Val Loss: 0.8124 | Val Acc: 0.7956 | Val F1: 0.6089
🎉 New best model found! F1-Score: 0.6089. Saved to training_outputs/20250724-180206/best_model.pth
Epoch [045/300] | Duration: 9.96s | Train Loss: 0.8337 | Train Acc: 0.7788 | Val Loss: 0.8257 | Val Acc: 0.7883 | Val F1: 0.6015
Epoch [046/300] | Duration: 9.57s | Train Loss: 0.8597 | Train Acc: 0.7770 | Val Loss: 0.7842 | Val Acc: 0.8029 | Val F1: 0.6119
🎉 New best model found! F1-Score: 0.6119. Saved to training_outputs/20250724-180206/best_model.pth
Epoch [047/300] | Duration: 9.40s | Train Loss: 0.8278 | Train Acc: 0.7934 | Val Loss: 0.8007 | Val Acc: 0.7956 | Val F1: 0.6084
Epoch [048/300] | Duration: 10.54s | Train Loss: 0.8301 | Train Acc: 0.7733 | Val Loss: 0.7956 | Val Acc: 0.7810 | Val F1: 0.5952
Epoch [049/300] | Duration: 11.25s | Train Loss: 0.8355 | Train Acc: 0.7806 | Val Loss: 0.7731 | Val Acc: 0.8102 | Val F1: 0.6178
🎉 New best model found! F1-Score: 0.6178. Saved to training_outputs/20250724-180206/best_model.pth
Epoch [050/300] | Duration: 10.97s | Train Loss: 0.8470 | Train Acc: 0.7715 | Val Loss: 0.7719 | Val Acc: 0.8029 | Val F1: 0.6126
Epoch [051/300] | Duration: 10.50s | Train Loss: 0.8043 | Train Acc: 0.7989 | Val Loss: 0.7859 | Val Acc: 0.7883 | Val F1: 0.6031
Epoch [052/300] | Duration: 11.27s | Train Loss: 0.8326 | Train Acc: 0.7642 | Val Loss: 0.7883 | Val Acc: 0.7883 | Val F1: 0.6014
Epoch [053/300] | Duration: 11.09s | Train Loss: 0.8107 | Train Acc: 0.7788 | Val Loss: 0.7729 | Val Acc: 0.7883 | Val F1: 0.6032
Epoch [054/300] | Duration: 10.37s | Train Loss: 0.7938 | Train Acc: 0.7733 | Val Loss: 0.7784 | Val Acc: 0.7883 | Val F1: 0.6018
Epoch [055/300] | Duration: 9.72s | Train Loss: 0.8122 | Train Acc: 0.8044 | Val Loss: 0.7570 | Val Acc: 0.8029 | Val F1: 0.6125
Epoch [056/300] | Duration: 9.56s | Train Loss: 0.7872 | Train Acc: 0.7861 | Val Loss: 0.7423 | Val Acc: 0.7883 | Val F1: 0.6010
Epoch [057/300] | Duration: 9.79s | Train Loss: 0.8345 | Train Acc: 0.7806 | Val Loss: 0.7324 | Val Acc: 0.8102 | Val F1: 0.6176
Epoch [058/300] | Duration: 9.98s | Train Loss: 0.7944 | Train Acc: 0.7806 | Val Loss: 0.7525 | Val Acc: 0.8029 | Val F1: 0.6125
Epoch [059/300] | Duration: 11.62s | Train Loss: 0.7895 | Train Acc: 0.7934 | Val Loss: 0.7543 | Val Acc: 0.7883 | Val F1: 0.6013
Epoch [060/300] | Duration: 11.03s | Train Loss: 0.7802 | Train Acc: 0.8099 | Val Loss: 0.7462 | Val Acc: 0.8102 | Val F1: 0.6184
🎉 New best model found! F1-Score: 0.6184. Saved to training_outputs/20250724-180206/best_model.pth
Epoch [061/300] | Duration: 10.26s | Train Loss: 0.8017 | Train Acc: 0.8026 | Val Loss: 0.7419 | Val Acc: 0.8102 | Val F1: 0.6184
Epoch [062/300] | Duration: 9.89s | Train Loss: 0.7860 | Train Acc: 0.7824 | Val Loss: 0.7234 | Val Acc: 0.8102 | Val F1: 0.6179
Epoch [063/300] | Duration: 10.58s | Train Loss: 0.7779 | Train Acc: 0.8007 | Val Loss: 0.7274 | Val Acc: 0.8102 | Val F1: 0.6181
Epoch [064/300] | Duration: 9.33s | Train Loss: 0.7765 | Train Acc: 0.7934 | Val Loss: 0.7255 | Val Acc: 0.7956 | Val F1: 0.6071
Epoch [065/300] | Duration: 9.03s | Train Loss: 0.8016 | Train Acc: 0.7751 | Val Loss: 0.7549 | Val Acc: 0.7883 | Val F1: 0.6018
Epoch [066/300] | Duration: 9.41s | Train Loss: 0.7823 | Train Acc: 0.7843 | Val Loss: 0.7195 | Val Acc: 0.8102 | Val F1: 0.6181
Epoch [067/300] | Duration: 9.87s | Train Loss: 0.7711 | Train Acc: 0.8044 | Val Loss: 0.7308 | Val Acc: 0.8029 | Val F1: 0.6123
Epoch [068/300] | Duration: 8.89s | Train Loss: 0.7566 | Train Acc: 0.7971 | Val Loss: 0.7244 | Val Acc: 0.7956 | Val F1: 0.6076
Epoch [069/300] | Duration: 8.25s | Train Loss: 0.7407 | Train Acc: 0.7971 | Val Loss: 0.7208 | Val Acc: 0.8029 | Val F1: 0.6130
Epoch [070/300] | Duration: 8.94s | Train Loss: 0.7761 | Train Acc: 0.7824 | Val Loss: 0.7143 | Val Acc: 0.8102 | Val F1: 0.6180
Epoch [071/300] | Duration: 9.27s | Train Loss: 0.7580 | Train Acc: 0.7843 | Val Loss: 0.7153 | Val Acc: 0.7956 | Val F1: 0.6067
Epoch [072/300] | Duration: 9.15s | Train Loss: 0.7611 | Train Acc: 0.8062 | Val Loss: 0.7211 | Val Acc: 0.8029 | Val F1: 0.6130
Epoch [073/300] | Duration: 9.45s | Train Loss: 0.7383 | Train Acc: 0.8044 | Val Loss: 0.7194 | Val Acc: 0.8102 | Val F1: 0.6190
🎉 New best model found! F1-Score: 0.6190. Saved to training_outputs/20250724-180206/best_model.pth
Epoch [074/300] | Duration: 9.97s | Train Loss: 0.7744 | Train Acc: 0.7989 | Val Loss: 0.6961 | Val Acc: 0.8102 | Val F1: 0.6190
Epoch [075/300] | Duration: 9.79s | Train Loss: 0.7576 | Train Acc: 0.7861 | Val Loss: 0.7298 | Val Acc: 0.7956 | Val F1: 0.6073
Epoch [076/300] | Duration: 10.10s | Train Loss: 0.7631 | Train Acc: 0.8062 | Val Loss: 0.7000 | Val Acc: 0.8102 | Val F1: 0.6189
Epoch [077/300] | Duration: 10.23s | Train Loss: 0.7558 | Train Acc: 0.7879 | Val Loss: 0.6893 | Val Acc: 0.8102 | Val F1: 0.6183
Epoch [078/300] | Duration: 10.16s | Train Loss: 0.7412 | Train Acc: 0.8062 | Val Loss: 0.7024 | Val Acc: 0.8029 | Val F1: 0.6130
Epoch [079/300] | Duration: 10.46s | Train Loss: 0.7279 | Train Acc: 0.8172 | Val Loss: 0.6917 | Val Acc: 0.8029 | Val F1: 0.6130
Epoch [080/300] | Duration: 10.37s | Train Loss: 0.7514 | Train Acc: 0.7898 | Val Loss: 0.6850 | Val Acc: 0.8175 | Val F1: 0.6237
🎉 New best model found! F1-Score: 0.6237. Saved to training_outputs/20250724-180206/best_model.pth
Epoch [081/300] | Duration: 10.73s | Train Loss: 0.7288 | Train Acc: 0.8044 | Val Loss: 0.7013 | Val Acc: 0.7883 | Val F1: 0.6018
Epoch [082/300] | Duration: 10.66s | Train Loss: 0.7301 | Train Acc: 0.7898 | Val Loss: 0.7110 | Val Acc: 0.8029 | Val F1: 0.6126
Epoch [083/300] | Duration: 10.05s | Train Loss: 0.7262 | Train Acc: 0.8190 | Val Loss: 0.6780 | Val Acc: 0.8029 | Val F1: 0.6130
Epoch [084/300] | Duration: 9.49s | Train Loss: 0.7154 | Train Acc: 0.7952 | Val Loss: 0.6707 | Val Acc: 0.8029 | Val F1: 0.6125
Epoch [085/300] | Duration: 8.97s | Train Loss: 0.7631 | Train Acc: 0.7751 | Val Loss: 0.6651 | Val Acc: 0.8029 | Val F1: 0.6130
Epoch [086/300] | Duration: 8.96s | Train Loss: 0.7257 | Train Acc: 0.7971 | Val Loss: 0.6805 | Val Acc: 0.8102 | Val F1: 0.6189
Epoch [087/300] | Duration: 10.18s | Train Loss: 0.7234 | Train Acc: 0.8007 | Val Loss: 0.6820 | Val Acc: 0.8029 | Val F1: 0.6130
Epoch [088/300] | Duration: 11.23s | Train Loss: 0.6816 | Train Acc: 0.8154 | Val Loss: 0.6783 | Val Acc: 0.8175 | Val F1: 0.6238
🎉 New best model found! F1-Score: 0.6238. Saved to training_outputs/20250724-180206/best_model.pth
Epoch [089/300] | Duration: 10.86s | Train Loss: 0.7153 | Train Acc: 0.8026 | Val Loss: 0.6547 | Val Acc: 0.8029 | Val F1: 0.6127
Epoch [090/300] | Duration: 9.29s | Train Loss: 0.7473 | Train Acc: 0.7971 | Val Loss: 0.6567 | Val Acc: 0.8102 | Val F1: 0.6189
Epoch [091/300] | Duration: 9.20s | Train Loss: 0.7138 | Train Acc: 0.8135 | Val Loss: 0.6404 | Val Acc: 0.8175 | Val F1: 0.6238
🎉 New best model found! F1-Score: 0.6238. Saved to training_outputs/20250724-180206/best_model.pth
Epoch [092/300] | Duration: 9.66s | Train Loss: 0.7064 | Train Acc: 0.7989 | Val Loss: 0.6645 | Val Acc: 0.8102 | Val F1: 0.6190
Epoch [093/300] | Duration: 10.66s | Train Loss: 0.7299 | Train Acc: 0.7879 | Val Loss: 0.6726 | Val Acc: 0.8029 | Val F1: 0.6130
Epoch [094/300] | Duration: 9.38s | Train Loss: 0.7483 | Train Acc: 0.7770 | Val Loss: 0.6723 | Val Acc: 0.8102 | Val F1: 0.6186
Epoch [095/300] | Duration: 8.59s | Train Loss: 0.7115 | Train Acc: 0.8062 | Val Loss: 0.6839 | Val Acc: 0.8102 | Val F1: 0.6186
Epoch [096/300] | Duration: 9.37s | Train Loss: 0.7132 | Train Acc: 0.7934 | Val Loss: 0.6426 | Val Acc: 0.8175 | Val F1: 0.6239
🎉 New best model found! F1-Score: 0.6239. Saved to training_outputs/20250724-180206/best_model.pth
Epoch [097/300] | Duration: 9.90s | Train Loss: 0.6801 | Train Acc: 0.8190 | Val Loss: 0.6520 | Val Acc: 0.8175 | Val F1: 0.6250
🎉 New best model found! F1-Score: 0.6250. Saved to training_outputs/20250724-180206/best_model.pth
Epoch [098/300] | Duration: 9.60s | Train Loss: 0.7062 | Train Acc: 0.8062 | Val Loss: 0.6404 | Val Acc: 0.8248 | Val F1: 0.6295
🎉 New best model found! F1-Score: 0.6295. Saved to training_outputs/20250724-180206/best_model.pth
Epoch [099/300] | Duration: 9.93s | Train Loss: 0.6941 | Train Acc: 0.8044 | Val Loss: 0.6480 | Val Acc: 0.8175 | Val F1: 0.6233
Epoch [100/300] | Duration: 10.19s | Train Loss: 0.7079 | Train Acc: 0.8190 | Val Loss: 0.6596 | Val Acc: 0.8102 | Val F1: 0.6190
Epoch [101/300] | Duration: 9.28s | Train Loss: 0.6833 | Train Acc: 0.8099 | Val Loss: 0.6395 | Val Acc: 0.8102 | Val F1: 0.6185
Epoch [102/300] | Duration: 9.86s | Train Loss: 0.7290 | Train Acc: 0.7989 | Val Loss: 0.6253 | Val Acc: 0.8321 | Val F1: 0.6351
🎉 New best model found! F1-Score: 0.6351. Saved to training_outputs/20250724-180206/best_model.pth
Epoch [103/300] | Duration: 8.80s | Train Loss: 0.7122 | Train Acc: 0.8172 | Val Loss: 0.6328 | Val Acc: 0.8248 | Val F1: 0.6295
Epoch [104/300] | Duration: 8.79s | Train Loss: 0.7100 | Train Acc: 0.8080 | Val Loss: 0.6322 | Val Acc: 0.8102 | Val F1: 0.6184
Epoch [105/300] | Duration: 8.01s | Train Loss: 0.7114 | Train Acc: 0.8026 | Val Loss: 0.6290 | Val Acc: 0.8175 | Val F1: 0.6239
Epoch [106/300] | Duration: 8.96s | Train Loss: 0.7195 | Train Acc: 0.7733 | Val Loss: 0.6295 | Val Acc: 0.8175 | Val F1: 0.6244
Epoch [107/300] | Duration: 9.03s | Train Loss: 0.7006 | Train Acc: 0.8026 | Val Loss: 0.6300 | Val Acc: 0.8248 | Val F1: 0.6291
Epoch [108/300] | Duration: 10.19s | Train Loss: 0.6987 | Train Acc: 0.7989 | Val Loss: 0.6333 | Val Acc: 0.8248 | Val F1: 0.6292
Epoch [109/300] | Duration: 11.32s | Train Loss: 0.6600 | Train Acc: 0.8373 | Val Loss: 0.6406 | Val Acc: 0.8248 | Val F1: 0.6303
Epoch [110/300] | Duration: 10.75s | Train Loss: 0.6977 | Train Acc: 0.8044 | Val Loss: 0.6369 | Val Acc: 0.8029 | Val F1: 0.6127
Epoch [111/300] | Duration: 10.44s | Train Loss: 0.7062 | Train Acc: 0.7989 | Val Loss: 0.6119 | Val Acc: 0.8248 | Val F1: 0.6293
Epoch [112/300] | Duration: 10.31s | Train Loss: 0.6555 | Train Acc: 0.8154 | Val Loss: 0.6173 | Val Acc: 0.8175 | Val F1: 0.6234
Epoch [113/300] | Duration: 10.06s | Train Loss: 0.6796 | Train Acc: 0.8080 | Val Loss: 0.6242 | Val Acc: 0.8175 | Val F1: 0.6239
Epoch [114/300] | Duration: 10.56s | Train Loss: 0.6891 | Train Acc: 0.8117 | Val Loss: 0.6048 | Val Acc: 0.8248 | Val F1: 0.6293
Epoch [115/300] | Duration: 11.07s | Train Loss: 0.6824 | Train Acc: 0.8135 | Val Loss: 0.6250 | Val Acc: 0.8102 | Val F1: 0.6183
Epoch [116/300] | Duration: 10.79s | Train Loss: 0.6909 | Train Acc: 0.8080 | Val Loss: 0.6536 | Val Acc: 0.8102 | Val F1: 0.6186
Epoch [117/300] | Duration: 10.51s | Train Loss: 0.6617 | Train Acc: 0.8026 | Val Loss: 0.6164 | Val Acc: 0.8248 | Val F1: 0.6295
Epoch [118/300] | Duration: 11.39s | Train Loss: 0.6863 | Train Acc: 0.7989 | Val Loss: 0.6149 | Val Acc: 0.8321 | Val F1: 0.6348
Epoch [119/300] | Duration: 10.87s | Train Loss: 0.6864 | Train Acc: 0.7916 | Val Loss: 0.6185 | Val Acc: 0.8102 | Val F1: 0.6187
Epoch [120/300] | Duration: 10.34s | Train Loss: 0.6482 | Train Acc: 0.8227 | Val Loss: 0.6336 | Val Acc: 0.8175 | Val F1: 0.6243
Epoch [121/300] | Duration: 9.83s | Train Loss: 0.6492 | Train Acc: 0.8154 | Val Loss: 0.6069 | Val Acc: 0.8321 | Val F1: 0.6350
Epoch [122/300] | Duration: 8.47s | Train Loss: 0.6685 | Train Acc: 0.8080 | Val Loss: 0.6367 | Val Acc: 0.8248 | Val F1: 0.6302
Epoch [123/300] | Duration: 9.94s | Train Loss: 0.6628 | Train Acc: 0.8117 | Val Loss: 0.6003 | Val Acc: 0.8102 | Val F1: 0.6181
Epoch [124/300] | Duration: 9.76s | Train Loss: 0.6523 | Train Acc: 0.8227 | Val Loss: 0.6138 | Val Acc: 0.8175 | Val F1: 0.6243
Epoch [125/300] | Duration: 9.80s | Train Loss: 0.6677 | Train Acc: 0.8154 | Val Loss: 0.6059 | Val Acc: 0.8321 | Val F1: 0.6350
Epoch [126/300] | Duration: 9.61s | Train Loss: 0.6570 | Train Acc: 0.8099 | Val Loss: 0.6171 | Val Acc: 0.8248 | Val F1: 0.6302
Epoch [127/300] | Duration: 9.71s | Train Loss: 0.6510 | Train Acc: 0.8135 | Val Loss: 0.6055 | Val Acc: 0.8175 | Val F1: 0.6238
Epoch [128/300] | Duration: 10.43s | Train Loss: 0.6825 | Train Acc: 0.7934 | Val Loss: 0.6155 | Val Acc: 0.8175 | Val F1: 0.6238
Epoch [129/300] | Duration: 10.88s | Train Loss: 0.6460 | Train Acc: 0.8172 | Val Loss: 0.5947 | Val Acc: 0.8175 | Val F1: 0.6236
Epoch [130/300] | Duration: 11.80s | Train Loss: 0.6985 | Train Acc: 0.7989 | Val Loss: 0.5878 | Val Acc: 0.8321 | Val F1: 0.6347
Epoch [131/300] | Duration: 11.08s | Train Loss: 0.6829 | Train Acc: 0.7916 | Val Loss: 0.5977 | Val Acc: 0.8248 | Val F1: 0.6297
Epoch [132/300] | Duration: 10.06s | Train Loss: 0.6676 | Train Acc: 0.8044 | Val Loss: 0.5863 | Val Acc: 0.8175 | Val F1: 0.6234
Epoch [133/300] | Duration: 9.36s | Train Loss: 0.6514 | Train Acc: 0.8227 | Val Loss: 0.5922 | Val Acc: 0.8175 | Val F1: 0.6237
Epoch [134/300] | Duration: 9.27s | Train Loss: 0.6121 | Train Acc: 0.8282 | Val Loss: 0.6010 | Val Acc: 0.8248 | Val F1: 0.6300
Epoch [135/300] | Duration: 10.05s | Train Loss: 0.6843 | Train Acc: 0.7806 | Val Loss: 0.6224 | Val Acc: 0.8248 | Val F1: 0.6304
Epoch [136/300] | Duration: 9.34s | Train Loss: 0.6425 | Train Acc: 0.8117 | Val Loss: 0.6057 | Val Acc: 0.8175 | Val F1: 0.6243
Epoch [137/300] | Duration: 9.27s | Train Loss: 0.6715 | Train Acc: 0.8026 | Val Loss: 0.5798 | Val Acc: 0.8394 | Val F1: 0.6401
🎉 New best model found! F1-Score: 0.6401. Saved to training_outputs/20250724-180206/best_model.pth
Epoch [138/300] | Duration: 10.34s | Train Loss: 0.6437 | Train Acc: 0.8245 | Val Loss: 0.5982 | Val Acc: 0.8175 | Val F1: 0.6238
Epoch [139/300] | Duration: 10.11s | Train Loss: 0.7076 | Train Acc: 0.8172 | Val Loss: 0.5731 | Val Acc: 0.8321 | Val F1: 0.6353
Epoch [140/300] | Duration: 10.32s | Train Loss: 0.6272 | Train Acc: 0.8172 | Val Loss: 0.5802 | Val Acc: 0.8321 | Val F1: 0.6361
Epoch [141/300] | Duration: 10.54s | Train Loss: 0.6320 | Train Acc: 0.8190 | Val Loss: 0.5868 | Val Acc: 0.8102 | Val F1: 0.6181
Epoch [142/300] | Duration: 10.42s | Train Loss: 0.6723 | Train Acc: 0.8135 | Val Loss: 0.6130 | Val Acc: 0.8321 | Val F1: 0.6362
Epoch [143/300] | Duration: 10.80s | Train Loss: 0.6454 | Train Acc: 0.7971 | Val Loss: 0.5990 | Val Acc: 0.8175 | Val F1: 0.6235
Epoch [144/300] | Duration: 10.27s | Train Loss: 0.6752 | Train Acc: 0.8062 | Val Loss: 0.5714 | Val Acc: 0.8248 | Val F1: 0.6292
Epoch [145/300] | Duration: 10.18s | Train Loss: 0.6772 | Train Acc: 0.7879 | Val Loss: 0.5875 | Val Acc: 0.8175 | Val F1: 0.6238
Epoch [146/300] | Duration: 9.26s | Train Loss: 0.6311 | Train Acc: 0.8117 | Val Loss: 0.5857 | Val Acc: 0.8175 | Val F1: 0.6239
Epoch [147/300] | Duration: 10.32s | Train Loss: 0.6318 | Train Acc: 0.8154 | Val Loss: 0.5721 | Val Acc: 0.8248 | Val F1: 0.6292
Epoch [148/300] | Duration: 9.73s | Train Loss: 0.6227 | Train Acc: 0.8117 | Val Loss: 0.5899 | Val Acc: 0.8248 | Val F1: 0.6300
Epoch [149/300] | Duration: 10.17s | Train Loss: 0.6232 | Train Acc: 0.8208 | Val Loss: 0.5815 | Val Acc: 0.8248 | Val F1: 0.6289
Epoch [150/300] | Duration: 9.91s | Train Loss: 0.6665 | Train Acc: 0.8044 | Val Loss: 0.5694 | Val Acc: 0.8321 | Val F1: 0.6346
Epoch [151/300] | Duration: 9.82s | Train Loss: 0.6273 | Train Acc: 0.7971 | Val Loss: 0.6267 | Val Acc: 0.8175 | Val F1: 0.6242
Epoch [152/300] | Duration: 9.57s | Train Loss: 0.6751 | Train Acc: 0.8154 | Val Loss: 0.5898 | Val Acc: 0.8248 | Val F1: 0.6300
Epoch [153/300] | Duration: 9.35s | Train Loss: 0.6409 | Train Acc: 0.8135 | Val Loss: 0.6099 | Val Acc: 0.8175 | Val F1: 0.6248
Epoch [154/300] | Duration: 9.74s | Train Loss: 0.6234 | Train Acc: 0.8190 | Val Loss: 0.5856 | Val Acc: 0.8321 | Val F1: 0.6362
Epoch [155/300] | Duration: 10.29s | Train Loss: 0.6417 | Train Acc: 0.8044 | Val Loss: 0.5922 | Val Acc: 0.8248 | Val F1: 0.6304
Epoch [156/300] | Duration: 10.55s | Train Loss: 0.6630 | Train Acc: 0.8026 | Val Loss: 0.5842 | Val Acc: 0.8248 | Val F1: 0.6302
Epoch [157/300] | Duration: 9.48s | Train Loss: 0.6414 | Train Acc: 0.8099 | Val Loss: 0.5852 | Val Acc: 0.8248 | Val F1: 0.6297
Epoch [158/300] | Duration: 9.49s | Train Loss: 0.6317 | Train Acc: 0.8135 | Val Loss: 0.6092 | Val Acc: 0.8248 | Val F1: 0.6302
Epoch [159/300] | Duration: 8.76s | Train Loss: 0.6580 | Train Acc: 0.7952 | Val Loss: 0.5920 | Val Acc: 0.8394 | Val F1: 0.6408
🎉 New best model found! F1-Score: 0.6408. Saved to training_outputs/20250724-180206/best_model.pth
Epoch [160/300] | Duration: 9.11s | Train Loss: 0.6308 | Train Acc: 0.8117 | Val Loss: 0.5720 | Val Acc: 0.8321 | Val F1: 0.6345
Epoch [161/300] | Duration: 10.17s | Train Loss: 0.6062 | Train Acc: 0.8154 | Val Loss: 0.5809 | Val Acc: 0.8394 | Val F1: 0.6405
Epoch [162/300] | Duration: 10.47s | Train Loss: 0.6389 | Train Acc: 0.8007 | Val Loss: 0.5741 | Val Acc: 0.8394 | Val F1: 0.6405
Epoch [163/300] | Duration: 11.22s | Train Loss: 0.6216 | Train Acc: 0.8080 | Val Loss: 0.5817 | Val Acc: 0.8248 | Val F1: 0.6297
Epoch [164/300] | Duration: 10.32s | Train Loss: 0.6341 | Train Acc: 0.7989 | Val Loss: 0.5879 | Val Acc: 0.8248 | Val F1: 0.6297
Epoch [165/300] | Duration: 10.45s | Train Loss: 0.6227 | Train Acc: 0.8099 | Val Loss: 0.5625 | Val Acc: 0.8321 | Val F1: 0.6348
Epoch [166/300] | Duration: 9.90s | Train Loss: 0.6427 | Train Acc: 0.8208 | Val Loss: 0.5907 | Val Acc: 0.8102 | Val F1: 0.6184
Epoch [167/300] | Duration: 10.91s | Train Loss: 0.6225 | Train Acc: 0.8080 | Val Loss: 0.5733 | Val Acc: 0.8321 | Val F1: 0.6353
Epoch [168/300] | Duration: 10.82s | Train Loss: 0.6056 | Train Acc: 0.8245 | Val Loss: 0.5670 | Val Acc: 0.8321 | Val F1: 0.6347
Epoch [169/300] | Duration: 11.54s | Train Loss: 0.6068 | Train Acc: 0.8318 | Val Loss: 0.5742 | Val Acc: 0.8321 | Val F1: 0.6352
Epoch [170/300] | Duration: 11.05s | Train Loss: 0.6266 | Train Acc: 0.8154 | Val Loss: 0.5794 | Val Acc: 0.8321 | Val F1: 0.6345
Epoch [171/300] | Duration: 10.76s | Train Loss: 0.6278 | Train Acc: 0.8044 | Val Loss: 0.5669 | Val Acc: 0.8321 | Val F1: 0.6345
Epoch [172/300] | Duration: 10.57s | Train Loss: 0.6498 | Train Acc: 0.8190 | Val Loss: 0.5792 | Val Acc: 0.8321 | Val F1: 0.6362
Epoch [173/300] | Duration: 10.38s | Train Loss: 0.6325 | Train Acc: 0.8117 | Val Loss: 0.5648 | Val Acc: 0.8248 | Val F1: 0.6294
Epoch [174/300] | Duration: 10.73s | Train Loss: 0.6322 | Train Acc: 0.8172 | Val Loss: 0.5794 | Val Acc: 0.8248 | Val F1: 0.6304
Epoch [175/300] | Duration: 10.22s | Train Loss: 0.6643 | Train Acc: 0.8154 | Val Loss: 0.5942 | Val Acc: 0.8248 | Val F1: 0.6297
Epoch [176/300] | Duration: 10.90s | Train Loss: 0.6030 | Train Acc: 0.8099 | Val Loss: 0.5835 | Val Acc: 0.8321 | Val F1: 0.6362
Epoch [177/300] | Duration: 10.86s | Train Loss: 0.6122 | Train Acc: 0.8190 | Val Loss: 0.5895 | Val Acc: 0.8102 | Val F1: 0.6181
Epoch [178/300] | Duration: 10.10s | Train Loss: 0.6266 | Train Acc: 0.8062 | Val Loss: 0.5732 | Val Acc: 0.8321 | Val F1: 0.6362
Epoch [179/300] | Duration: 9.64s | Train Loss: 0.6317 | Train Acc: 0.7989 | Val Loss: 0.5891 | Val Acc: 0.8321 | Val F1: 0.6362
Epoch [180/300] | Duration: 9.30s | Train Loss: 0.6124 | Train Acc: 0.8227 | Val Loss: 0.5780 | Val Acc: 0.8248 | Val F1: 0.6302
Epoch [181/300] | Duration: 9.29s | Train Loss: 0.5816 | Train Acc: 0.8190 | Val Loss: 0.5720 | Val Acc: 0.8394 | Val F1: 0.6414
🎉 New best model found! F1-Score: 0.6414. Saved to training_outputs/20250724-180206/best_model.pth
Epoch [182/300] | Duration: 9.35s | Train Loss: 0.6428 | Train Acc: 0.8135 | Val Loss: 0.5630 | Val Acc: 0.8321 | Val F1: 0.6350
Epoch [183/300] | Duration: 10.20s | Train Loss: 0.6415 | Train Acc: 0.7989 | Val Loss: 0.5761 | Val Acc: 0.8175 | Val F1: 0.6239
Epoch [184/300] | Duration: 10.42s | Train Loss: 0.6120 | Train Acc: 0.8227 | Val Loss: 0.5743 | Val Acc: 0.8248 | Val F1: 0.6302
Epoch [185/300] | Duration: 10.26s | Train Loss: 0.6478 | Train Acc: 0.8099 | Val Loss: 0.5855 | Val Acc: 0.8321 | Val F1: 0.6364
Epoch [186/300] | Duration: 10.92s | Train Loss: 0.6167 | Train Acc: 0.8190 | Val Loss: 0.5754 | Val Acc: 0.8248 | Val F1: 0.6299
Epoch [187/300] | Duration: 10.02s | Train Loss: 0.6322 | Train Acc: 0.8026 | Val Loss: 0.5775 | Val Acc: 0.8321 | Val F1: 0.6349
Epoch [188/300] | Duration: 10.18s | Train Loss: 0.5964 | Train Acc: 0.8208 | Val Loss: 0.5650 | Val Acc: 0.8321 | Val F1: 0.6350
Epoch [189/300] | Duration: 9.63s | Train Loss: 0.6516 | Train Acc: 0.8062 | Val Loss: 0.5721 | Val Acc: 0.8321 | Val F1: 0.6356
Epoch [190/300] | Duration: 10.08s | Train Loss: 0.6333 | Train Acc: 0.8117 | Val Loss: 0.5551 | Val Acc: 0.8248 | Val F1: 0.6291
Epoch [191/300] | Duration: 10.36s | Train Loss: 0.6493 | Train Acc: 0.7733 | Val Loss: 0.5701 | Val Acc: 0.8175 | Val F1: 0.6238
Epoch [192/300] | Duration: 10.59s | Train Loss: 0.6025 | Train Acc: 0.8282 | Val Loss: 0.5956 | Val Acc: 0.8321 | Val F1: 0.6364
Epoch [193/300] | Duration: 10.41s | Train Loss: 0.6292 | Train Acc: 0.8080 | Val Loss: 0.5815 | Val Acc: 0.8321 | Val F1: 0.6362
Epoch [194/300] | Duration: 10.86s | Train Loss: 0.6189 | Train Acc: 0.8227 | Val Loss: 0.5721 | Val Acc: 0.8394 | Val F1: 0.6405
Epoch [195/300] | Duration: 11.37s | Train Loss: 0.6007 | Train Acc: 0.8208 | Val Loss: 0.5600 | Val Acc: 0.8394 | Val F1: 0.6404
Epoch [196/300] | Duration: 10.92s | Train Loss: 0.6490 | Train Acc: 0.7879 | Val Loss: 0.5704 | Val Acc: 0.8394 | Val F1: 0.6411
Epoch [197/300] | Duration: 10.70s | Train Loss: 0.6457 | Train Acc: 0.8062 | Val Loss: 0.5593 | Val Acc: 0.8248 | Val F1: 0.6293
Epoch [198/300] | Duration: 10.48s | Train Loss: 0.6409 | Train Acc: 0.7952 | Val Loss: 0.5556 | Val Acc: 0.8248 | Val F1: 0.6289
Epoch [199/300] | Duration: 11.21s | Train Loss: 0.6641 | Train Acc: 0.7952 | Val Loss: 0.5865 | Val Acc: 0.8248 | Val F1: 0.6297
Epoch [200/300] | Duration: 10.05s | Train Loss: 0.6354 | Train Acc: 0.7971 | Val Loss: 0.5711 | Val Acc: 0.8394 | Val F1: 0.6411
Epoch [201/300] | Duration: 9.00s | Train Loss: 0.6486 | Train Acc: 0.8172 | Val Loss: 0.5882 | Val Acc: 0.8175 | Val F1: 0.6241
Epoch [202/300] | Duration: 9.82s | Train Loss: 0.6191 | Train Acc: 0.8300 | Val Loss: 0.5780 | Val Acc: 0.8321 | Val F1: 0.6362
Epoch [203/300] | Duration: 9.32s | Train Loss: 0.6362 | Train Acc: 0.8135 | Val Loss: 0.5654 | Val Acc: 0.8248 | Val F1: 0.6299
Epoch [204/300] | Duration: 9.01s | Train Loss: 0.6437 | Train Acc: 0.8080 | Val Loss: 0.5592 | Val Acc: 0.8321 | Val F1: 0.6346
Epoch [205/300] | Duration: 9.20s | Train Loss: 0.6440 | Train Acc: 0.7989 | Val Loss: 0.5632 | Val Acc: 0.8248 | Val F1: 0.6291
Epoch [206/300] | Duration: 10.14s | Train Loss: 0.6032 | Train Acc: 0.8099 | Val Loss: 0.5674 | Val Acc: 0.8248 | Val F1: 0.6304
Epoch [207/300] | Duration: 9.97s | Train Loss: 0.6198 | Train Acc: 0.8117 | Val Loss: 0.5738 | Val Acc: 0.8321 | Val F1: 0.6352
Epoch [208/300] | Duration: 10.23s | Train Loss: 0.5987 | Train Acc: 0.8300 | Val Loss: 0.5679 | Val Acc: 0.8321 | Val F1: 0.6347
Epoch [209/300] | Duration: 10.94s | Train Loss: 0.6304 | Train Acc: 0.8044 | Val Loss: 0.5659 | Val Acc: 0.8321 | Val F1: 0.6353
Epoch [210/300] | Duration: 11.13s | Train Loss: 0.6155 | Train Acc: 0.8154 | Val Loss: 0.5689 | Val Acc: 0.8394 | Val F1: 0.6411
Epoch [211/300] | Duration: 10.18s | Train Loss: 0.6014 | Train Acc: 0.8208 | Val Loss: 0.5700 | Val Acc: 0.8321 | Val F1: 0.6353
Epoch [212/300] | Duration: 9.50s | Train Loss: 0.6326 | Train Acc: 0.8044 | Val Loss: 0.5861 | Val Acc: 0.8321 | Val F1: 0.6362
Epoch [213/300] | Duration: 8.92s | Train Loss: 0.6406 | Train Acc: 0.8282 | Val Loss: 0.5747 | Val Acc: 0.8321 | Val F1: 0.6364
Epoch [214/300] | Duration: 9.38s | Train Loss: 0.6389 | Train Acc: 0.8099 | Val Loss: 0.5587 | Val Acc: 0.8321 | Val F1: 0.6353
Epoch [215/300] | Duration: 10.28s | Train Loss: 0.6210 | Train Acc: 0.8154 | Val Loss: 0.5654 | Val Acc: 0.8394 | Val F1: 0.6411
Epoch [216/300] | Duration: 9.76s | Train Loss: 0.6632 | Train Acc: 0.7989 | Val Loss: 0.5583 | Val Acc: 0.8248 | Val F1: 0.6291

🛑 Early stopping triggered after 35 epochs with no improvement.

✅ Training finished.

💾 Saving final artifacts...
Loaded best model from training_outputs/20250724-180206/best_model.pth for final evaluation.
📈 Saved training metrics plot to training_outputs/20250724-180206/training_metrics.png
📊 Saved final confusion matrix to training_outputs/20250724-180206/final_confusion_matrix.png
📝 Saved final classification report to training_outputs/20250724-180206/final_classification_report.txt

✨ Run complete.
