The following modules were not unloaded:
  (Use "module --force purge" to unload all):

  1) modules/2.3-20240529   2) openblas/single-0.3.26
🚀 Starting Run. All outputs will be saved to: training_outputs/20250724-174101
⚙️ Using device: cuda
Hyperparameters: {'input_depth': 32, 'input_height': 32, 'input_width': 32, 'num_classes': 3, 'classes_names': ['mitotic', 'new_daughter', 'stable'], 'learning_rate': 1e-05, 'batch_size': 16, 'num_epochs': 300, 'num_input_channels': 4, 'dropout_rate': 0.1, 'weight_decay': 1e-05, 'early_stopping_patience': 35, 'max_samples_per_class': {'mitotic': 221, 'new_daughter': 221, 'stable': 221}, 'class_weights': [1.0, 1.0, 1.0]}

Loading datasets...
Dataset loaded with 660 total samples:
  - mitotic: 218 samples
  - new_daughter: 221 samples
  - stable: 221 samples
  Applied per-class limits:
    - mitotic: 221 max samples
    - new_daughter: 221 max samples
    - stable: 221 max samples
Dataset loaded with 660 total samples:
  - mitotic: 218 samples
  - new_daughter: 221 samples
  - stable: 221 samples
  Applied per-class limits:
    - mitotic: 221 max samples
    - new_daughter: 221 max samples
    - stable: 221 max samples

Training on 528 samples, validating on 132 samples.
Model has 71,379 trainable parameters.

--- Starting Training ---
Epoch [001/300] | Duration: 48.21s | Train Loss: 1.0351 | Train Acc: 0.4659 | Val Loss: 1.1996 | Val Acc: 0.3333 | Val F1: 0.1667
🎉 New best model found! F1-Score: 0.1667. Saved to training_outputs/20250724-174101/best_model.pth
Epoch [002/300] | Duration: 9.99s | Train Loss: 0.9855 | Train Acc: 0.5909 | Val Loss: 1.0118 | Val Acc: 0.5455 | Val F1: 0.4946
🎉 New best model found! F1-Score: 0.4946. Saved to training_outputs/20250724-174101/best_model.pth
Epoch [003/300] | Duration: 9.45s | Train Loss: 0.9632 | Train Acc: 0.6155 | Val Loss: 0.9455 | Val Acc: 0.7045 | Val F1: 0.6936
🎉 New best model found! F1-Score: 0.6936. Saved to training_outputs/20250724-174101/best_model.pth
Epoch [004/300] | Duration: 9.39s | Train Loss: 0.9388 | Train Acc: 0.6307 | Val Loss: 0.9226 | Val Acc: 0.6894 | Val F1: 0.6790
Epoch [005/300] | Duration: 9.97s | Train Loss: 0.9108 | Train Acc: 0.6534 | Val Loss: 0.9064 | Val Acc: 0.7121 | Val F1: 0.7038
🎉 New best model found! F1-Score: 0.7038. Saved to training_outputs/20250724-174101/best_model.pth
Epoch [006/300] | Duration: 10.88s | Train Loss: 0.8984 | Train Acc: 0.6458 | Val Loss: 0.8920 | Val Acc: 0.7348 | Val F1: 0.7277
🎉 New best model found! F1-Score: 0.7277. Saved to training_outputs/20250724-174101/best_model.pth
Epoch [007/300] | Duration: 10.71s | Train Loss: 0.8873 | Train Acc: 0.6799 | Val Loss: 0.8821 | Val Acc: 0.7197 | Val F1: 0.7073
Epoch [008/300] | Duration: 10.51s | Train Loss: 0.8622 | Train Acc: 0.6989 | Val Loss: 0.8735 | Val Acc: 0.7197 | Val F1: 0.7071
Epoch [009/300] | Duration: 11.25s | Train Loss: 0.8541 | Train Acc: 0.6894 | Val Loss: 0.8659 | Val Acc: 0.7652 | Val F1: 0.7581
🎉 New best model found! F1-Score: 0.7581. Saved to training_outputs/20250724-174101/best_model.pth
Epoch [010/300] | Duration: 10.98s | Train Loss: 0.8412 | Train Acc: 0.6970 | Val Loss: 0.8550 | Val Acc: 0.7576 | Val F1: 0.7494
Epoch [011/300] | Duration: 10.48s | Train Loss: 0.8356 | Train Acc: 0.6875 | Val Loss: 0.8463 | Val Acc: 0.7803 | Val F1: 0.7754
🎉 New best model found! F1-Score: 0.7754. Saved to training_outputs/20250724-174101/best_model.pth
Epoch [012/300] | Duration: 10.03s | Train Loss: 0.8275 | Train Acc: 0.6932 | Val Loss: 0.8354 | Val Acc: 0.7879 | Val F1: 0.7839
🎉 New best model found! F1-Score: 0.7839. Saved to training_outputs/20250724-174101/best_model.pth
Epoch [013/300] | Duration: 9.02s | Train Loss: 0.8116 | Train Acc: 0.6989 | Val Loss: 0.8274 | Val Acc: 0.7955 | Val F1: 0.7919
🎉 New best model found! F1-Score: 0.7919. Saved to training_outputs/20250724-174101/best_model.pth
Epoch [014/300] | Duration: 8.86s | Train Loss: 0.7892 | Train Acc: 0.7424 | Val Loss: 0.8157 | Val Acc: 0.7955 | Val F1: 0.7916
Epoch [015/300] | Duration: 10.42s | Train Loss: 0.7930 | Train Acc: 0.7254 | Val Loss: 0.8038 | Val Acc: 0.7955 | Val F1: 0.7916
Epoch [016/300] | Duration: 10.02s | Train Loss: 0.7752 | Train Acc: 0.7216 | Val Loss: 0.7916 | Val Acc: 0.7879 | Val F1: 0.7857
Epoch [017/300] | Duration: 10.27s | Train Loss: 0.7654 | Train Acc: 0.7614 | Val Loss: 0.7834 | Val Acc: 0.7955 | Val F1: 0.7929
🎉 New best model found! F1-Score: 0.7929. Saved to training_outputs/20250724-174101/best_model.pth
Epoch [018/300] | Duration: 10.62s | Train Loss: 0.7692 | Train Acc: 0.7443 | Val Loss: 0.7771 | Val Acc: 0.8182 | Val F1: 0.8162
🎉 New best model found! F1-Score: 0.8162. Saved to training_outputs/20250724-174101/best_model.pth
Epoch [019/300] | Duration: 10.97s | Train Loss: 0.7472 | Train Acc: 0.7765 | Val Loss: 0.7593 | Val Acc: 0.8182 | Val F1: 0.8167
🎉 New best model found! F1-Score: 0.8167. Saved to training_outputs/20250724-174101/best_model.pth
Epoch [020/300] | Duration: 9.27s | Train Loss: 0.7603 | Train Acc: 0.7633 | Val Loss: 0.7546 | Val Acc: 0.8106 | Val F1: 0.8090
Epoch [021/300] | Duration: 9.18s | Train Loss: 0.7425 | Train Acc: 0.7822 | Val Loss: 0.7434 | Val Acc: 0.8182 | Val F1: 0.8167
🎉 New best model found! F1-Score: 0.8167. Saved to training_outputs/20250724-174101/best_model.pth
Epoch [022/300] | Duration: 9.77s | Train Loss: 0.7353 | Train Acc: 0.7803 | Val Loss: 0.7346 | Val Acc: 0.8182 | Val F1: 0.8162
Epoch [023/300] | Duration: 9.30s | Train Loss: 0.7265 | Train Acc: 0.7784 | Val Loss: 0.7283 | Val Acc: 0.8182 | Val F1: 0.8170
🎉 New best model found! F1-Score: 0.8170. Saved to training_outputs/20250724-174101/best_model.pth
Epoch [024/300] | Duration: 9.87s | Train Loss: 0.6987 | Train Acc: 0.7784 | Val Loss: 0.7075 | Val Acc: 0.8333 | Val F1: 0.8323
🎉 New best model found! F1-Score: 0.8323. Saved to training_outputs/20250724-174101/best_model.pth
Epoch [025/300] | Duration: 9.49s | Train Loss: 0.7207 | Train Acc: 0.7992 | Val Loss: 0.7085 | Val Acc: 0.8333 | Val F1: 0.8320
Epoch [026/300] | Duration: 10.70s | Train Loss: 0.6966 | Train Acc: 0.8163 | Val Loss: 0.6925 | Val Acc: 0.8333 | Val F1: 0.8323
Epoch [027/300] | Duration: 10.10s | Train Loss: 0.6799 | Train Acc: 0.8011 | Val Loss: 0.6848 | Val Acc: 0.8333 | Val F1: 0.8323
Epoch [028/300] | Duration: 10.36s | Train Loss: 0.6832 | Train Acc: 0.8239 | Val Loss: 0.6755 | Val Acc: 0.8333 | Val F1: 0.8323
Epoch [029/300] | Duration: 10.67s | Train Loss: 0.6659 | Train Acc: 0.8144 | Val Loss: 0.6620 | Val Acc: 0.8333 | Val F1: 0.8323
Epoch [030/300] | Duration: 10.67s | Train Loss: 0.6744 | Train Acc: 0.7879 | Val Loss: 0.6544 | Val Acc: 0.8485 | Val F1: 0.8476
🎉 New best model found! F1-Score: 0.8476. Saved to training_outputs/20250724-174101/best_model.pth
Epoch [031/300] | Duration: 10.27s | Train Loss: 0.6496 | Train Acc: 0.8409 | Val Loss: 0.6513 | Val Acc: 0.8485 | Val F1: 0.8476
Epoch [032/300] | Duration: 9.58s | Train Loss: 0.6385 | Train Acc: 0.8390 | Val Loss: 0.6439 | Val Acc: 0.8333 | Val F1: 0.8323
Epoch [033/300] | Duration: 9.10s | Train Loss: 0.6240 | Train Acc: 0.8390 | Val Loss: 0.6268 | Val Acc: 0.8409 | Val F1: 0.8399
Epoch [034/300] | Duration: 10.60s | Train Loss: 0.6423 | Train Acc: 0.8030 | Val Loss: 0.6248 | Val Acc: 0.8485 | Val F1: 0.8476
Epoch [035/300] | Duration: 11.29s | Train Loss: 0.6396 | Train Acc: 0.8106 | Val Loss: 0.6116 | Val Acc: 0.8485 | Val F1: 0.8472
Epoch [036/300] | Duration: 10.66s | Train Loss: 0.6158 | Train Acc: 0.8371 | Val Loss: 0.6077 | Val Acc: 0.8485 | Val F1: 0.8476
Epoch [037/300] | Duration: 9.93s | Train Loss: 0.6046 | Train Acc: 0.8201 | Val Loss: 0.6058 | Val Acc: 0.8485 | Val F1: 0.8476
Epoch [038/300] | Duration: 9.59s | Train Loss: 0.6017 | Train Acc: 0.8239 | Val Loss: 0.6002 | Val Acc: 0.8485 | Val F1: 0.8476
Epoch [039/300] | Duration: 9.70s | Train Loss: 0.6120 | Train Acc: 0.8390 | Val Loss: 0.5999 | Val Acc: 0.8561 | Val F1: 0.8557
🎉 New best model found! F1-Score: 0.8557. Saved to training_outputs/20250724-174101/best_model.pth
Epoch [040/300] | Duration: 9.30s | Train Loss: 0.5985 | Train Acc: 0.8371 | Val Loss: 0.5911 | Val Acc: 0.8485 | Val F1: 0.8476
Epoch [041/300] | Duration: 8.22s | Train Loss: 0.5934 | Train Acc: 0.8239 | Val Loss: 0.5822 | Val Acc: 0.8485 | Val F1: 0.8474
Epoch [042/300] | Duration: 9.68s | Train Loss: 0.5929 | Train Acc: 0.8409 | Val Loss: 0.5874 | Val Acc: 0.8409 | Val F1: 0.8395
Epoch [043/300] | Duration: 9.04s | Train Loss: 0.5968 | Train Acc: 0.8011 | Val Loss: 0.5801 | Val Acc: 0.8409 | Val F1: 0.8394
Epoch [044/300] | Duration: 9.83s | Train Loss: 0.6122 | Train Acc: 0.8030 | Val Loss: 0.5774 | Val Acc: 0.8485 | Val F1: 0.8474
Epoch [045/300] | Duration: 9.99s | Train Loss: 0.5833 | Train Acc: 0.8447 | Val Loss: 0.5839 | Val Acc: 0.8561 | Val F1: 0.8549
Epoch [046/300] | Duration: 9.33s | Train Loss: 0.6073 | Train Acc: 0.8011 | Val Loss: 0.5743 | Val Acc: 0.8409 | Val F1: 0.8394
Epoch [047/300] | Duration: 8.87s | Train Loss: 0.5951 | Train Acc: 0.8125 | Val Loss: 0.5722 | Val Acc: 0.8561 | Val F1: 0.8555
Epoch [048/300] | Duration: 10.58s | Train Loss: 0.5827 | Train Acc: 0.8352 | Val Loss: 0.5595 | Val Acc: 0.8409 | Val F1: 0.8394
Epoch [049/300] | Duration: 11.33s | Train Loss: 0.5825 | Train Acc: 0.8466 | Val Loss: 0.5660 | Val Acc: 0.8485 | Val F1: 0.8474
Epoch [050/300] | Duration: 11.08s | Train Loss: 0.5731 | Train Acc: 0.8333 | Val Loss: 0.5569 | Val Acc: 0.8409 | Val F1: 0.8394
Epoch [051/300] | Duration: 10.71s | Train Loss: 0.5647 | Train Acc: 0.8504 | Val Loss: 0.5573 | Val Acc: 0.8409 | Val F1: 0.8394
Epoch [052/300] | Duration: 10.45s | Train Loss: 0.5600 | Train Acc: 0.8295 | Val Loss: 0.5595 | Val Acc: 0.8485 | Val F1: 0.8470
Epoch [053/300] | Duration: 10.93s | Train Loss: 0.5681 | Train Acc: 0.8239 | Val Loss: 0.5575 | Val Acc: 0.8636 | Val F1: 0.8635
🎉 New best model found! F1-Score: 0.8635. Saved to training_outputs/20250724-174101/best_model.pth
Epoch [054/300] | Duration: 11.09s | Train Loss: 0.5780 | Train Acc: 0.8201 | Val Loss: 0.5521 | Val Acc: 0.8561 | Val F1: 0.8555
Epoch [055/300] | Duration: 10.90s | Train Loss: 0.5626 | Train Acc: 0.8258 | Val Loss: 0.5434 | Val Acc: 0.8409 | Val F1: 0.8394
Epoch [056/300] | Duration: 11.07s | Train Loss: 0.5511 | Train Acc: 0.8390 | Val Loss: 0.5460 | Val Acc: 0.8561 | Val F1: 0.8547
Epoch [057/300] | Duration: 11.24s | Train Loss: 0.5565 | Train Acc: 0.8239 | Val Loss: 0.5476 | Val Acc: 0.8561 | Val F1: 0.8555
Epoch [058/300] | Duration: 10.80s | Train Loss: 0.5392 | Train Acc: 0.8447 | Val Loss: 0.5553 | Val Acc: 0.8485 | Val F1: 0.8466
Epoch [059/300] | Duration: 10.19s | Train Loss: 0.5390 | Train Acc: 0.8561 | Val Loss: 0.5527 | Val Acc: 0.8485 | Val F1: 0.8474
Epoch [060/300] | Duration: 9.21s | Train Loss: 0.5436 | Train Acc: 0.8485 | Val Loss: 0.5434 | Val Acc: 0.8409 | Val F1: 0.8394
Epoch [061/300] | Duration: 10.36s | Train Loss: 0.5242 | Train Acc: 0.8523 | Val Loss: 0.5395 | Val Acc: 0.8561 | Val F1: 0.8555
Epoch [062/300] | Duration: 11.20s | Train Loss: 0.5255 | Train Acc: 0.8409 | Val Loss: 0.5409 | Val Acc: 0.8636 | Val F1: 0.8627
Epoch [063/300] | Duration: 11.25s | Train Loss: 0.5372 | Train Acc: 0.8390 | Val Loss: 0.5364 | Val Acc: 0.8561 | Val F1: 0.8547
Epoch [064/300] | Duration: 10.22s | Train Loss: 0.5581 | Train Acc: 0.8352 | Val Loss: 0.5294 | Val Acc: 0.8561 | Val F1: 0.8555
Epoch [065/300] | Duration: 8.14s | Train Loss: 0.5384 | Train Acc: 0.8466 | Val Loss: 0.5357 | Val Acc: 0.8561 | Val F1: 0.8547
Epoch [066/300] | Duration: 9.14s | Train Loss: 0.5419 | Train Acc: 0.8371 | Val Loss: 0.5291 | Val Acc: 0.8561 | Val F1: 0.8555
Epoch [067/300] | Duration: 10.79s | Train Loss: 0.5321 | Train Acc: 0.8447 | Val Loss: 0.5284 | Val Acc: 0.8561 | Val F1: 0.8555
Epoch [068/300] | Duration: 10.78s | Train Loss: 0.5430 | Train Acc: 0.8277 | Val Loss: 0.5284 | Val Acc: 0.8485 | Val F1: 0.8466
Epoch [069/300] | Duration: 10.47s | Train Loss: 0.5357 | Train Acc: 0.8333 | Val Loss: 0.5303 | Val Acc: 0.8636 | Val F1: 0.8635
Epoch [070/300] | Duration: 11.47s | Train Loss: 0.5266 | Train Acc: 0.8428 | Val Loss: 0.5235 | Val Acc: 0.8636 | Val F1: 0.8627
Epoch [071/300] | Duration: 10.97s | Train Loss: 0.5215 | Train Acc: 0.8371 | Val Loss: 0.5216 | Val Acc: 0.8561 | Val F1: 0.8547
Epoch [072/300] | Duration: 10.70s | Train Loss: 0.5278 | Train Acc: 0.8390 | Val Loss: 0.5244 | Val Acc: 0.8561 | Val F1: 0.8547
Epoch [073/300] | Duration: 11.39s | Train Loss: 0.5149 | Train Acc: 0.8485 | Val Loss: 0.5237 | Val Acc: 0.8636 | Val F1: 0.8627
Epoch [074/300] | Duration: 11.15s | Train Loss: 0.5246 | Train Acc: 0.8447 | Val Loss: 0.5295 | Val Acc: 0.8636 | Val F1: 0.8627
Epoch [075/300] | Duration: 9.83s | Train Loss: 0.5476 | Train Acc: 0.8201 | Val Loss: 0.5155 | Val Acc: 0.8636 | Val F1: 0.8627
Epoch [076/300] | Duration: 10.13s | Train Loss: 0.5116 | Train Acc: 0.8485 | Val Loss: 0.5151 | Val Acc: 0.8636 | Val F1: 0.8627
Epoch [077/300] | Duration: 9.91s | Train Loss: 0.4974 | Train Acc: 0.8542 | Val Loss: 0.5118 | Val Acc: 0.8561 | Val F1: 0.8547
Epoch [078/300] | Duration: 10.36s | Train Loss: 0.5153 | Train Acc: 0.8428 | Val Loss: 0.5130 | Val Acc: 0.8636 | Val F1: 0.8627
Epoch [079/300] | Duration: 10.77s | Train Loss: 0.5230 | Train Acc: 0.8428 | Val Loss: 0.5138 | Val Acc: 0.8636 | Val F1: 0.8627
Epoch [080/300] | Duration: 10.65s | Train Loss: 0.5376 | Train Acc: 0.8220 | Val Loss: 0.5133 | Val Acc: 0.8561 | Val F1: 0.8552
Epoch [081/300] | Duration: 9.86s | Train Loss: 0.5177 | Train Acc: 0.8352 | Val Loss: 0.5072 | Val Acc: 0.8561 | Val F1: 0.8547
Epoch [082/300] | Duration: 10.05s | Train Loss: 0.5158 | Train Acc: 0.8390 | Val Loss: 0.5041 | Val Acc: 0.8636 | Val F1: 0.8627
Epoch [083/300] | Duration: 11.17s | Train Loss: 0.5376 | Train Acc: 0.8239 | Val Loss: 0.5036 | Val Acc: 0.8712 | Val F1: 0.8707
🎉 New best model found! F1-Score: 0.8707. Saved to training_outputs/20250724-174101/best_model.pth
Epoch [084/300] | Duration: 11.55s | Train Loss: 0.5132 | Train Acc: 0.8220 | Val Loss: 0.5088 | Val Acc: 0.8636 | Val F1: 0.8627
Epoch [085/300] | Duration: 10.63s | Train Loss: 0.5210 | Train Acc: 0.8314 | Val Loss: 0.5042 | Val Acc: 0.8636 | Val F1: 0.8623
Epoch [086/300] | Duration: 11.03s | Train Loss: 0.5111 | Train Acc: 0.8409 | Val Loss: 0.5075 | Val Acc: 0.8636 | Val F1: 0.8627
Epoch [087/300] | Duration: 10.40s | Train Loss: 0.5064 | Train Acc: 0.8580 | Val Loss: 0.4998 | Val Acc: 0.8636 | Val F1: 0.8627
Epoch [088/300] | Duration: 10.58s | Train Loss: 0.4929 | Train Acc: 0.8485 | Val Loss: 0.4959 | Val Acc: 0.8636 | Val F1: 0.8627
Epoch [089/300] | Duration: 10.53s | Train Loss: 0.4994 | Train Acc: 0.8428 | Val Loss: 0.4949 | Val Acc: 0.8636 | Val F1: 0.8627
Epoch [090/300] | Duration: 9.10s | Train Loss: 0.4895 | Train Acc: 0.8390 | Val Loss: 0.4944 | Val Acc: 0.8636 | Val F1: 0.8627
Epoch [091/300] | Duration: 8.99s | Train Loss: 0.5306 | Train Acc: 0.8314 | Val Loss: 0.4978 | Val Acc: 0.8636 | Val F1: 0.8627
Epoch [092/300] | Duration: 10.30s | Train Loss: 0.4786 | Train Acc: 0.8447 | Val Loss: 0.4921 | Val Acc: 0.8561 | Val F1: 0.8547
Epoch [093/300] | Duration: 10.21s | Train Loss: 0.5106 | Train Acc: 0.8220 | Val Loss: 0.4909 | Val Acc: 0.8636 | Val F1: 0.8627
Epoch [094/300] | Duration: 11.62s | Train Loss: 0.5005 | Train Acc: 0.8390 | Val Loss: 0.4950 | Val Acc: 0.8636 | Val F1: 0.8627
Epoch [095/300] | Duration: 11.21s | Train Loss: 0.4983 | Train Acc: 0.8371 | Val Loss: 0.4898 | Val Acc: 0.8636 | Val F1: 0.8627
Epoch [096/300] | Duration: 9.59s | Train Loss: 0.5118 | Train Acc: 0.8352 | Val Loss: 0.4987 | Val Acc: 0.8636 | Val F1: 0.8625
Epoch [097/300] | Duration: 11.00s | Train Loss: 0.5029 | Train Acc: 0.8295 | Val Loss: 0.4911 | Val Acc: 0.8636 | Val F1: 0.8627
Epoch [098/300] | Duration: 11.87s | Train Loss: 0.5049 | Train Acc: 0.8390 | Val Loss: 0.4819 | Val Acc: 0.8636 | Val F1: 0.8627
Epoch [099/300] | Duration: 10.66s | Train Loss: 0.4907 | Train Acc: 0.8258 | Val Loss: 0.4845 | Val Acc: 0.8636 | Val F1: 0.8627
Epoch [100/300] | Duration: 9.65s | Train Loss: 0.4985 | Train Acc: 0.8447 | Val Loss: 0.4854 | Val Acc: 0.8636 | Val F1: 0.8627
Epoch [101/300] | Duration: 9.39s | Train Loss: 0.4888 | Train Acc: 0.8466 | Val Loss: 0.4894 | Val Acc: 0.8636 | Val F1: 0.8627
Epoch [102/300] | Duration: 10.37s | Train Loss: 0.4971 | Train Acc: 0.8504 | Val Loss: 0.4898 | Val Acc: 0.8712 | Val F1: 0.8700
Epoch [103/300] | Duration: 10.11s | Train Loss: 0.4933 | Train Acc: 0.8447 | Val Loss: 0.4791 | Val Acc: 0.8712 | Val F1: 0.8699
Epoch [104/300] | Duration: 10.84s | Train Loss: 0.4770 | Train Acc: 0.8371 | Val Loss: 0.4795 | Val Acc: 0.8636 | Val F1: 0.8625
Epoch [105/300] | Duration: 9.83s | Train Loss: 0.4705 | Train Acc: 0.8447 | Val Loss: 0.4752 | Val Acc: 0.8636 | Val F1: 0.8625
Epoch [106/300] | Duration: 9.97s | Train Loss: 0.4689 | Train Acc: 0.8580 | Val Loss: 0.4772 | Val Acc: 0.8636 | Val F1: 0.8627
Epoch [107/300] | Duration: 10.47s | Train Loss: 0.4922 | Train Acc: 0.8428 | Val Loss: 0.4883 | Val Acc: 0.8788 | Val F1: 0.8777
🎉 New best model found! F1-Score: 0.8777. Saved to training_outputs/20250724-174101/best_model.pth
Epoch [108/300] | Duration: 10.37s | Train Loss: 0.4875 | Train Acc: 0.8447 | Val Loss: 0.4741 | Val Acc: 0.8636 | Val F1: 0.8627
Epoch [109/300] | Duration: 10.82s | Train Loss: 0.4756 | Train Acc: 0.8580 | Val Loss: 0.4727 | Val Acc: 0.8712 | Val F1: 0.8696
Epoch [110/300] | Duration: 9.87s | Train Loss: 0.4781 | Train Acc: 0.8504 | Val Loss: 0.4763 | Val Acc: 0.8712 | Val F1: 0.8699
Epoch [111/300] | Duration: 10.79s | Train Loss: 0.5014 | Train Acc: 0.8295 | Val Loss: 0.4589 | Val Acc: 0.8636 | Val F1: 0.8627
Epoch [112/300] | Duration: 10.38s | Train Loss: 0.4770 | Train Acc: 0.8428 | Val Loss: 0.4725 | Val Acc: 0.8561 | Val F1: 0.8544
Epoch [113/300] | Duration: 10.05s | Train Loss: 0.4560 | Train Acc: 0.8731 | Val Loss: 0.4610 | Val Acc: 0.8636 | Val F1: 0.8627
Epoch [114/300] | Duration: 9.43s | Train Loss: 0.4978 | Train Acc: 0.8447 | Val Loss: 0.4566 | Val Acc: 0.8636 | Val F1: 0.8625
Epoch [115/300] | Duration: 10.02s | Train Loss: 0.4829 | Train Acc: 0.8485 | Val Loss: 0.4700 | Val Acc: 0.8712 | Val F1: 0.8696
Epoch [116/300] | Duration: 9.85s | Train Loss: 0.4811 | Train Acc: 0.8504 | Val Loss: 0.4608 | Val Acc: 0.8712 | Val F1: 0.8700
Epoch [117/300] | Duration: 9.43s | Train Loss: 0.4825 | Train Acc: 0.8314 | Val Loss: 0.4648 | Val Acc: 0.8712 | Val F1: 0.8700
Epoch [118/300] | Duration: 10.09s | Train Loss: 0.4602 | Train Acc: 0.8561 | Val Loss: 0.4628 | Val Acc: 0.8636 | Val F1: 0.8624
Epoch [119/300] | Duration: 10.42s | Train Loss: 0.4629 | Train Acc: 0.8617 | Val Loss: 0.4559 | Val Acc: 0.8712 | Val F1: 0.8700
Epoch [120/300] | Duration: 10.07s | Train Loss: 0.4773 | Train Acc: 0.8504 | Val Loss: 0.4521 | Val Acc: 0.8712 | Val F1: 0.8700
Epoch [121/300] | Duration: 10.45s | Train Loss: 0.4757 | Train Acc: 0.8504 | Val Loss: 0.4564 | Val Acc: 0.8636 | Val F1: 0.8625
Epoch [122/300] | Duration: 9.77s | Train Loss: 0.4869 | Train Acc: 0.8390 | Val Loss: 0.4397 | Val Acc: 0.8636 | Val F1: 0.8627
Epoch [123/300] | Duration: 9.01s | Train Loss: 0.4904 | Train Acc: 0.8239 | Val Loss: 0.4459 | Val Acc: 0.8712 | Val F1: 0.8705
Epoch [124/300] | Duration: 8.65s | Train Loss: 0.4681 | Train Acc: 0.8428 | Val Loss: 0.4370 | Val Acc: 0.8712 | Val F1: 0.8700
Epoch [125/300] | Duration: 8.87s | Train Loss: 0.4773 | Train Acc: 0.8447 | Val Loss: 0.4435 | Val Acc: 0.8712 | Val F1: 0.8700
Epoch [126/300] | Duration: 9.26s | Train Loss: 0.4681 | Train Acc: 0.8333 | Val Loss: 0.4431 | Val Acc: 0.8712 | Val F1: 0.8700
Epoch [127/300] | Duration: 10.42s | Train Loss: 0.4709 | Train Acc: 0.8258 | Val Loss: 0.4349 | Val Acc: 0.8712 | Val F1: 0.8700
Epoch [128/300] | Duration: 9.81s | Train Loss: 0.4770 | Train Acc: 0.8390 | Val Loss: 0.4281 | Val Acc: 0.8712 | Val F1: 0.8705
Epoch [129/300] | Duration: 8.72s | Train Loss: 0.4636 | Train Acc: 0.8428 | Val Loss: 0.4341 | Val Acc: 0.8788 | Val F1: 0.8777
Epoch [130/300] | Duration: 9.85s | Train Loss: 0.4814 | Train Acc: 0.8239 | Val Loss: 0.4390 | Val Acc: 0.8788 | Val F1: 0.8777
Epoch [131/300] | Duration: 10.49s | Train Loss: 0.4688 | Train Acc: 0.8428 | Val Loss: 0.4393 | Val Acc: 0.8636 | Val F1: 0.8625
Epoch [132/300] | Duration: 10.18s | Train Loss: 0.4801 | Train Acc: 0.8333 | Val Loss: 0.4391 | Val Acc: 0.8712 | Val F1: 0.8700
Epoch [133/300] | Duration: 9.51s | Train Loss: 0.4864 | Train Acc: 0.8428 | Val Loss: 0.4207 | Val Acc: 0.8636 | Val F1: 0.8627
Epoch [134/300] | Duration: 9.97s | Train Loss: 0.4720 | Train Acc: 0.8580 | Val Loss: 0.4346 | Val Acc: 0.8712 | Val F1: 0.8700
Epoch [135/300] | Duration: 10.40s | Train Loss: 0.4722 | Train Acc: 0.8504 | Val Loss: 0.4213 | Val Acc: 0.8712 | Val F1: 0.8700
Epoch [136/300] | Duration: 9.99s | Train Loss: 0.5111 | Train Acc: 0.8239 | Val Loss: 0.4342 | Val Acc: 0.8712 | Val F1: 0.8696
Epoch [137/300] | Duration: 10.16s | Train Loss: 0.4716 | Train Acc: 0.8409 | Val Loss: 0.4243 | Val Acc: 0.8712 | Val F1: 0.8705
Epoch [138/300] | Duration: 10.08s | Train Loss: 0.4624 | Train Acc: 0.8523 | Val Loss: 0.4311 | Val Acc: 0.8712 | Val F1: 0.8699
Epoch [139/300] | Duration: 10.72s | Train Loss: 0.4747 | Train Acc: 0.8409 | Val Loss: 0.4287 | Val Acc: 0.8788 | Val F1: 0.8777
Epoch [140/300] | Duration: 10.80s | Train Loss: 0.4963 | Train Acc: 0.8182 | Val Loss: 0.4165 | Val Acc: 0.8712 | Val F1: 0.8705
Epoch [141/300] | Duration: 10.69s | Train Loss: 0.4738 | Train Acc: 0.8428 | Val Loss: 0.4272 | Val Acc: 0.8712 | Val F1: 0.8699
Epoch [142/300] | Duration: 9.88s | Train Loss: 0.4779 | Train Acc: 0.8295 | Val Loss: 0.4195 | Val Acc: 0.8712 | Val F1: 0.8699

🛑 Early stopping triggered after 35 epochs with no improvement.

✅ Training finished.

💾 Saving final artifacts...
Loaded best model from training_outputs/20250724-174101/best_model.pth for final evaluation.
📈 Saved training metrics plot to training_outputs/20250724-174101/training_metrics.png
📊 Saved final confusion matrix to training_outputs/20250724-174101/final_confusion_matrix.png
📝 Saved final classification report to training_outputs/20250724-174101/final_classification_report.txt

✨ Run complete.
