The following modules were not unloaded:
  (Use "module --force purge" to unload all):

  1) modules/2.3-20240529   2) openblas/single-0.3.26
🚀 Starting Run. All outputs will be saved to: training_outputs/20250714-162314
⚙️ Using device: cuda
Hyperparameters: {'input_depth': 64, 'input_height': 64, 'input_width': 64, 'num_classes': 3, 'classes_names': ['mitotic', 'new_daughter', 'stable'], 'learning_rate': 1e-05, 'batch_size': 16, 'num_epochs': 300, 'num_input_channels': 4, 'max_samples_per_class': {'mitotic': 216, 'new_daughter': 216, 'stable': 216}, 'class_weights': [1.0, 1.0, 1.0]}

Loading datasets...
Dataset loaded with 645 total samples:
  - mitotic: 213 samples
  - new_daughter: 216 samples
  - stable: 216 samples
  Applied per-class limits:
    - mitotic: 216 max samples
    - new_daughter: 216 max samples
    - stable: 216 max samples
Dataset loaded with 645 total samples:
  - mitotic: 213 samples
  - new_daughter: 216 samples
  - stable: 216 samples
  Applied per-class limits:
    - mitotic: 216 max samples
    - new_daughter: 216 max samples
    - stable: 216 max samples

Training on 516 samples, validating on 129 samples.
Model has 71,379 trainable parameters.

--- Starting Training ---
Epoch [001/300] | Duration: 73.34s | Train Loss: 1.1099 | Train Acc: 0.3353 | Val Loss: 1.1066 | Val Acc: 0.3333 | Val F1: 0.1667
🎉 New best model found! F1-Score: 0.1667. Saved to training_outputs/20250714-162314/best_model.pth
Epoch [002/300] | Duration: 57.07s | Train Loss: 1.0542 | Train Acc: 0.4632 | Val Loss: 1.0320 | Val Acc: 0.5736 | Val F1: 0.5718
🎉 New best model found! F1-Score: 0.5718. Saved to training_outputs/20250714-162314/best_model.pth
Epoch [003/300] | Duration: 30.44s | Train Loss: 1.0236 | Train Acc: 0.5213 | Val Loss: 1.0054 | Val Acc: 0.5969 | Val F1: 0.5970
🎉 New best model found! F1-Score: 0.5970. Saved to training_outputs/20250714-162314/best_model.pth
Epoch [004/300] | Duration: 32.44s | Train Loss: 0.9872 | Train Acc: 0.5872 | Val Loss: 0.9863 | Val Acc: 0.5659 | Val F1: 0.5640
Epoch [005/300] | Duration: 31.97s | Train Loss: 0.9748 | Train Acc: 0.5717 | Val Loss: 0.9784 | Val Acc: 0.5736 | Val F1: 0.5730
Epoch [006/300] | Duration: 32.17s | Train Loss: 0.9496 | Train Acc: 0.5911 | Val Loss: 0.9718 | Val Acc: 0.5814 | Val F1: 0.5801
Epoch [007/300] | Duration: 33.23s | Train Loss: 0.9523 | Train Acc: 0.5872 | Val Loss: 0.9616 | Val Acc: 0.5891 | Val F1: 0.5881
Epoch [008/300] | Duration: 32.11s | Train Loss: 0.9530 | Train Acc: 0.5775 | Val Loss: 0.9716 | Val Acc: 0.5969 | Val F1: 0.5982
🎉 New best model found! F1-Score: 0.5982. Saved to training_outputs/20250714-162314/best_model.pth
Epoch [009/300] | Duration: 31.65s | Train Loss: 0.9442 | Train Acc: 0.6143 | Val Loss: 0.9584 | Val Acc: 0.5969 | Val F1: 0.5973
Epoch [010/300] | Duration: 30.91s | Train Loss: 0.9336 | Train Acc: 0.5930 | Val Loss: 0.9627 | Val Acc: 0.5891 | Val F1: 0.5902
Epoch [011/300] | Duration: 29.81s | Train Loss: 0.9228 | Train Acc: 0.6085 | Val Loss: 0.9544 | Val Acc: 0.5891 | Val F1: 0.5905
Epoch [012/300] | Duration: 30.43s | Train Loss: 0.9179 | Train Acc: 0.6027 | Val Loss: 0.9525 | Val Acc: 0.6047 | Val F1: 0.6054
🎉 New best model found! F1-Score: 0.6054. Saved to training_outputs/20250714-162314/best_model.pth
Epoch [013/300] | Duration: 31.89s | Train Loss: 0.9057 | Train Acc: 0.5969 | Val Loss: 0.9408 | Val Acc: 0.6047 | Val F1: 0.6051
Epoch [014/300] | Duration: 30.38s | Train Loss: 0.8975 | Train Acc: 0.6163 | Val Loss: 0.9387 | Val Acc: 0.6202 | Val F1: 0.6206
🎉 New best model found! F1-Score: 0.6206. Saved to training_outputs/20250714-162314/best_model.pth
Epoch [015/300] | Duration: 30.44s | Train Loss: 0.9020 | Train Acc: 0.6376 | Val Loss: 0.9447 | Val Acc: 0.6047 | Val F1: 0.6054
Epoch [016/300] | Duration: 31.04s | Train Loss: 0.9066 | Train Acc: 0.6008 | Val Loss: 0.9395 | Val Acc: 0.6202 | Val F1: 0.6207
🎉 New best model found! F1-Score: 0.6207. Saved to training_outputs/20250714-162314/best_model.pth
Epoch [017/300] | Duration: 29.56s | Train Loss: 0.9035 | Train Acc: 0.5872 | Val Loss: 0.9256 | Val Acc: 0.6279 | Val F1: 0.6276
🎉 New best model found! F1-Score: 0.6276. Saved to training_outputs/20250714-162314/best_model.pth
Epoch [018/300] | Duration: 30.97s | Train Loss: 0.8847 | Train Acc: 0.6047 | Val Loss: 0.9201 | Val Acc: 0.6279 | Val F1: 0.6276
Epoch [019/300] | Duration: 30.94s | Train Loss: 0.8983 | Train Acc: 0.6143 | Val Loss: 0.9214 | Val Acc: 0.6357 | Val F1: 0.6360
🎉 New best model found! F1-Score: 0.6360. Saved to training_outputs/20250714-162314/best_model.pth
Epoch [020/300] | Duration: 31.55s | Train Loss: 0.8831 | Train Acc: 0.6221 | Val Loss: 0.9169 | Val Acc: 0.6357 | Val F1: 0.6359
Epoch [021/300] | Duration: 32.14s | Train Loss: 0.8976 | Train Acc: 0.6105 | Val Loss: 0.9235 | Val Acc: 0.6279 | Val F1: 0.6287
Epoch [022/300] | Duration: 31.17s | Train Loss: 0.8813 | Train Acc: 0.6047 | Val Loss: 0.9064 | Val Acc: 0.6124 | Val F1: 0.6115
Epoch [023/300] | Duration: 31.98s | Train Loss: 0.8843 | Train Acc: 0.6105 | Val Loss: 0.9074 | Val Acc: 0.6124 | Val F1: 0.6123
Epoch [024/300] | Duration: 31.65s | Train Loss: 0.8779 | Train Acc: 0.6279 | Val Loss: 0.8985 | Val Acc: 0.6357 | Val F1: 0.6353
Epoch [025/300] | Duration: 31.61s | Train Loss: 0.8591 | Train Acc: 0.6376 | Val Loss: 0.8982 | Val Acc: 0.6434 | Val F1: 0.6438
🎉 New best model found! F1-Score: 0.6438. Saved to training_outputs/20250714-162314/best_model.pth
Epoch [026/300] | Duration: 31.33s | Train Loss: 0.8672 | Train Acc: 0.6415 | Val Loss: 0.8928 | Val Acc: 0.6589 | Val F1: 0.6591
🎉 New best model found! F1-Score: 0.6591. Saved to training_outputs/20250714-162314/best_model.pth
Epoch [027/300] | Duration: 30.45s | Train Loss: 0.8571 | Train Acc: 0.6434 | Val Loss: 0.8929 | Val Acc: 0.6589 | Val F1: 0.6593
🎉 New best model found! F1-Score: 0.6593. Saved to training_outputs/20250714-162314/best_model.pth
Epoch [028/300] | Duration: 30.84s | Train Loss: 0.8530 | Train Acc: 0.6318 | Val Loss: 0.8880 | Val Acc: 0.6512 | Val F1: 0.6511
Epoch [029/300] | Duration: 31.17s | Train Loss: 0.8473 | Train Acc: 0.6512 | Val Loss: 0.8789 | Val Acc: 0.6512 | Val F1: 0.6509
Epoch [030/300] | Duration: 31.57s | Train Loss: 0.8325 | Train Acc: 0.6473 | Val Loss: 0.8821 | Val Acc: 0.6512 | Val F1: 0.6510
Epoch [031/300] | Duration: 31.25s | Train Loss: 0.8571 | Train Acc: 0.6415 | Val Loss: 0.8790 | Val Acc: 0.6434 | Val F1: 0.6433
Epoch [032/300] | Duration: 31.07s | Train Loss: 0.8601 | Train Acc: 0.6376 | Val Loss: 0.8793 | Val Acc: 0.6589 | Val F1: 0.6591
Epoch [033/300] | Duration: 32.30s | Train Loss: 0.8470 | Train Acc: 0.6512 | Val Loss: 0.8811 | Val Acc: 0.6512 | Val F1: 0.6517
Epoch [034/300] | Duration: 32.00s | Train Loss: 0.8355 | Train Acc: 0.6492 | Val Loss: 0.8788 | Val Acc: 0.6434 | Val F1: 0.6438
Epoch [035/300] | Duration: 31.61s | Train Loss: 0.8462 | Train Acc: 0.6260 | Val Loss: 0.8829 | Val Acc: 0.6434 | Val F1: 0.6440
Epoch [036/300] | Duration: 30.88s | Train Loss: 0.8197 | Train Acc: 0.6512 | Val Loss: 0.8722 | Val Acc: 0.6512 | Val F1: 0.6513
Epoch [037/300] | Duration: 31.42s | Train Loss: 0.8419 | Train Acc: 0.6298 | Val Loss: 0.8717 | Val Acc: 0.6512 | Val F1: 0.6513
Epoch [038/300] | Duration: 29.86s | Train Loss: 0.8290 | Train Acc: 0.6473 | Val Loss: 0.8587 | Val Acc: 0.6512 | Val F1: 0.6506
Epoch [039/300] | Duration: 28.99s | Train Loss: 0.8442 | Train Acc: 0.6357 | Val Loss: 0.8601 | Val Acc: 0.6589 | Val F1: 0.6586
Epoch [040/300] | Duration: 30.76s | Train Loss: 0.8363 | Train Acc: 0.6434 | Val Loss: 0.8624 | Val Acc: 0.6512 | Val F1: 0.6513
Epoch [041/300] | Duration: 30.11s | Train Loss: 0.8245 | Train Acc: 0.6667 | Val Loss: 0.8682 | Val Acc: 0.6434 | Val F1: 0.6440
Epoch [042/300] | Duration: 29.56s | Train Loss: 0.8147 | Train Acc: 0.6550 | Val Loss: 0.8527 | Val Acc: 0.6589 | Val F1: 0.6584
Epoch [043/300] | Duration: 29.89s | Train Loss: 0.8191 | Train Acc: 0.6570 | Val Loss: 0.8622 | Val Acc: 0.6589 | Val F1: 0.6589
Epoch [044/300] | Duration: 28.40s | Train Loss: 0.8372 | Train Acc: 0.6531 | Val Loss: 0.8499 | Val Acc: 0.6589 | Val F1: 0.6586
Epoch [045/300] | Duration: 31.45s | Train Loss: 0.7899 | Train Acc: 0.6609 | Val Loss: 0.8514 | Val Acc: 0.6512 | Val F1: 0.6510
Epoch [046/300] | Duration: 28.71s | Train Loss: 0.8249 | Train Acc: 0.6531 | Val Loss: 0.8541 | Val Acc: 0.6589 | Val F1: 0.6586
Epoch [047/300] | Duration: 30.65s | Train Loss: 0.7964 | Train Acc: 0.6938 | Val Loss: 0.8443 | Val Acc: 0.6589 | Val F1: 0.6575
Epoch [048/300] | Duration: 32.29s | Train Loss: 0.8195 | Train Acc: 0.6667 | Val Loss: 0.8408 | Val Acc: 0.6589 | Val F1: 0.6587
Epoch [049/300] | Duration: 31.97s | Train Loss: 0.8133 | Train Acc: 0.6628 | Val Loss: 0.8416 | Val Acc: 0.6589 | Val F1: 0.6587
Epoch [050/300] | Duration: 32.89s | Train Loss: 0.7837 | Train Acc: 0.6686 | Val Loss: 0.8379 | Val Acc: 0.6589 | Val F1: 0.6584
Epoch [051/300] | Duration: 31.28s | Train Loss: 0.8030 | Train Acc: 0.6783 | Val Loss: 0.8380 | Val Acc: 0.6822 | Val F1: 0.6811
🎉 New best model found! F1-Score: 0.6811. Saved to training_outputs/20250714-162314/best_model.pth
Epoch [052/300] | Duration: 32.67s | Train Loss: 0.8012 | Train Acc: 0.6744 | Val Loss: 0.8449 | Val Acc: 0.6667 | Val F1: 0.6669
Epoch [053/300] | Duration: 32.67s | Train Loss: 0.8019 | Train Acc: 0.6783 | Val Loss: 0.8390 | Val Acc: 0.6589 | Val F1: 0.6588
Epoch [054/300] | Duration: 31.50s | Train Loss: 0.7845 | Train Acc: 0.6705 | Val Loss: 0.8420 | Val Acc: 0.6589 | Val F1: 0.6593
Epoch [055/300] | Duration: 30.04s | Train Loss: 0.7773 | Train Acc: 0.6764 | Val Loss: 0.8337 | Val Acc: 0.6589 | Val F1: 0.6590
Epoch [056/300] | Duration: 31.41s | Train Loss: 0.7814 | Train Acc: 0.6802 | Val Loss: 0.8284 | Val Acc: 0.6589 | Val F1: 0.6591
Epoch [057/300] | Duration: 30.76s | Train Loss: 0.7821 | Train Acc: 0.6686 | Val Loss: 0.8196 | Val Acc: 0.6589 | Val F1: 0.6575
Epoch [058/300] | Duration: 32.44s | Train Loss: 0.7829 | Train Acc: 0.6860 | Val Loss: 0.8225 | Val Acc: 0.6744 | Val F1: 0.6728
Epoch [059/300] | Duration: 33.33s | Train Loss: 0.7589 | Train Acc: 0.6880 | Val Loss: 0.8220 | Val Acc: 0.6667 | Val F1: 0.6666
Epoch [060/300] | Duration: 31.77s | Train Loss: 0.7783 | Train Acc: 0.6822 | Val Loss: 0.8119 | Val Acc: 0.6589 | Val F1: 0.6576
Epoch [061/300] | Duration: 30.84s | Train Loss: 0.7746 | Train Acc: 0.6764 | Val Loss: 0.8168 | Val Acc: 0.6589 | Val F1: 0.6585
Epoch [062/300] | Duration: 32.33s | Train Loss: 0.7892 | Train Acc: 0.6589 | Val Loss: 0.8239 | Val Acc: 0.6822 | Val F1: 0.6830
🎉 New best model found! F1-Score: 0.6830. Saved to training_outputs/20250714-162314/best_model.pth
Epoch [063/300] | Duration: 30.63s | Train Loss: 0.7604 | Train Acc: 0.6802 | Val Loss: 0.8206 | Val Acc: 0.6744 | Val F1: 0.6746
Epoch [064/300] | Duration: 30.66s | Train Loss: 0.7690 | Train Acc: 0.6705 | Val Loss: 0.8153 | Val Acc: 0.6589 | Val F1: 0.6587
Epoch [065/300] | Duration: 34.54s | Train Loss: 0.7806 | Train Acc: 0.6686 | Val Loss: 0.8132 | Val Acc: 0.6744 | Val F1: 0.6733
Epoch [066/300] | Duration: 30.66s | Train Loss: 0.7695 | Train Acc: 0.6822 | Val Loss: 0.8109 | Val Acc: 0.6822 | Val F1: 0.6828
Epoch [067/300] | Duration: 31.15s | Train Loss: 0.7687 | Train Acc: 0.6744 | Val Loss: 0.8138 | Val Acc: 0.6822 | Val F1: 0.6825
Epoch [068/300] | Duration: 32.56s | Train Loss: 0.7634 | Train Acc: 0.6822 | Val Loss: 0.8001 | Val Acc: 0.6667 | Val F1: 0.6651
Epoch [069/300] | Duration: 32.68s | Train Loss: 0.7509 | Train Acc: 0.6841 | Val Loss: 0.8063 | Val Acc: 0.6899 | Val F1: 0.6901
🎉 New best model found! F1-Score: 0.6901. Saved to training_outputs/20250714-162314/best_model.pth
Epoch [070/300] | Duration: 33.10s | Train Loss: 0.7441 | Train Acc: 0.6938 | Val Loss: 0.8052 | Val Acc: 0.6667 | Val F1: 0.6666
Epoch [071/300] | Duration: 32.47s | Train Loss: 0.7456 | Train Acc: 0.6977 | Val Loss: 0.7937 | Val Acc: 0.6822 | Val F1: 0.6815
Epoch [072/300] | Duration: 31.34s | Train Loss: 0.7510 | Train Acc: 0.7035 | Val Loss: 0.7962 | Val Acc: 0.6822 | Val F1: 0.6820
Epoch [073/300] | Duration: 31.10s | Train Loss: 0.7376 | Train Acc: 0.7016 | Val Loss: 0.7926 | Val Acc: 0.6822 | Val F1: 0.6814
Epoch [074/300] | Duration: 31.19s | Train Loss: 0.7603 | Train Acc: 0.7132 | Val Loss: 0.7868 | Val Acc: 0.6667 | Val F1: 0.6648
Epoch [075/300] | Duration: 32.97s | Train Loss: 0.7516 | Train Acc: 0.7016 | Val Loss: 0.7947 | Val Acc: 0.6899 | Val F1: 0.6902
🎉 New best model found! F1-Score: 0.6902. Saved to training_outputs/20250714-162314/best_model.pth
Epoch [076/300] | Duration: 30.52s | Train Loss: 0.7242 | Train Acc: 0.7132 | Val Loss: 0.7969 | Val Acc: 0.6744 | Val F1: 0.6741
Epoch [077/300] | Duration: 31.05s | Train Loss: 0.7407 | Train Acc: 0.6996 | Val Loss: 0.7912 | Val Acc: 0.6822 | Val F1: 0.6814
Epoch [078/300] | Duration: 32.36s | Train Loss: 0.7560 | Train Acc: 0.6957 | Val Loss: 0.7941 | Val Acc: 0.6744 | Val F1: 0.6744
Epoch [079/300] | Duration: 31.18s | Train Loss: 0.7251 | Train Acc: 0.7132 | Val Loss: 0.7802 | Val Acc: 0.6822 | Val F1: 0.6807
Epoch [080/300] | Duration: 31.07s | Train Loss: 0.7361 | Train Acc: 0.6996 | Val Loss: 0.7818 | Val Acc: 0.6744 | Val F1: 0.6734
Epoch [081/300] | Duration: 31.40s | Train Loss: 0.7391 | Train Acc: 0.7171 | Val Loss: 0.7866 | Val Acc: 0.6667 | Val F1: 0.6664
Epoch [082/300] | Duration: 31.61s | Train Loss: 0.7154 | Train Acc: 0.7093 | Val Loss: 0.7820 | Val Acc: 0.6744 | Val F1: 0.6736
Epoch [083/300] | Duration: 30.69s | Train Loss: 0.7291 | Train Acc: 0.7384 | Val Loss: 0.8004 | Val Acc: 0.6899 | Val F1: 0.6905
🎉 New best model found! F1-Score: 0.6905. Saved to training_outputs/20250714-162314/best_model.pth
Epoch [084/300] | Duration: 31.26s | Train Loss: 0.7301 | Train Acc: 0.7171 | Val Loss: 0.7753 | Val Acc: 0.6744 | Val F1: 0.6735
Epoch [085/300] | Duration: 29.85s | Train Loss: 0.7053 | Train Acc: 0.7248 | Val Loss: 0.7784 | Val Acc: 0.6899 | Val F1: 0.6894
Epoch [086/300] | Duration: 30.92s | Train Loss: 0.7352 | Train Acc: 0.7112 | Val Loss: 0.7800 | Val Acc: 0.6667 | Val F1: 0.6661
Epoch [087/300] | Duration: 32.43s | Train Loss: 0.7458 | Train Acc: 0.6977 | Val Loss: 0.7719 | Val Acc: 0.6744 | Val F1: 0.6723
Epoch [088/300] | Duration: 31.42s | Train Loss: 0.7311 | Train Acc: 0.7132 | Val Loss: 0.7722 | Val Acc: 0.6822 | Val F1: 0.6806
Epoch [089/300] | Duration: 31.54s | Train Loss: 0.7113 | Train Acc: 0.7074 | Val Loss: 0.7786 | Val Acc: 0.6822 | Val F1: 0.6826
Epoch [090/300] | Duration: 31.47s | Train Loss: 0.7287 | Train Acc: 0.7306 | Val Loss: 0.7709 | Val Acc: 0.6744 | Val F1: 0.6735
Epoch [091/300] | Duration: 31.18s | Train Loss: 0.7234 | Train Acc: 0.7190 | Val Loss: 0.7748 | Val Acc: 0.6822 | Val F1: 0.6817
Epoch [092/300] | Duration: 31.83s | Train Loss: 0.7050 | Train Acc: 0.7306 | Val Loss: 0.7691 | Val Acc: 0.6744 | Val F1: 0.6728
Epoch [093/300] | Duration: 33.17s | Train Loss: 0.7312 | Train Acc: 0.7093 | Val Loss: 0.7625 | Val Acc: 0.6744 | Val F1: 0.6731
Epoch [094/300] | Duration: 31.04s | Train Loss: 0.7130 | Train Acc: 0.7171 | Val Loss: 0.7576 | Val Acc: 0.6744 | Val F1: 0.6725
Epoch [095/300] | Duration: 32.45s | Train Loss: 0.7114 | Train Acc: 0.7287 | Val Loss: 0.7794 | Val Acc: 0.6822 | Val F1: 0.6830
Epoch [096/300] | Duration: 32.81s | Train Loss: 0.7105 | Train Acc: 0.7209 | Val Loss: 0.7650 | Val Acc: 0.6744 | Val F1: 0.6741
Epoch [097/300] | Duration: 31.08s | Train Loss: 0.7224 | Train Acc: 0.7016 | Val Loss: 0.7546 | Val Acc: 0.6899 | Val F1: 0.6883
Epoch [098/300] | Duration: 32.51s | Train Loss: 0.7170 | Train Acc: 0.7422 | Val Loss: 0.7651 | Val Acc: 0.6822 | Val F1: 0.6807
Epoch [099/300] | Duration: 29.97s | Train Loss: 0.7031 | Train Acc: 0.7384 | Val Loss: 0.7576 | Val Acc: 0.6899 | Val F1: 0.6888
Epoch [100/300] | Duration: 33.07s | Train Loss: 0.7060 | Train Acc: 0.7209 | Val Loss: 0.7607 | Val Acc: 0.6822 | Val F1: 0.6817
Epoch [101/300] | Duration: 29.64s | Train Loss: 0.6982 | Train Acc: 0.7364 | Val Loss: 0.7604 | Val Acc: 0.6822 | Val F1: 0.6815
Epoch [102/300] | Duration: 31.19s | Train Loss: 0.7029 | Train Acc: 0.7248 | Val Loss: 0.7551 | Val Acc: 0.6899 | Val F1: 0.6883
Epoch [103/300] | Duration: 30.67s | Train Loss: 0.6826 | Train Acc: 0.7461 | Val Loss: 0.7567 | Val Acc: 0.6667 | Val F1: 0.6663
Epoch [104/300] | Duration: 31.74s | Train Loss: 0.6993 | Train Acc: 0.7112 | Val Loss: 0.7591 | Val Acc: 0.6899 | Val F1: 0.6883
Epoch [105/300] | Duration: 31.86s | Train Loss: 0.7113 | Train Acc: 0.7345 | Val Loss: 0.7657 | Val Acc: 0.6899 | Val F1: 0.6909
🎉 New best model found! F1-Score: 0.6909. Saved to training_outputs/20250714-162314/best_model.pth
Epoch [106/300] | Duration: 31.19s | Train Loss: 0.6914 | Train Acc: 0.7306 | Val Loss: 0.7650 | Val Acc: 0.6899 | Val F1: 0.6901
Epoch [107/300] | Duration: 31.35s | Train Loss: 0.6783 | Train Acc: 0.7403 | Val Loss: 0.7508 | Val Acc: 0.6744 | Val F1: 0.6741
Epoch [108/300] | Duration: 31.88s | Train Loss: 0.6954 | Train Acc: 0.7500 | Val Loss: 0.7592 | Val Acc: 0.6744 | Val F1: 0.6743
Epoch [109/300] | Duration: 31.60s | Train Loss: 0.6886 | Train Acc: 0.7248 | Val Loss: 0.7567 | Val Acc: 0.7132 | Val F1: 0.7129
🎉 New best model found! F1-Score: 0.7129. Saved to training_outputs/20250714-162314/best_model.pth
Epoch [110/300] | Duration: 30.64s | Train Loss: 0.6698 | Train Acc: 0.7403 | Val Loss: 0.7480 | Val Acc: 0.6899 | Val F1: 0.6883
Epoch [111/300] | Duration: 31.28s | Train Loss: 0.6732 | Train Acc: 0.7519 | Val Loss: 0.7499 | Val Acc: 0.6899 | Val F1: 0.6893
Epoch [112/300] | Duration: 32.65s | Train Loss: 0.6700 | Train Acc: 0.7519 | Val Loss: 0.7408 | Val Acc: 0.6744 | Val F1: 0.6723
Epoch [113/300] | Duration: 31.23s | Train Loss: 0.6689 | Train Acc: 0.7442 | Val Loss: 0.7424 | Val Acc: 0.6899 | Val F1: 0.6883
Epoch [114/300] | Duration: 32.07s | Train Loss: 0.6730 | Train Acc: 0.7713 | Val Loss: 0.7583 | Val Acc: 0.6977 | Val F1: 0.6982
Epoch [115/300] | Duration: 31.56s | Train Loss: 0.6815 | Train Acc: 0.7364 | Val Loss: 0.7550 | Val Acc: 0.6899 | Val F1: 0.6889
Epoch [116/300] | Duration: 32.44s | Train Loss: 0.6647 | Train Acc: 0.7384 | Val Loss: 0.7425 | Val Acc: 0.6899 | Val F1: 0.6887
Epoch [117/300] | Duration: 31.86s | Train Loss: 0.6795 | Train Acc: 0.7500 | Val Loss: 0.7420 | Val Acc: 0.7132 | Val F1: 0.7131
🎉 New best model found! F1-Score: 0.7131. Saved to training_outputs/20250714-162314/best_model.pth
Epoch [118/300] | Duration: 31.27s | Train Loss: 0.6729 | Train Acc: 0.7364 | Val Loss: 0.7429 | Val Acc: 0.6822 | Val F1: 0.6811
Epoch [119/300] | Duration: 30.64s | Train Loss: 0.6704 | Train Acc: 0.7578 | Val Loss: 0.7375 | Val Acc: 0.6899 | Val F1: 0.6883
Epoch [120/300] | Duration: 31.27s | Train Loss: 0.6645 | Train Acc: 0.7636 | Val Loss: 0.7349 | Val Acc: 0.7054 | Val F1: 0.7046
Epoch [121/300] | Duration: 31.74s | Train Loss: 0.6738 | Train Acc: 0.7326 | Val Loss: 0.7391 | Val Acc: 0.6977 | Val F1: 0.6966
Epoch [122/300] | Duration: 31.00s | Train Loss: 0.6814 | Train Acc: 0.7345 | Val Loss: 0.7333 | Val Acc: 0.7132 | Val F1: 0.7126
Epoch [123/300] | Duration: 32.93s | Train Loss: 0.6620 | Train Acc: 0.7616 | Val Loss: 0.7246 | Val Acc: 0.7209 | Val F1: 0.7201
🎉 New best model found! F1-Score: 0.7201. Saved to training_outputs/20250714-162314/best_model.pth
Epoch [124/300] | Duration: 31.21s | Train Loss: 0.6628 | Train Acc: 0.7655 | Val Loss: 0.7361 | Val Acc: 0.7132 | Val F1: 0.7127
Epoch [125/300] | Duration: 32.61s | Train Loss: 0.6497 | Train Acc: 0.7558 | Val Loss: 0.7303 | Val Acc: 0.7054 | Val F1: 0.7046
Epoch [126/300] | Duration: 32.05s | Train Loss: 0.6775 | Train Acc: 0.7481 | Val Loss: 0.7317 | Val Acc: 0.7054 | Val F1: 0.7052
Epoch [127/300] | Duration: 31.16s | Train Loss: 0.6627 | Train Acc: 0.7364 | Val Loss: 0.7274 | Val Acc: 0.7132 | Val F1: 0.7131
Epoch [128/300] | Duration: 32.40s | Train Loss: 0.6630 | Train Acc: 0.7616 | Val Loss: 0.7321 | Val Acc: 0.7209 | Val F1: 0.7202
🎉 New best model found! F1-Score: 0.7202. Saved to training_outputs/20250714-162314/best_model.pth
Epoch [129/300] | Duration: 31.04s | Train Loss: 0.6503 | Train Acc: 0.7597 | Val Loss: 0.7184 | Val Acc: 0.6977 | Val F1: 0.6957
Epoch [130/300] | Duration: 33.03s | Train Loss: 0.6495 | Train Acc: 0.7616 | Val Loss: 0.7310 | Val Acc: 0.6899 | Val F1: 0.6891
Epoch [131/300] | Duration: 32.60s | Train Loss: 0.6420 | Train Acc: 0.7655 | Val Loss: 0.7252 | Val Acc: 0.7054 | Val F1: 0.7052
Epoch [132/300] | Duration: 32.53s | Train Loss: 0.6820 | Train Acc: 0.7364 | Val Loss: 0.7178 | Val Acc: 0.7132 | Val F1: 0.7118
Epoch [133/300] | Duration: 31.43s | Train Loss: 0.6723 | Train Acc: 0.7461 | Val Loss: 0.7291 | Val Acc: 0.7132 | Val F1: 0.7131
Epoch [134/300] | Duration: 32.41s | Train Loss: 0.6546 | Train Acc: 0.7519 | Val Loss: 0.7098 | Val Acc: 0.7209 | Val F1: 0.7194
Epoch [135/300] | Duration: 31.41s | Train Loss: 0.6596 | Train Acc: 0.7539 | Val Loss: 0.7171 | Val Acc: 0.7054 | Val F1: 0.7046
Epoch [136/300] | Duration: 31.85s | Train Loss: 0.6461 | Train Acc: 0.7810 | Val Loss: 0.7223 | Val Acc: 0.6977 | Val F1: 0.6965
Epoch [137/300] | Duration: 31.51s | Train Loss: 0.6725 | Train Acc: 0.7481 | Val Loss: 0.7253 | Val Acc: 0.7287 | Val F1: 0.7287
🎉 New best model found! F1-Score: 0.7287. Saved to training_outputs/20250714-162314/best_model.pth
Epoch [138/300] | Duration: 31.42s | Train Loss: 0.6749 | Train Acc: 0.7519 | Val Loss: 0.7103 | Val Acc: 0.7287 | Val F1: 0.7258
Epoch [139/300] | Duration: 32.48s | Train Loss: 0.6416 | Train Acc: 0.7655 | Val Loss: 0.7135 | Val Acc: 0.7209 | Val F1: 0.7205
Epoch [140/300] | Duration: 31.34s | Train Loss: 0.6383 | Train Acc: 0.7674 | Val Loss: 0.7214 | Val Acc: 0.7209 | Val F1: 0.7211
Epoch [141/300] | Duration: 30.67s | Train Loss: 0.6398 | Train Acc: 0.7616 | Val Loss: 0.7081 | Val Acc: 0.7287 | Val F1: 0.7275
Epoch [142/300] | Duration: 31.06s | Train Loss: 0.6567 | Train Acc: 0.7422 | Val Loss: 0.7123 | Val Acc: 0.7442 | Val F1: 0.7435
🎉 New best model found! F1-Score: 0.7435. Saved to training_outputs/20250714-162314/best_model.pth
Epoch [143/300] | Duration: 31.93s | Train Loss: 0.6468 | Train Acc: 0.7733 | Val Loss: 0.7190 | Val Acc: 0.7364 | Val F1: 0.7360
Epoch [144/300] | Duration: 31.53s | Train Loss: 0.6530 | Train Acc: 0.7578 | Val Loss: 0.7130 | Val Acc: 0.7364 | Val F1: 0.7363
Epoch [145/300] | Duration: 31.96s | Train Loss: 0.6652 | Train Acc: 0.7558 | Val Loss: 0.7198 | Val Acc: 0.7209 | Val F1: 0.7208
Epoch [146/300] | Duration: 32.15s | Train Loss: 0.6561 | Train Acc: 0.7636 | Val Loss: 0.7074 | Val Acc: 0.7132 | Val F1: 0.7128
Epoch [147/300] | Duration: 32.19s | Train Loss: 0.6534 | Train Acc: 0.7713 | Val Loss: 0.7120 | Val Acc: 0.7364 | Val F1: 0.7362
Epoch [148/300] | Duration: 31.64s | Train Loss: 0.6428 | Train Acc: 0.7694 | Val Loss: 0.7035 | Val Acc: 0.7287 | Val F1: 0.7280
Epoch [149/300] | Duration: 31.43s | Train Loss: 0.6216 | Train Acc: 0.7694 | Val Loss: 0.7084 | Val Acc: 0.7287 | Val F1: 0.7284
Epoch [150/300] | Duration: 30.86s | Train Loss: 0.6202 | Train Acc: 0.7868 | Val Loss: 0.7164 | Val Acc: 0.7287 | Val F1: 0.7287
Epoch [151/300] | Duration: 30.97s | Train Loss: 0.6336 | Train Acc: 0.7868 | Val Loss: 0.7304 | Val Acc: 0.7054 | Val F1: 0.7061
Epoch [152/300] | Duration: 32.52s | Train Loss: 0.6501 | Train Acc: 0.7461 | Val Loss: 0.7270 | Val Acc: 0.7054 | Val F1: 0.7068
Epoch [153/300] | Duration: 32.49s | Train Loss: 0.6299 | Train Acc: 0.7829 | Val Loss: 0.7182 | Val Acc: 0.7209 | Val F1: 0.7201
Epoch [154/300] | Duration: 31.88s | Train Loss: 0.6043 | Train Acc: 0.7829 | Val Loss: 0.7227 | Val Acc: 0.7132 | Val F1: 0.7127
Epoch [155/300] | Duration: 31.95s | Train Loss: 0.6458 | Train Acc: 0.7616 | Val Loss: 0.7045 | Val Acc: 0.7287 | Val F1: 0.7279
Epoch [156/300] | Duration: 31.32s | Train Loss: 0.6296 | Train Acc: 0.7829 | Val Loss: 0.6989 | Val Acc: 0.7597 | Val F1: 0.7585
🎉 New best model found! F1-Score: 0.7585. Saved to training_outputs/20250714-162314/best_model.pth
Epoch [157/300] | Duration: 31.42s | Train Loss: 0.6276 | Train Acc: 0.7578 | Val Loss: 0.7014 | Val Acc: 0.7442 | Val F1: 0.7435
Epoch [158/300] | Duration: 31.32s | Train Loss: 0.6049 | Train Acc: 0.7791 | Val Loss: 0.7003 | Val Acc: 0.7287 | Val F1: 0.7279
Epoch [159/300] | Duration: 31.46s | Train Loss: 0.6184 | Train Acc: 0.7868 | Val Loss: 0.7024 | Val Acc: 0.7209 | Val F1: 0.7195
Epoch [160/300] | Duration: 30.39s | Train Loss: 0.6412 | Train Acc: 0.7733 | Val Loss: 0.7114 | Val Acc: 0.7364 | Val F1: 0.7369
Epoch [161/300] | Duration: 29.55s | Train Loss: 0.6172 | Train Acc: 0.7829 | Val Loss: 0.7046 | Val Acc: 0.7442 | Val F1: 0.7440
Epoch [162/300] | Duration: 32.81s | Train Loss: 0.6196 | Train Acc: 0.7868 | Val Loss: 0.7186 | Val Acc: 0.7364 | Val F1: 0.7364
Epoch [163/300] | Duration: 31.10s | Train Loss: 0.6309 | Train Acc: 0.7752 | Val Loss: 0.7132 | Val Acc: 0.7364 | Val F1: 0.7368
Epoch [164/300] | Duration: 31.74s | Train Loss: 0.6139 | Train Acc: 0.7733 | Val Loss: 0.7141 | Val Acc: 0.7209 | Val F1: 0.7214
Epoch [165/300] | Duration: 30.76s | Train Loss: 0.6139 | Train Acc: 0.7907 | Val Loss: 0.7084 | Val Acc: 0.7287 | Val F1: 0.7285
Epoch [166/300] | Duration: 32.44s | Train Loss: 0.6411 | Train Acc: 0.7674 | Val Loss: 0.7114 | Val Acc: 0.7442 | Val F1: 0.7441
Epoch [167/300] | Duration: 30.75s | Train Loss: 0.6070 | Train Acc: 0.7984 | Val Loss: 0.7005 | Val Acc: 0.7519 | Val F1: 0.7518
Epoch [168/300] | Duration: 32.69s | Train Loss: 0.6142 | Train Acc: 0.7771 | Val Loss: 0.6943 | Val Acc: 0.7597 | Val F1: 0.7593
🎉 New best model found! F1-Score: 0.7593. Saved to training_outputs/20250714-162314/best_model.pth
Epoch [169/300] | Duration: 32.34s | Train Loss: 0.6160 | Train Acc: 0.7888 | Val Loss: 0.6960 | Val Acc: 0.7674 | Val F1: 0.7669
🎉 New best model found! F1-Score: 0.7669. Saved to training_outputs/20250714-162314/best_model.pth
Epoch [170/300] | Duration: 32.08s | Train Loss: 0.6251 | Train Acc: 0.7771 | Val Loss: 0.7001 | Val Acc: 0.7597 | Val F1: 0.7595
Epoch [171/300] | Duration: 32.87s | Train Loss: 0.6346 | Train Acc: 0.7558 | Val Loss: 0.6966 | Val Acc: 0.7364 | Val F1: 0.7350
Epoch [172/300] | Duration: 31.73s | Train Loss: 0.6210 | Train Acc: 0.7752 | Val Loss: 0.6816 | Val Acc: 0.7597 | Val F1: 0.7583
Epoch [173/300] | Duration: 32.98s | Train Loss: 0.6205 | Train Acc: 0.7907 | Val Loss: 0.6856 | Val Acc: 0.7597 | Val F1: 0.7593
Epoch [174/300] | Duration: 31.88s | Train Loss: 0.5918 | Train Acc: 0.7849 | Val Loss: 0.6996 | Val Acc: 0.7597 | Val F1: 0.7595
Epoch [175/300] | Duration: 30.98s | Train Loss: 0.6047 | Train Acc: 0.7926 | Val Loss: 0.6963 | Val Acc: 0.7597 | Val F1: 0.7594
Epoch [176/300] | Duration: 31.61s | Train Loss: 0.6192 | Train Acc: 0.8062 | Val Loss: 0.6972 | Val Acc: 0.7597 | Val F1: 0.7593
Epoch [177/300] | Duration: 32.27s | Train Loss: 0.6026 | Train Acc: 0.7946 | Val Loss: 0.6938 | Val Acc: 0.7519 | Val F1: 0.7518
Epoch [178/300] | Duration: 32.04s | Train Loss: 0.6264 | Train Acc: 0.7868 | Val Loss: 0.6860 | Val Acc: 0.7597 | Val F1: 0.7593
Epoch [179/300] | Duration: 31.73s | Train Loss: 0.6113 | Train Acc: 0.7868 | Val Loss: 0.6975 | Val Acc: 0.7519 | Val F1: 0.7518
Epoch [180/300] | Duration: 32.15s | Train Loss: 0.6130 | Train Acc: 0.7810 | Val Loss: 0.7076 | Val Acc: 0.7519 | Val F1: 0.7520
Epoch [181/300] | Duration: 30.57s | Train Loss: 0.5975 | Train Acc: 0.7926 | Val Loss: 0.6967 | Val Acc: 0.7674 | Val F1: 0.7670
🎉 New best model found! F1-Score: 0.7670. Saved to training_outputs/20250714-162314/best_model.pth
Epoch [182/300] | Duration: 31.31s | Train Loss: 0.5931 | Train Acc: 0.7868 | Val Loss: 0.7059 | Val Acc: 0.7519 | Val F1: 0.7522
Epoch [183/300] | Duration: 30.88s | Train Loss: 0.6072 | Train Acc: 0.7829 | Val Loss: 0.6827 | Val Acc: 0.7519 | Val F1: 0.7510
Epoch [184/300] | Duration: 32.10s | Train Loss: 0.6247 | Train Acc: 0.7771 | Val Loss: 0.6789 | Val Acc: 0.7752 | Val F1: 0.7748
🎉 New best model found! F1-Score: 0.7748. Saved to training_outputs/20250714-162314/best_model.pth
Epoch [185/300] | Duration: 32.70s | Train Loss: 0.5868 | Train Acc: 0.7791 | Val Loss: 0.6776 | Val Acc: 0.7752 | Val F1: 0.7747
Epoch [186/300] | Duration: 31.39s | Train Loss: 0.5929 | Train Acc: 0.7829 | Val Loss: 0.6844 | Val Acc: 0.7674 | Val F1: 0.7669
Epoch [187/300] | Duration: 32.51s | Train Loss: 0.6002 | Train Acc: 0.7868 | Val Loss: 0.6881 | Val Acc: 0.7364 | Val F1: 0.7363
Epoch [188/300] | Duration: 31.84s | Train Loss: 0.5889 | Train Acc: 0.7946 | Val Loss: 0.6798 | Val Acc: 0.7752 | Val F1: 0.7747
Epoch [189/300] | Duration: 31.85s | Train Loss: 0.6141 | Train Acc: 0.7984 | Val Loss: 0.6775 | Val Acc: 0.7597 | Val F1: 0.7585
Epoch [190/300] | Duration: 31.62s | Train Loss: 0.5900 | Train Acc: 0.7946 | Val Loss: 0.6852 | Val Acc: 0.7674 | Val F1: 0.7671
Epoch [191/300] | Duration: 30.40s | Train Loss: 0.5742 | Train Acc: 0.7926 | Val Loss: 0.6707 | Val Acc: 0.7442 | Val F1: 0.7434
Epoch [192/300] | Duration: 30.99s | Train Loss: 0.5926 | Train Acc: 0.7984 | Val Loss: 0.6759 | Val Acc: 0.7597 | Val F1: 0.7591
Epoch [193/300] | Duration: 31.98s | Train Loss: 0.5876 | Train Acc: 0.7888 | Val Loss: 0.6720 | Val Acc: 0.7752 | Val F1: 0.7745
Epoch [194/300] | Duration: 31.52s | Train Loss: 0.6237 | Train Acc: 0.7849 | Val Loss: 0.6585 | Val Acc: 0.7674 | Val F1: 0.7662
Epoch [195/300] | Duration: 32.08s | Train Loss: 0.5703 | Train Acc: 0.8275 | Val Loss: 0.6714 | Val Acc: 0.7597 | Val F1: 0.7591
Epoch [196/300] | Duration: 31.27s | Train Loss: 0.5934 | Train Acc: 0.7771 | Val Loss: 0.6691 | Val Acc: 0.7519 | Val F1: 0.7505
Epoch [197/300] | Duration: 29.51s | Train Loss: 0.5992 | Train Acc: 0.7946 | Val Loss: 0.6671 | Val Acc: 0.7674 | Val F1: 0.7667
Epoch [198/300] | Duration: 32.27s | Train Loss: 0.5931 | Train Acc: 0.7752 | Val Loss: 0.6982 | Val Acc: 0.7597 | Val F1: 0.7601
Epoch [199/300] | Duration: 31.71s | Train Loss: 0.6014 | Train Acc: 0.7752 | Val Loss: 0.6741 | Val Acc: 0.7674 | Val F1: 0.7672
Epoch [200/300] | Duration: 31.88s | Train Loss: 0.6007 | Train Acc: 0.7771 | Val Loss: 0.6671 | Val Acc: 0.7752 | Val F1: 0.7748
Epoch [201/300] | Duration: 32.38s | Train Loss: 0.5863 | Train Acc: 0.8062 | Val Loss: 0.6716 | Val Acc: 0.7674 | Val F1: 0.7667
Epoch [202/300] | Duration: 31.60s | Train Loss: 0.5773 | Train Acc: 0.8043 | Val Loss: 0.6598 | Val Acc: 0.7597 | Val F1: 0.7585
Epoch [203/300] | Duration: 31.04s | Train Loss: 0.5862 | Train Acc: 0.7965 | Val Loss: 0.6757 | Val Acc: 0.7674 | Val F1: 0.7672
Epoch [204/300] | Duration: 30.31s | Train Loss: 0.5838 | Train Acc: 0.7926 | Val Loss: 0.6602 | Val Acc: 0.7674 | Val F1: 0.7664
Epoch [205/300] | Duration: 29.52s | Train Loss: 0.6043 | Train Acc: 0.7655 | Val Loss: 0.6647 | Val Acc: 0.7674 | Val F1: 0.7665
Epoch [206/300] | Duration: 32.03s | Train Loss: 0.5843 | Train Acc: 0.7888 | Val Loss: 0.6678 | Val Acc: 0.7829 | Val F1: 0.7826
🎉 New best model found! F1-Score: 0.7826. Saved to training_outputs/20250714-162314/best_model.pth
Epoch [207/300] | Duration: 31.20s | Train Loss: 0.6087 | Train Acc: 0.7829 | Val Loss: 0.6600 | Val Acc: 0.7674 | Val F1: 0.7667
Epoch [208/300] | Duration: 31.92s | Train Loss: 0.5842 | Train Acc: 0.7946 | Val Loss: 0.6582 | Val Acc: 0.7674 | Val F1: 0.7665
Epoch [209/300] | Duration: 32.24s | Train Loss: 0.5741 | Train Acc: 0.8023 | Val Loss: 0.6523 | Val Acc: 0.7674 | Val F1: 0.7667
Epoch [210/300] | Duration: 30.11s | Train Loss: 0.6062 | Train Acc: 0.7888 | Val Loss: 0.6557 | Val Acc: 0.7674 | Val F1: 0.7666
Epoch [211/300] | Duration: 31.70s | Train Loss: 0.5863 | Train Acc: 0.7946 | Val Loss: 0.6474 | Val Acc: 0.7442 | Val F1: 0.7417
Epoch [212/300] | Duration: 31.06s | Train Loss: 0.5595 | Train Acc: 0.8198 | Val Loss: 0.6606 | Val Acc: 0.7752 | Val F1: 0.7748
Epoch [213/300] | Duration: 29.82s | Train Loss: 0.5863 | Train Acc: 0.8023 | Val Loss: 0.6575 | Val Acc: 0.7752 | Val F1: 0.7748
Epoch [214/300] | Duration: 32.41s | Train Loss: 0.5651 | Train Acc: 0.8120 | Val Loss: 0.6595 | Val Acc: 0.7597 | Val F1: 0.7585
Epoch [215/300] | Duration: 33.00s | Train Loss: 0.5879 | Train Acc: 0.8043 | Val Loss: 0.6668 | Val Acc: 0.7752 | Val F1: 0.7750
Epoch [216/300] | Duration: 32.24s | Train Loss: 0.5639 | Train Acc: 0.8023 | Val Loss: 0.6520 | Val Acc: 0.7752 | Val F1: 0.7743
Epoch [217/300] | Duration: 30.45s | Train Loss: 0.5747 | Train Acc: 0.8043 | Val Loss: 0.6550 | Val Acc: 0.7752 | Val F1: 0.7748
Epoch [218/300] | Duration: 31.77s | Train Loss: 0.5791 | Train Acc: 0.8062 | Val Loss: 0.6538 | Val Acc: 0.7597 | Val F1: 0.7577
Epoch [219/300] | Duration: 31.95s | Train Loss: 0.5894 | Train Acc: 0.7965 | Val Loss: 0.6564 | Val Acc: 0.7597 | Val F1: 0.7594
Epoch [220/300] | Duration: 30.90s | Train Loss: 0.5654 | Train Acc: 0.7984 | Val Loss: 0.6468 | Val Acc: 0.7674 | Val F1: 0.7666
Epoch [221/300] | Duration: 30.25s | Train Loss: 0.5620 | Train Acc: 0.8043 | Val Loss: 0.6594 | Val Acc: 0.7597 | Val F1: 0.7594
Epoch [222/300] | Duration: 31.13s | Train Loss: 0.5679 | Train Acc: 0.7965 | Val Loss: 0.6581 | Val Acc: 0.7829 | Val F1: 0.7826
Epoch [223/300] | Duration: 31.63s | Train Loss: 0.5460 | Train Acc: 0.8062 | Val Loss: 0.6410 | Val Acc: 0.7674 | Val F1: 0.7666
Epoch [224/300] | Duration: 30.85s | Train Loss: 0.5710 | Train Acc: 0.8101 | Val Loss: 0.6383 | Val Acc: 0.7752 | Val F1: 0.7742
Epoch [225/300] | Duration: 31.50s | Train Loss: 0.5715 | Train Acc: 0.8023 | Val Loss: 0.6481 | Val Acc: 0.7752 | Val F1: 0.7739
Epoch [226/300] | Duration: 31.25s | Train Loss: 0.5479 | Train Acc: 0.7984 | Val Loss: 0.6393 | Val Acc: 0.7674 | Val F1: 0.7666
Epoch [227/300] | Duration: 32.44s | Train Loss: 0.5556 | Train Acc: 0.8062 | Val Loss: 0.6426 | Val Acc: 0.7597 | Val F1: 0.7592
Epoch [228/300] | Duration: 32.05s | Train Loss: 0.5592 | Train Acc: 0.8081 | Val Loss: 0.6453 | Val Acc: 0.7674 | Val F1: 0.7667
Epoch [229/300] | Duration: 31.89s | Train Loss: 0.5957 | Train Acc: 0.8120 | Val Loss: 0.6302 | Val Acc: 0.7674 | Val F1: 0.7666
Epoch [230/300] | Duration: 31.06s | Train Loss: 0.5784 | Train Acc: 0.8004 | Val Loss: 0.6505 | Val Acc: 0.7752 | Val F1: 0.7748
Epoch [231/300] | Duration: 31.01s | Train Loss: 0.5544 | Train Acc: 0.8275 | Val Loss: 0.6465 | Val Acc: 0.7674 | Val F1: 0.7667
Epoch [232/300] | Duration: 31.00s | Train Loss: 0.5674 | Train Acc: 0.8236 | Val Loss: 0.6511 | Val Acc: 0.7752 | Val F1: 0.7750
Epoch [233/300] | Duration: 30.69s | Train Loss: 0.5547 | Train Acc: 0.8275 | Val Loss: 0.6442 | Val Acc: 0.7907 | Val F1: 0.7900
🎉 New best model found! F1-Score: 0.7900. Saved to training_outputs/20250714-162314/best_model.pth
Epoch [234/300] | Duration: 32.77s | Train Loss: 0.5597 | Train Acc: 0.8023 | Val Loss: 0.6404 | Val Acc: 0.7597 | Val F1: 0.7589
Epoch [235/300] | Duration: 31.63s | Train Loss: 0.5472 | Train Acc: 0.8159 | Val Loss: 0.6440 | Val Acc: 0.7752 | Val F1: 0.7748
Epoch [236/300] | Duration: 31.93s | Train Loss: 0.5563 | Train Acc: 0.7868 | Val Loss: 0.6377 | Val Acc: 0.7752 | Val F1: 0.7747
Epoch [237/300] | Duration: 32.07s | Train Loss: 0.5761 | Train Acc: 0.8004 | Val Loss: 0.6591 | Val Acc: 0.7674 | Val F1: 0.7666
Epoch [238/300] | Duration: 31.91s | Train Loss: 0.5553 | Train Acc: 0.8081 | Val Loss: 0.6376 | Val Acc: 0.7674 | Val F1: 0.7666
Epoch [239/300] | Duration: 31.49s | Train Loss: 0.5607 | Train Acc: 0.8101 | Val Loss: 0.6336 | Val Acc: 0.7674 | Val F1: 0.7660
Epoch [240/300] | Duration: 31.12s | Train Loss: 0.5771 | Train Acc: 0.8062 | Val Loss: 0.6364 | Val Acc: 0.7674 | Val F1: 0.7662
Epoch [241/300] | Duration: 31.84s | Train Loss: 0.5460 | Train Acc: 0.8275 | Val Loss: 0.6357 | Val Acc: 0.7674 | Val F1: 0.7667
Epoch [242/300] | Duration: 31.96s | Train Loss: 0.5630 | Train Acc: 0.8023 | Val Loss: 0.6495 | Val Acc: 0.7674 | Val F1: 0.7671
Epoch [243/300] | Duration: 33.01s | Train Loss: 0.5593 | Train Acc: 0.8314 | Val Loss: 0.6364 | Val Acc: 0.7752 | Val F1: 0.7743
Epoch [244/300] | Duration: 32.54s | Train Loss: 0.5573 | Train Acc: 0.8217 | Val Loss: 0.6316 | Val Acc: 0.7752 | Val F1: 0.7747
Epoch [245/300] | Duration: 31.77s | Train Loss: 0.5482 | Train Acc: 0.7965 | Val Loss: 0.6388 | Val Acc: 0.7752 | Val F1: 0.7748
Epoch [246/300] | Duration: 31.90s | Train Loss: 0.5515 | Train Acc: 0.8217 | Val Loss: 0.6347 | Val Acc: 0.7674 | Val F1: 0.7667
Epoch [247/300] | Duration: 31.18s | Train Loss: 0.5448 | Train Acc: 0.8217 | Val Loss: 0.6233 | Val Acc: 0.7829 | Val F1: 0.7821
Epoch [248/300] | Duration: 30.93s | Train Loss: 0.5234 | Train Acc: 0.8217 | Val Loss: 0.6297 | Val Acc: 0.7829 | Val F1: 0.7820
Epoch [249/300] | Duration: 31.11s | Train Loss: 0.5509 | Train Acc: 0.7907 | Val Loss: 0.6428 | Val Acc: 0.7674 | Val F1: 0.7666
Epoch [250/300] | Duration: 30.81s | Train Loss: 0.5616 | Train Acc: 0.8081 | Val Loss: 0.6410 | Val Acc: 0.7752 | Val F1: 0.7749
Epoch [251/300] | Duration: 32.52s | Train Loss: 0.5456 | Train Acc: 0.8120 | Val Loss: 0.6321 | Val Acc: 0.7907 | Val F1: 0.7901
🎉 New best model found! F1-Score: 0.7901. Saved to training_outputs/20250714-162314/best_model.pth
Epoch [252/300] | Duration: 31.64s | Train Loss: 0.5547 | Train Acc: 0.8081 | Val Loss: 0.6373 | Val Acc: 0.7829 | Val F1: 0.7826
Epoch [253/300] | Duration: 32.40s | Train Loss: 0.5628 | Train Acc: 0.8081 | Val Loss: 0.6338 | Val Acc: 0.7674 | Val F1: 0.7666
Epoch [254/300] | Duration: 32.33s | Train Loss: 0.5725 | Train Acc: 0.8391 | Val Loss: 0.6321 | Val Acc: 0.7829 | Val F1: 0.7826
Epoch [255/300] | Duration: 32.36s | Train Loss: 0.5526 | Train Acc: 0.8081 | Val Loss: 0.6391 | Val Acc: 0.7752 | Val F1: 0.7750
Epoch [256/300] | Duration: 32.83s | Train Loss: 0.5339 | Train Acc: 0.8314 | Val Loss: 0.6326 | Val Acc: 0.7829 | Val F1: 0.7827
Epoch [257/300] | Duration: 32.76s | Train Loss: 0.5431 | Train Acc: 0.8295 | Val Loss: 0.6339 | Val Acc: 0.7752 | Val F1: 0.7747
Epoch [258/300] | Duration: 30.45s | Train Loss: 0.5482 | Train Acc: 0.8236 | Val Loss: 0.6452 | Val Acc: 0.7829 | Val F1: 0.7826
Epoch [259/300] | Duration: 32.83s | Train Loss: 0.5597 | Train Acc: 0.8081 | Val Loss: 0.6245 | Val Acc: 0.7752 | Val F1: 0.7747
Epoch [260/300] | Duration: 31.97s | Train Loss: 0.5534 | Train Acc: 0.8159 | Val Loss: 0.6223 | Val Acc: 0.7907 | Val F1: 0.7900
Epoch [261/300] | Duration: 31.16s | Train Loss: 0.5184 | Train Acc: 0.8314 | Val Loss: 0.6289 | Val Acc: 0.7907 | Val F1: 0.7900
Epoch [262/300] | Duration: 33.11s | Train Loss: 0.5487 | Train Acc: 0.8217 | Val Loss: 0.6273 | Val Acc: 0.7752 | Val F1: 0.7742
Epoch [263/300] | Duration: 32.77s | Train Loss: 0.5477 | Train Acc: 0.8140 | Val Loss: 0.6234 | Val Acc: 0.7829 | Val F1: 0.7821
Epoch [264/300] | Duration: 29.54s | Train Loss: 0.5235 | Train Acc: 0.8159 | Val Loss: 0.6270 | Val Acc: 0.7752 | Val F1: 0.7741
Epoch [265/300] | Duration: 31.88s | Train Loss: 0.5384 | Train Acc: 0.8353 | Val Loss: 0.6313 | Val Acc: 0.7829 | Val F1: 0.7827
Epoch [266/300] | Duration: 31.96s | Train Loss: 0.5193 | Train Acc: 0.8411 | Val Loss: 0.6320 | Val Acc: 0.7752 | Val F1: 0.7741
Epoch [267/300] | Duration: 31.96s | Train Loss: 0.5159 | Train Acc: 0.8159 | Val Loss: 0.6266 | Val Acc: 0.7752 | Val F1: 0.7747
Epoch [268/300] | Duration: 31.48s | Train Loss: 0.5751 | Train Acc: 0.8023 | Val Loss: 0.6239 | Val Acc: 0.7597 | Val F1: 0.7581
Epoch [269/300] | Duration: 31.07s | Train Loss: 0.5170 | Train Acc: 0.8372 | Val Loss: 0.6186 | Val Acc: 0.7829 | Val F1: 0.7819
Epoch [270/300] | Duration: 31.76s | Train Loss: 0.5445 | Train Acc: 0.8198 | Val Loss: 0.6212 | Val Acc: 0.7907 | Val F1: 0.7901
Epoch [271/300] | Duration: 30.70s | Train Loss: 0.5435 | Train Acc: 0.8140 | Val Loss: 0.6232 | Val Acc: 0.7674 | Val F1: 0.7652
Epoch [272/300] | Duration: 33.57s | Train Loss: 0.5595 | Train Acc: 0.8062 | Val Loss: 0.6137 | Val Acc: 0.7829 | Val F1: 0.7815
Epoch [273/300] | Duration: 31.54s | Train Loss: 0.5228 | Train Acc: 0.8450 | Val Loss: 0.6109 | Val Acc: 0.7752 | Val F1: 0.7750
Epoch [274/300] | Duration: 30.48s | Train Loss: 0.5096 | Train Acc: 0.8217 | Val Loss: 0.6157 | Val Acc: 0.7674 | Val F1: 0.7669
Epoch [275/300] | Duration: 31.04s | Train Loss: 0.5251 | Train Acc: 0.8256 | Val Loss: 0.6209 | Val Acc: 0.7829 | Val F1: 0.7825
Epoch [276/300] | Duration: 33.26s | Train Loss: 0.5253 | Train Acc: 0.8314 | Val Loss: 0.6162 | Val Acc: 0.7829 | Val F1: 0.7821
Epoch [277/300] | Duration: 29.92s | Train Loss: 0.5155 | Train Acc: 0.8391 | Val Loss: 0.6093 | Val Acc: 0.7829 | Val F1: 0.7818
Epoch [278/300] | Duration: 30.84s | Train Loss: 0.5323 | Train Acc: 0.8120 | Val Loss: 0.6173 | Val Acc: 0.7752 | Val F1: 0.7742
Epoch [279/300] | Duration: 30.06s | Train Loss: 0.5496 | Train Acc: 0.8101 | Val Loss: 0.6213 | Val Acc: 0.7674 | Val F1: 0.7664
Epoch [280/300] | Duration: 31.79s | Train Loss: 0.5299 | Train Acc: 0.8275 | Val Loss: 0.6064 | Val Acc: 0.7752 | Val F1: 0.7749
Epoch [281/300] | Duration: 29.26s | Train Loss: 0.5170 | Train Acc: 0.8391 | Val Loss: 0.6267 | Val Acc: 0.7829 | Val F1: 0.7830
Epoch [282/300] | Duration: 31.52s | Train Loss: 0.5112 | Train Acc: 0.8275 | Val Loss: 0.6054 | Val Acc: 0.7829 | Val F1: 0.7824
Epoch [283/300] | Duration: 32.27s | Train Loss: 0.5130 | Train Acc: 0.8217 | Val Loss: 0.6186 | Val Acc: 0.7674 | Val F1: 0.7668
Epoch [284/300] | Duration: 31.08s | Train Loss: 0.5418 | Train Acc: 0.7984 | Val Loss: 0.6101 | Val Acc: 0.7752 | Val F1: 0.7742
Epoch [285/300] | Duration: 32.74s | Train Loss: 0.5588 | Train Acc: 0.8236 | Val Loss: 0.6416 | Val Acc: 0.7829 | Val F1: 0.7828
Epoch [286/300] | Duration: 32.69s | Train Loss: 0.5152 | Train Acc: 0.8275 | Val Loss: 0.6098 | Val Acc: 0.7829 | Val F1: 0.7821
Epoch [287/300] | Duration: 31.48s | Train Loss: 0.5269 | Train Acc: 0.8120 | Val Loss: 0.6244 | Val Acc: 0.7674 | Val F1: 0.7667
Epoch [288/300] | Duration: 31.53s | Train Loss: 0.5065 | Train Acc: 0.8333 | Val Loss: 0.6134 | Val Acc: 0.7829 | Val F1: 0.7823
Epoch [289/300] | Duration: 31.94s | Train Loss: 0.5221 | Train Acc: 0.8217 | Val Loss: 0.6184 | Val Acc: 0.7752 | Val F1: 0.7747
Epoch [290/300] | Duration: 31.54s | Train Loss: 0.5410 | Train Acc: 0.8217 | Val Loss: 0.6061 | Val Acc: 0.7752 | Val F1: 0.7738
Epoch [291/300] | Duration: 30.66s | Train Loss: 0.5115 | Train Acc: 0.8140 | Val Loss: 0.6163 | Val Acc: 0.7752 | Val F1: 0.7747
Epoch [292/300] | Duration: 32.44s | Train Loss: 0.5179 | Train Acc: 0.8605 | Val Loss: 0.6099 | Val Acc: 0.7829 | Val F1: 0.7819
Epoch [293/300] | Duration: 32.42s | Train Loss: 0.4849 | Train Acc: 0.8391 | Val Loss: 0.6113 | Val Acc: 0.7674 | Val F1: 0.7670
Epoch [294/300] | Duration: 31.76s | Train Loss: 0.5256 | Train Acc: 0.8450 | Val Loss: 0.6131 | Val Acc: 0.7674 | Val F1: 0.7668
Epoch [295/300] | Duration: 31.68s | Train Loss: 0.5233 | Train Acc: 0.8217 | Val Loss: 0.6086 | Val Acc: 0.7597 | Val F1: 0.7581
Epoch [296/300] | Duration: 31.73s | Train Loss: 0.5380 | Train Acc: 0.8198 | Val Loss: 0.6201 | Val Acc: 0.7829 | Val F1: 0.7823
Epoch [297/300] | Duration: 32.83s | Train Loss: 0.4966 | Train Acc: 0.8353 | Val Loss: 0.6047 | Val Acc: 0.7752 | Val F1: 0.7739
Epoch [298/300] | Duration: 31.44s | Train Loss: 0.5343 | Train Acc: 0.8178 | Val Loss: 0.6090 | Val Acc: 0.7674 | Val F1: 0.7664
Epoch [299/300] | Duration: 30.60s | Train Loss: 0.4957 | Train Acc: 0.8275 | Val Loss: 0.6062 | Val Acc: 0.7829 | Val F1: 0.7815
Epoch [300/300] | Duration: 31.80s | Train Loss: 0.5089 | Train Acc: 0.8372 | Val Loss: 0.6096 | Val Acc: 0.7829 | Val F1: 0.7819

✅ Training finished.

💾 Saving final artifacts...
📈 Saved training metrics plot to training_outputs/20250714-162314/training_metrics.png
📊 Saved final confusion matrix to training_outputs/20250714-162314/final_confusion_matrix.png
📝 Saved final classification report to training_outputs/20250714-162314/final_classification_report.txt

✨ Run complete.
