The following modules were not unloaded:
  (Use "module --force purge" to unload all):

  1) modules/2.3-20240529   2) openblas/single-0.3.26
🚀 Starting Run. All outputs will be saved to: training_outputs/20250709-110933
⚙️ Using device: cuda
Hyperparameters: {'input_depth': 64, 'input_height': 64, 'input_width': 64, 'num_classes': 4, 'learning_rate': 0.0001, 'batch_size': 16, 'num_epochs': 300, 'num_input_channels': 3, 'max_samples_per_class': 216}

Loading datasets...
Dataset loaded with 669 total samples:
  - mitotic: 213 samples
  - new_daughter: 216 samples
  - stable: 216 samples
  - death: 24 samples
  Applied per-class limit: 216 samples/class
Dataset loaded with 669 total samples:
  - mitotic: 213 samples
  - new_daughter: 216 samples
  - stable: 216 samples
  - death: 24 samples
  Applied per-class limit: 216 samples/class

Training on 535 samples, validating on 134 samples.
Model has 71,012 trainable parameters.

--- Starting Training ---
Epoch [001/300] | Duration: 49.13s | Train Loss: 1.3060 | Train Acc: 0.4187 | Val Loss: 1.3025 | Val Acc: 0.3209 | Val F1: 0.1496
🎉 New best model found! F1-Score: 0.1496. Saved to training_outputs/20250709-110933/best_model.pth
Epoch [002/300] | Duration: 23.80s | Train Loss: 1.1655 | Train Acc: 0.5832 | Val Loss: 1.2215 | Val Acc: 0.5522 | Val F1: 0.4212
🎉 New best model found! F1-Score: 0.4212. Saved to training_outputs/20250709-110933/best_model.pth
Epoch [003/300] | Duration: 23.04s | Train Loss: 1.1066 | Train Acc: 0.6168 | Val Loss: 1.2014 | Val Acc: 0.5970 | Val F1: 0.4568
🎉 New best model found! F1-Score: 0.4568. Saved to training_outputs/20250709-110933/best_model.pth
Epoch [004/300] | Duration: 26.61s | Train Loss: 1.0722 | Train Acc: 0.6280 | Val Loss: 1.1934 | Val Acc: 0.6269 | Val F1: 0.4830
🎉 New best model found! F1-Score: 0.4830. Saved to training_outputs/20250709-110933/best_model.pth
Epoch [005/300] | Duration: 30.76s | Train Loss: 1.0538 | Train Acc: 0.6374 | Val Loss: 1.2135 | Val Acc: 0.6119 | Val F1: 0.4687
Epoch [006/300] | Duration: 21.73s | Train Loss: 1.0498 | Train Acc: 0.6037 | Val Loss: 1.1898 | Val Acc: 0.6418 | Val F1: 0.4904
🎉 New best model found! F1-Score: 0.4904. Saved to training_outputs/20250709-110933/best_model.pth
Epoch [007/300] | Duration: 22.75s | Train Loss: 1.0190 | Train Acc: 0.6654 | Val Loss: 1.1622 | Val Acc: 0.6418 | Val F1: 0.4903
Epoch [008/300] | Duration: 22.12s | Train Loss: 1.0024 | Train Acc: 0.6692 | Val Loss: 1.1478 | Val Acc: 0.6343 | Val F1: 0.4841
Epoch [009/300] | Duration: 21.68s | Train Loss: 0.9871 | Train Acc: 0.6486 | Val Loss: 1.1245 | Val Acc: 0.6418 | Val F1: 0.4905
🎉 New best model found! F1-Score: 0.4905. Saved to training_outputs/20250709-110933/best_model.pth
Epoch [010/300] | Duration: 21.68s | Train Loss: 1.0017 | Train Acc: 0.6710 | Val Loss: 1.1499 | Val Acc: 0.6567 | Val F1: 0.5009
🎉 New best model found! F1-Score: 0.5009. Saved to training_outputs/20250709-110933/best_model.pth
Epoch [011/300] | Duration: 21.55s | Train Loss: 0.9285 | Train Acc: 0.6916 | Val Loss: 1.1031 | Val Acc: 0.6493 | Val F1: 0.4952
Epoch [012/300] | Duration: 21.90s | Train Loss: 0.9586 | Train Acc: 0.6654 | Val Loss: 1.0862 | Val Acc: 0.6418 | Val F1: 0.4909
Epoch [013/300] | Duration: 22.31s | Train Loss: 0.9367 | Train Acc: 0.6879 | Val Loss: 1.0441 | Val Acc: 0.6418 | Val F1: 0.4892
Epoch [014/300] | Duration: 22.15s | Train Loss: 0.9058 | Train Acc: 0.7028 | Val Loss: 1.0692 | Val Acc: 0.6642 | Val F1: 0.5071
🎉 New best model found! F1-Score: 0.5071. Saved to training_outputs/20250709-110933/best_model.pth
Epoch [015/300] | Duration: 22.13s | Train Loss: 0.9036 | Train Acc: 0.6972 | Val Loss: 1.0361 | Val Acc: 0.6343 | Val F1: 0.4835
Epoch [016/300] | Duration: 21.36s | Train Loss: 0.9071 | Train Acc: 0.6972 | Val Loss: 1.0390 | Val Acc: 0.6493 | Val F1: 0.4958
Epoch [017/300] | Duration: 21.72s | Train Loss: 0.8837 | Train Acc: 0.7047 | Val Loss: 1.0357 | Val Acc: 0.6791 | Val F1: 0.5179
🎉 New best model found! F1-Score: 0.5179. Saved to training_outputs/20250709-110933/best_model.pth
Epoch [018/300] | Duration: 21.70s | Train Loss: 0.8868 | Train Acc: 0.7140 | Val Loss: 1.0098 | Val Acc: 0.6343 | Val F1: 0.4863
Epoch [019/300] | Duration: 21.49s | Train Loss: 0.8448 | Train Acc: 0.7215 | Val Loss: 1.0325 | Val Acc: 0.6567 | Val F1: 0.5022
Epoch [020/300] | Duration: 22.09s | Train Loss: 0.8503 | Train Acc: 0.7271 | Val Loss: 1.0259 | Val Acc: 0.6269 | Val F1: 0.4789
Epoch [021/300] | Duration: 21.98s | Train Loss: 0.8312 | Train Acc: 0.7364 | Val Loss: 1.0206 | Val Acc: 0.6716 | Val F1: 0.5125
Epoch [022/300] | Duration: 23.06s | Train Loss: 0.8378 | Train Acc: 0.7084 | Val Loss: 1.0231 | Val Acc: 0.6791 | Val F1: 0.5184
🎉 New best model found! F1-Score: 0.5184. Saved to training_outputs/20250709-110933/best_model.pth
Epoch [023/300] | Duration: 23.02s | Train Loss: 0.8113 | Train Acc: 0.7402 | Val Loss: 0.9817 | Val Acc: 0.6493 | Val F1: 0.4931
Epoch [024/300] | Duration: 22.83s | Train Loss: 0.8058 | Train Acc: 0.7234 | Val Loss: 0.9855 | Val Acc: 0.6418 | Val F1: 0.4893
Epoch [025/300] | Duration: 22.71s | Train Loss: 0.7876 | Train Acc: 0.7346 | Val Loss: 0.9637 | Val Acc: 0.6567 | Val F1: 0.5008
Epoch [026/300] | Duration: 22.27s | Train Loss: 0.8035 | Train Acc: 0.7159 | Val Loss: 0.9944 | Val Acc: 0.6269 | Val F1: 0.4794
Epoch [027/300] | Duration: 21.50s | Train Loss: 0.7903 | Train Acc: 0.7290 | Val Loss: 1.0052 | Val Acc: 0.6343 | Val F1: 0.4805
Epoch [028/300] | Duration: 21.58s | Train Loss: 0.7829 | Train Acc: 0.7402 | Val Loss: 0.9405 | Val Acc: 0.6493 | Val F1: 0.4952
Epoch [029/300] | Duration: 21.38s | Train Loss: 0.7616 | Train Acc: 0.7383 | Val Loss: 0.9592 | Val Acc: 0.6418 | Val F1: 0.4913
Epoch [030/300] | Duration: 35.67s | Train Loss: 0.7547 | Train Acc: 0.7421 | Val Loss: 0.8942 | Val Acc: 0.6493 | Val F1: 0.4968
Epoch [031/300] | Duration: 23.87s | Train Loss: 0.7453 | Train Acc: 0.7327 | Val Loss: 0.9306 | Val Acc: 0.6791 | Val F1: 0.5178
Epoch [032/300] | Duration: 22.39s | Train Loss: 0.7778 | Train Acc: 0.7327 | Val Loss: 0.8888 | Val Acc: 0.6866 | Val F1: 0.5248
🎉 New best model found! F1-Score: 0.5248. Saved to training_outputs/20250709-110933/best_model.pth
Epoch [033/300] | Duration: 22.21s | Train Loss: 0.7223 | Train Acc: 0.7551 | Val Loss: 0.8550 | Val Acc: 0.6791 | Val F1: 0.5185
Epoch [034/300] | Duration: 22.21s | Train Loss: 0.7153 | Train Acc: 0.7607 | Val Loss: 0.8920 | Val Acc: 0.7015 | Val F1: 0.5361
🎉 New best model found! F1-Score: 0.5361. Saved to training_outputs/20250709-110933/best_model.pth
Epoch [035/300] | Duration: 22.20s | Train Loss: 0.7238 | Train Acc: 0.7701 | Val Loss: 0.8528 | Val Acc: 0.7090 | Val F1: 0.5413
🎉 New best model found! F1-Score: 0.5413. Saved to training_outputs/20250709-110933/best_model.pth
Epoch [036/300] | Duration: 22.43s | Train Loss: 0.7173 | Train Acc: 0.7570 | Val Loss: 0.9200 | Val Acc: 0.6567 | Val F1: 0.5013
Epoch [037/300] | Duration: 22.04s | Train Loss: 0.6834 | Train Acc: 0.7776 | Val Loss: 0.8124 | Val Acc: 0.6791 | Val F1: 0.5197
Epoch [038/300] | Duration: 22.09s | Train Loss: 0.6754 | Train Acc: 0.7738 | Val Loss: 0.8827 | Val Acc: 0.7090 | Val F1: 0.5416
🎉 New best model found! F1-Score: 0.5416. Saved to training_outputs/20250709-110933/best_model.pth
Epoch [039/300] | Duration: 22.27s | Train Loss: 0.6773 | Train Acc: 0.7869 | Val Loss: 0.8496 | Val Acc: 0.7090 | Val F1: 0.5411
Epoch [040/300] | Duration: 22.38s | Train Loss: 0.7190 | Train Acc: 0.7682 | Val Loss: 0.8629 | Val Acc: 0.7090 | Val F1: 0.5416
🎉 New best model found! F1-Score: 0.5416. Saved to training_outputs/20250709-110933/best_model.pth
Epoch [041/300] | Duration: 22.31s | Train Loss: 0.6794 | Train Acc: 0.7794 | Val Loss: 0.7967 | Val Acc: 0.7388 | Val F1: 0.5633
🎉 New best model found! F1-Score: 0.5633. Saved to training_outputs/20250709-110933/best_model.pth
Epoch [042/300] | Duration: 23.02s | Train Loss: 0.6668 | Train Acc: 0.7832 | Val Loss: 0.8647 | Val Acc: 0.6343 | Val F1: 0.4849
Epoch [043/300] | Duration: 23.45s | Train Loss: 0.6639 | Train Acc: 0.7832 | Val Loss: 0.7950 | Val Acc: 0.6866 | Val F1: 0.5243
Epoch [044/300] | Duration: 22.65s | Train Loss: 0.6620 | Train Acc: 0.7832 | Val Loss: 0.8079 | Val Acc: 0.7090 | Val F1: 0.5417
Epoch [045/300] | Duration: 21.91s | Train Loss: 0.6398 | Train Acc: 0.7832 | Val Loss: 0.7879 | Val Acc: 0.7164 | Val F1: 0.5481
Epoch [046/300] | Duration: 22.15s | Train Loss: 0.6102 | Train Acc: 0.8000 | Val Loss: 0.8142 | Val Acc: 0.6866 | Val F1: 0.5235
Epoch [047/300] | Duration: 22.71s | Train Loss: 0.6340 | Train Acc: 0.7794 | Val Loss: 0.7478 | Val Acc: 0.7388 | Val F1: 0.5645
🎉 New best model found! F1-Score: 0.5645. Saved to training_outputs/20250709-110933/best_model.pth
Epoch [048/300] | Duration: 22.74s | Train Loss: 0.6528 | Train Acc: 0.7832 | Val Loss: 0.7775 | Val Acc: 0.7388 | Val F1: 0.5638
Epoch [049/300] | Duration: 21.70s | Train Loss: 0.6150 | Train Acc: 0.7944 | Val Loss: 0.7382 | Val Acc: 0.7164 | Val F1: 0.5472
Epoch [050/300] | Duration: 21.80s | Train Loss: 0.6246 | Train Acc: 0.7888 | Val Loss: 0.7818 | Val Acc: 0.6940 | Val F1: 0.5301
Epoch [051/300] | Duration: 21.57s | Train Loss: 0.6068 | Train Acc: 0.8168 | Val Loss: 0.7722 | Val Acc: 0.7239 | Val F1: 0.5522
Epoch [052/300] | Duration: 21.37s | Train Loss: 0.6030 | Train Acc: 0.8019 | Val Loss: 0.7504 | Val Acc: 0.7090 | Val F1: 0.5419
Epoch [053/300] | Duration: 21.78s | Train Loss: 0.5990 | Train Acc: 0.7963 | Val Loss: 0.7861 | Val Acc: 0.7388 | Val F1: 0.5644
Epoch [054/300] | Duration: 21.63s | Train Loss: 0.6032 | Train Acc: 0.8037 | Val Loss: 0.7872 | Val Acc: 0.7313 | Val F1: 0.5574
Epoch [055/300] | Duration: 21.75s | Train Loss: 0.6171 | Train Acc: 0.7981 | Val Loss: 0.7176 | Val Acc: 0.7537 | Val F1: 0.5762
🎉 New best model found! F1-Score: 0.5762. Saved to training_outputs/20250709-110933/best_model.pth
Epoch [056/300] | Duration: 21.94s | Train Loss: 0.6045 | Train Acc: 0.7907 | Val Loss: 0.7400 | Val Acc: 0.7164 | Val F1: 0.5469
Epoch [057/300] | Duration: 21.86s | Train Loss: 0.5791 | Train Acc: 0.8224 | Val Loss: 0.7093 | Val Acc: 0.7313 | Val F1: 0.5588
Epoch [058/300] | Duration: 22.73s | Train Loss: 0.5654 | Train Acc: 0.8056 | Val Loss: 0.7930 | Val Acc: 0.7313 | Val F1: 0.5590
Epoch [059/300] | Duration: 22.29s | Train Loss: 0.5805 | Train Acc: 0.7944 | Val Loss: 0.7739 | Val Acc: 0.7313 | Val F1: 0.5598
Epoch [060/300] | Duration: 22.16s | Train Loss: 0.5897 | Train Acc: 0.7832 | Val Loss: 0.7289 | Val Acc: 0.7388 | Val F1: 0.5666
Epoch [061/300] | Duration: 21.83s | Train Loss: 0.5661 | Train Acc: 0.8075 | Val Loss: 0.7466 | Val Acc: 0.7463 | Val F1: 0.5723
Epoch [062/300] | Duration: 22.27s | Train Loss: 0.5673 | Train Acc: 0.8131 | Val Loss: 0.7288 | Val Acc: 0.7612 | Val F1: 0.5818
🎉 New best model found! F1-Score: 0.5818. Saved to training_outputs/20250709-110933/best_model.pth
Epoch [063/300] | Duration: 21.71s | Train Loss: 0.5598 | Train Acc: 0.8075 | Val Loss: 0.6866 | Val Acc: 0.7537 | Val F1: 0.5755
Epoch [064/300] | Duration: 21.59s | Train Loss: 0.5652 | Train Acc: 0.7981 | Val Loss: 0.7023 | Val Acc: 0.7537 | Val F1: 0.5765
Epoch [065/300] | Duration: 21.66s | Train Loss: 0.5378 | Train Acc: 0.8280 | Val Loss: 0.6794 | Val Acc: 0.7761 | Val F1: 0.5931
🎉 New best model found! F1-Score: 0.5931. Saved to training_outputs/20250709-110933/best_model.pth
Epoch [066/300] | Duration: 21.14s | Train Loss: 0.5605 | Train Acc: 0.7944 | Val Loss: 0.7400 | Val Acc: 0.7463 | Val F1: 0.5717
Epoch [067/300] | Duration: 21.09s | Train Loss: 0.5093 | Train Acc: 0.8430 | Val Loss: 0.7222 | Val Acc: 0.7090 | Val F1: 0.5423
Epoch [068/300] | Duration: 21.33s | Train Loss: 0.5544 | Train Acc: 0.8037 | Val Loss: 0.6919 | Val Acc: 0.7388 | Val F1: 0.5650
Epoch [069/300] | Duration: 21.88s | Train Loss: 0.5164 | Train Acc: 0.8393 | Val Loss: 0.6905 | Val Acc: 0.7761 | Val F1: 0.5931
Epoch [070/300] | Duration: 21.93s | Train Loss: 0.5590 | Train Acc: 0.8056 | Val Loss: 0.7257 | Val Acc: 0.7463 | Val F1: 0.5701
Epoch [071/300] | Duration: 21.61s | Train Loss: 0.5322 | Train Acc: 0.8112 | Val Loss: 0.7047 | Val Acc: 0.7836 | Val F1: 0.5990
🎉 New best model found! F1-Score: 0.5990. Saved to training_outputs/20250709-110933/best_model.pth
Epoch [072/300] | Duration: 21.59s | Train Loss: 0.5182 | Train Acc: 0.8318 | Val Loss: 0.6887 | Val Acc: 0.7687 | Val F1: 0.5877
Epoch [073/300] | Duration: 21.55s | Train Loss: 0.5066 | Train Acc: 0.8374 | Val Loss: 0.6995 | Val Acc: 0.7612 | Val F1: 0.5813
Epoch [074/300] | Duration: 20.94s | Train Loss: 0.5215 | Train Acc: 0.8187 | Val Loss: 0.7132 | Val Acc: 0.7612 | Val F1: 0.5819
Epoch [075/300] | Duration: 21.10s | Train Loss: 0.5397 | Train Acc: 0.8187 | Val Loss: 0.7503 | Val Acc: 0.7463 | Val F1: 0.5697
Epoch [076/300] | Duration: 21.24s | Train Loss: 0.5002 | Train Acc: 0.8486 | Val Loss: 0.6915 | Val Acc: 0.7612 | Val F1: 0.5821
Epoch [077/300] | Duration: 21.06s | Train Loss: 0.4953 | Train Acc: 0.8430 | Val Loss: 0.7212 | Val Acc: 0.7463 | Val F1: 0.5731
Epoch [078/300] | Duration: 21.41s | Train Loss: 0.5044 | Train Acc: 0.8243 | Val Loss: 0.7048 | Val Acc: 0.7612 | Val F1: 0.5817
Epoch [079/300] | Duration: 21.20s | Train Loss: 0.5363 | Train Acc: 0.7963 | Val Loss: 0.7399 | Val Acc: 0.7687 | Val F1: 0.5875
Epoch [080/300] | Duration: 21.52s | Train Loss: 0.5061 | Train Acc: 0.8224 | Val Loss: 0.7263 | Val Acc: 0.7612 | Val F1: 0.5838
Epoch [081/300] | Duration: 21.28s | Train Loss: 0.5383 | Train Acc: 0.8093 | Val Loss: 0.7389 | Val Acc: 0.7836 | Val F1: 0.5987
Epoch [082/300] | Duration: 21.51s | Train Loss: 0.4935 | Train Acc: 0.8131 | Val Loss: 0.7043 | Val Acc: 0.7164 | Val F1: 0.5473
Epoch [083/300] | Duration: 21.11s | Train Loss: 0.4843 | Train Acc: 0.8393 | Val Loss: 0.7282 | Val Acc: 0.7388 | Val F1: 0.5653
Epoch [084/300] | Duration: 20.95s | Train Loss: 0.4724 | Train Acc: 0.8449 | Val Loss: 0.7636 | Val Acc: 0.7761 | Val F1: 0.5928
Epoch [085/300] | Duration: 20.94s | Train Loss: 0.4834 | Train Acc: 0.8449 | Val Loss: 0.6748 | Val Acc: 0.7612 | Val F1: 0.5835
Epoch [086/300] | Duration: 20.84s | Train Loss: 0.4608 | Train Acc: 0.8430 | Val Loss: 0.7201 | Val Acc: 0.7761 | Val F1: 0.5930
Epoch [087/300] | Duration: 21.38s | Train Loss: 0.4432 | Train Acc: 0.8542 | Val Loss: 0.6952 | Val Acc: 0.7537 | Val F1: 0.5770
Epoch [088/300] | Duration: 22.14s | Train Loss: 0.5105 | Train Acc: 0.8280 | Val Loss: 0.7394 | Val Acc: 0.7612 | Val F1: 0.5818
Epoch [089/300] | Duration: 21.76s | Train Loss: 0.5311 | Train Acc: 0.8037 | Val Loss: 0.6912 | Val Acc: 0.7910 | Val F1: 0.6051
🎉 New best model found! F1-Score: 0.6051. Saved to training_outputs/20250709-110933/best_model.pth
Epoch [090/300] | Duration: 21.86s | Train Loss: 0.4656 | Train Acc: 0.8505 | Val Loss: 0.7445 | Val Acc: 0.7537 | Val F1: 0.5759
Epoch [091/300] | Duration: 21.06s | Train Loss: 0.4589 | Train Acc: 0.8467 | Val Loss: 0.7478 | Val Acc: 0.7836 | Val F1: 0.5990
Epoch [092/300] | Duration: 21.17s | Train Loss: 0.4854 | Train Acc: 0.8299 | Val Loss: 0.7739 | Val Acc: 0.7463 | Val F1: 0.5691
Epoch [093/300] | Duration: 21.01s | Train Loss: 0.4865 | Train Acc: 0.8355 | Val Loss: 0.7450 | Val Acc: 0.7388 | Val F1: 0.5646
Epoch [094/300] | Duration: 20.99s | Train Loss: 0.4483 | Train Acc: 0.8430 | Val Loss: 0.7121 | Val Acc: 0.7687 | Val F1: 0.5872
Epoch [095/300] | Duration: 20.94s | Train Loss: 0.4540 | Train Acc: 0.8486 | Val Loss: 0.7091 | Val Acc: 0.7537 | Val F1: 0.5780
Epoch [096/300] | Duration: 20.98s | Train Loss: 0.4686 | Train Acc: 0.8393 | Val Loss: 0.7100 | Val Acc: 0.7985 | Val F1: 0.6098
🎉 New best model found! F1-Score: 0.6098. Saved to training_outputs/20250709-110933/best_model.pth
Epoch [097/300] | Duration: 21.09s | Train Loss: 0.4329 | Train Acc: 0.8561 | Val Loss: 0.7105 | Val Acc: 0.7612 | Val F1: 0.5817
Epoch [098/300] | Duration: 21.62s | Train Loss: 0.4387 | Train Acc: 0.8598 | Val Loss: 0.7473 | Val Acc: 0.7836 | Val F1: 0.5987
Epoch [099/300] | Duration: 21.34s | Train Loss: 0.4803 | Train Acc: 0.8374 | Val Loss: 0.6747 | Val Acc: 0.7836 | Val F1: 0.6000
Epoch [100/300] | Duration: 21.14s | Train Loss: 0.4493 | Train Acc: 0.8336 | Val Loss: 0.6786 | Val Acc: 0.7836 | Val F1: 0.6006
Epoch [101/300] | Duration: 21.74s | Train Loss: 0.4270 | Train Acc: 0.8729 | Val Loss: 0.8019 | Val Acc: 0.7537 | Val F1: 0.5761
Epoch [102/300] | Duration: 21.99s | Train Loss: 0.4391 | Train Acc: 0.8486 | Val Loss: 0.7839 | Val Acc: 0.7388 | Val F1: 0.5625
Epoch [103/300] | Duration: 21.85s | Train Loss: 0.4527 | Train Acc: 0.8411 | Val Loss: 0.7226 | Val Acc: 0.7910 | Val F1: 0.6069
Epoch [104/300] | Duration: 22.18s | Train Loss: 0.4283 | Train Acc: 0.8579 | Val Loss: 0.7528 | Val Acc: 0.7612 | Val F1: 0.5815
Epoch [105/300] | Duration: 22.13s | Train Loss: 0.4541 | Train Acc: 0.8393 | Val Loss: 0.7266 | Val Acc: 0.7687 | Val F1: 0.5875
Epoch [106/300] | Duration: 22.13s | Train Loss: 0.4548 | Train Acc: 0.8336 | Val Loss: 0.7307 | Val Acc: 0.8060 | Val F1: 0.6158
🎉 New best model found! F1-Score: 0.6158. Saved to training_outputs/20250709-110933/best_model.pth
Epoch [107/300] | Duration: 21.80s | Train Loss: 0.4622 | Train Acc: 0.8411 | Val Loss: 0.7007 | Val Acc: 0.7910 | Val F1: 0.6039
Epoch [108/300] | Duration: 22.06s | Train Loss: 0.4178 | Train Acc: 0.8654 | Val Loss: 0.7124 | Val Acc: 0.7687 | Val F1: 0.5876
Epoch [109/300] | Duration: 21.61s | Train Loss: 0.4294 | Train Acc: 0.8411 | Val Loss: 0.7149 | Val Acc: 0.7537 | Val F1: 0.5771
Epoch [110/300] | Duration: 21.97s | Train Loss: 0.4238 | Train Acc: 0.8692 | Val Loss: 0.7621 | Val Acc: 0.7687 | Val F1: 0.6574
🎉 New best model found! F1-Score: 0.6574. Saved to training_outputs/20250709-110933/best_model.pth
Epoch [111/300] | Duration: 21.28s | Train Loss: 0.4456 | Train Acc: 0.8486 | Val Loss: 0.7457 | Val Acc: 0.7687 | Val F1: 0.5898
Epoch [112/300] | Duration: 21.25s | Train Loss: 0.4199 | Train Acc: 0.8561 | Val Loss: 0.7046 | Val Acc: 0.7985 | Val F1: 0.6125
Epoch [113/300] | Duration: 21.32s | Train Loss: 0.4163 | Train Acc: 0.8654 | Val Loss: 0.7330 | Val Acc: 0.7687 | Val F1: 0.6579
🎉 New best model found! F1-Score: 0.6579. Saved to training_outputs/20250709-110933/best_model.pth
Epoch [114/300] | Duration: 21.42s | Train Loss: 0.3839 | Train Acc: 0.8710 | Val Loss: 0.7473 | Val Acc: 0.7910 | Val F1: 0.6070
Epoch [115/300] | Duration: 21.30s | Train Loss: 0.4417 | Train Acc: 0.8523 | Val Loss: 0.8094 | Val Acc: 0.7612 | Val F1: 0.5841
Epoch [116/300] | Duration: 21.44s | Train Loss: 0.4271 | Train Acc: 0.8673 | Val Loss: 0.6981 | Val Acc: 0.7761 | Val F1: 0.5935
Epoch [117/300] | Duration: 21.08s | Train Loss: 0.4161 | Train Acc: 0.8561 | Val Loss: 0.6854 | Val Acc: 0.7910 | Val F1: 0.6089
Epoch [118/300] | Duration: 21.59s | Train Loss: 0.3976 | Train Acc: 0.8673 | Val Loss: 0.6746 | Val Acc: 0.8134 | Val F1: 0.6215
Epoch [119/300] | Duration: 20.99s | Train Loss: 0.4031 | Train Acc: 0.8617 | Val Loss: 0.7145 | Val Acc: 0.7910 | Val F1: 0.6075
Epoch [120/300] | Duration: 21.06s | Train Loss: 0.4312 | Train Acc: 0.8561 | Val Loss: 0.7035 | Val Acc: 0.7910 | Val F1: 0.6046
Epoch [121/300] | Duration: 21.28s | Train Loss: 0.3941 | Train Acc: 0.8617 | Val Loss: 0.6789 | Val Acc: 0.7985 | Val F1: 0.6126
Epoch [122/300] | Duration: 21.21s | Train Loss: 0.3839 | Train Acc: 0.8654 | Val Loss: 0.7233 | Val Acc: 0.7612 | Val F1: 0.5823
Epoch [123/300] | Duration: 21.32s | Train Loss: 0.3905 | Train Acc: 0.8654 | Val Loss: 0.7161 | Val Acc: 0.7687 | Val F1: 0.5896
Epoch [124/300] | Duration: 22.07s | Train Loss: 0.4037 | Train Acc: 0.8692 | Val Loss: 0.7127 | Val Acc: 0.7910 | Val F1: 0.6067
Epoch [125/300] | Duration: 21.79s | Train Loss: 0.3916 | Train Acc: 0.8785 | Val Loss: 0.7516 | Val Acc: 0.7910 | Val F1: 0.6064
Epoch [126/300] | Duration: 21.99s | Train Loss: 0.3918 | Train Acc: 0.8729 | Val Loss: 0.7548 | Val Acc: 0.8060 | Val F1: 0.6952
🎉 New best model found! F1-Score: 0.6952. Saved to training_outputs/20250709-110933/best_model.pth
Epoch [127/300] | Duration: 21.45s | Train Loss: 0.3934 | Train Acc: 0.8598 | Val Loss: 0.7256 | Val Acc: 0.7985 | Val F1: 0.6106
Epoch [128/300] | Duration: 21.36s | Train Loss: 0.4024 | Train Acc: 0.8579 | Val Loss: 0.7868 | Val Acc: 0.7687 | Val F1: 0.5874
Epoch [129/300] | Duration: 21.20s | Train Loss: 0.4059 | Train Acc: 0.8636 | Val Loss: 0.6951 | Val Acc: 0.7910 | Val F1: 0.6063
Epoch [130/300] | Duration: 22.09s | Train Loss: 0.3855 | Train Acc: 0.8748 | Val Loss: 0.7277 | Val Acc: 0.7612 | Val F1: 0.5860
Epoch [131/300] | Duration: 22.08s | Train Loss: 0.3815 | Train Acc: 0.8729 | Val Loss: 0.7120 | Val Acc: 0.8134 | Val F1: 0.6214
Epoch [132/300] | Duration: 23.31s | Train Loss: 0.3654 | Train Acc: 0.8841 | Val Loss: 0.7254 | Val Acc: 0.7985 | Val F1: 0.6145
Epoch [133/300] | Duration: 21.77s | Train Loss: 0.3857 | Train Acc: 0.8561 | Val Loss: 0.7828 | Val Acc: 0.7687 | Val F1: 0.5893
Epoch [134/300] | Duration: 22.16s | Train Loss: 0.4122 | Train Acc: 0.8598 | Val Loss: 0.7644 | Val Acc: 0.7836 | Val F1: 0.5985
Epoch [135/300] | Duration: 22.24s | Train Loss: 0.4254 | Train Acc: 0.8430 | Val Loss: 0.7553 | Val Acc: 0.7687 | Val F1: 0.6576
Epoch [136/300] | Duration: 21.38s | Train Loss: 0.3938 | Train Acc: 0.8617 | Val Loss: 0.7417 | Val Acc: 0.7985 | Val F1: 0.6123
Epoch [137/300] | Duration: 21.38s | Train Loss: 0.3667 | Train Acc: 0.8841 | Val Loss: 0.7960 | Val Acc: 0.7537 | Val F1: 0.5747
Epoch [138/300] | Duration: 21.50s | Train Loss: 0.4073 | Train Acc: 0.8542 | Val Loss: 0.7737 | Val Acc: 0.8134 | Val F1: 0.6264
Epoch [139/300] | Duration: 21.25s | Train Loss: 0.3824 | Train Acc: 0.8729 | Val Loss: 0.7359 | Val Acc: 0.7910 | Val F1: 0.6065
Epoch [140/300] | Duration: 21.51s | Train Loss: 0.3633 | Train Acc: 0.8860 | Val Loss: 0.7541 | Val Acc: 0.7836 | Val F1: 0.6624
Epoch [141/300] | Duration: 21.46s | Train Loss: 0.3466 | Train Acc: 0.8822 | Val Loss: 0.9080 | Val Acc: 0.7687 | Val F1: 0.5911
Epoch [142/300] | Duration: 21.54s | Train Loss: 0.4070 | Train Acc: 0.8505 | Val Loss: 0.7483 | Val Acc: 0.7836 | Val F1: 0.6002
Epoch [143/300] | Duration: 21.95s | Train Loss: 0.3597 | Train Acc: 0.8879 | Val Loss: 0.7665 | Val Acc: 0.7687 | Val F1: 0.5864
Epoch [144/300] | Duration: 21.72s | Train Loss: 0.3881 | Train Acc: 0.8804 | Val Loss: 0.8566 | Val Acc: 0.7687 | Val F1: 0.6671
Epoch [145/300] | Duration: 22.30s | Train Loss: 0.3449 | Train Acc: 0.8935 | Val Loss: 0.7524 | Val Acc: 0.7910 | Val F1: 0.6043
Epoch [146/300] | Duration: 22.86s | Train Loss: 0.3709 | Train Acc: 0.8822 | Val Loss: 0.7522 | Val Acc: 0.7836 | Val F1: 0.6793
Epoch [147/300] | Duration: 22.26s | Train Loss: 0.3480 | Train Acc: 0.8785 | Val Loss: 0.7404 | Val Acc: 0.8060 | Val F1: 0.6860
Epoch [148/300] | Duration: 22.40s | Train Loss: 0.3380 | Train Acc: 0.8953 | Val Loss: 0.7499 | Val Acc: 0.7910 | Val F1: 0.6064
Epoch [149/300] | Duration: 21.62s | Train Loss: 0.3694 | Train Acc: 0.8879 | Val Loss: 0.7832 | Val Acc: 0.7910 | Val F1: 0.6041
Epoch [150/300] | Duration: 21.71s | Train Loss: 0.3573 | Train Acc: 0.8598 | Val Loss: 0.7682 | Val Acc: 0.7761 | Val F1: 0.5970
Epoch [151/300] | Duration: 22.20s | Train Loss: 0.4161 | Train Acc: 0.8654 | Val Loss: 0.7582 | Val Acc: 0.7761 | Val F1: 0.6633
Epoch [152/300] | Duration: 21.83s | Train Loss: 0.3590 | Train Acc: 0.8710 | Val Loss: 0.7297 | Val Acc: 0.7910 | Val F1: 0.6063
Epoch [153/300] | Duration: 21.86s | Train Loss: 0.3580 | Train Acc: 0.8710 | Val Loss: 0.7210 | Val Acc: 0.7985 | Val F1: 0.6805
Epoch [154/300] | Duration: 22.35s | Train Loss: 0.3694 | Train Acc: 0.8449 | Val Loss: 0.8321 | Val Acc: 0.7761 | Val F1: 0.6634
Epoch [155/300] | Duration: 22.13s | Train Loss: 0.3296 | Train Acc: 0.8916 | Val Loss: 0.7367 | Val Acc: 0.8060 | Val F1: 0.6157
Epoch [156/300] | Duration: 22.25s | Train Loss: 0.3302 | Train Acc: 0.8841 | Val Loss: 0.7602 | Val Acc: 0.7985 | Val F1: 0.6104
Epoch [157/300] | Duration: 22.60s | Train Loss: 0.3224 | Train Acc: 0.8991 | Val Loss: 0.7309 | Val Acc: 0.7836 | Val F1: 0.6001
Epoch [158/300] | Duration: 21.98s | Train Loss: 0.3055 | Train Acc: 0.9140 | Val Loss: 0.7725 | Val Acc: 0.8060 | Val F1: 0.6790
Epoch [159/300] | Duration: 21.99s | Train Loss: 0.3489 | Train Acc: 0.8897 | Val Loss: 0.7777 | Val Acc: 0.8134 | Val F1: 0.6857
Epoch [160/300] | Duration: 22.32s | Train Loss: 0.3568 | Train Acc: 0.8748 | Val Loss: 0.8081 | Val Acc: 0.7910 | Val F1: 0.6844
Epoch [161/300] | Duration: 22.42s | Train Loss: 0.3382 | Train Acc: 0.9009 | Val Loss: 0.7798 | Val Acc: 0.7985 | Val F1: 0.6125
Epoch [162/300] | Duration: 21.92s | Train Loss: 0.3559 | Train Acc: 0.8841 | Val Loss: 0.7714 | Val Acc: 0.7910 | Val F1: 0.6751
Epoch [163/300] | Duration: 22.45s | Train Loss: 0.3465 | Train Acc: 0.8935 | Val Loss: 0.7609 | Val Acc: 0.8060 | Val F1: 0.6797
Epoch [164/300] | Duration: 21.71s | Train Loss: 0.3285 | Train Acc: 0.8897 | Val Loss: 0.8630 | Val Acc: 0.7836 | Val F1: 0.6578
Epoch [165/300] | Duration: 22.17s | Train Loss: 0.3611 | Train Acc: 0.8748 | Val Loss: 0.7294 | Val Acc: 0.8134 | Val F1: 0.6855
Epoch [166/300] | Duration: 21.93s | Train Loss: 0.3279 | Train Acc: 0.8841 | Val Loss: 0.8333 | Val Acc: 0.7836 | Val F1: 0.6788
Epoch [167/300] | Duration: 21.75s | Train Loss: 0.2916 | Train Acc: 0.9047 | Val Loss: 0.7841 | Val Acc: 0.8060 | Val F1: 0.6862
Epoch [168/300] | Duration: 22.43s | Train Loss: 0.3183 | Train Acc: 0.8841 | Val Loss: 0.7955 | Val Acc: 0.7910 | Val F1: 0.6071
Epoch [169/300] | Duration: 21.88s | Train Loss: 0.2888 | Train Acc: 0.9084 | Val Loss: 0.8321 | Val Acc: 0.7985 | Val F1: 0.6737
Epoch [170/300] | Duration: 22.66s | Train Loss: 0.3399 | Train Acc: 0.8879 | Val Loss: 0.8431 | Val Acc: 0.8209 | Val F1: 0.6979
🎉 New best model found! F1-Score: 0.6979. Saved to training_outputs/20250709-110933/best_model.pth
Epoch [171/300] | Duration: 22.53s | Train Loss: 0.3402 | Train Acc: 0.8804 | Val Loss: 0.8220 | Val Acc: 0.7239 | Val F1: 0.5560
Epoch [172/300] | Duration: 22.25s | Train Loss: 0.3492 | Train Acc: 0.8879 | Val Loss: 0.7284 | Val Acc: 0.7836 | Val F1: 0.6009
Epoch [173/300] | Duration: 21.58s | Train Loss: 0.3386 | Train Acc: 0.9047 | Val Loss: 0.7317 | Val Acc: 0.7836 | Val F1: 0.6005
Epoch [174/300] | Duration: 21.41s | Train Loss: 0.3262 | Train Acc: 0.8991 | Val Loss: 0.7918 | Val Acc: 0.7985 | Val F1: 0.6806
Epoch [175/300] | Duration: 21.26s | Train Loss: 0.2903 | Train Acc: 0.9028 | Val Loss: 0.8596 | Val Acc: 0.7910 | Val F1: 0.6748
Epoch [176/300] | Duration: 21.65s | Train Loss: 0.3174 | Train Acc: 0.8972 | Val Loss: 0.8457 | Val Acc: 0.7836 | Val F1: 0.6623
Epoch [177/300] | Duration: 21.15s | Train Loss: 0.3348 | Train Acc: 0.8860 | Val Loss: 0.7809 | Val Acc: 0.8060 | Val F1: 0.6962
Epoch [178/300] | Duration: 22.29s | Train Loss: 0.2948 | Train Acc: 0.9084 | Val Loss: 0.8389 | Val Acc: 0.7836 | Val F1: 0.6620
Epoch [179/300] | Duration: 22.61s | Train Loss: 0.3132 | Train Acc: 0.8897 | Val Loss: 0.7857 | Val Acc: 0.7836 | Val F1: 0.6692
Epoch [180/300] | Duration: 21.97s | Train Loss: 0.3009 | Train Acc: 0.8972 | Val Loss: 0.9019 | Val Acc: 0.7687 | Val F1: 0.5864
Epoch [181/300] | Duration: 21.92s | Train Loss: 0.3372 | Train Acc: 0.8822 | Val Loss: 0.8179 | Val Acc: 0.7836 | Val F1: 0.6568
Epoch [182/300] | Duration: 21.98s | Train Loss: 0.3204 | Train Acc: 0.9065 | Val Loss: 0.7564 | Val Acc: 0.8060 | Val F1: 0.6791
Epoch [183/300] | Duration: 22.04s | Train Loss: 0.3247 | Train Acc: 0.9065 | Val Loss: 0.8067 | Val Acc: 0.7836 | Val F1: 0.6693
Epoch [184/300] | Duration: 22.01s | Train Loss: 0.2979 | Train Acc: 0.9028 | Val Loss: 0.8451 | Val Acc: 0.7761 | Val F1: 0.6561
Epoch [185/300] | Duration: 22.72s | Train Loss: 0.2963 | Train Acc: 0.9065 | Val Loss: 0.7574 | Val Acc: 0.7985 | Val F1: 0.6800
Epoch [186/300] | Duration: 22.58s | Train Loss: 0.2998 | Train Acc: 0.9121 | Val Loss: 0.8623 | Val Acc: 0.7836 | Val F1: 0.6686
Epoch [187/300] | Duration: 22.18s | Train Loss: 0.3193 | Train Acc: 0.8953 | Val Loss: 0.8147 | Val Acc: 0.8060 | Val F1: 0.6861
Epoch [188/300] | Duration: 21.78s | Train Loss: 0.2869 | Train Acc: 0.9103 | Val Loss: 0.7900 | Val Acc: 0.7836 | Val F1: 0.6030
Epoch [189/300] | Duration: 21.48s | Train Loss: 0.3291 | Train Acc: 0.8897 | Val Loss: 0.9002 | Val Acc: 0.7687 | Val F1: 0.6513
Epoch [190/300] | Duration: 23.36s | Train Loss: 0.3379 | Train Acc: 0.9065 | Val Loss: 0.7908 | Val Acc: 0.7687 | Val F1: 0.5879
Epoch [191/300] | Duration: 22.08s | Train Loss: 0.3437 | Train Acc: 0.8822 | Val Loss: 0.8135 | Val Acc: 0.7836 | Val F1: 0.6623
Epoch [192/300] | Duration: 21.94s | Train Loss: 0.3074 | Train Acc: 0.8935 | Val Loss: 0.7901 | Val Acc: 0.8134 | Val F1: 0.6921
Epoch [193/300] | Duration: 21.53s | Train Loss: 0.3196 | Train Acc: 0.8935 | Val Loss: 0.7992 | Val Acc: 0.7985 | Val F1: 0.6904
Epoch [194/300] | Duration: 22.17s | Train Loss: 0.3148 | Train Acc: 0.8916 | Val Loss: 0.9204 | Val Acc: 0.7612 | Val F1: 0.6517
Epoch [195/300] | Duration: 22.68s | Train Loss: 0.3186 | Train Acc: 0.8710 | Val Loss: 0.8093 | Val Acc: 0.7761 | Val F1: 0.6568
Epoch [196/300] | Duration: 22.03s | Train Loss: 0.3267 | Train Acc: 0.9065 | Val Loss: 0.9089 | Val Acc: 0.7687 | Val F1: 0.6576
Epoch [197/300] | Duration: 21.67s | Train Loss: 0.2777 | Train Acc: 0.9234 | Val Loss: 0.8438 | Val Acc: 0.7687 | Val F1: 0.6508
Epoch [198/300] | Duration: 21.33s | Train Loss: 0.2810 | Train Acc: 0.9140 | Val Loss: 0.8921 | Val Acc: 0.7761 | Val F1: 0.6626
Epoch [199/300] | Duration: 21.35s | Train Loss: 0.3540 | Train Acc: 0.8860 | Val Loss: 0.8934 | Val Acc: 0.7761 | Val F1: 0.6636
Epoch [200/300] | Duration: 22.69s | Train Loss: 0.2906 | Train Acc: 0.9084 | Val Loss: 0.8469 | Val Acc: 0.7985 | Val F1: 0.6740
Epoch [201/300] | Duration: 22.64s | Train Loss: 0.2806 | Train Acc: 0.9065 | Val Loss: 0.7646 | Val Acc: 0.7761 | Val F1: 0.6637
Epoch [202/300] | Duration: 22.13s | Train Loss: 0.3165 | Train Acc: 0.8953 | Val Loss: 0.8294 | Val Acc: 0.8134 | Val F1: 0.6924
Epoch [203/300] | Duration: 21.79s | Train Loss: 0.2827 | Train Acc: 0.9009 | Val Loss: 0.9365 | Val Acc: 0.7985 | Val F1: 0.6905
Epoch [204/300] | Duration: 21.86s | Train Loss: 0.2935 | Train Acc: 0.9084 | Val Loss: 0.8478 | Val Acc: 0.8060 | Val F1: 0.6862
Epoch [205/300] | Duration: 22.39s | Train Loss: 0.2824 | Train Acc: 0.9159 | Val Loss: 0.8207 | Val Acc: 0.7985 | Val F1: 0.6739
Epoch [206/300] | Duration: 22.09s | Train Loss: 0.3090 | Train Acc: 0.8897 | Val Loss: 0.8718 | Val Acc: 0.7985 | Val F1: 0.6895
Epoch [207/300] | Duration: 21.41s | Train Loss: 0.2636 | Train Acc: 0.9084 | Val Loss: 0.8938 | Val Acc: 0.7836 | Val F1: 0.6626
Epoch [208/300] | Duration: 22.58s | Train Loss: 0.2920 | Train Acc: 0.8972 | Val Loss: 0.8638 | Val Acc: 0.7612 | Val F1: 0.5852
Epoch [209/300] | Duration: 22.09s | Train Loss: 0.3079 | Train Acc: 0.8991 | Val Loss: 0.8897 | Val Acc: 0.7761 | Val F1: 0.6557
Epoch [210/300] | Duration: 22.09s | Train Loss: 0.2673 | Train Acc: 0.9140 | Val Loss: 0.8663 | Val Acc: 0.8060 | Val F1: 0.6958
Epoch [211/300] | Duration: 21.73s | Train Loss: 0.2525 | Train Acc: 0.9215 | Val Loss: 0.9754 | Val Acc: 0.7463 | Val F1: 0.6331
Epoch [212/300] | Duration: 21.89s | Train Loss: 0.3033 | Train Acc: 0.8991 | Val Loss: 0.8429 | Val Acc: 0.7836 | Val F1: 0.6621
Epoch [213/300] | Duration: 22.10s | Train Loss: 0.3082 | Train Acc: 0.8879 | Val Loss: 0.8894 | Val Acc: 0.7687 | Val F1: 0.6466
Epoch [214/300] | Duration: 21.93s | Train Loss: 0.2857 | Train Acc: 0.9084 | Val Loss: 0.7933 | Val Acc: 0.7836 | Val F1: 0.6685
Epoch [215/300] | Duration: 21.61s | Train Loss: 0.3180 | Train Acc: 0.8953 | Val Loss: 0.9793 | Val Acc: 0.7687 | Val F1: 0.6575
Epoch [216/300] | Duration: 21.46s | Train Loss: 0.2833 | Train Acc: 0.9103 | Val Loss: 0.8090 | Val Acc: 0.8060 | Val F1: 0.6954
Epoch [217/300] | Duration: 21.75s | Train Loss: 0.2882 | Train Acc: 0.9065 | Val Loss: 0.8516 | Val Acc: 0.7612 | Val F1: 0.6393
Epoch [218/300] | Duration: 21.60s | Train Loss: 0.2604 | Train Acc: 0.9234 | Val Loss: 0.8873 | Val Acc: 0.7836 | Val F1: 0.6693
Epoch [219/300] | Duration: 21.48s | Train Loss: 0.3300 | Train Acc: 0.8766 | Val Loss: 0.8839 | Val Acc: 0.8134 | Val F1: 0.6852
Epoch [220/300] | Duration: 21.95s | Train Loss: 0.2659 | Train Acc: 0.9178 | Val Loss: 0.9916 | Val Acc: 0.7463 | Val F1: 0.6286
Epoch [221/300] | Duration: 21.95s | Train Loss: 0.3247 | Train Acc: 0.8897 | Val Loss: 0.8394 | Val Acc: 0.7836 | Val F1: 0.6692
Epoch [222/300] | Duration: 21.55s | Train Loss: 0.2702 | Train Acc: 0.9178 | Val Loss: 0.8064 | Val Acc: 0.7761 | Val F1: 0.6630
Epoch [223/300] | Duration: 21.78s | Train Loss: 0.2983 | Train Acc: 0.8972 | Val Loss: 0.8840 | Val Acc: 0.7761 | Val F1: 0.6632
Epoch [224/300] | Duration: 21.95s | Train Loss: 0.2932 | Train Acc: 0.8972 | Val Loss: 0.7907 | Val Acc: 0.8209 | Val F1: 0.6975
Epoch [225/300] | Duration: 21.58s | Train Loss: 0.2375 | Train Acc: 0.9159 | Val Loss: 0.8291 | Val Acc: 0.8060 | Val F1: 0.6864
Epoch [226/300] | Duration: 21.58s | Train Loss: 0.2653 | Train Acc: 0.9178 | Val Loss: 0.8721 | Val Acc: 0.7985 | Val F1: 0.6810
Epoch [227/300] | Duration: 21.88s | Train Loss: 0.2535 | Train Acc: 0.9159 | Val Loss: 1.0582 | Val Acc: 0.7612 | Val F1: 0.6516
Epoch [228/300] | Duration: 21.52s | Train Loss: 0.3341 | Train Acc: 0.8897 | Val Loss: 0.8498 | Val Acc: 0.7910 | Val F1: 0.6746
Epoch [229/300] | Duration: 21.42s | Train Loss: 0.2546 | Train Acc: 0.9327 | Val Loss: 0.7779 | Val Acc: 0.7910 | Val F1: 0.6750
Epoch [230/300] | Duration: 21.97s | Train Loss: 0.2688 | Train Acc: 0.9215 | Val Loss: 0.8685 | Val Acc: 0.7985 | Val F1: 0.6803
Epoch [231/300] | Duration: 22.15s | Train Loss: 0.2672 | Train Acc: 0.9103 | Val Loss: 0.9292 | Val Acc: 0.7761 | Val F1: 0.6732
Epoch [232/300] | Duration: 21.82s | Train Loss: 0.2614 | Train Acc: 0.9084 | Val Loss: 0.8267 | Val Acc: 0.7836 | Val F1: 0.6687
Epoch [233/300] | Duration: 22.42s | Train Loss: 0.2582 | Train Acc: 0.9028 | Val Loss: 0.7846 | Val Acc: 0.7687 | Val F1: 0.6463
Epoch [234/300] | Duration: 23.22s | Train Loss: 0.2729 | Train Acc: 0.9140 | Val Loss: 0.8664 | Val Acc: 0.8060 | Val F1: 0.6798
Epoch [235/300] | Duration: 22.46s | Train Loss: 0.2806 | Train Acc: 0.9047 | Val Loss: 0.8898 | Val Acc: 0.8060 | Val F1: 0.6961
Epoch [236/300] | Duration: 22.68s | Train Loss: 0.2722 | Train Acc: 0.8991 | Val Loss: 0.8558 | Val Acc: 0.7836 | Val F1: 0.6783
Epoch [237/300] | Duration: 22.42s | Train Loss: 0.2542 | Train Acc: 0.9140 | Val Loss: 0.8481 | Val Acc: 0.7836 | Val F1: 0.6621
Epoch [238/300] | Duration: 22.22s | Train Loss: 0.2965 | Train Acc: 0.8860 | Val Loss: 0.9323 | Val Acc: 0.7687 | Val F1: 0.6512
Epoch [239/300] | Duration: 22.02s | Train Loss: 0.2803 | Train Acc: 0.9047 | Val Loss: 0.7780 | Val Acc: 0.7836 | Val F1: 0.6624
Epoch [240/300] | Duration: 22.23s | Train Loss: 0.2648 | Train Acc: 0.9159 | Val Loss: 0.8924 | Val Acc: 0.7836 | Val F1: 0.6689
Epoch [241/300] | Duration: 22.05s | Train Loss: 0.2769 | Train Acc: 0.9065 | Val Loss: 1.0073 | Val Acc: 0.7687 | Val F1: 0.6507
Epoch [242/300] | Duration: 21.27s | Train Loss: 0.2638 | Train Acc: 0.9065 | Val Loss: 0.9521 | Val Acc: 0.7910 | Val F1: 0.6849
Epoch [243/300] | Duration: 21.41s | Train Loss: 0.2794 | Train Acc: 0.9103 | Val Loss: 0.9263 | Val Acc: 0.8209 | Val F1: 0.7076
🎉 New best model found! F1-Score: 0.7076. Saved to training_outputs/20250709-110933/best_model.pth
Epoch [244/300] | Duration: 21.96s | Train Loss: 0.2696 | Train Acc: 0.9065 | Val Loss: 0.8115 | Val Acc: 0.8134 | Val F1: 0.6920
Epoch [245/300] | Duration: 21.03s | Train Loss: 0.2517 | Train Acc: 0.9196 | Val Loss: 0.9110 | Val Acc: 0.7910 | Val F1: 0.6684
Epoch [246/300] | Duration: 21.18s | Train Loss: 0.2692 | Train Acc: 0.9084 | Val Loss: 0.8959 | Val Acc: 0.8060 | Val F1: 0.6858
Epoch [247/300] | Duration: 21.18s | Train Loss: 0.2867 | Train Acc: 0.9047 | Val Loss: 0.8408 | Val Acc: 0.7836 | Val F1: 0.6692
Epoch [248/300] | Duration: 21.79s | Train Loss: 0.2507 | Train Acc: 0.9308 | Val Loss: 0.9257 | Val Acc: 0.7537 | Val F1: 0.6396
Epoch [249/300] | Duration: 21.32s | Train Loss: 0.2340 | Train Acc: 0.9178 | Val Loss: 0.8275 | Val Acc: 0.8134 | Val F1: 0.6852
Epoch [250/300] | Duration: 21.62s | Train Loss: 0.2624 | Train Acc: 0.9121 | Val Loss: 0.9191 | Val Acc: 0.8134 | Val F1: 0.7017
Epoch [251/300] | Duration: 21.52s | Train Loss: 0.2599 | Train Acc: 0.9084 | Val Loss: 0.9479 | Val Acc: 0.7910 | Val F1: 0.6849
Epoch [252/300] | Duration: 21.72s | Train Loss: 0.2555 | Train Acc: 0.9234 | Val Loss: 0.8294 | Val Acc: 0.8060 | Val F1: 0.6859
Epoch [253/300] | Duration: 21.52s | Train Loss: 0.2711 | Train Acc: 0.9121 | Val Loss: 0.8823 | Val Acc: 0.7910 | Val F1: 0.6844
Epoch [254/300] | Duration: 20.96s | Train Loss: 0.2451 | Train Acc: 0.9252 | Val Loss: 0.8085 | Val Acc: 0.8209 | Val F1: 0.7072
Epoch [255/300] | Duration: 21.20s | Train Loss: 0.2645 | Train Acc: 0.9028 | Val Loss: 0.7835 | Val Acc: 0.8060 | Val F1: 0.6866
Epoch [256/300] | Duration: 21.81s | Train Loss: 0.2605 | Train Acc: 0.9103 | Val Loss: 0.8938 | Val Acc: 0.8060 | Val F1: 0.6858
Epoch [257/300] | Duration: 21.42s | Train Loss: 0.2533 | Train Acc: 0.9196 | Val Loss: 0.9524 | Val Acc: 0.7910 | Val F1: 0.6684
Epoch [258/300] | Duration: 21.40s | Train Loss: 0.2270 | Train Acc: 0.9196 | Val Loss: 0.9456 | Val Acc: 0.8060 | Val F1: 0.6750
Epoch [259/300] | Duration: 21.68s | Train Loss: 0.2525 | Train Acc: 0.9178 | Val Loss: 0.9300 | Val Acc: 0.7985 | Val F1: 0.6805
Epoch [260/300] | Duration: 21.32s | Train Loss: 0.2364 | Train Acc: 0.9215 | Val Loss: 0.9458 | Val Acc: 0.7985 | Val F1: 0.6807
Epoch [261/300] | Duration: 21.45s | Train Loss: 0.2539 | Train Acc: 0.9121 | Val Loss: 0.9507 | Val Acc: 0.7836 | Val F1: 0.6547
Epoch [262/300] | Duration: 21.70s | Train Loss: 0.2398 | Train Acc: 0.9121 | Val Loss: 1.0121 | Val Acc: 0.7761 | Val F1: 0.6730
Epoch [263/300] | Duration: 22.81s | Train Loss: 0.2531 | Train Acc: 0.9121 | Val Loss: 0.7721 | Val Acc: 0.8134 | Val F1: 0.6921
Epoch [264/300] | Duration: 23.31s | Train Loss: 0.2223 | Train Acc: 0.9234 | Val Loss: 0.8386 | Val Acc: 0.7985 | Val F1: 0.6803
Epoch [265/300] | Duration: 23.52s | Train Loss: 0.2266 | Train Acc: 0.9271 | Val Loss: 0.8744 | Val Acc: 0.7687 | Val F1: 0.6575
Epoch [266/300] | Duration: 23.95s | Train Loss: 0.3106 | Train Acc: 0.8972 | Val Loss: 0.8653 | Val Acc: 0.7910 | Val F1: 0.6633
Epoch [267/300] | Duration: 24.12s | Train Loss: 0.2926 | Train Acc: 0.8879 | Val Loss: 0.8974 | Val Acc: 0.8060 | Val F1: 0.6792
Epoch [268/300] | Duration: 23.88s | Train Loss: 0.2066 | Train Acc: 0.9364 | Val Loss: 0.7892 | Val Acc: 0.8209 | Val F1: 0.6976
Epoch [269/300] | Duration: 24.18s | Train Loss: 0.2133 | Train Acc: 0.9271 | Val Loss: 0.8224 | Val Acc: 0.7687 | Val F1: 0.5910
Epoch [270/300] | Duration: 24.25s | Train Loss: 0.2584 | Train Acc: 0.9159 | Val Loss: 0.8895 | Val Acc: 0.7985 | Val F1: 0.6739
Epoch [271/300] | Duration: 24.52s | Train Loss: 0.2588 | Train Acc: 0.8972 | Val Loss: 0.8623 | Val Acc: 0.7985 | Val F1: 0.6902
Epoch [272/300] | Duration: 25.22s | Train Loss: 0.2337 | Train Acc: 0.9421 | Val Loss: 0.9281 | Val Acc: 0.7985 | Val F1: 0.6682
Epoch [273/300] | Duration: 24.70s | Train Loss: 0.2593 | Train Acc: 0.8972 | Val Loss: 0.9512 | Val Acc: 0.7761 | Val F1: 0.6628
Epoch [274/300] | Duration: 23.84s | Train Loss: 0.2710 | Train Acc: 0.9065 | Val Loss: 1.0244 | Val Acc: 0.7836 | Val F1: 0.6691
Epoch [275/300] | Duration: 23.10s | Train Loss: 0.2665 | Train Acc: 0.9103 | Val Loss: 0.8330 | Val Acc: 0.7761 | Val F1: 0.6570
Epoch [276/300] | Duration: 24.70s | Train Loss: 0.2885 | Train Acc: 0.9103 | Val Loss: 0.8556 | Val Acc: 0.7985 | Val F1: 0.6805
Epoch [277/300] | Duration: 23.73s | Train Loss: 0.2625 | Train Acc: 0.9140 | Val Loss: 0.9161 | Val Acc: 0.7985 | Val F1: 0.6733
Epoch [278/300] | Duration: 24.14s | Train Loss: 0.2257 | Train Acc: 0.9215 | Val Loss: 0.8195 | Val Acc: 0.8134 | Val F1: 0.6808
Epoch [279/300] | Duration: 23.99s | Train Loss: 0.2354 | Train Acc: 0.9234 | Val Loss: 0.9733 | Val Acc: 0.7761 | Val F1: 0.5970
Epoch [280/300] | Duration: 23.16s | Train Loss: 0.2577 | Train Acc: 0.9159 | Val Loss: 0.9925 | Val Acc: 0.7761 | Val F1: 0.6565
Epoch [281/300] | Duration: 24.86s | Train Loss: 0.2065 | Train Acc: 0.9439 | Val Loss: 0.8938 | Val Acc: 0.7910 | Val F1: 0.6685
Epoch [282/300] | Duration: 24.95s | Train Loss: 0.2341 | Train Acc: 0.9121 | Val Loss: 1.0403 | Val Acc: 0.7910 | Val F1: 0.6678
Epoch [283/300] | Duration: 24.67s | Train Loss: 0.2327 | Train Acc: 0.9196 | Val Loss: 0.9699 | Val Acc: 0.7910 | Val F1: 0.6686
Epoch [284/300] | Duration: 24.29s | Train Loss: 0.2291 | Train Acc: 0.9215 | Val Loss: 0.9447 | Val Acc: 0.7537 | Val F1: 0.6304
Epoch [285/300] | Duration: 24.17s | Train Loss: 0.2543 | Train Acc: 0.9159 | Val Loss: 0.9604 | Val Acc: 0.7836 | Val F1: 0.6534
Epoch [286/300] | Duration: 24.69s | Train Loss: 0.2394 | Train Acc: 0.9215 | Val Loss: 1.0952 | Val Acc: 0.7910 | Val F1: 0.6684
Epoch [287/300] | Duration: 23.73s | Train Loss: 0.2387 | Train Acc: 0.9196 | Val Loss: 0.8524 | Val Acc: 0.8358 | Val F1: 0.7027
Epoch [288/300] | Duration: 22.00s | Train Loss: 0.2232 | Train Acc: 0.9290 | Val Loss: 0.8779 | Val Acc: 0.8209 | Val F1: 0.6974
Epoch [289/300] | Duration: 22.04s | Train Loss: 0.2671 | Train Acc: 0.9028 | Val Loss: 0.8276 | Val Acc: 0.8060 | Val F1: 0.6800
Epoch [290/300] | Duration: 22.32s | Train Loss: 0.2553 | Train Acc: 0.9234 | Val Loss: 0.8899 | Val Acc: 0.8284 | Val F1: 0.7128
🎉 New best model found! F1-Score: 0.7128. Saved to training_outputs/20250709-110933/best_model.pth
Epoch [291/300] | Duration: 22.37s | Train Loss: 0.2419 | Train Acc: 0.9346 | Val Loss: 0.9165 | Val Acc: 0.7836 | Val F1: 0.6693
Epoch [292/300] | Duration: 22.63s | Train Loss: 0.2411 | Train Acc: 0.9196 | Val Loss: 0.8955 | Val Acc: 0.7910 | Val F1: 0.6749
Epoch [293/300] | Duration: 22.54s | Train Loss: 0.2075 | Train Acc: 0.9402 | Val Loss: 1.0343 | Val Acc: 0.7761 | Val F1: 0.6558
Epoch [294/300] | Duration: 22.17s | Train Loss: 0.2412 | Train Acc: 0.9271 | Val Loss: 0.8587 | Val Acc: 0.8060 | Val F1: 0.6861
Epoch [295/300] | Duration: 21.98s | Train Loss: 0.2279 | Train Acc: 0.9234 | Val Loss: 0.9455 | Val Acc: 0.8060 | Val F1: 0.6861
Epoch [296/300] | Duration: 21.84s | Train Loss: 0.2602 | Train Acc: 0.9140 | Val Loss: 1.0356 | Val Acc: 0.7836 | Val F1: 0.6622
Epoch [297/300] | Duration: 21.70s | Train Loss: 0.2204 | Train Acc: 0.9159 | Val Loss: 1.0236 | Val Acc: 0.7985 | Val F1: 0.6736
Epoch [298/300] | Duration: 22.11s | Train Loss: 0.2378 | Train Acc: 0.9140 | Val Loss: 0.9417 | Val Acc: 0.7985 | Val F1: 0.6658
Epoch [299/300] | Duration: 21.99s | Train Loss: 0.2232 | Train Acc: 0.9364 | Val Loss: 0.9539 | Val Acc: 0.7985 | Val F1: 0.6740
Epoch [300/300] | Duration: 22.29s | Train Loss: 0.2346 | Train Acc: 0.9178 | Val Loss: 0.8375 | Val Acc: 0.8134 | Val F1: 0.6922

✅ Training finished.

💾 Saving final artifacts...
📈 Saved training metrics plot to training_outputs/20250709-110933/training_metrics.png
📊 Saved final confusion matrix to training_outputs/20250709-110933/final_confusion_matrix.png
📝 Saved final classification report to training_outputs/20250709-110933/final_classification_report.txt

✨ Run complete.
