The following modules were not unloaded:
  (Use "module --force purge" to unload all):

  1) modules/2.3-20240529   2) openblas/single-0.3.26
🚀 Starting Run. All outputs will be saved to: training_outputs/20250702-225045
⚙️ Using device: cuda
Hyperparameters: {'input_depth': 32, 'input_height': 64, 'input_width': 64, 'num_classes': 3, 'learning_rate': 1e-05, 'batch_size': 64, 'num_epochs': 300, 'num_input_channels': 3}

Loading datasets...
Found 605 samples.
Found 605 samples.

Training on 484 samples, validating on 121 samples.
Model has 70,947 trainable parameters.

--- Starting Training ---
Epoch [001/300] | Duration: 23.62s | Train Loss: 1.1140 | Train Acc: 0.3636 | Val Loss: 1.1023 | Val Acc: 0.3471 | Val F1: 0.1718
🎉 New best model found! F1-Score: 0.1718. Saved to training_outputs/20250702-225045/best_model.pth
Epoch [002/300] | Duration: 13.26s | Train Loss: 1.1065 | Train Acc: 0.3740 | Val Loss: 1.1081 | Val Acc: 0.3471 | Val F1: 0.1718
Epoch [003/300] | Duration: 13.00s | Train Loss: 1.0948 | Train Acc: 0.3802 | Val Loss: 1.1114 | Val Acc: 0.3471 | Val F1: 0.1718
Epoch [004/300] | Duration: 13.30s | Train Loss: 1.0834 | Train Acc: 0.4463 | Val Loss: 1.1096 | Val Acc: 0.3471 | Val F1: 0.1718
Epoch [005/300] | Duration: 12.11s | Train Loss: 1.0766 | Train Acc: 0.4814 | Val Loss: 1.1021 | Val Acc: 0.3471 | Val F1: 0.1718
Epoch [006/300] | Duration: 11.30s | Train Loss: 1.0653 | Train Acc: 0.5145 | Val Loss: 1.0896 | Val Acc: 0.3471 | Val F1: 0.1864
🎉 New best model found! F1-Score: 0.1864. Saved to training_outputs/20250702-225045/best_model.pth
Epoch [007/300] | Duration: 11.67s | Train Loss: 1.0624 | Train Acc: 0.5083 | Val Loss: 1.0758 | Val Acc: 0.3554 | Val F1: 0.2034
🎉 New best model found! F1-Score: 0.2034. Saved to training_outputs/20250702-225045/best_model.pth
Epoch [008/300] | Duration: 12.02s | Train Loss: 1.0568 | Train Acc: 0.5103 | Val Loss: 1.0633 | Val Acc: 0.4380 | Val F1: 0.3638
🎉 New best model found! F1-Score: 0.3638. Saved to training_outputs/20250702-225045/best_model.pth
Epoch [009/300] | Duration: 12.00s | Train Loss: 1.0498 | Train Acc: 0.5372 | Val Loss: 1.0518 | Val Acc: 0.5289 | Val F1: 0.4712
🎉 New best model found! F1-Score: 0.4712. Saved to training_outputs/20250702-225045/best_model.pth
Epoch [010/300] | Duration: 19.36s | Train Loss: 1.0393 | Train Acc: 0.5331 | Val Loss: 1.0423 | Val Acc: 0.5950 | Val F1: 0.5659
🎉 New best model found! F1-Score: 0.5659. Saved to training_outputs/20250702-225045/best_model.pth
Epoch [011/300] | Duration: 10.78s | Train Loss: 1.0328 | Train Acc: 0.5372 | Val Loss: 1.0344 | Val Acc: 0.5868 | Val F1: 0.5670
🎉 New best model found! F1-Score: 0.5670. Saved to training_outputs/20250702-225045/best_model.pth
Epoch [012/300] | Duration: 11.26s | Train Loss: 1.0308 | Train Acc: 0.5455 | Val Loss: 1.0278 | Val Acc: 0.5702 | Val F1: 0.5530
Epoch [013/300] | Duration: 11.83s | Train Loss: 1.0214 | Train Acc: 0.5599 | Val Loss: 1.0231 | Val Acc: 0.5785 | Val F1: 0.5653
Epoch [014/300] | Duration: 12.23s | Train Loss: 1.0140 | Train Acc: 0.5661 | Val Loss: 1.0178 | Val Acc: 0.5702 | Val F1: 0.5565
Epoch [015/300] | Duration: 12.37s | Train Loss: 1.0121 | Train Acc: 0.5764 | Val Loss: 1.0113 | Val Acc: 0.5868 | Val F1: 0.5755
🎉 New best model found! F1-Score: 0.5755. Saved to training_outputs/20250702-225045/best_model.pth
Epoch [016/300] | Duration: 11.26s | Train Loss: 1.0032 | Train Acc: 0.5764 | Val Loss: 1.0054 | Val Acc: 0.5785 | Val F1: 0.5640
Epoch [017/300] | Duration: 11.30s | Train Loss: 0.9913 | Train Acc: 0.5888 | Val Loss: 1.0001 | Val Acc: 0.5702 | Val F1: 0.5571
Epoch [018/300] | Duration: 12.53s | Train Loss: 0.9901 | Train Acc: 0.6054 | Val Loss: 0.9949 | Val Acc: 0.5702 | Val F1: 0.5573
Epoch [019/300] | Duration: 13.17s | Train Loss: 0.9877 | Train Acc: 0.5909 | Val Loss: 0.9911 | Val Acc: 0.5702 | Val F1: 0.5580
Epoch [020/300] | Duration: 12.30s | Train Loss: 0.9763 | Train Acc: 0.6074 | Val Loss: 0.9855 | Val Acc: 0.5702 | Val F1: 0.5581
Epoch [021/300] | Duration: 11.23s | Train Loss: 0.9746 | Train Acc: 0.6054 | Val Loss: 0.9810 | Val Acc: 0.5868 | Val F1: 0.5764
🎉 New best model found! F1-Score: 0.5764. Saved to training_outputs/20250702-225045/best_model.pth
Epoch [022/300] | Duration: 12.09s | Train Loss: 0.9614 | Train Acc: 0.6054 | Val Loss: 0.9751 | Val Acc: 0.5868 | Val F1: 0.5764
Epoch [023/300] | Duration: 12.22s | Train Loss: 0.9531 | Train Acc: 0.6136 | Val Loss: 0.9687 | Val Acc: 0.5950 | Val F1: 0.5880
🎉 New best model found! F1-Score: 0.5880. Saved to training_outputs/20250702-225045/best_model.pth
Epoch [024/300] | Duration: 11.09s | Train Loss: 0.9483 | Train Acc: 0.6074 | Val Loss: 0.9632 | Val Acc: 0.5950 | Val F1: 0.5853
Epoch [025/300] | Duration: 11.95s | Train Loss: 0.9369 | Train Acc: 0.6302 | Val Loss: 0.9569 | Val Acc: 0.6033 | Val F1: 0.5974
🎉 New best model found! F1-Score: 0.5974. Saved to training_outputs/20250702-225045/best_model.pth
Epoch [026/300] | Duration: 11.97s | Train Loss: 0.9346 | Train Acc: 0.6178 | Val Loss: 0.9532 | Val Acc: 0.6116 | Val F1: 0.6066
🎉 New best model found! F1-Score: 0.6066. Saved to training_outputs/20250702-225045/best_model.pth
Epoch [027/300] | Duration: 12.12s | Train Loss: 0.9341 | Train Acc: 0.6198 | Val Loss: 0.9486 | Val Acc: 0.6116 | Val F1: 0.6066
Epoch [028/300] | Duration: 11.84s | Train Loss: 0.9322 | Train Acc: 0.6054 | Val Loss: 0.9437 | Val Acc: 0.6281 | Val F1: 0.6223
🎉 New best model found! F1-Score: 0.6223. Saved to training_outputs/20250702-225045/best_model.pth
Epoch [029/300] | Duration: 12.05s | Train Loss: 0.9156 | Train Acc: 0.6343 | Val Loss: 0.9413 | Val Acc: 0.6116 | Val F1: 0.6058
Epoch [030/300] | Duration: 11.97s | Train Loss: 0.9074 | Train Acc: 0.6281 | Val Loss: 0.9357 | Val Acc: 0.6198 | Val F1: 0.6143
Epoch [031/300] | Duration: 11.43s | Train Loss: 0.9072 | Train Acc: 0.6240 | Val Loss: 0.9297 | Val Acc: 0.6364 | Val F1: 0.6320
🎉 New best model found! F1-Score: 0.6320. Saved to training_outputs/20250702-225045/best_model.pth
Epoch [032/300] | Duration: 11.98s | Train Loss: 0.9022 | Train Acc: 0.6488 | Val Loss: 0.9258 | Val Acc: 0.6446 | Val F1: 0.6386
🎉 New best model found! F1-Score: 0.6386. Saved to training_outputs/20250702-225045/best_model.pth
Epoch [033/300] | Duration: 11.77s | Train Loss: 0.9055 | Train Acc: 0.6302 | Val Loss: 0.9213 | Val Acc: 0.6446 | Val F1: 0.6401
🎉 New best model found! F1-Score: 0.6401. Saved to training_outputs/20250702-225045/best_model.pth
Epoch [034/300] | Duration: 12.27s | Train Loss: 0.8993 | Train Acc: 0.6364 | Val Loss: 0.9184 | Val Acc: 0.6446 | Val F1: 0.6386
Epoch [035/300] | Duration: 12.23s | Train Loss: 0.8917 | Train Acc: 0.6384 | Val Loss: 0.9163 | Val Acc: 0.6529 | Val F1: 0.6464
🎉 New best model found! F1-Score: 0.6464. Saved to training_outputs/20250702-225045/best_model.pth
Epoch [036/300] | Duration: 13.22s | Train Loss: 0.8873 | Train Acc: 0.6488 | Val Loss: 0.9115 | Val Acc: 0.6694 | Val F1: 0.6670
🎉 New best model found! F1-Score: 0.6670. Saved to training_outputs/20250702-225045/best_model.pth
Epoch [037/300] | Duration: 12.18s | Train Loss: 0.8865 | Train Acc: 0.6467 | Val Loss: 0.9063 | Val Acc: 0.6612 | Val F1: 0.6567
Epoch [038/300] | Duration: 13.06s | Train Loss: 0.8661 | Train Acc: 0.6632 | Val Loss: 0.9019 | Val Acc: 0.6694 | Val F1: 0.6656
Epoch [039/300] | Duration: 11.87s | Train Loss: 0.8763 | Train Acc: 0.6364 | Val Loss: 0.8984 | Val Acc: 0.6694 | Val F1: 0.6640
Epoch [040/300] | Duration: 12.07s | Train Loss: 0.8624 | Train Acc: 0.6508 | Val Loss: 0.8940 | Val Acc: 0.6694 | Val F1: 0.6640
Epoch [041/300] | Duration: 11.50s | Train Loss: 0.8607 | Train Acc: 0.6550 | Val Loss: 0.8900 | Val Acc: 0.6694 | Val F1: 0.6660
Epoch [042/300] | Duration: 10.98s | Train Loss: 0.8730 | Train Acc: 0.6694 | Val Loss: 0.8865 | Val Acc: 0.6777 | Val F1: 0.6744
🎉 New best model found! F1-Score: 0.6744. Saved to training_outputs/20250702-225045/best_model.pth
Epoch [043/300] | Duration: 11.45s | Train Loss: 0.8557 | Train Acc: 0.6653 | Val Loss: 0.8833 | Val Acc: 0.6777 | Val F1: 0.6744
Epoch [044/300] | Duration: 11.88s | Train Loss: 0.8575 | Train Acc: 0.6529 | Val Loss: 0.8808 | Val Acc: 0.6777 | Val F1: 0.6744
Epoch [045/300] | Duration: 11.33s | Train Loss: 0.8469 | Train Acc: 0.6756 | Val Loss: 0.8799 | Val Acc: 0.6694 | Val F1: 0.6652
Epoch [046/300] | Duration: 12.13s | Train Loss: 0.8565 | Train Acc: 0.6694 | Val Loss: 0.8771 | Val Acc: 0.6529 | Val F1: 0.6464
Epoch [047/300] | Duration: 12.06s | Train Loss: 0.8523 | Train Acc: 0.6653 | Val Loss: 0.8726 | Val Acc: 0.6777 | Val F1: 0.6744
Epoch [048/300] | Duration: 11.11s | Train Loss: 0.8367 | Train Acc: 0.6777 | Val Loss: 0.8691 | Val Acc: 0.6777 | Val F1: 0.6744
Epoch [049/300] | Duration: 11.44s | Train Loss: 0.8389 | Train Acc: 0.6529 | Val Loss: 0.8673 | Val Acc: 0.6694 | Val F1: 0.6652
Epoch [050/300] | Duration: 12.22s | Train Loss: 0.8376 | Train Acc: 0.6921 | Val Loss: 0.8646 | Val Acc: 0.6694 | Val F1: 0.6652
Epoch [051/300] | Duration: 12.63s | Train Loss: 0.8282 | Train Acc: 0.6756 | Val Loss: 0.8598 | Val Acc: 0.6860 | Val F1: 0.6827
🎉 New best model found! F1-Score: 0.6827. Saved to training_outputs/20250702-225045/best_model.pth
Epoch [052/300] | Duration: 20.30s | Train Loss: 0.8355 | Train Acc: 0.6818 | Val Loss: 0.8602 | Val Acc: 0.6777 | Val F1: 0.6734
Epoch [053/300] | Duration: 12.64s | Train Loss: 0.8357 | Train Acc: 0.6736 | Val Loss: 0.8562 | Val Acc: 0.6860 | Val F1: 0.6811
Epoch [054/300] | Duration: 14.74s | Train Loss: 0.8335 | Train Acc: 0.7004 | Val Loss: 0.8527 | Val Acc: 0.6942 | Val F1: 0.6905
🎉 New best model found! F1-Score: 0.6905. Saved to training_outputs/20250702-225045/best_model.pth
Epoch [055/300] | Duration: 17.95s | Train Loss: 0.8365 | Train Acc: 0.6880 | Val Loss: 0.8498 | Val Acc: 0.6942 | Val F1: 0.6905
Epoch [056/300] | Duration: 12.15s | Train Loss: 0.8322 | Train Acc: 0.6798 | Val Loss: 0.8502 | Val Acc: 0.6860 | Val F1: 0.6813
Epoch [057/300] | Duration: 11.19s | Train Loss: 0.8224 | Train Acc: 0.6777 | Val Loss: 0.8467 | Val Acc: 0.6860 | Val F1: 0.6811
Epoch [058/300] | Duration: 12.61s | Train Loss: 0.8273 | Train Acc: 0.6860 | Val Loss: 0.8414 | Val Acc: 0.6942 | Val F1: 0.6907
🎉 New best model found! F1-Score: 0.6907. Saved to training_outputs/20250702-225045/best_model.pth
Epoch [059/300] | Duration: 12.14s | Train Loss: 0.8180 | Train Acc: 0.6921 | Val Loss: 0.8400 | Val Acc: 0.6942 | Val F1: 0.6892
Epoch [060/300] | Duration: 11.79s | Train Loss: 0.7986 | Train Acc: 0.7004 | Val Loss: 0.8391 | Val Acc: 0.6942 | Val F1: 0.6892
Epoch [061/300] | Duration: 12.14s | Train Loss: 0.8106 | Train Acc: 0.6983 | Val Loss: 0.8378 | Val Acc: 0.6942 | Val F1: 0.6892
Epoch [062/300] | Duration: 12.30s | Train Loss: 0.7977 | Train Acc: 0.7149 | Val Loss: 0.8354 | Val Acc: 0.6942 | Val F1: 0.6892
Epoch [063/300] | Duration: 11.72s | Train Loss: 0.7974 | Train Acc: 0.6880 | Val Loss: 0.8314 | Val Acc: 0.7025 | Val F1: 0.6986
🎉 New best model found! F1-Score: 0.6986. Saved to training_outputs/20250702-225045/best_model.pth
Epoch [064/300] | Duration: 12.06s | Train Loss: 0.8017 | Train Acc: 0.6901 | Val Loss: 0.8292 | Val Acc: 0.7025 | Val F1: 0.6986
Epoch [065/300] | Duration: 11.48s | Train Loss: 0.8027 | Train Acc: 0.6963 | Val Loss: 0.8245 | Val Acc: 0.6942 | Val F1: 0.6907
Epoch [066/300] | Duration: 11.22s | Train Loss: 0.7954 | Train Acc: 0.6921 | Val Loss: 0.8215 | Val Acc: 0.6942 | Val F1: 0.6907
Epoch [067/300] | Duration: 13.78s | Train Loss: 0.7842 | Train Acc: 0.7087 | Val Loss: 0.8197 | Val Acc: 0.6942 | Val F1: 0.6907
Epoch [068/300] | Duration: 18.18s | Train Loss: 0.7989 | Train Acc: 0.6942 | Val Loss: 0.8197 | Val Acc: 0.7025 | Val F1: 0.6986
Epoch [069/300] | Duration: 11.64s | Train Loss: 0.8045 | Train Acc: 0.6983 | Val Loss: 0.8166 | Val Acc: 0.7025 | Val F1: 0.6986
Epoch [070/300] | Duration: 11.46s | Train Loss: 0.7871 | Train Acc: 0.7169 | Val Loss: 0.8157 | Val Acc: 0.7025 | Val F1: 0.6986
Epoch [071/300] | Duration: 11.46s | Train Loss: 0.7960 | Train Acc: 0.7004 | Val Loss: 0.8136 | Val Acc: 0.7025 | Val F1: 0.6986
Epoch [072/300] | Duration: 13.80s | Train Loss: 0.7860 | Train Acc: 0.7211 | Val Loss: 0.8127 | Val Acc: 0.7025 | Val F1: 0.6986
Epoch [073/300] | Duration: 15.40s | Train Loss: 0.7915 | Train Acc: 0.6942 | Val Loss: 0.8097 | Val Acc: 0.7025 | Val F1: 0.6986
Epoch [074/300] | Duration: 11.93s | Train Loss: 0.7889 | Train Acc: 0.7107 | Val Loss: 0.8079 | Val Acc: 0.6942 | Val F1: 0.6907
Epoch [075/300] | Duration: 11.82s | Train Loss: 0.7890 | Train Acc: 0.7004 | Val Loss: 0.8065 | Val Acc: 0.7025 | Val F1: 0.6986
Epoch [076/300] | Duration: 11.98s | Train Loss: 0.7828 | Train Acc: 0.6901 | Val Loss: 0.8077 | Val Acc: 0.6942 | Val F1: 0.6907
Epoch [077/300] | Duration: 11.81s | Train Loss: 0.7785 | Train Acc: 0.7004 | Val Loss: 0.8042 | Val Acc: 0.7025 | Val F1: 0.6986
Epoch [078/300] | Duration: 11.48s | Train Loss: 0.7904 | Train Acc: 0.6983 | Val Loss: 0.8042 | Val Acc: 0.6942 | Val F1: 0.6907
Epoch [079/300] | Duration: 14.01s | Train Loss: 0.7739 | Train Acc: 0.7087 | Val Loss: 0.8039 | Val Acc: 0.7025 | Val F1: 0.6986
Epoch [080/300] | Duration: 15.50s | Train Loss: 0.7832 | Train Acc: 0.7025 | Val Loss: 0.8029 | Val Acc: 0.6942 | Val F1: 0.6907
Epoch [081/300] | Duration: 12.29s | Train Loss: 0.7769 | Train Acc: 0.7190 | Val Loss: 0.8017 | Val Acc: 0.7025 | Val F1: 0.6986
Epoch [082/300] | Duration: 11.92s | Train Loss: 0.7648 | Train Acc: 0.7273 | Val Loss: 0.7991 | Val Acc: 0.6942 | Val F1: 0.6907
Epoch [083/300] | Duration: 11.78s | Train Loss: 0.7824 | Train Acc: 0.7045 | Val Loss: 0.7967 | Val Acc: 0.7025 | Val F1: 0.6986
Epoch [084/300] | Duration: 12.02s | Train Loss: 0.7585 | Train Acc: 0.7190 | Val Loss: 0.7967 | Val Acc: 0.7025 | Val F1: 0.6986
Epoch [085/300] | Duration: 12.64s | Train Loss: 0.7702 | Train Acc: 0.7211 | Val Loss: 0.7946 | Val Acc: 0.7107 | Val F1: 0.7079
🎉 New best model found! F1-Score: 0.7079. Saved to training_outputs/20250702-225045/best_model.pth
Epoch [086/300] | Duration: 12.38s | Train Loss: 0.7772 | Train Acc: 0.7025 | Val Loss: 0.7946 | Val Acc: 0.7025 | Val F1: 0.7000
Epoch [087/300] | Duration: 11.52s | Train Loss: 0.7506 | Train Acc: 0.7273 | Val Loss: 0.7943 | Val Acc: 0.7025 | Val F1: 0.6986
Epoch [088/300] | Duration: 11.54s | Train Loss: 0.7556 | Train Acc: 0.7107 | Val Loss: 0.7924 | Val Acc: 0.7107 | Val F1: 0.7079
Epoch [089/300] | Duration: 11.68s | Train Loss: 0.7556 | Train Acc: 0.7149 | Val Loss: 0.7905 | Val Acc: 0.7107 | Val F1: 0.7079
Epoch [090/300] | Duration: 12.83s | Train Loss: 0.7625 | Train Acc: 0.7252 | Val Loss: 0.7887 | Val Acc: 0.7107 | Val F1: 0.7079
Epoch [091/300] | Duration: 11.78s | Train Loss: 0.7603 | Train Acc: 0.7169 | Val Loss: 0.7849 | Val Acc: 0.7107 | Val F1: 0.7079
Epoch [092/300] | Duration: 11.75s | Train Loss: 0.7587 | Train Acc: 0.7149 | Val Loss: 0.7843 | Val Acc: 0.7107 | Val F1: 0.7079
Epoch [093/300] | Duration: 14.51s | Train Loss: 0.7545 | Train Acc: 0.7211 | Val Loss: 0.7811 | Val Acc: 0.7107 | Val F1: 0.7093
🎉 New best model found! F1-Score: 0.7093. Saved to training_outputs/20250702-225045/best_model.pth
Epoch [094/300] | Duration: 11.75s | Train Loss: 0.7578 | Train Acc: 0.7087 | Val Loss: 0.7829 | Val Acc: 0.7025 | Val F1: 0.7000
Epoch [095/300] | Duration: 12.32s | Train Loss: 0.7543 | Train Acc: 0.7211 | Val Loss: 0.7818 | Val Acc: 0.7025 | Val F1: 0.6989
Epoch [096/300] | Duration: 12.29s | Train Loss: 0.7442 | Train Acc: 0.7397 | Val Loss: 0.7801 | Val Acc: 0.6942 | Val F1: 0.6913
Epoch [097/300] | Duration: 12.20s | Train Loss: 0.7418 | Train Acc: 0.7231 | Val Loss: 0.7789 | Val Acc: 0.7190 | Val F1: 0.7183
🎉 New best model found! F1-Score: 0.7183. Saved to training_outputs/20250702-225045/best_model.pth
Epoch [098/300] | Duration: 12.67s | Train Loss: 0.7459 | Train Acc: 0.7252 | Val Loss: 0.7777 | Val Acc: 0.7190 | Val F1: 0.7183
Epoch [099/300] | Duration: 13.01s | Train Loss: 0.7463 | Train Acc: 0.7128 | Val Loss: 0.7759 | Val Acc: 0.7107 | Val F1: 0.7102
Epoch [100/300] | Duration: 13.11s | Train Loss: 0.7326 | Train Acc: 0.7376 | Val Loss: 0.7759 | Val Acc: 0.7107 | Val F1: 0.7093
Epoch [101/300] | Duration: 12.64s | Train Loss: 0.7531 | Train Acc: 0.7066 | Val Loss: 0.7743 | Val Acc: 0.6942 | Val F1: 0.6926
Epoch [102/300] | Duration: 14.01s | Train Loss: 0.7429 | Train Acc: 0.7314 | Val Loss: 0.7721 | Val Acc: 0.7107 | Val F1: 0.7102
Epoch [103/300] | Duration: 13.57s | Train Loss: 0.7546 | Train Acc: 0.7273 | Val Loss: 0.7688 | Val Acc: 0.7190 | Val F1: 0.7181
Epoch [104/300] | Duration: 12.21s | Train Loss: 0.7411 | Train Acc: 0.7376 | Val Loss: 0.7692 | Val Acc: 0.7190 | Val F1: 0.7181
Epoch [105/300] | Duration: 11.23s | Train Loss: 0.7334 | Train Acc: 0.7355 | Val Loss: 0.7698 | Val Acc: 0.7190 | Val F1: 0.7183
Epoch [106/300] | Duration: 10.71s | Train Loss: 0.7402 | Train Acc: 0.7314 | Val Loss: 0.7689 | Val Acc: 0.7107 | Val F1: 0.7102
Epoch [107/300] | Duration: 11.38s | Train Loss: 0.7278 | Train Acc: 0.7190 | Val Loss: 0.7699 | Val Acc: 0.7025 | Val F1: 0.7014
Epoch [108/300] | Duration: 15.44s | Train Loss: 0.7375 | Train Acc: 0.7231 | Val Loss: 0.7703 | Val Acc: 0.6942 | Val F1: 0.6931
Epoch [109/300] | Duration: 12.16s | Train Loss: 0.7293 | Train Acc: 0.7376 | Val Loss: 0.7709 | Val Acc: 0.7025 | Val F1: 0.7010
Epoch [110/300] | Duration: 12.39s | Train Loss: 0.7174 | Train Acc: 0.7459 | Val Loss: 0.7695 | Val Acc: 0.6942 | Val F1: 0.6921
Epoch [111/300] | Duration: 12.91s | Train Loss: 0.7198 | Train Acc: 0.7252 | Val Loss: 0.7680 | Val Acc: 0.7025 | Val F1: 0.7000
Epoch [112/300] | Duration: 13.04s | Train Loss: 0.7277 | Train Acc: 0.7459 | Val Loss: 0.7649 | Val Acc: 0.6942 | Val F1: 0.6921
Epoch [113/300] | Duration: 12.08s | Train Loss: 0.7250 | Train Acc: 0.7231 | Val Loss: 0.7642 | Val Acc: 0.6942 | Val F1: 0.6925
Epoch [114/300] | Duration: 11.51s | Train Loss: 0.7213 | Train Acc: 0.7376 | Val Loss: 0.7646 | Val Acc: 0.7025 | Val F1: 0.7000
Epoch [115/300] | Duration: 12.22s | Train Loss: 0.7228 | Train Acc: 0.7355 | Val Loss: 0.7635 | Val Acc: 0.7025 | Val F1: 0.7010
Epoch [116/300] | Duration: 11.65s | Train Loss: 0.7110 | Train Acc: 0.7459 | Val Loss: 0.7610 | Val Acc: 0.7107 | Val F1: 0.7093
Epoch [117/300] | Duration: 11.03s | Train Loss: 0.7241 | Train Acc: 0.7438 | Val Loss: 0.7600 | Val Acc: 0.7107 | Val F1: 0.7088
Epoch [118/300] | Duration: 14.22s | Train Loss: 0.7375 | Train Acc: 0.7335 | Val Loss: 0.7614 | Val Acc: 0.7025 | Val F1: 0.6998
Epoch [119/300] | Duration: 12.29s | Train Loss: 0.7149 | Train Acc: 0.7376 | Val Loss: 0.7618 | Val Acc: 0.7107 | Val F1: 0.7075
Epoch [120/300] | Duration: 11.32s | Train Loss: 0.7349 | Train Acc: 0.7190 | Val Loss: 0.7597 | Val Acc: 0.7107 | Val F1: 0.7075
Epoch [121/300] | Duration: 12.28s | Train Loss: 0.7210 | Train Acc: 0.7252 | Val Loss: 0.7602 | Val Acc: 0.7107 | Val F1: 0.7077
Epoch [122/300] | Duration: 12.03s | Train Loss: 0.7129 | Train Acc: 0.7355 | Val Loss: 0.7601 | Val Acc: 0.7107 | Val F1: 0.7077
Epoch [123/300] | Duration: 11.73s | Train Loss: 0.7136 | Train Acc: 0.7314 | Val Loss: 0.7566 | Val Acc: 0.7107 | Val F1: 0.7077
Epoch [124/300] | Duration: 10.67s | Train Loss: 0.7271 | Train Acc: 0.7252 | Val Loss: 0.7594 | Val Acc: 0.7025 | Val F1: 0.6987
Epoch [125/300] | Duration: 11.72s | Train Loss: 0.7044 | Train Acc: 0.7211 | Val Loss: 0.7582 | Val Acc: 0.6942 | Val F1: 0.6914
Epoch [126/300] | Duration: 11.94s | Train Loss: 0.7220 | Train Acc: 0.7376 | Val Loss: 0.7575 | Val Acc: 0.7025 | Val F1: 0.6987
Epoch [127/300] | Duration: 11.84s | Train Loss: 0.7046 | Train Acc: 0.7273 | Val Loss: 0.7533 | Val Acc: 0.7025 | Val F1: 0.7003
Epoch [128/300] | Duration: 11.97s | Train Loss: 0.7060 | Train Acc: 0.7417 | Val Loss: 0.7531 | Val Acc: 0.7107 | Val F1: 0.7077
Epoch [129/300] | Duration: 11.45s | Train Loss: 0.7139 | Train Acc: 0.7376 | Val Loss: 0.7518 | Val Acc: 0.7107 | Val F1: 0.7077
Epoch [130/300] | Duration: 13.77s | Train Loss: 0.7067 | Train Acc: 0.7355 | Val Loss: 0.7496 | Val Acc: 0.7273 | Val F1: 0.7259
🎉 New best model found! F1-Score: 0.7259. Saved to training_outputs/20250702-225045/best_model.pth
Epoch [131/300] | Duration: 13.73s | Train Loss: 0.7166 | Train Acc: 0.7500 | Val Loss: 0.7515 | Val Acc: 0.7107 | Val F1: 0.7092
Epoch [132/300] | Duration: 12.00s | Train Loss: 0.6998 | Train Acc: 0.7314 | Val Loss: 0.7510 | Val Acc: 0.7190 | Val F1: 0.7170
Epoch [133/300] | Duration: 11.39s | Train Loss: 0.7032 | Train Acc: 0.7376 | Val Loss: 0.7488 | Val Acc: 0.7190 | Val F1: 0.7170
Epoch [134/300] | Duration: 11.18s | Train Loss: 0.6976 | Train Acc: 0.7252 | Val Loss: 0.7484 | Val Acc: 0.7107 | Val F1: 0.7092
Epoch [135/300] | Duration: 10.86s | Train Loss: 0.7092 | Train Acc: 0.7438 | Val Loss: 0.7473 | Val Acc: 0.7190 | Val F1: 0.7170
Epoch [136/300] | Duration: 12.89s | Train Loss: 0.7166 | Train Acc: 0.7355 | Val Loss: 0.7460 | Val Acc: 0.7190 | Val F1: 0.7184
Epoch [137/300] | Duration: 15.20s | Train Loss: 0.7062 | Train Acc: 0.7541 | Val Loss: 0.7443 | Val Acc: 0.7190 | Val F1: 0.7170
Epoch [138/300] | Duration: 12.41s | Train Loss: 0.7098 | Train Acc: 0.7438 | Val Loss: 0.7426 | Val Acc: 0.7190 | Val F1: 0.7170
Epoch [139/300] | Duration: 12.08s | Train Loss: 0.6903 | Train Acc: 0.7355 | Val Loss: 0.7442 | Val Acc: 0.7190 | Val F1: 0.7170
Epoch [140/300] | Duration: 12.07s | Train Loss: 0.6910 | Train Acc: 0.7397 | Val Loss: 0.7420 | Val Acc: 0.7273 | Val F1: 0.7263
🎉 New best model found! F1-Score: 0.7263. Saved to training_outputs/20250702-225045/best_model.pth
Epoch [141/300] | Duration: 12.32s | Train Loss: 0.7014 | Train Acc: 0.7438 | Val Loss: 0.7433 | Val Acc: 0.7273 | Val F1: 0.7263
Epoch [142/300] | Duration: 11.82s | Train Loss: 0.6975 | Train Acc: 0.7397 | Val Loss: 0.7429 | Val Acc: 0.7190 | Val F1: 0.7184
Epoch [143/300] | Duration: 15.82s | Train Loss: 0.7062 | Train Acc: 0.7459 | Val Loss: 0.7443 | Val Acc: 0.7273 | Val F1: 0.7263
Epoch [144/300] | Duration: 12.85s | Train Loss: 0.6928 | Train Acc: 0.7335 | Val Loss: 0.7411 | Val Acc: 0.7273 | Val F1: 0.7263
Epoch [145/300] | Duration: 11.62s | Train Loss: 0.6843 | Train Acc: 0.7293 | Val Loss: 0.7391 | Val Acc: 0.7273 | Val F1: 0.7263
Epoch [146/300] | Duration: 12.21s | Train Loss: 0.6993 | Train Acc: 0.7397 | Val Loss: 0.7379 | Val Acc: 0.7273 | Val F1: 0.7263
Epoch [147/300] | Duration: 12.47s | Train Loss: 0.6886 | Train Acc: 0.7335 | Val Loss: 0.7390 | Val Acc: 0.7273 | Val F1: 0.7263
Epoch [148/300] | Duration: 11.39s | Train Loss: 0.6909 | Train Acc: 0.7438 | Val Loss: 0.7398 | Val Acc: 0.7273 | Val F1: 0.7263
Epoch [149/300] | Duration: 11.43s | Train Loss: 0.7084 | Train Acc: 0.7376 | Val Loss: 0.7381 | Val Acc: 0.7190 | Val F1: 0.7170
Epoch [150/300] | Duration: 11.49s | Train Loss: 0.6928 | Train Acc: 0.7376 | Val Loss: 0.7367 | Val Acc: 0.7273 | Val F1: 0.7263
Epoch [151/300] | Duration: 13.01s | Train Loss: 0.6892 | Train Acc: 0.7397 | Val Loss: 0.7381 | Val Acc: 0.7273 | Val F1: 0.7263
Epoch [152/300] | Duration: 11.58s | Train Loss: 0.6872 | Train Acc: 0.7459 | Val Loss: 0.7374 | Val Acc: 0.7273 | Val F1: 0.7263
Epoch [153/300] | Duration: 15.13s | Train Loss: 0.6889 | Train Acc: 0.7459 | Val Loss: 0.7349 | Val Acc: 0.7273 | Val F1: 0.7263
Epoch [154/300] | Duration: 14.98s | Train Loss: 0.6916 | Train Acc: 0.7583 | Val Loss: 0.7309 | Val Acc: 0.7438 | Val F1: 0.7435
🎉 New best model found! F1-Score: 0.7435. Saved to training_outputs/20250702-225045/best_model.pth
Epoch [155/300] | Duration: 11.74s | Train Loss: 0.6832 | Train Acc: 0.7500 | Val Loss: 0.7315 | Val Acc: 0.7273 | Val F1: 0.7281
Epoch [156/300] | Duration: 12.28s | Train Loss: 0.6757 | Train Acc: 0.7603 | Val Loss: 0.7290 | Val Acc: 0.7438 | Val F1: 0.7445
🎉 New best model found! F1-Score: 0.7445. Saved to training_outputs/20250702-225045/best_model.pth
Epoch [157/300] | Duration: 12.58s | Train Loss: 0.7123 | Train Acc: 0.7355 | Val Loss: 0.7322 | Val Acc: 0.7273 | Val F1: 0.7263
Epoch [158/300] | Duration: 12.25s | Train Loss: 0.6914 | Train Acc: 0.7438 | Val Loss: 0.7329 | Val Acc: 0.7355 | Val F1: 0.7354
Epoch [159/300] | Duration: 11.25s | Train Loss: 0.6794 | Train Acc: 0.7500 | Val Loss: 0.7311 | Val Acc: 0.7273 | Val F1: 0.7275
Epoch [160/300] | Duration: 10.88s | Train Loss: 0.6785 | Train Acc: 0.7355 | Val Loss: 0.7330 | Val Acc: 0.7273 | Val F1: 0.7275
Epoch [161/300] | Duration: 12.16s | Train Loss: 0.6765 | Train Acc: 0.7500 | Val Loss: 0.7280 | Val Acc: 0.7273 | Val F1: 0.7275
Epoch [162/300] | Duration: 12.57s | Train Loss: 0.6767 | Train Acc: 0.7479 | Val Loss: 0.7248 | Val Acc: 0.7521 | Val F1: 0.7525
🎉 New best model found! F1-Score: 0.7525. Saved to training_outputs/20250702-225045/best_model.pth
Epoch [163/300] | Duration: 11.54s | Train Loss: 0.6844 | Train Acc: 0.7521 | Val Loss: 0.7240 | Val Acc: 0.7521 | Val F1: 0.7525
Epoch [164/300] | Duration: 15.38s | Train Loss: 0.6900 | Train Acc: 0.7355 | Val Loss: 0.7278 | Val Acc: 0.7190 | Val F1: 0.7189
Epoch [165/300] | Duration: 13.25s | Train Loss: 0.6805 | Train Acc: 0.7541 | Val Loss: 0.7260 | Val Acc: 0.7190 | Val F1: 0.7184
Epoch [166/300] | Duration: 12.16s | Train Loss: 0.6590 | Train Acc: 0.7500 | Val Loss: 0.7254 | Val Acc: 0.7190 | Val F1: 0.7184
Epoch [167/300] | Duration: 12.35s | Train Loss: 0.6674 | Train Acc: 0.7665 | Val Loss: 0.7235 | Val Acc: 0.7273 | Val F1: 0.7275
Epoch [168/300] | Duration: 11.18s | Train Loss: 0.6743 | Train Acc: 0.7603 | Val Loss: 0.7207 | Val Acc: 0.7438 | Val F1: 0.7435
Epoch [169/300] | Duration: 11.77s | Train Loss: 0.6792 | Train Acc: 0.7541 | Val Loss: 0.7202 | Val Acc: 0.7521 | Val F1: 0.7525
Epoch [170/300] | Duration: 11.56s | Train Loss: 0.6767 | Train Acc: 0.7438 | Val Loss: 0.7197 | Val Acc: 0.7438 | Val F1: 0.7444
Epoch [171/300] | Duration: 11.92s | Train Loss: 0.6810 | Train Acc: 0.7541 | Val Loss: 0.7186 | Val Acc: 0.7521 | Val F1: 0.7525
Epoch [172/300] | Duration: 11.91s | Train Loss: 0.6744 | Train Acc: 0.7438 | Val Loss: 0.7163 | Val Acc: 0.7521 | Val F1: 0.7525
Epoch [173/300] | Duration: 14.92s | Train Loss: 0.6790 | Train Acc: 0.7438 | Val Loss: 0.7147 | Val Acc: 0.7686 | Val F1: 0.7693
🎉 New best model found! F1-Score: 0.7693. Saved to training_outputs/20250702-225045/best_model.pth
Epoch [174/300] | Duration: 12.78s | Train Loss: 0.6705 | Train Acc: 0.7459 | Val Loss: 0.7188 | Val Acc: 0.7190 | Val F1: 0.7184
Epoch [175/300] | Duration: 12.20s | Train Loss: 0.6567 | Train Acc: 0.7624 | Val Loss: 0.7175 | Val Acc: 0.7438 | Val F1: 0.7443
Epoch [176/300] | Duration: 12.02s | Train Loss: 0.6767 | Train Acc: 0.7417 | Val Loss: 0.7191 | Val Acc: 0.7273 | Val F1: 0.7263
Epoch [177/300] | Duration: 12.63s | Train Loss: 0.6667 | Train Acc: 0.7603 | Val Loss: 0.7175 | Val Acc: 0.7355 | Val F1: 0.7355
Epoch [178/300] | Duration: 11.74s | Train Loss: 0.6771 | Train Acc: 0.7438 | Val Loss: 0.7137 | Val Acc: 0.7521 | Val F1: 0.7525
Epoch [179/300] | Duration: 12.49s | Train Loss: 0.6568 | Train Acc: 0.7748 | Val Loss: 0.7128 | Val Acc: 0.7438 | Val F1: 0.7444
Epoch [180/300] | Duration: 11.75s | Train Loss: 0.6704 | Train Acc: 0.7645 | Val Loss: 0.7170 | Val Acc: 0.7273 | Val F1: 0.7281
Epoch [181/300] | Duration: 12.76s | Train Loss: 0.6665 | Train Acc: 0.7562 | Val Loss: 0.7127 | Val Acc: 0.7521 | Val F1: 0.7534
Epoch [182/300] | Duration: 14.96s | Train Loss: 0.6564 | Train Acc: 0.7562 | Val Loss: 0.7127 | Val Acc: 0.7355 | Val F1: 0.7360
Epoch [183/300] | Duration: 15.21s | Train Loss: 0.6620 | Train Acc: 0.7500 | Val Loss: 0.7126 | Val Acc: 0.7438 | Val F1: 0.7444
Epoch [184/300] | Duration: 12.37s | Train Loss: 0.6683 | Train Acc: 0.7438 | Val Loss: 0.7117 | Val Acc: 0.7521 | Val F1: 0.7528
Epoch [185/300] | Duration: 11.61s | Train Loss: 0.6596 | Train Acc: 0.7459 | Val Loss: 0.7157 | Val Acc: 0.7438 | Val F1: 0.7439
Epoch [186/300] | Duration: 12.20s | Train Loss: 0.6625 | Train Acc: 0.7562 | Val Loss: 0.7129 | Val Acc: 0.7355 | Val F1: 0.7360
Epoch [187/300] | Duration: 12.02s | Train Loss: 0.6548 | Train Acc: 0.7562 | Val Loss: 0.7134 | Val Acc: 0.7273 | Val F1: 0.7275
Epoch [188/300] | Duration: 12.17s | Train Loss: 0.6681 | Train Acc: 0.7624 | Val Loss: 0.7035 | Val Acc: 0.7686 | Val F1: 0.7699
🎉 New best model found! F1-Score: 0.7699. Saved to training_outputs/20250702-225045/best_model.pth
Epoch [189/300] | Duration: 12.19s | Train Loss: 0.6665 | Train Acc: 0.7624 | Val Loss: 0.7029 | Val Acc: 0.7603 | Val F1: 0.7611
Epoch [190/300] | Duration: 11.88s | Train Loss: 0.6510 | Train Acc: 0.7707 | Val Loss: 0.7060 | Val Acc: 0.7603 | Val F1: 0.7611
Epoch [191/300] | Duration: 13.54s | Train Loss: 0.6597 | Train Acc: 0.7748 | Val Loss: 0.7069 | Val Acc: 0.7603 | Val F1: 0.7604
Epoch [192/300] | Duration: 15.16s | Train Loss: 0.6436 | Train Acc: 0.7707 | Val Loss: 0.7026 | Val Acc: 0.7686 | Val F1: 0.7693
Epoch [193/300] | Duration: 14.72s | Train Loss: 0.6440 | Train Acc: 0.7583 | Val Loss: 0.7019 | Val Acc: 0.7686 | Val F1: 0.7693
Epoch [194/300] | Duration: 12.40s | Train Loss: 0.6432 | Train Acc: 0.7748 | Val Loss: 0.7010 | Val Acc: 0.7603 | Val F1: 0.7611
Epoch [195/300] | Duration: 12.27s | Train Loss: 0.6444 | Train Acc: 0.7686 | Val Loss: 0.7011 | Val Acc: 0.7686 | Val F1: 0.7688
Epoch [196/300] | Duration: 12.00s | Train Loss: 0.6617 | Train Acc: 0.7686 | Val Loss: 0.7002 | Val Acc: 0.7769 | Val F1: 0.7772
🎉 New best model found! F1-Score: 0.7772. Saved to training_outputs/20250702-225045/best_model.pth
Epoch [197/300] | Duration: 12.23s | Train Loss: 0.6392 | Train Acc: 0.7541 | Val Loss: 0.7044 | Val Acc: 0.7438 | Val F1: 0.7444
Epoch [198/300] | Duration: 11.56s | Train Loss: 0.6458 | Train Acc: 0.7562 | Val Loss: 0.7022 | Val Acc: 0.7603 | Val F1: 0.7601
Epoch [199/300] | Duration: 11.05s | Train Loss: 0.6795 | Train Acc: 0.7500 | Val Loss: 0.6985 | Val Acc: 0.7686 | Val F1: 0.7693
Epoch [200/300] | Duration: 11.09s | Train Loss: 0.6561 | Train Acc: 0.7562 | Val Loss: 0.7015 | Val Acc: 0.7603 | Val F1: 0.7604
Epoch [201/300] | Duration: 13.11s | Train Loss: 0.6372 | Train Acc: 0.7789 | Val Loss: 0.7027 | Val Acc: 0.7438 | Val F1: 0.7439
Epoch [202/300] | Duration: 13.38s | Train Loss: 0.6468 | Train Acc: 0.7769 | Val Loss: 0.6976 | Val Acc: 0.7603 | Val F1: 0.7604
Epoch [203/300] | Duration: 13.60s | Train Loss: 0.6353 | Train Acc: 0.7769 | Val Loss: 0.6976 | Val Acc: 0.7521 | Val F1: 0.7528
Epoch [204/300] | Duration: 14.57s | Train Loss: 0.6373 | Train Acc: 0.7562 | Val Loss: 0.6986 | Val Acc: 0.7438 | Val F1: 0.7444
Epoch [205/300] | Duration: 14.75s | Train Loss: 0.6382 | Train Acc: 0.7851 | Val Loss: 0.6949 | Val Acc: 0.7603 | Val F1: 0.7608
Epoch [206/300] | Duration: 12.16s | Train Loss: 0.6516 | Train Acc: 0.7727 | Val Loss: 0.6898 | Val Acc: 0.7686 | Val F1: 0.7693
Epoch [207/300] | Duration: 13.14s | Train Loss: 0.6361 | Train Acc: 0.7769 | Val Loss: 0.6914 | Val Acc: 0.7686 | Val F1: 0.7693
Epoch [208/300] | Duration: 12.46s | Train Loss: 0.6369 | Train Acc: 0.7789 | Val Loss: 0.6938 | Val Acc: 0.7603 | Val F1: 0.7611
Epoch [209/300] | Duration: 12.25s | Train Loss: 0.6430 | Train Acc: 0.7686 | Val Loss: 0.6888 | Val Acc: 0.7603 | Val F1: 0.7611
Epoch [210/300] | Duration: 12.67s | Train Loss: 0.6290 | Train Acc: 0.7603 | Val Loss: 0.6898 | Val Acc: 0.7603 | Val F1: 0.7616
Epoch [211/300] | Duration: 12.50s | Train Loss: 0.6331 | Train Acc: 0.7769 | Val Loss: 0.6921 | Val Acc: 0.7603 | Val F1: 0.7608
Epoch [212/300] | Duration: 12.14s | Train Loss: 0.6334 | Train Acc: 0.7686 | Val Loss: 0.6922 | Val Acc: 0.7603 | Val F1: 0.7611
Epoch [213/300] | Duration: 11.36s | Train Loss: 0.6428 | Train Acc: 0.7727 | Val Loss: 0.6911 | Val Acc: 0.7686 | Val F1: 0.7691
Epoch [214/300] | Duration: 16.95s | Train Loss: 0.6295 | Train Acc: 0.7789 | Val Loss: 0.6885 | Val Acc: 0.7769 | Val F1: 0.7772
Epoch [215/300] | Duration: 13.27s | Train Loss: 0.6369 | Train Acc: 0.7624 | Val Loss: 0.6900 | Val Acc: 0.7521 | Val F1: 0.7524
Epoch [216/300] | Duration: 12.55s | Train Loss: 0.6400 | Train Acc: 0.7686 | Val Loss: 0.6916 | Val Acc: 0.7521 | Val F1: 0.7524
Epoch [217/300] | Duration: 12.37s | Train Loss: 0.6259 | Train Acc: 0.7707 | Val Loss: 0.6900 | Val Acc: 0.7603 | Val F1: 0.7608
Epoch [218/300] | Duration: 12.20s | Train Loss: 0.6259 | Train Acc: 0.7686 | Val Loss: 0.6864 | Val Acc: 0.7686 | Val F1: 0.7691
Epoch [219/300] | Duration: 12.85s | Train Loss: 0.6318 | Train Acc: 0.7624 | Val Loss: 0.6858 | Val Acc: 0.7686 | Val F1: 0.7691
Epoch [220/300] | Duration: 12.87s | Train Loss: 0.6266 | Train Acc: 0.7769 | Val Loss: 0.6826 | Val Acc: 0.7686 | Val F1: 0.7691
Epoch [221/300] | Duration: 11.93s | Train Loss: 0.6376 | Train Acc: 0.7727 | Val Loss: 0.6797 | Val Acc: 0.7686 | Val F1: 0.7691
Epoch [222/300] | Duration: 12.07s | Train Loss: 0.6260 | Train Acc: 0.7665 | Val Loss: 0.6792 | Val Acc: 0.7603 | Val F1: 0.7616
Epoch [223/300] | Duration: 13.21s | Train Loss: 0.6265 | Train Acc: 0.7562 | Val Loss: 0.6785 | Val Acc: 0.7603 | Val F1: 0.7611
Epoch [224/300] | Duration: 13.91s | Train Loss: 0.6202 | Train Acc: 0.7893 | Val Loss: 0.6830 | Val Acc: 0.7686 | Val F1: 0.7693
Epoch [225/300] | Duration: 11.89s | Train Loss: 0.6233 | Train Acc: 0.7851 | Val Loss: 0.6791 | Val Acc: 0.7686 | Val F1: 0.7693
Epoch [226/300] | Duration: 12.92s | Train Loss: 0.6172 | Train Acc: 0.7810 | Val Loss: 0.6751 | Val Acc: 0.7603 | Val F1: 0.7611
Epoch [227/300] | Duration: 12.67s | Train Loss: 0.6306 | Train Acc: 0.7996 | Val Loss: 0.6718 | Val Acc: 0.7603 | Val F1: 0.7611
Epoch [228/300] | Duration: 11.88s | Train Loss: 0.6197 | Train Acc: 0.7810 | Val Loss: 0.6755 | Val Acc: 0.7686 | Val F1: 0.7691
Epoch [229/300] | Duration: 12.10s | Train Loss: 0.6137 | Train Acc: 0.7810 | Val Loss: 0.6787 | Val Acc: 0.7769 | Val F1: 0.7774
🎉 New best model found! F1-Score: 0.7774. Saved to training_outputs/20250702-225045/best_model.pth
Epoch [230/300] | Duration: 12.31s | Train Loss: 0.6253 | Train Acc: 0.7831 | Val Loss: 0.6760 | Val Acc: 0.7769 | Val F1: 0.7774
Epoch [231/300] | Duration: 11.92s | Train Loss: 0.6287 | Train Acc: 0.7769 | Val Loss: 0.6745 | Val Acc: 0.7769 | Val F1: 0.7774
Epoch [232/300] | Duration: 12.50s | Train Loss: 0.6244 | Train Acc: 0.7769 | Val Loss: 0.6784 | Val Acc: 0.7769 | Val F1: 0.7774
Epoch [233/300] | Duration: 12.77s | Train Loss: 0.6238 | Train Acc: 0.7665 | Val Loss: 0.6772 | Val Acc: 0.7769 | Val F1: 0.7774
Epoch [234/300] | Duration: 13.17s | Train Loss: 0.6295 | Train Acc: 0.7665 | Val Loss: 0.6746 | Val Acc: 0.7686 | Val F1: 0.7693
Epoch [235/300] | Duration: 15.29s | Train Loss: 0.6181 | Train Acc: 0.7789 | Val Loss: 0.6798 | Val Acc: 0.7686 | Val F1: 0.7699
Epoch [236/300] | Duration: 14.48s | Train Loss: 0.6331 | Train Acc: 0.7727 | Val Loss: 0.6773 | Val Acc: 0.7934 | Val F1: 0.7939
🎉 New best model found! F1-Score: 0.7939. Saved to training_outputs/20250702-225045/best_model.pth
Epoch [237/300] | Duration: 12.59s | Train Loss: 0.6123 | Train Acc: 0.7831 | Val Loss: 0.6732 | Val Acc: 0.7934 | Val F1: 0.7939
Epoch [238/300] | Duration: 12.78s | Train Loss: 0.6158 | Train Acc: 0.7872 | Val Loss: 0.6695 | Val Acc: 0.7934 | Val F1: 0.7939
Epoch [239/300] | Duration: 12.58s | Train Loss: 0.6174 | Train Acc: 0.7810 | Val Loss: 0.6726 | Val Acc: 0.7934 | Val F1: 0.7939
Epoch [240/300] | Duration: 13.00s | Train Loss: 0.6121 | Train Acc: 0.7789 | Val Loss: 0.6646 | Val Acc: 0.7934 | Val F1: 0.7939
Epoch [241/300] | Duration: 15.96s | Train Loss: 0.6110 | Train Acc: 0.7975 | Val Loss: 0.6660 | Val Acc: 0.7934 | Val F1: 0.7939
Epoch [242/300] | Duration: 12.26s | Train Loss: 0.6120 | Train Acc: 0.7934 | Val Loss: 0.6635 | Val Acc: 0.7934 | Val F1: 0.7939
Epoch [243/300] | Duration: 11.28s | Train Loss: 0.6186 | Train Acc: 0.7851 | Val Loss: 0.6648 | Val Acc: 0.7934 | Val F1: 0.7939
Epoch [244/300] | Duration: 12.52s | Train Loss: 0.5991 | Train Acc: 0.7996 | Val Loss: 0.6625 | Val Acc: 0.7934 | Val F1: 0.7939
Epoch [245/300] | Duration: 12.55s | Train Loss: 0.6117 | Train Acc: 0.7934 | Val Loss: 0.6687 | Val Acc: 0.7934 | Val F1: 0.7939
Epoch [246/300] | Duration: 12.80s | Train Loss: 0.6248 | Train Acc: 0.7872 | Val Loss: 0.6629 | Val Acc: 0.7934 | Val F1: 0.7939
Epoch [247/300] | Duration: 12.12s | Train Loss: 0.6069 | Train Acc: 0.7831 | Val Loss: 0.6692 | Val Acc: 0.7934 | Val F1: 0.7939
Epoch [248/300] | Duration: 12.14s | Train Loss: 0.6153 | Train Acc: 0.7789 | Val Loss: 0.6625 | Val Acc: 0.7851 | Val F1: 0.7863
Epoch [249/300] | Duration: 12.39s | Train Loss: 0.6023 | Train Acc: 0.8099 | Val Loss: 0.6614 | Val Acc: 0.7934 | Val F1: 0.7939
Epoch [250/300] | Duration: 13.77s | Train Loss: 0.6201 | Train Acc: 0.7955 | Val Loss: 0.6565 | Val Acc: 0.7934 | Val F1: 0.7939
Epoch [251/300] | Duration: 18.07s | Train Loss: 0.6007 | Train Acc: 0.7913 | Val Loss: 0.6573 | Val Acc: 0.7934 | Val F1: 0.7939
Epoch [252/300] | Duration: 12.34s | Train Loss: 0.5976 | Train Acc: 0.7955 | Val Loss: 0.6552 | Val Acc: 0.7934 | Val F1: 0.7939
Epoch [253/300] | Duration: 12.55s | Train Loss: 0.6106 | Train Acc: 0.7831 | Val Loss: 0.6574 | Val Acc: 0.7934 | Val F1: 0.7941
🎉 New best model found! F1-Score: 0.7941. Saved to training_outputs/20250702-225045/best_model.pth
Epoch [254/300] | Duration: 12.53s | Train Loss: 0.6026 | Train Acc: 0.7996 | Val Loss: 0.6525 | Val Acc: 0.7934 | Val F1: 0.7939
Epoch [255/300] | Duration: 12.27s | Train Loss: 0.6081 | Train Acc: 0.7810 | Val Loss: 0.6618 | Val Acc: 0.7934 | Val F1: 0.7941
Epoch [256/300] | Duration: 12.62s | Train Loss: 0.6112 | Train Acc: 0.7893 | Val Loss: 0.6612 | Val Acc: 0.7934 | Val F1: 0.7939
Epoch [257/300] | Duration: 11.15s | Train Loss: 0.6059 | Train Acc: 0.7851 | Val Loss: 0.6549 | Val Acc: 0.7934 | Val F1: 0.7941
Epoch [258/300] | Duration: 10.90s | Train Loss: 0.5943 | Train Acc: 0.8079 | Val Loss: 0.6558 | Val Acc: 0.7934 | Val F1: 0.7941
Epoch [259/300] | Duration: 11.75s | Train Loss: 0.5996 | Train Acc: 0.7934 | Val Loss: 0.6552 | Val Acc: 0.7934 | Val F1: 0.7941
Epoch [260/300] | Duration: 12.57s | Train Loss: 0.5896 | Train Acc: 0.8099 | Val Loss: 0.6500 | Val Acc: 0.8017 | Val F1: 0.8025
🎉 New best model found! F1-Score: 0.8025. Saved to training_outputs/20250702-225045/best_model.pth
Epoch [261/300] | Duration: 13.15s | Train Loss: 0.6006 | Train Acc: 0.7872 | Val Loss: 0.6466 | Val Acc: 0.7934 | Val F1: 0.7941
Epoch [262/300] | Duration: 12.24s | Train Loss: 0.6004 | Train Acc: 0.8120 | Val Loss: 0.6434 | Val Acc: 0.7934 | Val F1: 0.7944
Epoch [263/300] | Duration: 12.84s | Train Loss: 0.5891 | Train Acc: 0.8017 | Val Loss: 0.6449 | Val Acc: 0.7934 | Val F1: 0.7939
Epoch [264/300] | Duration: 12.82s | Train Loss: 0.6024 | Train Acc: 0.8058 | Val Loss: 0.6465 | Val Acc: 0.7934 | Val F1: 0.7939
Epoch [265/300] | Duration: 12.42s | Train Loss: 0.5905 | Train Acc: 0.8202 | Val Loss: 0.6512 | Val Acc: 0.8017 | Val F1: 0.8025
🎉 New best model found! F1-Score: 0.8025. Saved to training_outputs/20250702-225045/best_model.pth
Epoch [266/300] | Duration: 12.83s | Train Loss: 0.5820 | Train Acc: 0.8079 | Val Loss: 0.6475 | Val Acc: 0.7934 | Val F1: 0.7941
Epoch [267/300] | Duration: 13.10s | Train Loss: 0.5947 | Train Acc: 0.7913 | Val Loss: 0.6523 | Val Acc: 0.7934 | Val F1: 0.7941
Epoch [268/300] | Duration: 12.27s | Train Loss: 0.5956 | Train Acc: 0.7975 | Val Loss: 0.6461 | Val Acc: 0.8017 | Val F1: 0.8025
Epoch [269/300] | Duration: 12.26s | Train Loss: 0.5910 | Train Acc: 0.7955 | Val Loss: 0.6447 | Val Acc: 0.8017 | Val F1: 0.8025
Epoch [270/300] | Duration: 12.25s | Train Loss: 0.5987 | Train Acc: 0.7996 | Val Loss: 0.6409 | Val Acc: 0.8017 | Val F1: 0.8025
Epoch [271/300] | Duration: 12.92s | Train Loss: 0.5917 | Train Acc: 0.7955 | Val Loss: 0.6485 | Val Acc: 0.7934 | Val F1: 0.7941
Epoch [272/300] | Duration: 12.93s | Train Loss: 0.5788 | Train Acc: 0.8037 | Val Loss: 0.6452 | Val Acc: 0.8017 | Val F1: 0.8025
Epoch [273/300] | Duration: 12.59s | Train Loss: 0.5926 | Train Acc: 0.7913 | Val Loss: 0.6460 | Val Acc: 0.8017 | Val F1: 0.8025
Epoch [274/300] | Duration: 11.76s | Train Loss: 0.5800 | Train Acc: 0.8037 | Val Loss: 0.6458 | Val Acc: 0.8099 | Val F1: 0.8108
🎉 New best model found! F1-Score: 0.8108. Saved to training_outputs/20250702-225045/best_model.pth
Epoch [275/300] | Duration: 15.91s | Train Loss: 0.5820 | Train Acc: 0.8037 | Val Loss: 0.6456 | Val Acc: 0.8017 | Val F1: 0.8024
Epoch [276/300] | Duration: 14.54s | Train Loss: 0.5976 | Train Acc: 0.7975 | Val Loss: 0.6426 | Val Acc: 0.8017 | Val F1: 0.8024
Epoch [277/300] | Duration: 13.28s | Train Loss: 0.5769 | Train Acc: 0.8202 | Val Loss: 0.6375 | Val Acc: 0.8182 | Val F1: 0.8191
🎉 New best model found! F1-Score: 0.8191. Saved to training_outputs/20250702-225045/best_model.pth
Epoch [278/300] | Duration: 12.66s | Train Loss: 0.5822 | Train Acc: 0.7996 | Val Loss: 0.6445 | Val Acc: 0.8017 | Val F1: 0.8024
Epoch [279/300] | Duration: 12.53s | Train Loss: 0.5836 | Train Acc: 0.8037 | Val Loss: 0.6424 | Val Acc: 0.8017 | Val F1: 0.8024
Epoch [280/300] | Duration: 12.30s | Train Loss: 0.5795 | Train Acc: 0.8120 | Val Loss: 0.6435 | Val Acc: 0.8017 | Val F1: 0.8024
Epoch [281/300] | Duration: 13.05s | Train Loss: 0.5840 | Train Acc: 0.8099 | Val Loss: 0.6425 | Val Acc: 0.8017 | Val F1: 0.8024
Epoch [282/300] | Duration: 12.30s | Train Loss: 0.5847 | Train Acc: 0.8161 | Val Loss: 0.6422 | Val Acc: 0.8099 | Val F1: 0.8107
Epoch [283/300] | Duration: 17.17s | Train Loss: 0.5671 | Train Acc: 0.8120 | Val Loss: 0.6360 | Val Acc: 0.8182 | Val F1: 0.8191
🎉 New best model found! F1-Score: 0.8191. Saved to training_outputs/20250702-225045/best_model.pth
Epoch [284/300] | Duration: 14.22s | Train Loss: 0.5806 | Train Acc: 0.7996 | Val Loss: 0.6321 | Val Acc: 0.8264 | Val F1: 0.8273
🎉 New best model found! F1-Score: 0.8273. Saved to training_outputs/20250702-225045/best_model.pth
Epoch [285/300] | Duration: 12.56s | Train Loss: 0.5746 | Train Acc: 0.8182 | Val Loss: 0.6342 | Val Acc: 0.8182 | Val F1: 0.8191
Epoch [286/300] | Duration: 12.83s | Train Loss: 0.5806 | Train Acc: 0.8099 | Val Loss: 0.6362 | Val Acc: 0.8099 | Val F1: 0.8107
Epoch [287/300] | Duration: 11.11s | Train Loss: 0.5655 | Train Acc: 0.8306 | Val Loss: 0.6346 | Val Acc: 0.8099 | Val F1: 0.8107
Epoch [288/300] | Duration: 11.42s | Train Loss: 0.5824 | Train Acc: 0.8161 | Val Loss: 0.6415 | Val Acc: 0.8099 | Val F1: 0.8107
Epoch [289/300] | Duration: 10.87s | Train Loss: 0.5748 | Train Acc: 0.8140 | Val Loss: 0.6386 | Val Acc: 0.8099 | Val F1: 0.8107
Epoch [290/300] | Duration: 11.56s | Train Loss: 0.5689 | Train Acc: 0.8223 | Val Loss: 0.6371 | Val Acc: 0.8099 | Val F1: 0.8107
Epoch [291/300] | Duration: 11.94s | Train Loss: 0.5846 | Train Acc: 0.7955 | Val Loss: 0.6362 | Val Acc: 0.8099 | Val F1: 0.8107
Epoch [292/300] | Duration: 11.84s | Train Loss: 0.5901 | Train Acc: 0.7872 | Val Loss: 0.6329 | Val Acc: 0.8099 | Val F1: 0.8107
Epoch [293/300] | Duration: 14.51s | Train Loss: 0.5799 | Train Acc: 0.7996 | Val Loss: 0.6287 | Val Acc: 0.8182 | Val F1: 0.8188
Epoch [294/300] | Duration: 12.30s | Train Loss: 0.5639 | Train Acc: 0.8037 | Val Loss: 0.6305 | Val Acc: 0.8264 | Val F1: 0.8273
Epoch [295/300] | Duration: 13.12s | Train Loss: 0.5893 | Train Acc: 0.8099 | Val Loss: 0.6314 | Val Acc: 0.8182 | Val F1: 0.8188
Epoch [296/300] | Duration: 12.79s | Train Loss: 0.5672 | Train Acc: 0.7975 | Val Loss: 0.6347 | Val Acc: 0.8099 | Val F1: 0.8107
Epoch [297/300] | Duration: 12.49s | Train Loss: 0.5724 | Train Acc: 0.8161 | Val Loss: 0.6396 | Val Acc: 0.8099 | Val F1: 0.8107
Epoch [298/300] | Duration: 12.01s | Train Loss: 0.5596 | Train Acc: 0.8161 | Val Loss: 0.6283 | Val Acc: 0.8099 | Val F1: 0.8107
Epoch [299/300] | Duration: 13.08s | Train Loss: 0.5664 | Train Acc: 0.8120 | Val Loss: 0.6285 | Val Acc: 0.8099 | Val F1: 0.8107
Epoch [300/300] | Duration: 13.03s | Train Loss: 0.5634 | Train Acc: 0.8202 | Val Loss: 0.6247 | Val Acc: 0.8264 | Val F1: 0.8273

✅ Training finished.

💾 Saving final artifacts...
📈 Saved training metrics plot to training_outputs/20250702-225045/training_metrics.png
📊 Saved final confusion matrix to training_outputs/20250702-225045/final_confusion_matrix.png
📝 Saved final classification report to training_outputs/20250702-225045/final_classification_report.txt

✨ Run complete.
