The following modules were not unloaded:
  (Use "module --force purge" to unload all):

  1) modules/2.3-20240529   2) openblas/single-0.3.26
🚀 Starting Run. All outputs will be saved to: training_outputs/20250703-093820
⚙️ Using device: cuda
Hyperparameters: {'input_depth': 64, 'input_height': 64, 'input_width': 64, 'num_classes': 3, 'learning_rate': 1e-05, 'batch_size': 16, 'num_epochs': 300, 'num_input_channels': 3}

Loading datasets...
Found 605 samples.
Found 605 samples.

Training on 484 samples, validating on 121 samples.
Model has 70,947 trainable parameters.

--- Starting Training ---
Epoch [001/300] | Duration: 47.26s | Train Loss: 1.1307 | Train Acc: 0.2810 | Val Loss: 1.1102 | Val Acc: 0.3388 | Val F1: 0.1687
🎉 New best model found! F1-Score: 0.1687. Saved to training_outputs/20250703-093820/best_model.pth
Epoch [002/300] | Duration: 23.69s | Train Loss: 1.0577 | Train Acc: 0.4917 | Val Loss: 1.0250 | Val Acc: 0.4711 | Val F1: 0.4308
🎉 New best model found! F1-Score: 0.4308. Saved to training_outputs/20250703-093820/best_model.pth
Epoch [003/300] | Duration: 23.55s | Train Loss: 1.0094 | Train Acc: 0.5227 | Val Loss: 0.9589 | Val Acc: 0.5455 | Val F1: 0.5279
🎉 New best model found! F1-Score: 0.5279. Saved to training_outputs/20250703-093820/best_model.pth
Epoch [004/300] | Duration: 23.58s | Train Loss: 0.9719 | Train Acc: 0.5764 | Val Loss: 0.9194 | Val Acc: 0.6198 | Val F1: 0.6188
🎉 New best model found! F1-Score: 0.6188. Saved to training_outputs/20250703-093820/best_model.pth
Epoch [005/300] | Duration: 23.79s | Train Loss: 0.9361 | Train Acc: 0.5888 | Val Loss: 0.8987 | Val Acc: 0.6281 | Val F1: 0.6266
🎉 New best model found! F1-Score: 0.6266. Saved to training_outputs/20250703-093820/best_model.pth
Epoch [006/300] | Duration: 23.71s | Train Loss: 0.9094 | Train Acc: 0.6095 | Val Loss: 0.8778 | Val Acc: 0.6364 | Val F1: 0.6309
🎉 New best model found! F1-Score: 0.6309. Saved to training_outputs/20250703-093820/best_model.pth
Epoch [007/300] | Duration: 23.66s | Train Loss: 0.8841 | Train Acc: 0.6012 | Val Loss: 0.8691 | Val Acc: 0.6446 | Val F1: 0.6422
🎉 New best model found! F1-Score: 0.6422. Saved to training_outputs/20250703-093820/best_model.pth
Epoch [008/300] | Duration: 23.63s | Train Loss: 0.8769 | Train Acc: 0.6054 | Val Loss: 0.8479 | Val Acc: 0.6694 | Val F1: 0.6691
🎉 New best model found! F1-Score: 0.6691. Saved to training_outputs/20250703-093820/best_model.pth
Epoch [009/300] | Duration: 23.80s | Train Loss: 0.8681 | Train Acc: 0.6157 | Val Loss: 0.8459 | Val Acc: 0.6529 | Val F1: 0.6523
Epoch [010/300] | Duration: 23.68s | Train Loss: 0.8518 | Train Acc: 0.6116 | Val Loss: 0.8276 | Val Acc: 0.6694 | Val F1: 0.6692
🎉 New best model found! F1-Score: 0.6692. Saved to training_outputs/20250703-093820/best_model.pth
Epoch [011/300] | Duration: 23.65s | Train Loss: 0.8387 | Train Acc: 0.6405 | Val Loss: 0.8278 | Val Acc: 0.6860 | Val F1: 0.6866
🎉 New best model found! F1-Score: 0.6866. Saved to training_outputs/20250703-093820/best_model.pth
Epoch [012/300] | Duration: 23.78s | Train Loss: 0.8465 | Train Acc: 0.6116 | Val Loss: 0.8219 | Val Acc: 0.6777 | Val F1: 0.6748
Epoch [013/300] | Duration: 23.78s | Train Loss: 0.8495 | Train Acc: 0.6550 | Val Loss: 0.8255 | Val Acc: 0.6612 | Val F1: 0.6435
Epoch [014/300] | Duration: 23.74s | Train Loss: 0.8426 | Train Acc: 0.6260 | Val Loss: 0.8077 | Val Acc: 0.6860 | Val F1: 0.6831
Epoch [015/300] | Duration: 23.77s | Train Loss: 0.8299 | Train Acc: 0.6281 | Val Loss: 0.7998 | Val Acc: 0.6860 | Val F1: 0.6859
Epoch [016/300] | Duration: 23.75s | Train Loss: 0.8277 | Train Acc: 0.6405 | Val Loss: 0.7994 | Val Acc: 0.6612 | Val F1: 0.6569
Epoch [017/300] | Duration: 23.64s | Train Loss: 0.8145 | Train Acc: 0.6508 | Val Loss: 0.7920 | Val Acc: 0.6942 | Val F1: 0.6940
🎉 New best model found! F1-Score: 0.6940. Saved to training_outputs/20250703-093820/best_model.pth
Epoch [018/300] | Duration: 23.54s | Train Loss: 0.8138 | Train Acc: 0.6653 | Val Loss: 0.7798 | Val Acc: 0.6694 | Val F1: 0.6706
Epoch [019/300] | Duration: 23.62s | Train Loss: 0.7932 | Train Acc: 0.6632 | Val Loss: 0.7811 | Val Acc: 0.6694 | Val F1: 0.6699
Epoch [020/300] | Duration: 23.81s | Train Loss: 0.8011 | Train Acc: 0.6591 | Val Loss: 0.7673 | Val Acc: 0.6694 | Val F1: 0.6714
Epoch [021/300] | Duration: 23.85s | Train Loss: 0.7874 | Train Acc: 0.6715 | Val Loss: 0.7743 | Val Acc: 0.6612 | Val F1: 0.6612
Epoch [022/300] | Duration: 23.64s | Train Loss: 0.8019 | Train Acc: 0.6674 | Val Loss: 0.7625 | Val Acc: 0.6694 | Val F1: 0.6714
Epoch [023/300] | Duration: 23.74s | Train Loss: 0.7916 | Train Acc: 0.6488 | Val Loss: 0.7671 | Val Acc: 0.6446 | Val F1: 0.6461
Epoch [024/300] | Duration: 23.67s | Train Loss: 0.7822 | Train Acc: 0.6777 | Val Loss: 0.7731 | Val Acc: 0.6612 | Val F1: 0.6531
Epoch [025/300] | Duration: 23.76s | Train Loss: 0.7795 | Train Acc: 0.6756 | Val Loss: 0.7573 | Val Acc: 0.6694 | Val F1: 0.6705
Epoch [026/300] | Duration: 23.70s | Train Loss: 0.7783 | Train Acc: 0.6529 | Val Loss: 0.7630 | Val Acc: 0.6777 | Val F1: 0.6746
Epoch [027/300] | Duration: 23.69s | Train Loss: 0.7749 | Train Acc: 0.6777 | Val Loss: 0.7536 | Val Acc: 0.6694 | Val F1: 0.6671
Epoch [028/300] | Duration: 23.78s | Train Loss: 0.7500 | Train Acc: 0.6963 | Val Loss: 0.7570 | Val Acc: 0.6446 | Val F1: 0.6428
Epoch [029/300] | Duration: 23.81s | Train Loss: 0.7542 | Train Acc: 0.6839 | Val Loss: 0.7610 | Val Acc: 0.6777 | Val F1: 0.6749
Epoch [030/300] | Duration: 23.71s | Train Loss: 0.7617 | Train Acc: 0.6715 | Val Loss: 0.7513 | Val Acc: 0.6612 | Val F1: 0.6596
Epoch [031/300] | Duration: 23.77s | Train Loss: 0.7626 | Train Acc: 0.6818 | Val Loss: 0.7541 | Val Acc: 0.6694 | Val F1: 0.6636
Epoch [032/300] | Duration: 23.79s | Train Loss: 0.7472 | Train Acc: 0.6880 | Val Loss: 0.7461 | Val Acc: 0.6612 | Val F1: 0.6585
Epoch [033/300] | Duration: 23.23s | Train Loss: 0.7452 | Train Acc: 0.6777 | Val Loss: 0.7445 | Val Acc: 0.6694 | Val F1: 0.6687
Epoch [034/300] | Duration: 22.38s | Train Loss: 0.7353 | Train Acc: 0.6839 | Val Loss: 0.7463 | Val Acc: 0.6612 | Val F1: 0.6597
Epoch [035/300] | Duration: 23.60s | Train Loss: 0.7210 | Train Acc: 0.7149 | Val Loss: 0.7410 | Val Acc: 0.6612 | Val F1: 0.6585
Epoch [036/300] | Duration: 23.31s | Train Loss: 0.7586 | Train Acc: 0.7025 | Val Loss: 0.7385 | Val Acc: 0.6529 | Val F1: 0.6493
Epoch [037/300] | Duration: 23.85s | Train Loss: 0.7493 | Train Acc: 0.6921 | Val Loss: 0.7343 | Val Acc: 0.6860 | Val F1: 0.6837
Epoch [038/300] | Duration: 23.80s | Train Loss: 0.7452 | Train Acc: 0.7066 | Val Loss: 0.7399 | Val Acc: 0.6529 | Val F1: 0.6498
Epoch [039/300] | Duration: 22.86s | Train Loss: 0.7525 | Train Acc: 0.6921 | Val Loss: 0.7479 | Val Acc: 0.6364 | Val F1: 0.6308
Epoch [040/300] | Duration: 23.15s | Train Loss: 0.7193 | Train Acc: 0.6963 | Val Loss: 0.7369 | Val Acc: 0.6694 | Val F1: 0.6639
Epoch [041/300] | Duration: 23.30s | Train Loss: 0.7384 | Train Acc: 0.6942 | Val Loss: 0.7307 | Val Acc: 0.6612 | Val F1: 0.6566
Epoch [042/300] | Duration: 23.20s | Train Loss: 0.7243 | Train Acc: 0.6901 | Val Loss: 0.7284 | Val Acc: 0.6694 | Val F1: 0.6656
Epoch [043/300] | Duration: 23.34s | Train Loss: 0.7100 | Train Acc: 0.7149 | Val Loss: 0.7301 | Val Acc: 0.6694 | Val F1: 0.6639
Epoch [044/300] | Duration: 23.12s | Train Loss: 0.7382 | Train Acc: 0.6963 | Val Loss: 0.7331 | Val Acc: 0.6364 | Val F1: 0.6363
Epoch [045/300] | Duration: 22.33s | Train Loss: 0.7438 | Train Acc: 0.6756 | Val Loss: 0.7288 | Val Acc: 0.6694 | Val F1: 0.6676
Epoch [046/300] | Duration: 21.67s | Train Loss: 0.7126 | Train Acc: 0.7128 | Val Loss: 0.7267 | Val Acc: 0.6694 | Val F1: 0.6654
Epoch [047/300] | Duration: 21.94s | Train Loss: 0.7343 | Train Acc: 0.6963 | Val Loss: 0.7222 | Val Acc: 0.6860 | Val F1: 0.6825
Epoch [048/300] | Duration: 21.80s | Train Loss: 0.6983 | Train Acc: 0.7190 | Val Loss: 0.7288 | Val Acc: 0.6777 | Val F1: 0.6732
Epoch [049/300] | Duration: 22.29s | Train Loss: 0.7156 | Train Acc: 0.7066 | Val Loss: 0.7339 | Val Acc: 0.6942 | Val F1: 0.6895
Epoch [050/300] | Duration: 22.31s | Train Loss: 0.6876 | Train Acc: 0.7107 | Val Loss: 0.7135 | Val Acc: 0.6942 | Val F1: 0.6929
Epoch [051/300] | Duration: 22.24s | Train Loss: 0.6887 | Train Acc: 0.7335 | Val Loss: 0.7216 | Val Acc: 0.6694 | Val F1: 0.6667
Epoch [052/300] | Duration: 22.36s | Train Loss: 0.7145 | Train Acc: 0.7252 | Val Loss: 0.7286 | Val Acc: 0.6777 | Val F1: 0.6700
Epoch [053/300] | Duration: 22.46s | Train Loss: 0.6874 | Train Acc: 0.7335 | Val Loss: 0.7206 | Val Acc: 0.6860 | Val F1: 0.6822
Epoch [054/300] | Duration: 22.31s | Train Loss: 0.6800 | Train Acc: 0.7376 | Val Loss: 0.7182 | Val Acc: 0.6860 | Val F1: 0.6826
Epoch [055/300] | Duration: 21.69s | Train Loss: 0.6914 | Train Acc: 0.7273 | Val Loss: 0.7282 | Val Acc: 0.6612 | Val F1: 0.6544
Epoch [056/300] | Duration: 21.52s | Train Loss: 0.7159 | Train Acc: 0.6839 | Val Loss: 0.7260 | Val Acc: 0.6860 | Val F1: 0.6821
Epoch [057/300] | Duration: 21.55s | Train Loss: 0.6904 | Train Acc: 0.7211 | Val Loss: 0.7098 | Val Acc: 0.6860 | Val F1: 0.6839
Epoch [058/300] | Duration: 21.60s | Train Loss: 0.6588 | Train Acc: 0.7314 | Val Loss: 0.7111 | Val Acc: 0.6860 | Val F1: 0.6826
Epoch [059/300] | Duration: 42.51s | Train Loss: 0.6982 | Train Acc: 0.7293 | Val Loss: 0.7039 | Val Acc: 0.7025 | Val F1: 0.7009
🎉 New best model found! F1-Score: 0.7009. Saved to training_outputs/20250703-093820/best_model.pth
Epoch [060/300] | Duration: 23.03s | Train Loss: 0.6989 | Train Acc: 0.7087 | Val Loss: 0.7159 | Val Acc: 0.6777 | Val F1: 0.6751
Epoch [061/300] | Duration: 21.94s | Train Loss: 0.6915 | Train Acc: 0.7273 | Val Loss: 0.7312 | Val Acc: 0.6281 | Val F1: 0.6316
Epoch [062/300] | Duration: 21.41s | Train Loss: 0.6950 | Train Acc: 0.7190 | Val Loss: 0.7053 | Val Acc: 0.7025 | Val F1: 0.7021
🎉 New best model found! F1-Score: 0.7021. Saved to training_outputs/20250703-093820/best_model.pth
Epoch [063/300] | Duration: 22.23s | Train Loss: 0.6923 | Train Acc: 0.7107 | Val Loss: 0.7240 | Val Acc: 0.7025 | Val F1: 0.6968
Epoch [064/300] | Duration: 22.19s | Train Loss: 0.6804 | Train Acc: 0.7355 | Val Loss: 0.7077 | Val Acc: 0.7107 | Val F1: 0.7081
🎉 New best model found! F1-Score: 0.7081. Saved to training_outputs/20250703-093820/best_model.pth
Epoch [065/300] | Duration: 22.22s | Train Loss: 0.6734 | Train Acc: 0.7438 | Val Loss: 0.7287 | Val Acc: 0.6612 | Val F1: 0.6597
Epoch [066/300] | Duration: 22.14s | Train Loss: 0.6686 | Train Acc: 0.7397 | Val Loss: 0.7005 | Val Acc: 0.6942 | Val F1: 0.6919
Epoch [067/300] | Duration: 21.78s | Train Loss: 0.6838 | Train Acc: 0.7231 | Val Loss: 0.6968 | Val Acc: 0.6942 | Val F1: 0.6930
Epoch [068/300] | Duration: 21.96s | Train Loss: 0.6837 | Train Acc: 0.7293 | Val Loss: 0.7075 | Val Acc: 0.6942 | Val F1: 0.6934
Epoch [069/300] | Duration: 22.21s | Train Loss: 0.6767 | Train Acc: 0.7355 | Val Loss: 0.7229 | Val Acc: 0.7025 | Val F1: 0.6987
Epoch [070/300] | Duration: 22.48s | Train Loss: 0.6880 | Train Acc: 0.7397 | Val Loss: 0.7014 | Val Acc: 0.6860 | Val F1: 0.6867
Epoch [071/300] | Duration: 22.60s | Train Loss: 0.6928 | Train Acc: 0.7397 | Val Loss: 0.6953 | Val Acc: 0.6777 | Val F1: 0.6810
Epoch [072/300] | Duration: 22.17s | Train Loss: 0.6473 | Train Acc: 0.7459 | Val Loss: 0.6969 | Val Acc: 0.6777 | Val F1: 0.6781
Epoch [073/300] | Duration: 22.25s | Train Loss: 0.6787 | Train Acc: 0.7541 | Val Loss: 0.7117 | Val Acc: 0.6694 | Val F1: 0.6704
Epoch [074/300] | Duration: 22.23s | Train Loss: 0.6612 | Train Acc: 0.7397 | Val Loss: 0.7114 | Val Acc: 0.6942 | Val F1: 0.6930
Epoch [075/300] | Duration: 22.38s | Train Loss: 0.6804 | Train Acc: 0.7252 | Val Loss: 0.6915 | Val Acc: 0.6860 | Val F1: 0.6858
Epoch [076/300] | Duration: 22.16s | Train Loss: 0.6430 | Train Acc: 0.7707 | Val Loss: 0.7043 | Val Acc: 0.7107 | Val F1: 0.7081
Epoch [077/300] | Duration: 21.99s | Train Loss: 0.6490 | Train Acc: 0.7355 | Val Loss: 0.7069 | Val Acc: 0.7025 | Val F1: 0.6968
Epoch [078/300] | Duration: 21.98s | Train Loss: 0.6561 | Train Acc: 0.7541 | Val Loss: 0.7348 | Val Acc: 0.7107 | Val F1: 0.7078
Epoch [079/300] | Duration: 22.01s | Train Loss: 0.6694 | Train Acc: 0.7355 | Val Loss: 0.6863 | Val Acc: 0.7025 | Val F1: 0.7018
Epoch [080/300] | Duration: 22.17s | Train Loss: 0.6786 | Train Acc: 0.7211 | Val Loss: 0.6968 | Val Acc: 0.7025 | Val F1: 0.7006
Epoch [081/300] | Duration: 22.36s | Train Loss: 0.6478 | Train Acc: 0.7355 | Val Loss: 0.6991 | Val Acc: 0.7025 | Val F1: 0.7006
Epoch [082/300] | Duration: 22.18s | Train Loss: 0.6727 | Train Acc: 0.7438 | Val Loss: 0.6896 | Val Acc: 0.6777 | Val F1: 0.6776
Epoch [083/300] | Duration: 21.95s | Train Loss: 0.6218 | Train Acc: 0.7562 | Val Loss: 0.6919 | Val Acc: 0.6942 | Val F1: 0.6930
Epoch [084/300] | Duration: 21.52s | Train Loss: 0.6691 | Train Acc: 0.7624 | Val Loss: 0.6867 | Val Acc: 0.7190 | Val F1: 0.7218
🎉 New best model found! F1-Score: 0.7218. Saved to training_outputs/20250703-093820/best_model.pth
Epoch [085/300] | Duration: 22.10s | Train Loss: 0.6569 | Train Acc: 0.7417 | Val Loss: 0.7010 | Val Acc: 0.7025 | Val F1: 0.7006
Epoch [086/300] | Duration: 23.12s | Train Loss: 0.6418 | Train Acc: 0.7500 | Val Loss: 0.6956 | Val Acc: 0.6942 | Val F1: 0.6930
Epoch [087/300] | Duration: 22.82s | Train Loss: 0.6656 | Train Acc: 0.7355 | Val Loss: 0.6929 | Val Acc: 0.6860 | Val F1: 0.6872
Epoch [088/300] | Duration: 22.22s | Train Loss: 0.6360 | Train Acc: 0.7603 | Val Loss: 0.6870 | Val Acc: 0.6860 | Val F1: 0.6858
Epoch [089/300] | Duration: 21.93s | Train Loss: 0.6349 | Train Acc: 0.7624 | Val Loss: 0.6826 | Val Acc: 0.6942 | Val F1: 0.6946
Epoch [090/300] | Duration: 22.00s | Train Loss: 0.6312 | Train Acc: 0.7417 | Val Loss: 0.6905 | Val Acc: 0.6777 | Val F1: 0.6790
Epoch [091/300] | Duration: 21.73s | Train Loss: 0.6300 | Train Acc: 0.7500 | Val Loss: 0.6730 | Val Acc: 0.7025 | Val F1: 0.7000
Epoch [092/300] | Duration: 21.61s | Train Loss: 0.6370 | Train Acc: 0.7417 | Val Loss: 0.6802 | Val Acc: 0.7025 | Val F1: 0.7003
Epoch [093/300] | Duration: 22.07s | Train Loss: 0.6197 | Train Acc: 0.7624 | Val Loss: 0.6767 | Val Acc: 0.6942 | Val F1: 0.6934
Epoch [094/300] | Duration: 21.53s | Train Loss: 0.6382 | Train Acc: 0.7521 | Val Loss: 0.6809 | Val Acc: 0.7107 | Val F1: 0.7076
Epoch [095/300] | Duration: 21.90s | Train Loss: 0.6488 | Train Acc: 0.7479 | Val Loss: 0.6810 | Val Acc: 0.6942 | Val F1: 0.6924
Epoch [096/300] | Duration: 22.32s | Train Loss: 0.6495 | Train Acc: 0.7603 | Val Loss: 0.6736 | Val Acc: 0.7107 | Val F1: 0.7099
Epoch [097/300] | Duration: 22.79s | Train Loss: 0.6245 | Train Acc: 0.7541 | Val Loss: 0.6864 | Val Acc: 0.6860 | Val F1: 0.6848
Epoch [098/300] | Duration: 22.80s | Train Loss: 0.6619 | Train Acc: 0.7273 | Val Loss: 0.6707 | Val Acc: 0.7025 | Val F1: 0.7000
Epoch [099/300] | Duration: 22.81s | Train Loss: 0.6184 | Train Acc: 0.7645 | Val Loss: 0.6816 | Val Acc: 0.6942 | Val F1: 0.6924
Epoch [100/300] | Duration: 22.29s | Train Loss: 0.6212 | Train Acc: 0.7645 | Val Loss: 0.6709 | Val Acc: 0.6942 | Val F1: 0.6924
Epoch [101/300] | Duration: 22.13s | Train Loss: 0.6342 | Train Acc: 0.7583 | Val Loss: 0.6805 | Val Acc: 0.7025 | Val F1: 0.6997
Epoch [102/300] | Duration: 21.89s | Train Loss: 0.6230 | Train Acc: 0.7665 | Val Loss: 0.6650 | Val Acc: 0.7190 | Val F1: 0.7202
Epoch [103/300] | Duration: 22.09s | Train Loss: 0.6441 | Train Acc: 0.7479 | Val Loss: 0.6655 | Val Acc: 0.7025 | Val F1: 0.7022
Epoch [104/300] | Duration: 22.02s | Train Loss: 0.5990 | Train Acc: 0.7603 | Val Loss: 0.6881 | Val Acc: 0.6860 | Val F1: 0.6848
Epoch [105/300] | Duration: 22.04s | Train Loss: 0.6594 | Train Acc: 0.7479 | Val Loss: 0.6617 | Val Acc: 0.7107 | Val F1: 0.7091
Epoch [106/300] | Duration: 21.87s | Train Loss: 0.6255 | Train Acc: 0.7417 | Val Loss: 0.6685 | Val Acc: 0.7107 | Val F1: 0.7093
Epoch [107/300] | Duration: 22.11s | Train Loss: 0.6102 | Train Acc: 0.7810 | Val Loss: 0.6633 | Val Acc: 0.7025 | Val F1: 0.7000
Epoch [108/300] | Duration: 22.55s | Train Loss: 0.6143 | Train Acc: 0.7686 | Val Loss: 0.6994 | Val Acc: 0.6942 | Val F1: 0.6905
Epoch [109/300] | Duration: 22.55s | Train Loss: 0.6130 | Train Acc: 0.7603 | Val Loss: 0.6745 | Val Acc: 0.7107 | Val F1: 0.7067
Epoch [110/300] | Duration: 22.21s | Train Loss: 0.6195 | Train Acc: 0.7789 | Val Loss: 0.6551 | Val Acc: 0.7025 | Val F1: 0.7000
Epoch [111/300] | Duration: 21.73s | Train Loss: 0.6090 | Train Acc: 0.7769 | Val Loss: 0.6580 | Val Acc: 0.7107 | Val F1: 0.7095
Epoch [112/300] | Duration: 21.83s | Train Loss: 0.6012 | Train Acc: 0.7831 | Val Loss: 0.6499 | Val Acc: 0.6942 | Val F1: 0.6942
Epoch [113/300] | Duration: 21.40s | Train Loss: 0.6455 | Train Acc: 0.7479 | Val Loss: 0.6513 | Val Acc: 0.7025 | Val F1: 0.7042
Epoch [114/300] | Duration: 21.80s | Train Loss: 0.5832 | Train Acc: 0.7789 | Val Loss: 0.6573 | Val Acc: 0.7107 | Val F1: 0.7075
Epoch [115/300] | Duration: 22.00s | Train Loss: 0.5972 | Train Acc: 0.7665 | Val Loss: 0.6439 | Val Acc: 0.7190 | Val F1: 0.7182
Epoch [116/300] | Duration: 22.84s | Train Loss: 0.5841 | Train Acc: 0.7831 | Val Loss: 0.6577 | Val Acc: 0.7025 | Val F1: 0.7020
Epoch [117/300] | Duration: 21.98s | Train Loss: 0.6019 | Train Acc: 0.7541 | Val Loss: 0.6420 | Val Acc: 0.7107 | Val F1: 0.7095
Epoch [118/300] | Duration: 21.17s | Train Loss: 0.5879 | Train Acc: 0.7893 | Val Loss: 0.6466 | Val Acc: 0.7025 | Val F1: 0.7000
Epoch [119/300] | Duration: 21.81s | Train Loss: 0.5906 | Train Acc: 0.7789 | Val Loss: 0.6846 | Val Acc: 0.7107 | Val F1: 0.7094
Epoch [120/300] | Duration: 21.53s | Train Loss: 0.5973 | Train Acc: 0.7831 | Val Loss: 0.6636 | Val Acc: 0.7107 | Val F1: 0.7097
Epoch [121/300] | Duration: 21.62s | Train Loss: 0.6201 | Train Acc: 0.7665 | Val Loss: 0.6488 | Val Acc: 0.7025 | Val F1: 0.7020
Epoch [122/300] | Duration: 21.57s | Train Loss: 0.6429 | Train Acc: 0.7624 | Val Loss: 0.6851 | Val Acc: 0.6777 | Val F1: 0.6827
Epoch [123/300] | Duration: 21.67s | Train Loss: 0.5829 | Train Acc: 0.7789 | Val Loss: 0.6493 | Val Acc: 0.7025 | Val F1: 0.7025
Epoch [124/300] | Duration: 21.68s | Train Loss: 0.5873 | Train Acc: 0.7769 | Val Loss: 0.6492 | Val Acc: 0.7355 | Val F1: 0.7355
🎉 New best model found! F1-Score: 0.7355. Saved to training_outputs/20250703-093820/best_model.pth
Epoch [125/300] | Duration: 22.11s | Train Loss: 0.5918 | Train Acc: 0.7727 | Val Loss: 0.6540 | Val Acc: 0.7025 | Val F1: 0.6997
Epoch [126/300] | Duration: 22.12s | Train Loss: 0.6034 | Train Acc: 0.7831 | Val Loss: 0.6491 | Val Acc: 0.7190 | Val F1: 0.7158
Epoch [127/300] | Duration: 22.16s | Train Loss: 0.5868 | Train Acc: 0.7748 | Val Loss: 0.6506 | Val Acc: 0.7355 | Val F1: 0.7306
Epoch [128/300] | Duration: 22.28s | Train Loss: 0.5936 | Train Acc: 0.7707 | Val Loss: 0.6514 | Val Acc: 0.7190 | Val F1: 0.7177
Epoch [129/300] | Duration: 21.94s | Train Loss: 0.5814 | Train Acc: 0.7603 | Val Loss: 0.6372 | Val Acc: 0.7273 | Val F1: 0.7281
Epoch [130/300] | Duration: 21.45s | Train Loss: 0.5983 | Train Acc: 0.7665 | Val Loss: 0.6363 | Val Acc: 0.7521 | Val F1: 0.7533
🎉 New best model found! F1-Score: 0.7533. Saved to training_outputs/20250703-093820/best_model.pth
Epoch [131/300] | Duration: 21.33s | Train Loss: 0.5869 | Train Acc: 0.7872 | Val Loss: 0.6379 | Val Acc: 0.7438 | Val F1: 0.7443
Epoch [132/300] | Duration: 21.87s | Train Loss: 0.6042 | Train Acc: 0.7893 | Val Loss: 0.6470 | Val Acc: 0.7273 | Val F1: 0.7270
Epoch [133/300] | Duration: 22.03s | Train Loss: 0.5863 | Train Acc: 0.7872 | Val Loss: 0.6543 | Val Acc: 0.7107 | Val F1: 0.7098
Epoch [134/300] | Duration: 22.13s | Train Loss: 0.5802 | Train Acc: 0.7934 | Val Loss: 0.6448 | Val Acc: 0.7273 | Val F1: 0.7229
Epoch [135/300] | Duration: 21.66s | Train Loss: 0.5855 | Train Acc: 0.7831 | Val Loss: 0.6352 | Val Acc: 0.7438 | Val F1: 0.7412
Epoch [136/300] | Duration: 22.14s | Train Loss: 0.5629 | Train Acc: 0.7893 | Val Loss: 0.6497 | Val Acc: 0.7273 | Val F1: 0.7253
Epoch [137/300] | Duration: 22.03s | Train Loss: 0.5980 | Train Acc: 0.7541 | Val Loss: 0.6291 | Val Acc: 0.7355 | Val F1: 0.7340
Epoch [138/300] | Duration: 22.65s | Train Loss: 0.5773 | Train Acc: 0.7603 | Val Loss: 0.6285 | Val Acc: 0.7273 | Val F1: 0.7299
Epoch [139/300] | Duration: 22.33s | Train Loss: 0.5836 | Train Acc: 0.7851 | Val Loss: 0.6315 | Val Acc: 0.7273 | Val F1: 0.7281
Epoch [140/300] | Duration: 36.32s | Train Loss: 0.5615 | Train Acc: 0.7996 | Val Loss: 0.6424 | Val Acc: 0.7190 | Val F1: 0.7219
Epoch [141/300] | Duration: 29.13s | Train Loss: 0.5753 | Train Acc: 0.7872 | Val Loss: 0.6330 | Val Acc: 0.7190 | Val F1: 0.7170
Epoch [142/300] | Duration: 21.38s | Train Loss: 0.5604 | Train Acc: 0.7851 | Val Loss: 0.6414 | Val Acc: 0.7190 | Val F1: 0.7190
Epoch [143/300] | Duration: 26.63s | Train Loss: 0.5918 | Train Acc: 0.7893 | Val Loss: 0.6311 | Val Acc: 0.7355 | Val F1: 0.7332
Epoch [144/300] | Duration: 26.12s | Train Loss: 0.5893 | Train Acc: 0.7975 | Val Loss: 0.6309 | Val Acc: 0.7438 | Val F1: 0.7433
Epoch [145/300] | Duration: 21.85s | Train Loss: 0.5608 | Train Acc: 0.7975 | Val Loss: 0.6295 | Val Acc: 0.7521 | Val F1: 0.7511
Epoch [146/300] | Duration: 21.92s | Train Loss: 0.5659 | Train Acc: 0.7727 | Val Loss: 0.6222 | Val Acc: 0.7273 | Val F1: 0.7255
Epoch [147/300] | Duration: 22.21s | Train Loss: 0.5750 | Train Acc: 0.7872 | Val Loss: 0.6270 | Val Acc: 0.7686 | Val F1: 0.7695
🎉 New best model found! F1-Score: 0.7695. Saved to training_outputs/20250703-093820/best_model.pth
Epoch [148/300] | Duration: 22.11s | Train Loss: 0.5592 | Train Acc: 0.8161 | Val Loss: 0.6374 | Val Acc: 0.7438 | Val F1: 0.7445
Epoch [149/300] | Duration: 22.04s | Train Loss: 0.5404 | Train Acc: 0.8140 | Val Loss: 0.6312 | Val Acc: 0.7355 | Val F1: 0.7352
Epoch [150/300] | Duration: 22.25s | Train Loss: 0.5692 | Train Acc: 0.7893 | Val Loss: 0.6210 | Val Acc: 0.7438 | Val F1: 0.7451
Epoch [151/300] | Duration: 22.06s | Train Loss: 0.5585 | Train Acc: 0.7934 | Val Loss: 0.6548 | Val Acc: 0.7190 | Val F1: 0.7224
Epoch [152/300] | Duration: 22.44s | Train Loss: 0.5438 | Train Acc: 0.8079 | Val Loss: 0.6272 | Val Acc: 0.7107 | Val F1: 0.7092
Epoch [153/300] | Duration: 22.20s | Train Loss: 0.5848 | Train Acc: 0.7789 | Val Loss: 0.6349 | Val Acc: 0.7438 | Val F1: 0.7398
Epoch [154/300] | Duration: 22.17s | Train Loss: 0.5518 | Train Acc: 0.7996 | Val Loss: 0.6250 | Val Acc: 0.7355 | Val F1: 0.7331
Epoch [155/300] | Duration: 22.27s | Train Loss: 0.5672 | Train Acc: 0.7789 | Val Loss: 0.6224 | Val Acc: 0.7355 | Val F1: 0.7334
Epoch [156/300] | Duration: 22.51s | Train Loss: 0.5747 | Train Acc: 0.7893 | Val Loss: 0.6185 | Val Acc: 0.7438 | Val F1: 0.7424
Epoch [157/300] | Duration: 22.48s | Train Loss: 0.5524 | Train Acc: 0.7996 | Val Loss: 0.6260 | Val Acc: 0.7521 | Val F1: 0.7524
Epoch [158/300] | Duration: 22.48s | Train Loss: 0.5640 | Train Acc: 0.7872 | Val Loss: 0.6326 | Val Acc: 0.7355 | Val F1: 0.7321
Epoch [159/300] | Duration: 22.53s | Train Loss: 0.5664 | Train Acc: 0.7955 | Val Loss: 0.6231 | Val Acc: 0.7438 | Val F1: 0.7449
Epoch [160/300] | Duration: 22.84s | Train Loss: 0.5666 | Train Acc: 0.7851 | Val Loss: 0.6259 | Val Acc: 0.7355 | Val F1: 0.7337
Epoch [161/300] | Duration: 22.85s | Train Loss: 0.5525 | Train Acc: 0.7789 | Val Loss: 0.6199 | Val Acc: 0.7686 | Val F1: 0.7705
🎉 New best model found! F1-Score: 0.7705. Saved to training_outputs/20250703-093820/best_model.pth
Epoch [162/300] | Duration: 22.81s | Train Loss: 0.5542 | Train Acc: 0.8079 | Val Loss: 0.6250 | Val Acc: 0.7355 | Val F1: 0.7346
Epoch [163/300] | Duration: 23.31s | Train Loss: 0.5625 | Train Acc: 0.7831 | Val Loss: 0.6192 | Val Acc: 0.7355 | Val F1: 0.7352
Epoch [164/300] | Duration: 23.27s | Train Loss: 0.5794 | Train Acc: 0.7851 | Val Loss: 0.6167 | Val Acc: 0.7521 | Val F1: 0.7533
Epoch [165/300] | Duration: 23.37s | Train Loss: 0.5614 | Train Acc: 0.8017 | Val Loss: 0.6139 | Val Acc: 0.7769 | Val F1: 0.7776
🎉 New best model found! F1-Score: 0.7776. Saved to training_outputs/20250703-093820/best_model.pth
Epoch [166/300] | Duration: 23.33s | Train Loss: 0.5684 | Train Acc: 0.7913 | Val Loss: 0.6107 | Val Acc: 0.7438 | Val F1: 0.7451
Epoch [167/300] | Duration: 23.41s | Train Loss: 0.5616 | Train Acc: 0.8037 | Val Loss: 0.6216 | Val Acc: 0.7603 | Val F1: 0.7614
Epoch [168/300] | Duration: 23.53s | Train Loss: 0.5419 | Train Acc: 0.7996 | Val Loss: 0.6169 | Val Acc: 0.7438 | Val F1: 0.7449
Epoch [169/300] | Duration: 22.27s | Train Loss: 0.5356 | Train Acc: 0.7996 | Val Loss: 0.6289 | Val Acc: 0.7603 | Val F1: 0.7604
Epoch [170/300] | Duration: 21.70s | Train Loss: 0.5742 | Train Acc: 0.7934 | Val Loss: 0.6216 | Val Acc: 0.7438 | Val F1: 0.7428
Epoch [171/300] | Duration: 21.94s | Train Loss: 0.5540 | Train Acc: 0.7831 | Val Loss: 0.6148 | Val Acc: 0.7686 | Val F1: 0.7681
Epoch [172/300] | Duration: 22.38s | Train Loss: 0.5499 | Train Acc: 0.7913 | Val Loss: 0.6028 | Val Acc: 0.7603 | Val F1: 0.7605
Epoch [173/300] | Duration: 22.39s | Train Loss: 0.5573 | Train Acc: 0.8099 | Val Loss: 0.6015 | Val Acc: 0.7603 | Val F1: 0.7607
Epoch [174/300] | Duration: 22.54s | Train Loss: 0.5546 | Train Acc: 0.7996 | Val Loss: 0.6259 | Val Acc: 0.7603 | Val F1: 0.7622
Epoch [175/300] | Duration: 22.70s | Train Loss: 0.5515 | Train Acc: 0.7893 | Val Loss: 0.6157 | Val Acc: 0.7851 | Val F1: 0.7853
🎉 New best model found! F1-Score: 0.7853. Saved to training_outputs/20250703-093820/best_model.pth
Epoch [176/300] | Duration: 22.69s | Train Loss: 0.5542 | Train Acc: 0.7955 | Val Loss: 0.6515 | Val Acc: 0.7273 | Val F1: 0.7253
Epoch [177/300] | Duration: 23.00s | Train Loss: 0.5515 | Train Acc: 0.7851 | Val Loss: 0.6235 | Val Acc: 0.7603 | Val F1: 0.7596
Epoch [178/300] | Duration: 22.85s | Train Loss: 0.5456 | Train Acc: 0.7955 | Val Loss: 0.6247 | Val Acc: 0.7686 | Val F1: 0.7683
Epoch [179/300] | Duration: 22.57s | Train Loss: 0.5681 | Train Acc: 0.7707 | Val Loss: 0.6193 | Val Acc: 0.7934 | Val F1: 0.7941
🎉 New best model found! F1-Score: 0.7941. Saved to training_outputs/20250703-093820/best_model.pth
Epoch [180/300] | Duration: 22.58s | Train Loss: 0.5637 | Train Acc: 0.8099 | Val Loss: 0.6242 | Val Acc: 0.7686 | Val F1: 0.7689
Epoch [181/300] | Duration: 22.82s | Train Loss: 0.5491 | Train Acc: 0.8182 | Val Loss: 0.6341 | Val Acc: 0.7521 | Val F1: 0.7474
Epoch [182/300] | Duration: 22.80s | Train Loss: 0.5780 | Train Acc: 0.7727 | Val Loss: 0.6197 | Val Acc: 0.7521 | Val F1: 0.7491
Epoch [183/300] | Duration: 22.80s | Train Loss: 0.5714 | Train Acc: 0.7934 | Val Loss: 0.6229 | Val Acc: 0.7686 | Val F1: 0.7670
Epoch [184/300] | Duration: 22.62s | Train Loss: 0.5379 | Train Acc: 0.7913 | Val Loss: 0.6141 | Val Acc: 0.7686 | Val F1: 0.7683
Epoch [185/300] | Duration: 23.38s | Train Loss: 0.5217 | Train Acc: 0.8079 | Val Loss: 0.6112 | Val Acc: 0.7686 | Val F1: 0.7687
Epoch [186/300] | Duration: 22.95s | Train Loss: 0.5292 | Train Acc: 0.7975 | Val Loss: 0.6172 | Val Acc: 0.7521 | Val F1: 0.7530
Epoch [187/300] | Duration: 22.57s | Train Loss: 0.5171 | Train Acc: 0.8161 | Val Loss: 0.6518 | Val Acc: 0.7107 | Val F1: 0.7072
Epoch [188/300] | Duration: 20.83s | Train Loss: 0.5323 | Train Acc: 0.8140 | Val Loss: 0.6095 | Val Acc: 0.7686 | Val F1: 0.7683
Epoch [189/300] | Duration: 21.60s | Train Loss: 0.5365 | Train Acc: 0.8037 | Val Loss: 0.6141 | Val Acc: 0.7603 | Val F1: 0.7603
Epoch [190/300] | Duration: 21.89s | Train Loss: 0.5425 | Train Acc: 0.8058 | Val Loss: 0.6008 | Val Acc: 0.7603 | Val F1: 0.7608
Epoch [191/300] | Duration: 22.12s | Train Loss: 0.5454 | Train Acc: 0.8099 | Val Loss: 0.6068 | Val Acc: 0.7521 | Val F1: 0.7523
Epoch [192/300] | Duration: 22.30s | Train Loss: 0.5247 | Train Acc: 0.8264 | Val Loss: 0.6036 | Val Acc: 0.7521 | Val F1: 0.7534
Epoch [193/300] | Duration: 22.54s | Train Loss: 0.5544 | Train Acc: 0.7872 | Val Loss: 0.6177 | Val Acc: 0.7603 | Val F1: 0.7595
Epoch [194/300] | Duration: 22.62s | Train Loss: 0.5655 | Train Acc: 0.7996 | Val Loss: 0.6201 | Val Acc: 0.7686 | Val F1: 0.7676
Epoch [195/300] | Duration: 22.66s | Train Loss: 0.5234 | Train Acc: 0.8161 | Val Loss: 0.6132 | Val Acc: 0.7686 | Val F1: 0.7703
Epoch [196/300] | Duration: 22.44s | Train Loss: 0.5452 | Train Acc: 0.7810 | Val Loss: 0.6185 | Val Acc: 0.7438 | Val F1: 0.7438
Epoch [197/300] | Duration: 22.35s | Train Loss: 0.5317 | Train Acc: 0.8306 | Val Loss: 0.6208 | Val Acc: 0.7521 | Val F1: 0.7518
Epoch [198/300] | Duration: 22.34s | Train Loss: 0.5295 | Train Acc: 0.8037 | Val Loss: 0.6124 | Val Acc: 0.7769 | Val F1: 0.7760
Epoch [199/300] | Duration: 22.84s | Train Loss: 0.5325 | Train Acc: 0.7810 | Val Loss: 0.6109 | Val Acc: 0.7686 | Val F1: 0.7688
Epoch [200/300] | Duration: 22.57s | Train Loss: 0.5053 | Train Acc: 0.8264 | Val Loss: 0.6017 | Val Acc: 0.7769 | Val F1: 0.7777
Epoch [201/300] | Duration: 22.33s | Train Loss: 0.5464 | Train Acc: 0.7831 | Val Loss: 0.6098 | Val Acc: 0.7851 | Val F1: 0.7853
Epoch [202/300] | Duration: 22.48s | Train Loss: 0.5519 | Train Acc: 0.8244 | Val Loss: 0.6242 | Val Acc: 0.7438 | Val F1: 0.7446
Epoch [203/300] | Duration: 22.70s | Train Loss: 0.5557 | Train Acc: 0.7996 | Val Loss: 0.5972 | Val Acc: 0.7603 | Val F1: 0.7603
Epoch [204/300] | Duration: 22.94s | Train Loss: 0.5123 | Train Acc: 0.8182 | Val Loss: 0.6024 | Val Acc: 0.7521 | Val F1: 0.7523
Epoch [205/300] | Duration: 22.52s | Train Loss: 0.5477 | Train Acc: 0.7913 | Val Loss: 0.6361 | Val Acc: 0.7686 | Val F1: 0.7643
Epoch [206/300] | Duration: 22.36s | Train Loss: 0.5153 | Train Acc: 0.8409 | Val Loss: 0.5984 | Val Acc: 0.7521 | Val F1: 0.7531
Epoch [207/300] | Duration: 22.71s | Train Loss: 0.5113 | Train Acc: 0.8079 | Val Loss: 0.6017 | Val Acc: 0.7769 | Val F1: 0.7771
Epoch [208/300] | Duration: 22.61s | Train Loss: 0.5326 | Train Acc: 0.8120 | Val Loss: 0.6118 | Val Acc: 0.7769 | Val F1: 0.7785
Epoch [209/300] | Duration: 22.32s | Train Loss: 0.5341 | Train Acc: 0.8099 | Val Loss: 0.5902 | Val Acc: 0.7851 | Val F1: 0.7847
Epoch [210/300] | Duration: 22.11s | Train Loss: 0.4845 | Train Acc: 0.8306 | Val Loss: 0.6032 | Val Acc: 0.7851 | Val F1: 0.7853
Epoch [211/300] | Duration: 21.34s | Train Loss: 0.5188 | Train Acc: 0.8244 | Val Loss: 0.6058 | Val Acc: 0.7521 | Val F1: 0.7518
Epoch [212/300] | Duration: 21.84s | Train Loss: 0.5173 | Train Acc: 0.8161 | Val Loss: 0.6072 | Val Acc: 0.7521 | Val F1: 0.7539
Epoch [213/300] | Duration: 21.88s | Train Loss: 0.5076 | Train Acc: 0.8161 | Val Loss: 0.6043 | Val Acc: 0.7603 | Val F1: 0.7608
Epoch [214/300] | Duration: 22.11s | Train Loss: 0.4977 | Train Acc: 0.8182 | Val Loss: 0.6036 | Val Acc: 0.7686 | Val F1: 0.7683
Epoch [215/300] | Duration: 22.29s | Train Loss: 0.5191 | Train Acc: 0.8099 | Val Loss: 0.6113 | Val Acc: 0.7686 | Val F1: 0.7676
Epoch [216/300] | Duration: 22.58s | Train Loss: 0.5120 | Train Acc: 0.8306 | Val Loss: 0.5993 | Val Acc: 0.7851 | Val F1: 0.7856
Epoch [217/300] | Duration: 22.41s | Train Loss: 0.5395 | Train Acc: 0.8058 | Val Loss: 0.6075 | Val Acc: 0.7603 | Val F1: 0.7608
Epoch [218/300] | Duration: 22.16s | Train Loss: 0.5266 | Train Acc: 0.8223 | Val Loss: 0.6067 | Val Acc: 0.7769 | Val F1: 0.7771
Epoch [219/300] | Duration: 22.32s | Train Loss: 0.5010 | Train Acc: 0.8368 | Val Loss: 0.6124 | Val Acc: 0.7851 | Val F1: 0.7863
Epoch [220/300] | Duration: 22.36s | Train Loss: 0.5311 | Train Acc: 0.8140 | Val Loss: 0.6058 | Val Acc: 0.7603 | Val F1: 0.7617
Epoch [221/300] | Duration: 22.52s | Train Loss: 0.5193 | Train Acc: 0.8099 | Val Loss: 0.6044 | Val Acc: 0.7521 | Val F1: 0.7520
Epoch [222/300] | Duration: 22.97s | Train Loss: 0.5254 | Train Acc: 0.8223 | Val Loss: 0.6146 | Val Acc: 0.7769 | Val F1: 0.7747
Epoch [223/300] | Duration: 23.04s | Train Loss: 0.5166 | Train Acc: 0.8017 | Val Loss: 0.6099 | Val Acc: 0.7934 | Val F1: 0.7940
Epoch [224/300] | Duration: 23.12s | Train Loss: 0.4772 | Train Acc: 0.8512 | Val Loss: 0.6021 | Val Acc: 0.7521 | Val F1: 0.7518
Epoch [225/300] | Duration: 23.14s | Train Loss: 0.5050 | Train Acc: 0.8058 | Val Loss: 0.5962 | Val Acc: 0.7769 | Val F1: 0.7773
Epoch [226/300] | Duration: 22.78s | Train Loss: 0.4994 | Train Acc: 0.8202 | Val Loss: 0.5881 | Val Acc: 0.7603 | Val F1: 0.7595
Epoch [227/300] | Duration: 22.78s | Train Loss: 0.5321 | Train Acc: 0.8140 | Val Loss: 0.6099 | Val Acc: 0.8017 | Val F1: 0.8025
🎉 New best model found! F1-Score: 0.8025. Saved to training_outputs/20250703-093820/best_model.pth
Epoch [228/300] | Duration: 22.86s | Train Loss: 0.5174 | Train Acc: 0.8264 | Val Loss: 0.5902 | Val Acc: 0.7934 | Val F1: 0.7940
Epoch [229/300] | Duration: 22.93s | Train Loss: 0.5210 | Train Acc: 0.8264 | Val Loss: 0.5907 | Val Acc: 0.7686 | Val F1: 0.7683
Epoch [230/300] | Duration: 22.81s | Train Loss: 0.4906 | Train Acc: 0.8223 | Val Loss: 0.5898 | Val Acc: 0.7686 | Val F1: 0.7687
Epoch [231/300] | Duration: 22.89s | Train Loss: 0.4982 | Train Acc: 0.8244 | Val Loss: 0.6029 | Val Acc: 0.7603 | Val F1: 0.7623
Epoch [232/300] | Duration: 22.87s | Train Loss: 0.5084 | Train Acc: 0.8202 | Val Loss: 0.5913 | Val Acc: 0.7686 | Val F1: 0.7691
Epoch [233/300] | Duration: 22.77s | Train Loss: 0.5155 | Train Acc: 0.8244 | Val Loss: 0.5947 | Val Acc: 0.7686 | Val F1: 0.7695
Epoch [234/300] | Duration: 22.77s | Train Loss: 0.4818 | Train Acc: 0.8306 | Val Loss: 0.5963 | Val Acc: 0.7769 | Val F1: 0.7777
Epoch [235/300] | Duration: 23.13s | Train Loss: 0.5065 | Train Acc: 0.8140 | Val Loss: 0.6046 | Val Acc: 0.7686 | Val F1: 0.7687
Epoch [236/300] | Duration: 23.15s | Train Loss: 0.4874 | Train Acc: 0.8388 | Val Loss: 0.5985 | Val Acc: 0.7521 | Val F1: 0.7527
Epoch [237/300] | Duration: 23.20s | Train Loss: 0.4868 | Train Acc: 0.8285 | Val Loss: 0.5999 | Val Acc: 0.7769 | Val F1: 0.7777
Epoch [238/300] | Duration: 22.93s | Train Loss: 0.4877 | Train Acc: 0.8285 | Val Loss: 0.6026 | Val Acc: 0.7769 | Val F1: 0.7748
Epoch [239/300] | Duration: 22.68s | Train Loss: 0.4826 | Train Acc: 0.8264 | Val Loss: 0.5999 | Val Acc: 0.7769 | Val F1: 0.7762
Epoch [240/300] | Duration: 22.74s | Train Loss: 0.5113 | Train Acc: 0.8409 | Val Loss: 0.5921 | Val Acc: 0.7521 | Val F1: 0.7541
Epoch [241/300] | Duration: 22.41s | Train Loss: 0.5086 | Train Acc: 0.8244 | Val Loss: 0.6195 | Val Acc: 0.7851 | Val F1: 0.7825
Epoch [242/300] | Duration: 22.42s | Train Loss: 0.5110 | Train Acc: 0.8347 | Val Loss: 0.6101 | Val Acc: 0.7769 | Val F1: 0.7762
Epoch [243/300] | Duration: 22.83s | Train Loss: 0.5230 | Train Acc: 0.8099 | Val Loss: 0.5876 | Val Acc: 0.7769 | Val F1: 0.7773
Epoch [244/300] | Duration: 22.64s | Train Loss: 0.5038 | Train Acc: 0.8120 | Val Loss: 0.5997 | Val Acc: 0.7934 | Val F1: 0.7929
Epoch [245/300] | Duration: 22.84s | Train Loss: 0.5174 | Train Acc: 0.8223 | Val Loss: 0.5955 | Val Acc: 0.7686 | Val F1: 0.7697
Epoch [246/300] | Duration: 22.97s | Train Loss: 0.4947 | Train Acc: 0.8244 | Val Loss: 0.6062 | Val Acc: 0.7521 | Val F1: 0.7523
Epoch [247/300] | Duration: 22.94s | Train Loss: 0.4929 | Train Acc: 0.8161 | Val Loss: 0.5984 | Val Acc: 0.8017 | Val F1: 0.8025
Epoch [248/300] | Duration: 22.93s | Train Loss: 0.5185 | Train Acc: 0.8017 | Val Loss: 0.6031 | Val Acc: 0.7521 | Val F1: 0.7533
Epoch [249/300] | Duration: 23.02s | Train Loss: 0.4980 | Train Acc: 0.8140 | Val Loss: 0.5855 | Val Acc: 0.7934 | Val F1: 0.7935
Epoch [250/300] | Duration: 23.02s | Train Loss: 0.4896 | Train Acc: 0.8326 | Val Loss: 0.6216 | Val Acc: 0.7686 | Val F1: 0.7672
Epoch [251/300] | Duration: 23.05s | Train Loss: 0.5029 | Train Acc: 0.8285 | Val Loss: 0.6074 | Val Acc: 0.7851 | Val F1: 0.7856
Epoch [252/300] | Duration: 23.08s | Train Loss: 0.4931 | Train Acc: 0.8326 | Val Loss: 0.5990 | Val Acc: 0.7686 | Val F1: 0.7695
Epoch [253/300] | Duration: 23.05s | Train Loss: 0.5052 | Train Acc: 0.8161 | Val Loss: 0.5953 | Val Acc: 0.7438 | Val F1: 0.7447
Epoch [254/300] | Duration: 24.01s | Train Loss: 0.4844 | Train Acc: 0.8264 | Val Loss: 0.5929 | Val Acc: 0.7934 | Val F1: 0.7920
Epoch [255/300] | Duration: 24.02s | Train Loss: 0.4529 | Train Acc: 0.8595 | Val Loss: 0.5953 | Val Acc: 0.7686 | Val F1: 0.7683
Epoch [256/300] | Duration: 24.51s | Train Loss: 0.5192 | Train Acc: 0.8285 | Val Loss: 0.6117 | Val Acc: 0.7769 | Val F1: 0.7780
Epoch [257/300] | Duration: 24.44s | Train Loss: 0.4843 | Train Acc: 0.8347 | Val Loss: 0.5979 | Val Acc: 0.7686 | Val F1: 0.7683
Epoch [258/300] | Duration: 24.55s | Train Loss: 0.5187 | Train Acc: 0.8285 | Val Loss: 0.5950 | Val Acc: 0.8017 | Val F1: 0.8025
Epoch [259/300] | Duration: 24.53s | Train Loss: 0.5128 | Train Acc: 0.8202 | Val Loss: 0.6038 | Val Acc: 0.7934 | Val F1: 0.7940
Epoch [260/300] | Duration: 24.52s | Train Loss: 0.5262 | Train Acc: 0.8285 | Val Loss: 0.5854 | Val Acc: 0.7686 | Val F1: 0.7697
Epoch [261/300] | Duration: 24.39s | Train Loss: 0.4623 | Train Acc: 0.8616 | Val Loss: 0.5908 | Val Acc: 0.7603 | Val F1: 0.7610
Epoch [262/300] | Duration: 24.32s | Train Loss: 0.4691 | Train Acc: 0.8306 | Val Loss: 0.6005 | Val Acc: 0.7934 | Val F1: 0.7940
Epoch [263/300] | Duration: 24.35s | Train Loss: 0.4926 | Train Acc: 0.8264 | Val Loss: 0.6093 | Val Acc: 0.7769 | Val F1: 0.7768
Epoch [264/300] | Duration: 24.40s | Train Loss: 0.5233 | Train Acc: 0.8202 | Val Loss: 0.6159 | Val Acc: 0.7769 | Val F1: 0.7785
Epoch [265/300] | Duration: 24.10s | Train Loss: 0.4642 | Train Acc: 0.8595 | Val Loss: 0.5972 | Val Acc: 0.7686 | Val F1: 0.7691
Epoch [266/300] | Duration: 24.19s | Train Loss: 0.4574 | Train Acc: 0.8347 | Val Loss: 0.5951 | Val Acc: 0.7769 | Val F1: 0.7772
Epoch [267/300] | Duration: 24.39s | Train Loss: 0.4740 | Train Acc: 0.8306 | Val Loss: 0.5911 | Val Acc: 0.7934 | Val F1: 0.7940
Epoch [268/300] | Duration: 24.22s | Train Loss: 0.4769 | Train Acc: 0.8223 | Val Loss: 0.5908 | Val Acc: 0.8017 | Val F1: 0.8021
Epoch [269/300] | Duration: 24.17s | Train Loss: 0.4803 | Train Acc: 0.8388 | Val Loss: 0.5865 | Val Acc: 0.7686 | Val F1: 0.7683
Epoch [270/300] | Duration: 24.16s | Train Loss: 0.4738 | Train Acc: 0.8202 | Val Loss: 0.6063 | Val Acc: 0.7851 | Val F1: 0.7848
Epoch [271/300] | Duration: 24.24s | Train Loss: 0.4836 | Train Acc: 0.8161 | Val Loss: 0.5790 | Val Acc: 0.7851 | Val F1: 0.7856
Epoch [272/300] | Duration: 24.20s | Train Loss: 0.4824 | Train Acc: 0.8244 | Val Loss: 0.5860 | Val Acc: 0.7686 | Val F1: 0.7692
Epoch [273/300] | Duration: 24.35s | Train Loss: 0.5051 | Train Acc: 0.8368 | Val Loss: 0.5916 | Val Acc: 0.7686 | Val F1: 0.7687
Epoch [274/300] | Duration: 23.92s | Train Loss: 0.4841 | Train Acc: 0.8326 | Val Loss: 0.5888 | Val Acc: 0.7686 | Val F1: 0.7691
Epoch [275/300] | Duration: 23.53s | Train Loss: 0.4664 | Train Acc: 0.8347 | Val Loss: 0.5954 | Val Acc: 0.7769 | Val F1: 0.7787
Epoch [276/300] | Duration: 23.30s | Train Loss: 0.4833 | Train Acc: 0.8202 | Val Loss: 0.5975 | Val Acc: 0.7851 | Val F1: 0.7865
Epoch [277/300] | Duration: 23.50s | Train Loss: 0.4860 | Train Acc: 0.8244 | Val Loss: 0.5978 | Val Acc: 0.8017 | Val F1: 0.8025
Epoch [278/300] | Duration: 23.35s | Train Loss: 0.4569 | Train Acc: 0.8326 | Val Loss: 0.6150 | Val Acc: 0.7355 | Val F1: 0.7377
Epoch [279/300] | Duration: 23.54s | Train Loss: 0.4824 | Train Acc: 0.8264 | Val Loss: 0.5802 | Val Acc: 0.7686 | Val F1: 0.7698
Epoch [280/300] | Duration: 23.29s | Train Loss: 0.4944 | Train Acc: 0.8368 | Val Loss: 0.6135 | Val Acc: 0.8017 | Val F1: 0.8025
Epoch [281/300] | Duration: 23.43s | Train Loss: 0.4776 | Train Acc: 0.8202 | Val Loss: 0.5783 | Val Acc: 0.7769 | Val F1: 0.7775
Epoch [282/300] | Duration: 23.39s | Train Loss: 0.4699 | Train Acc: 0.8471 | Val Loss: 0.5860 | Val Acc: 0.8017 | Val F1: 0.8019
Epoch [283/300] | Duration: 23.17s | Train Loss: 0.4675 | Train Acc: 0.8512 | Val Loss: 0.5729 | Val Acc: 0.7603 | Val F1: 0.7617
Epoch [284/300] | Duration: 23.31s | Train Loss: 0.4536 | Train Acc: 0.8512 | Val Loss: 0.5786 | Val Acc: 0.7686 | Val F1: 0.7695
Epoch [285/300] | Duration: 23.32s | Train Loss: 0.4682 | Train Acc: 0.8326 | Val Loss: 0.5967 | Val Acc: 0.7769 | Val F1: 0.7762
Epoch [286/300] | Duration: 23.03s | Train Loss: 0.4635 | Train Acc: 0.8326 | Val Loss: 0.5964 | Val Acc: 0.7851 | Val F1: 0.7853
Epoch [287/300] | Duration: 40.11s | Train Loss: 0.4929 | Train Acc: 0.8120 | Val Loss: 0.6153 | Val Acc: 0.7934 | Val F1: 0.7941
Epoch [288/300] | Duration: 31.93s | Train Loss: 0.4830 | Train Acc: 0.8202 | Val Loss: 0.6012 | Val Acc: 0.7769 | Val F1: 0.7784
Epoch [289/300] | Duration: 23.41s | Train Loss: 0.4505 | Train Acc: 0.8450 | Val Loss: 0.5941 | Val Acc: 0.7851 | Val F1: 0.7860
Epoch [290/300] | Duration: 23.22s | Train Loss: 0.4533 | Train Acc: 0.8368 | Val Loss: 0.5879 | Val Acc: 0.7603 | Val F1: 0.7610
Epoch [291/300] | Duration: 23.02s | Train Loss: 0.4811 | Train Acc: 0.8326 | Val Loss: 0.5809 | Val Acc: 0.7686 | Val F1: 0.7699
Epoch [292/300] | Duration: 23.24s | Train Loss: 0.4524 | Train Acc: 0.8450 | Val Loss: 0.6026 | Val Acc: 0.7851 | Val F1: 0.7855
Epoch [293/300] | Duration: 23.12s | Train Loss: 0.4438 | Train Acc: 0.8471 | Val Loss: 0.5748 | Val Acc: 0.7438 | Val F1: 0.7446
Epoch [294/300] | Duration: 22.54s | Train Loss: 0.4569 | Train Acc: 0.8326 | Val Loss: 0.5890 | Val Acc: 0.7686 | Val F1: 0.7689
Epoch [295/300] | Duration: 22.41s | Train Loss: 0.4634 | Train Acc: 0.8368 | Val Loss: 0.5853 | Val Acc: 0.7934 | Val F1: 0.7945
Epoch [296/300] | Duration: 22.69s | Train Loss: 0.4645 | Train Acc: 0.8285 | Val Loss: 0.5884 | Val Acc: 0.7769 | Val F1: 0.7763
Epoch [297/300] | Duration: 22.52s | Train Loss: 0.4753 | Train Acc: 0.8120 | Val Loss: 0.5933 | Val Acc: 0.8017 | Val F1: 0.8020
Epoch [298/300] | Duration: 22.40s | Train Loss: 0.4484 | Train Acc: 0.8450 | Val Loss: 0.6031 | Val Acc: 0.8099 | Val F1: 0.8105
🎉 New best model found! F1-Score: 0.8105. Saved to training_outputs/20250703-093820/best_model.pth
Epoch [299/300] | Duration: 22.62s | Train Loss: 0.4829 | Train Acc: 0.8161 | Val Loss: 0.5858 | Val Acc: 0.7769 | Val F1: 0.7777
Epoch [300/300] | Duration: 22.82s | Train Loss: 0.4548 | Train Acc: 0.8388 | Val Loss: 0.5745 | Val Acc: 0.7769 | Val F1: 0.7768

✅ Training finished.

💾 Saving final artifacts...
📈 Saved training metrics plot to training_outputs/20250703-093820/training_metrics.png
📊 Saved final confusion matrix to training_outputs/20250703-093820/final_confusion_matrix.png
📝 Saved final classification report to training_outputs/20250703-093820/final_classification_report.txt

✨ Run complete.
