The following modules were not unloaded:
  (Use "module --force purge" to unload all):

  1) modules/2.3-20240529   2) openblas/single-0.3.26
🚀 Starting Run. All outputs will be saved to: training_outputs/20250709-194915
⚙️ Using device: cuda
Hyperparameters: {'input_depth': 64, 'input_height': 64, 'input_width': 64, 'num_classes': 4, 'learning_rate': 1e-05, 'batch_size': 16, 'num_epochs': 300, 'num_input_channels': 3, 'max_samples_per_class': 216}

Loading datasets...
Dataset loaded with 647 total samples:
  - mitotic: 213 samples
  - new_daughter: 216 samples
  - stable: 194 samples
  - death: 24 samples
  Applied per-class limit: 216 samples/class
Dataset loaded with 647 total samples:
  - mitotic: 213 samples
  - new_daughter: 216 samples
  - stable: 194 samples
  - death: 24 samples
  Applied per-class limit: 216 samples/class

Training on 517 samples, validating on 130 samples.
Model has 71,012 trainable parameters.

--- Starting Training ---
Epoch [001/300] | Duration: 61.52s | Train Loss: 1.1742 | Train Acc: 0.6499 | Val Loss: 1.3402 | Val Acc: 0.3308 | Val F1: 0.1243
🎉 New best model found! F1-Score: 0.1243. Saved to training_outputs/20250709-194915/best_model.pth
Epoch [002/300] | Duration: 37.21s | Train Loss: 1.0584 | Train Acc: 0.7137 | Val Loss: 1.1509 | Val Acc: 0.6077 | Val F1: 0.4370
🎉 New best model found! F1-Score: 0.4370. Saved to training_outputs/20250709-194915/best_model.pth
Epoch [003/300] | Duration: 37.21s | Train Loss: 0.9505 | Train Acc: 0.7157 | Val Loss: 1.0187 | Val Acc: 0.6692 | Val F1: 0.5751
🎉 New best model found! F1-Score: 0.5751. Saved to training_outputs/20250709-194915/best_model.pth
Epoch [004/300] | Duration: 37.16s | Train Loss: 0.8962 | Train Acc: 0.7041 | Val Loss: 0.9474 | Val Acc: 0.7154 | Val F1: 0.6153
🎉 New best model found! F1-Score: 0.6153. Saved to training_outputs/20250709-194915/best_model.pth
Epoch [005/300] | Duration: 37.02s | Train Loss: 0.8370 | Train Acc: 0.7369 | Val Loss: 0.8878 | Val Acc: 0.7308 | Val F1: 0.6282
🎉 New best model found! F1-Score: 0.6282. Saved to training_outputs/20250709-194915/best_model.pth
Epoch [006/300] | Duration: 37.26s | Train Loss: 0.8038 | Train Acc: 0.7350 | Val Loss: 0.8670 | Val Acc: 0.7308 | Val F1: 0.5595
Epoch [007/300] | Duration: 37.11s | Train Loss: 0.7765 | Train Acc: 0.7369 | Val Loss: 0.8470 | Val Acc: 0.7462 | Val F1: 0.5694
Epoch [008/300] | Duration: 37.10s | Train Loss: 0.7292 | Train Acc: 0.7660 | Val Loss: 0.8036 | Val Acc: 0.7615 | Val F1: 0.6552
🎉 New best model found! F1-Score: 0.6552. Saved to training_outputs/20250709-194915/best_model.pth
Epoch [009/300] | Duration: 37.21s | Train Loss: 0.7045 | Train Acc: 0.7679 | Val Loss: 0.8007 | Val Acc: 0.7308 | Val F1: 0.6288
Epoch [010/300] | Duration: 37.06s | Train Loss: 0.7071 | Train Acc: 0.7698 | Val Loss: 0.7888 | Val Acc: 0.7538 | Val F1: 0.6480
Epoch [011/300] | Duration: 37.12s | Train Loss: 0.6962 | Train Acc: 0.7969 | Val Loss: 0.7741 | Val Acc: 0.7462 | Val F1: 0.5710
Epoch [012/300] | Duration: 37.32s | Train Loss: 0.6826 | Train Acc: 0.7872 | Val Loss: 0.7728 | Val Acc: 0.7538 | Val F1: 0.5795
Epoch [013/300] | Duration: 37.17s | Train Loss: 0.6711 | Train Acc: 0.7853 | Val Loss: 0.7811 | Val Acc: 0.7385 | Val F1: 0.5652
Epoch [014/300] | Duration: 36.66s | Train Loss: 0.6766 | Train Acc: 0.7872 | Val Loss: 0.7764 | Val Acc: 0.7538 | Val F1: 0.5795
Epoch [015/300] | Duration: 37.05s | Train Loss: 0.6485 | Train Acc: 0.7930 | Val Loss: 0.7417 | Val Acc: 0.7615 | Val F1: 0.6657
🎉 New best model found! F1-Score: 0.6657. Saved to training_outputs/20250709-194915/best_model.pth
Epoch [016/300] | Duration: 36.97s | Train Loss: 0.6543 | Train Acc: 0.7950 | Val Loss: 0.7403 | Val Acc: 0.7615 | Val F1: 0.6657
Epoch [017/300] | Duration: 36.91s | Train Loss: 0.6476 | Train Acc: 0.7930 | Val Loss: 0.7403 | Val Acc: 0.7538 | Val F1: 0.5795
Epoch [018/300] | Duration: 37.05s | Train Loss: 0.6268 | Train Acc: 0.8085 | Val Loss: 0.7567 | Val Acc: 0.7615 | Val F1: 0.5852
Epoch [019/300] | Duration: 37.27s | Train Loss: 0.6415 | Train Acc: 0.7737 | Val Loss: 0.7251 | Val Acc: 0.7615 | Val F1: 0.6657
Epoch [020/300] | Duration: 37.11s | Train Loss: 0.6237 | Train Acc: 0.7930 | Val Loss: 0.7462 | Val Acc: 0.7538 | Val F1: 0.5795
Epoch [021/300] | Duration: 37.16s | Train Loss: 0.6308 | Train Acc: 0.7892 | Val Loss: 0.7713 | Val Acc: 0.7462 | Val F1: 0.5706
Epoch [022/300] | Duration: 37.04s | Train Loss: 0.6524 | Train Acc: 0.7795 | Val Loss: 0.7198 | Val Acc: 0.7615 | Val F1: 0.6657
Epoch [023/300] | Duration: 37.13s | Train Loss: 0.6069 | Train Acc: 0.8124 | Val Loss: 0.7388 | Val Acc: 0.7615 | Val F1: 0.5852
Epoch [024/300] | Duration: 37.12s | Train Loss: 0.6055 | Train Acc: 0.8066 | Val Loss: 0.7453 | Val Acc: 0.7615 | Val F1: 0.5852
Epoch [025/300] | Duration: 37.25s | Train Loss: 0.6116 | Train Acc: 0.7892 | Val Loss: 0.7194 | Val Acc: 0.7692 | Val F1: 0.6715
🎉 New best model found! F1-Score: 0.6715. Saved to training_outputs/20250709-194915/best_model.pth
Epoch [026/300] | Duration: 37.17s | Train Loss: 0.6158 | Train Acc: 0.7911 | Val Loss: 0.7212 | Val Acc: 0.7769 | Val F1: 0.6774
🎉 New best model found! F1-Score: 0.6774. Saved to training_outputs/20250709-194915/best_model.pth
Epoch [027/300] | Duration: 37.23s | Train Loss: 0.6040 | Train Acc: 0.8008 | Val Loss: 0.6990 | Val Acc: 0.7692 | Val F1: 0.6716
Epoch [028/300] | Duration: 37.08s | Train Loss: 0.5987 | Train Acc: 0.7892 | Val Loss: 0.7116 | Val Acc: 0.7692 | Val F1: 0.6715
Epoch [029/300] | Duration: 36.87s | Train Loss: 0.5775 | Train Acc: 0.8085 | Val Loss: 0.7273 | Val Acc: 0.7615 | Val F1: 0.5852
Epoch [030/300] | Duration: 37.34s | Train Loss: 0.5962 | Train Acc: 0.8143 | Val Loss: 0.7132 | Val Acc: 0.7769 | Val F1: 0.6772
Epoch [031/300] | Duration: 37.12s | Train Loss: 0.5751 | Train Acc: 0.8085 | Val Loss: 0.6978 | Val Acc: 0.7846 | Val F1: 0.6832
🎉 New best model found! F1-Score: 0.6832. Saved to training_outputs/20250709-194915/best_model.pth
Epoch [032/300] | Duration: 36.90s | Train Loss: 0.5850 | Train Acc: 0.8143 | Val Loss: 0.7332 | Val Acc: 0.7769 | Val F1: 0.5967
Epoch [033/300] | Duration: 37.08s | Train Loss: 0.5912 | Train Acc: 0.7988 | Val Loss: 0.7104 | Val Acc: 0.7615 | Val F1: 0.5852
Epoch [034/300] | Duration: 36.80s | Train Loss: 0.5599 | Train Acc: 0.8104 | Val Loss: 0.7043 | Val Acc: 0.7692 | Val F1: 0.6715
Epoch [035/300] | Duration: 36.64s | Train Loss: 0.5667 | Train Acc: 0.8008 | Val Loss: 0.6944 | Val Acc: 0.7769 | Val F1: 0.6772
Epoch [036/300] | Duration: 36.58s | Train Loss: 0.5815 | Train Acc: 0.7950 | Val Loss: 0.7110 | Val Acc: 0.7692 | Val F1: 0.5910
Epoch [037/300] | Duration: 36.74s | Train Loss: 0.5673 | Train Acc: 0.8008 | Val Loss: 0.6968 | Val Acc: 0.7769 | Val F1: 0.6772
Epoch [038/300] | Duration: 37.01s | Train Loss: 0.5952 | Train Acc: 0.8104 | Val Loss: 0.7036 | Val Acc: 0.7846 | Val F1: 0.6830
Epoch [039/300] | Duration: 36.94s | Train Loss: 0.5553 | Train Acc: 0.8298 | Val Loss: 0.7229 | Val Acc: 0.7769 | Val F1: 0.5967
Epoch [040/300] | Duration: 37.07s | Train Loss: 0.5714 | Train Acc: 0.8143 | Val Loss: 0.6984 | Val Acc: 0.7692 | Val F1: 0.5910
Epoch [041/300] | Duration: 36.99s | Train Loss: 0.5737 | Train Acc: 0.8008 | Val Loss: 0.7031 | Val Acc: 0.7692 | Val F1: 0.5910
Epoch [042/300] | Duration: 37.01s | Train Loss: 0.5656 | Train Acc: 0.8046 | Val Loss: 0.7045 | Val Acc: 0.7615 | Val F1: 0.5850
Epoch [043/300] | Duration: 37.22s | Train Loss: 0.5816 | Train Acc: 0.8008 | Val Loss: 0.6869 | Val Acc: 0.7846 | Val F1: 0.6832
Epoch [044/300] | Duration: 37.16s | Train Loss: 0.5709 | Train Acc: 0.8027 | Val Loss: 0.6803 | Val Acc: 0.7846 | Val F1: 0.6832
Epoch [045/300] | Duration: 37.01s | Train Loss: 0.5911 | Train Acc: 0.8027 | Val Loss: 0.7087 | Val Acc: 0.7692 | Val F1: 0.5910
Epoch [046/300] | Duration: 37.24s | Train Loss: 0.5859 | Train Acc: 0.8008 | Val Loss: 0.6859 | Val Acc: 0.7769 | Val F1: 0.6772
Epoch [047/300] | Duration: 37.10s | Train Loss: 0.5674 | Train Acc: 0.7969 | Val Loss: 0.6686 | Val Acc: 0.7846 | Val F1: 0.6837
🎉 New best model found! F1-Score: 0.6837. Saved to training_outputs/20250709-194915/best_model.pth
Epoch [048/300] | Duration: 37.19s | Train Loss: 0.5379 | Train Acc: 0.8221 | Val Loss: 0.6732 | Val Acc: 0.7923 | Val F1: 0.6896
🎉 New best model found! F1-Score: 0.6896. Saved to training_outputs/20250709-194915/best_model.pth
Epoch [049/300] | Duration: 36.85s | Train Loss: 0.5359 | Train Acc: 0.8066 | Val Loss: 0.6871 | Val Acc: 0.7846 | Val F1: 0.6830
Epoch [050/300] | Duration: 37.13s | Train Loss: 0.5284 | Train Acc: 0.8201 | Val Loss: 0.7011 | Val Acc: 0.7769 | Val F1: 0.5967
Epoch [051/300] | Duration: 37.22s | Train Loss: 0.5512 | Train Acc: 0.8221 | Val Loss: 0.6854 | Val Acc: 0.7846 | Val F1: 0.6830
Epoch [052/300] | Duration: 37.09s | Train Loss: 0.5285 | Train Acc: 0.8221 | Val Loss: 0.7082 | Val Acc: 0.7769 | Val F1: 0.5967
Epoch [053/300] | Duration: 37.15s | Train Loss: 0.5346 | Train Acc: 0.8201 | Val Loss: 0.6841 | Val Acc: 0.7846 | Val F1: 0.6830
Epoch [054/300] | Duration: 37.03s | Train Loss: 0.5353 | Train Acc: 0.8143 | Val Loss: 0.6968 | Val Acc: 0.7846 | Val F1: 0.6026
Epoch [055/300] | Duration: 37.06s | Train Loss: 0.5399 | Train Acc: 0.8201 | Val Loss: 0.6815 | Val Acc: 0.7846 | Val F1: 0.6830
Epoch [056/300] | Duration: 36.87s | Train Loss: 0.5153 | Train Acc: 0.8317 | Val Loss: 0.6737 | Val Acc: 0.8000 | Val F1: 0.6953
🎉 New best model found! F1-Score: 0.6953. Saved to training_outputs/20250709-194915/best_model.pth
Epoch [057/300] | Duration: 37.19s | Train Loss: 0.5352 | Train Acc: 0.8124 | Val Loss: 0.6777 | Val Acc: 0.7846 | Val F1: 0.6038
Epoch [058/300] | Duration: 37.12s | Train Loss: 0.5272 | Train Acc: 0.8317 | Val Loss: 0.6993 | Val Acc: 0.7769 | Val F1: 0.5967
Epoch [059/300] | Duration: 37.02s | Train Loss: 0.5027 | Train Acc: 0.8337 | Val Loss: 0.6979 | Val Acc: 0.7846 | Val F1: 0.6830
Epoch [060/300] | Duration: 37.04s | Train Loss: 0.5308 | Train Acc: 0.8201 | Val Loss: 0.6938 | Val Acc: 0.7769 | Val F1: 0.5967
Epoch [061/300] | Duration: 37.11s | Train Loss: 0.5342 | Train Acc: 0.8162 | Val Loss: 0.6752 | Val Acc: 0.7923 | Val F1: 0.6893
Epoch [062/300] | Duration: 37.39s | Train Loss: 0.5289 | Train Acc: 0.8162 | Val Loss: 0.6791 | Val Acc: 0.7769 | Val F1: 0.6772
Epoch [063/300] | Duration: 36.96s | Train Loss: 0.5289 | Train Acc: 0.8317 | Val Loss: 0.6727 | Val Acc: 0.7846 | Val F1: 0.6039
Epoch [064/300] | Duration: 36.99s | Train Loss: 0.5077 | Train Acc: 0.8240 | Val Loss: 0.6693 | Val Acc: 0.7769 | Val F1: 0.6776
Epoch [065/300] | Duration: 37.11s | Train Loss: 0.5119 | Train Acc: 0.8182 | Val Loss: 0.6670 | Val Acc: 0.7923 | Val F1: 0.6096
Epoch [066/300] | Duration: 37.59s | Train Loss: 0.5077 | Train Acc: 0.8298 | Val Loss: 0.6637 | Val Acc: 0.7846 | Val F1: 0.6036
Epoch [067/300] | Duration: 37.18s | Train Loss: 0.5082 | Train Acc: 0.8317 | Val Loss: 0.6898 | Val Acc: 0.8000 | Val F1: 0.6950
Epoch [068/300] | Duration: 37.18s | Train Loss: 0.5157 | Train Acc: 0.8182 | Val Loss: 0.6664 | Val Acc: 0.7846 | Val F1: 0.6839
Epoch [069/300] | Duration: 37.11s | Train Loss: 0.4969 | Train Acc: 0.8298 | Val Loss: 0.6615 | Val Acc: 0.7923 | Val F1: 0.6096
Epoch [070/300] | Duration: 37.08s | Train Loss: 0.5269 | Train Acc: 0.8201 | Val Loss: 0.6603 | Val Acc: 0.7846 | Val F1: 0.6837
Epoch [071/300] | Duration: 37.16s | Train Loss: 0.4996 | Train Acc: 0.8182 | Val Loss: 0.6528 | Val Acc: 0.7923 | Val F1: 0.6096
Epoch [072/300] | Duration: 37.17s | Train Loss: 0.5095 | Train Acc: 0.8240 | Val Loss: 0.6691 | Val Acc: 0.7923 | Val F1: 0.6889
Epoch [073/300] | Duration: 37.01s | Train Loss: 0.5227 | Train Acc: 0.8317 | Val Loss: 0.6312 | Val Acc: 0.7769 | Val F1: 0.5980
Epoch [074/300] | Duration: 37.19s | Train Loss: 0.5183 | Train Acc: 0.8259 | Val Loss: 0.6458 | Val Acc: 0.7846 | Val F1: 0.6039
Epoch [075/300] | Duration: 36.71s | Train Loss: 0.5068 | Train Acc: 0.8453 | Val Loss: 0.6752 | Val Acc: 0.7923 | Val F1: 0.6887
Epoch [076/300] | Duration: 36.65s | Train Loss: 0.4810 | Train Acc: 0.8279 | Val Loss: 0.6636 | Val Acc: 0.7846 | Val F1: 0.6041
Epoch [077/300] | Duration: 36.60s | Train Loss: 0.5129 | Train Acc: 0.8221 | Val Loss: 0.6457 | Val Acc: 0.7615 | Val F1: 0.5865
Epoch [078/300] | Duration: 36.78s | Train Loss: 0.4870 | Train Acc: 0.8414 | Val Loss: 0.6790 | Val Acc: 0.8077 | Val F1: 0.7010
🎉 New best model found! F1-Score: 0.7010. Saved to training_outputs/20250709-194915/best_model.pth
Epoch [079/300] | Duration: 37.10s | Train Loss: 0.5013 | Train Acc: 0.8298 | Val Loss: 0.6612 | Val Acc: 0.7692 | Val F1: 0.5924
Epoch [080/300] | Duration: 37.07s | Train Loss: 0.5014 | Train Acc: 0.8201 | Val Loss: 0.6688 | Val Acc: 0.8000 | Val F1: 0.6950
Epoch [081/300] | Duration: 36.87s | Train Loss: 0.5031 | Train Acc: 0.8337 | Val Loss: 0.6716 | Val Acc: 0.7846 | Val F1: 0.6837
Epoch [082/300] | Duration: 37.16s | Train Loss: 0.5102 | Train Acc: 0.8337 | Val Loss: 0.6328 | Val Acc: 0.7769 | Val F1: 0.5980
Epoch [083/300] | Duration: 37.09s | Train Loss: 0.5177 | Train Acc: 0.8298 | Val Loss: 0.6526 | Val Acc: 0.7692 | Val F1: 0.5926
Epoch [084/300] | Duration: 37.18s | Train Loss: 0.5002 | Train Acc: 0.8221 | Val Loss: 0.6374 | Val Acc: 0.8000 | Val F1: 0.6152
Epoch [085/300] | Duration: 37.27s | Train Loss: 0.4848 | Train Acc: 0.8433 | Val Loss: 0.6365 | Val Acc: 0.8000 | Val F1: 0.6152
Epoch [086/300] | Duration: 37.04s | Train Loss: 0.4851 | Train Acc: 0.8124 | Val Loss: 0.6507 | Val Acc: 0.7846 | Val F1: 0.6041
Epoch [087/300] | Duration: 37.16s | Train Loss: 0.4717 | Train Acc: 0.8491 | Val Loss: 0.6471 | Val Acc: 0.7846 | Val F1: 0.6839
Epoch [088/300] | Duration: 37.34s | Train Loss: 0.4943 | Train Acc: 0.8298 | Val Loss: 0.6650 | Val Acc: 0.7923 | Val F1: 0.6893
Epoch [089/300] | Duration: 37.20s | Train Loss: 0.5138 | Train Acc: 0.8221 | Val Loss: 0.6432 | Val Acc: 0.7846 | Val F1: 0.6837
Epoch [090/300] | Duration: 36.87s | Train Loss: 0.4879 | Train Acc: 0.8356 | Val Loss: 0.6436 | Val Acc: 0.7923 | Val F1: 0.6893
Epoch [091/300] | Duration: 37.15s | Train Loss: 0.5089 | Train Acc: 0.8124 | Val Loss: 0.6558 | Val Acc: 0.7923 | Val F1: 0.6893
Epoch [092/300] | Duration: 37.10s | Train Loss: 0.4739 | Train Acc: 0.8356 | Val Loss: 0.6489 | Val Acc: 0.7846 | Val F1: 0.6834
Epoch [093/300] | Duration: 36.71s | Train Loss: 0.4802 | Train Acc: 0.8298 | Val Loss: 0.6254 | Val Acc: 0.7846 | Val F1: 0.6036
Epoch [094/300] | Duration: 36.39s | Train Loss: 0.4893 | Train Acc: 0.8375 | Val Loss: 0.6642 | Val Acc: 0.7846 | Val F1: 0.6833
Epoch [095/300] | Duration: 36.99s | Train Loss: 0.4976 | Train Acc: 0.8124 | Val Loss: 0.6523 | Val Acc: 0.8000 | Val F1: 0.6950
Epoch [096/300] | Duration: 37.13s | Train Loss: 0.4638 | Train Acc: 0.8337 | Val Loss: 0.6548 | Val Acc: 0.7923 | Val F1: 0.6893
Epoch [097/300] | Duration: 36.88s | Train Loss: 0.4655 | Train Acc: 0.8491 | Val Loss: 0.6605 | Val Acc: 0.7923 | Val F1: 0.6893
Epoch [098/300] | Duration: 36.63s | Train Loss: 0.4771 | Train Acc: 0.8337 | Val Loss: 0.6471 | Val Acc: 0.7846 | Val F1: 0.6837
Epoch [099/300] | Duration: 36.56s | Train Loss: 0.4831 | Train Acc: 0.8279 | Val Loss: 0.6567 | Val Acc: 0.7846 | Val F1: 0.6837
Epoch [100/300] | Duration: 37.10s | Train Loss: 0.4559 | Train Acc: 0.8472 | Val Loss: 0.6318 | Val Acc: 0.7692 | Val F1: 0.5921
Epoch [101/300] | Duration: 37.10s | Train Loss: 0.4701 | Train Acc: 0.8453 | Val Loss: 0.6254 | Val Acc: 0.7846 | Val F1: 0.6839
Epoch [102/300] | Duration: 37.03s | Train Loss: 0.4780 | Train Acc: 0.8433 | Val Loss: 0.6503 | Val Acc: 0.7846 | Val F1: 0.6837
Epoch [103/300] | Duration: 37.15s | Train Loss: 0.4519 | Train Acc: 0.8433 | Val Loss: 0.6323 | Val Acc: 0.7769 | Val F1: 0.5980
Epoch [104/300] | Duration: 36.92s | Train Loss: 0.4573 | Train Acc: 0.8356 | Val Loss: 0.6160 | Val Acc: 0.8000 | Val F1: 0.6159
Epoch [105/300] | Duration: 37.00s | Train Loss: 0.4711 | Train Acc: 0.8317 | Val Loss: 0.6559 | Val Acc: 0.7923 | Val F1: 0.6893
Epoch [106/300] | Duration: 36.53s | Train Loss: 0.4740 | Train Acc: 0.8240 | Val Loss: 0.6352 | Val Acc: 0.7923 | Val F1: 0.6893
Epoch [107/300] | Duration: 36.72s | Train Loss: 0.4472 | Train Acc: 0.8588 | Val Loss: 0.6285 | Val Acc: 0.8000 | Val F1: 0.6948
Epoch [108/300] | Duration: 37.16s | Train Loss: 0.4726 | Train Acc: 0.8395 | Val Loss: 0.6250 | Val Acc: 0.7923 | Val F1: 0.6891
Epoch [109/300] | Duration: 37.26s | Train Loss: 0.4539 | Train Acc: 0.8433 | Val Loss: 0.6287 | Val Acc: 0.7846 | Val F1: 0.6039
Epoch [110/300] | Duration: 37.77s | Train Loss: 0.5001 | Train Acc: 0.8182 | Val Loss: 0.6447 | Val Acc: 0.7923 | Val F1: 0.6893
Epoch [111/300] | Duration: 37.46s | Train Loss: 0.4374 | Train Acc: 0.8375 | Val Loss: 0.6362 | Val Acc: 0.8000 | Val F1: 0.6953
Epoch [112/300] | Duration: 37.52s | Train Loss: 0.4731 | Train Acc: 0.8491 | Val Loss: 0.6317 | Val Acc: 0.8000 | Val F1: 0.6948
Epoch [113/300] | Duration: 37.72s | Train Loss: 0.4844 | Train Acc: 0.8453 | Val Loss: 0.6181 | Val Acc: 0.8000 | Val F1: 0.6155
Epoch [114/300] | Duration: 37.26s | Train Loss: 0.4464 | Train Acc: 0.8395 | Val Loss: 0.6241 | Val Acc: 0.7923 | Val F1: 0.6098
Epoch [115/300] | Duration: 37.43s | Train Loss: 0.4601 | Train Acc: 0.8337 | Val Loss: 0.6337 | Val Acc: 0.8000 | Val F1: 0.6953
Epoch [116/300] | Duration: 37.49s | Train Loss: 0.4529 | Train Acc: 0.8433 | Val Loss: 0.6167 | Val Acc: 0.7923 | Val F1: 0.6095
Epoch [117/300] | Duration: 37.52s | Train Loss: 0.4389 | Train Acc: 0.8491 | Val Loss: 0.6350 | Val Acc: 0.7923 | Val F1: 0.6896
Epoch [118/300] | Duration: 37.69s | Train Loss: 0.4353 | Train Acc: 0.8549 | Val Loss: 0.6329 | Val Acc: 0.7769 | Val F1: 0.5980
Epoch [119/300] | Duration: 37.60s | Train Loss: 0.4777 | Train Acc: 0.8279 | Val Loss: 0.6399 | Val Acc: 0.7769 | Val F1: 0.5981
Epoch [120/300] | Duration: 37.49s | Train Loss: 0.4660 | Train Acc: 0.8472 | Val Loss: 0.6380 | Val Acc: 0.8000 | Val F1: 0.6953
Epoch [121/300] | Duration: 37.49s | Train Loss: 0.4513 | Train Acc: 0.8453 | Val Loss: 0.6350 | Val Acc: 0.8077 | Val F1: 0.7010
Epoch [122/300] | Duration: 37.58s | Train Loss: 0.4561 | Train Acc: 0.8511 | Val Loss: 0.6458 | Val Acc: 0.8077 | Val F1: 0.7012
🎉 New best model found! F1-Score: 0.7012. Saved to training_outputs/20250709-194915/best_model.pth
Epoch [123/300] | Duration: 37.65s | Train Loss: 0.4570 | Train Acc: 0.8375 | Val Loss: 0.6104 | Val Acc: 0.7923 | Val F1: 0.6098
Epoch [124/300] | Duration: 37.55s | Train Loss: 0.4810 | Train Acc: 0.8433 | Val Loss: 0.6467 | Val Acc: 0.7846 | Val F1: 0.6039
Epoch [125/300] | Duration: 37.61s | Train Loss: 0.4484 | Train Acc: 0.8414 | Val Loss: 0.6457 | Val Acc: 0.7923 | Val F1: 0.6893
Epoch [126/300] | Duration: 37.49s | Train Loss: 0.4531 | Train Acc: 0.8472 | Val Loss: 0.6217 | Val Acc: 0.7769 | Val F1: 0.5980
Epoch [127/300] | Duration: 37.52s | Train Loss: 0.4650 | Train Acc: 0.8356 | Val Loss: 0.6461 | Val Acc: 0.8000 | Val F1: 0.6953
Epoch [128/300] | Duration: 37.48s | Train Loss: 0.4347 | Train Acc: 0.8511 | Val Loss: 0.6218 | Val Acc: 0.7923 | Val F1: 0.6897
Epoch [129/300] | Duration: 37.30s | Train Loss: 0.4417 | Train Acc: 0.8375 | Val Loss: 0.6114 | Val Acc: 0.7923 | Val F1: 0.6098
Epoch [130/300] | Duration: 37.57s | Train Loss: 0.4490 | Train Acc: 0.8317 | Val Loss: 0.5984 | Val Acc: 0.7923 | Val F1: 0.6098
Epoch [131/300] | Duration: 37.54s | Train Loss: 0.4301 | Train Acc: 0.8549 | Val Loss: 0.6067 | Val Acc: 0.7923 | Val F1: 0.6098
Epoch [132/300] | Duration: 37.43s | Train Loss: 0.4543 | Train Acc: 0.8317 | Val Loss: 0.6207 | Val Acc: 0.8000 | Val F1: 0.6949
Epoch [133/300] | Duration: 37.58s | Train Loss: 0.4259 | Train Acc: 0.8511 | Val Loss: 0.6249 | Val Acc: 0.7923 | Val F1: 0.6896
Epoch [134/300] | Duration: 37.60s | Train Loss: 0.4828 | Train Acc: 0.8221 | Val Loss: 0.6056 | Val Acc: 0.7923 | Val F1: 0.6098
Epoch [135/300] | Duration: 37.62s | Train Loss: 0.4200 | Train Acc: 0.8511 | Val Loss: 0.6093 | Val Acc: 0.7846 | Val F1: 0.6039
Epoch [136/300] | Duration: 37.59s | Train Loss: 0.4279 | Train Acc: 0.8530 | Val Loss: 0.6180 | Val Acc: 0.7923 | Val F1: 0.6098
Epoch [137/300] | Duration: 37.62s | Train Loss: 0.4372 | Train Acc: 0.8453 | Val Loss: 0.6022 | Val Acc: 0.8000 | Val F1: 0.6953
Epoch [138/300] | Duration: 37.54s | Train Loss: 0.4331 | Train Acc: 0.8453 | Val Loss: 0.6026 | Val Acc: 0.7846 | Val F1: 0.6039
Epoch [139/300] | Duration: 37.60s | Train Loss: 0.4324 | Train Acc: 0.8453 | Val Loss: 0.6177 | Val Acc: 0.7846 | Val F1: 0.6039
Epoch [140/300] | Duration: 37.82s | Train Loss: 0.4442 | Train Acc: 0.8356 | Val Loss: 0.6062 | Val Acc: 0.7923 | Val F1: 0.6096
Epoch [141/300] | Duration: 37.69s | Train Loss: 0.4346 | Train Acc: 0.8453 | Val Loss: 0.5996 | Val Acc: 0.7923 | Val F1: 0.6104
Epoch [142/300] | Duration: 37.54s | Train Loss: 0.4319 | Train Acc: 0.8511 | Val Loss: 0.6353 | Val Acc: 0.7923 | Val F1: 0.6896
Epoch [143/300] | Duration: 37.54s | Train Loss: 0.4383 | Train Acc: 0.8472 | Val Loss: 0.6326 | Val Acc: 0.8000 | Val F1: 0.6954
Epoch [144/300] | Duration: 37.63s | Train Loss: 0.4633 | Train Acc: 0.8395 | Val Loss: 0.6135 | Val Acc: 0.8000 | Val F1: 0.6953
Epoch [145/300] | Duration: 37.54s | Train Loss: 0.4348 | Train Acc: 0.8472 | Val Loss: 0.5934 | Val Acc: 0.8000 | Val F1: 0.6162
Epoch [146/300] | Duration: 37.62s | Train Loss: 0.4386 | Train Acc: 0.8627 | Val Loss: 0.6130 | Val Acc: 0.7923 | Val F1: 0.6096
Epoch [147/300] | Duration: 37.56s | Train Loss: 0.4118 | Train Acc: 0.8588 | Val Loss: 0.5985 | Val Acc: 0.7923 | Val F1: 0.6104
Epoch [148/300] | Duration: 37.67s | Train Loss: 0.4573 | Train Acc: 0.8414 | Val Loss: 0.6146 | Val Acc: 0.7769 | Val F1: 0.5983
Epoch [149/300] | Duration: 37.62s | Train Loss: 0.4331 | Train Acc: 0.8472 | Val Loss: 0.5951 | Val Acc: 0.7846 | Val F1: 0.6038
Epoch [150/300] | Duration: 37.43s | Train Loss: 0.4034 | Train Acc: 0.8588 | Val Loss: 0.6000 | Val Acc: 0.7769 | Val F1: 0.5980
Epoch [151/300] | Duration: 37.49s | Train Loss: 0.4356 | Train Acc: 0.8511 | Val Loss: 0.6410 | Val Acc: 0.7923 | Val F1: 0.6098
Epoch [152/300] | Duration: 37.56s | Train Loss: 0.4390 | Train Acc: 0.8414 | Val Loss: 0.6153 | Val Acc: 0.7769 | Val F1: 0.5983
Epoch [153/300] | Duration: 37.57s | Train Loss: 0.4152 | Train Acc: 0.8607 | Val Loss: 0.6155 | Val Acc: 0.7846 | Val F1: 0.6039
Epoch [154/300] | Duration: 37.31s | Train Loss: 0.4323 | Train Acc: 0.8453 | Val Loss: 0.5947 | Val Acc: 0.7923 | Val F1: 0.6104
Epoch [155/300] | Duration: 37.38s | Train Loss: 0.4414 | Train Acc: 0.8337 | Val Loss: 0.6053 | Val Acc: 0.7923 | Val F1: 0.6897
Epoch [156/300] | Duration: 37.57s | Train Loss: 0.4539 | Train Acc: 0.8530 | Val Loss: 0.6111 | Val Acc: 0.8077 | Val F1: 0.7012
Epoch [157/300] | Duration: 37.61s | Train Loss: 0.4510 | Train Acc: 0.8453 | Val Loss: 0.5966 | Val Acc: 0.7923 | Val F1: 0.6104
Epoch [158/300] | Duration: 37.93s | Train Loss: 0.4256 | Train Acc: 0.8433 | Val Loss: 0.6086 | Val Acc: 0.7923 | Val F1: 0.6117
Epoch [159/300] | Duration: 38.73s | Train Loss: 0.4205 | Train Acc: 0.8414 | Val Loss: 0.5963 | Val Acc: 0.8000 | Val F1: 0.6159
Epoch [160/300] | Duration: 38.21s | Train Loss: 0.4073 | Train Acc: 0.8472 | Val Loss: 0.5930 | Val Acc: 0.8000 | Val F1: 0.6162
Epoch [161/300] | Duration: 38.32s | Train Loss: 0.4133 | Train Acc: 0.8511 | Val Loss: 0.5818 | Val Acc: 0.7923 | Val F1: 0.6102
Epoch [162/300] | Duration: 37.48s | Train Loss: 0.4268 | Train Acc: 0.8569 | Val Loss: 0.6102 | Val Acc: 0.7923 | Val F1: 0.6896
Epoch [163/300] | Duration: 37.58s | Train Loss: 0.4231 | Train Acc: 0.8569 | Val Loss: 0.5946 | Val Acc: 0.7846 | Val F1: 0.6039
Epoch [164/300] | Duration: 37.72s | Train Loss: 0.4156 | Train Acc: 0.8511 | Val Loss: 0.5819 | Val Acc: 0.7923 | Val F1: 0.6104
Epoch [165/300] | Duration: 37.63s | Train Loss: 0.4252 | Train Acc: 0.8433 | Val Loss: 0.6002 | Val Acc: 0.7923 | Val F1: 0.6896
Epoch [166/300] | Duration: 37.56s | Train Loss: 0.4112 | Train Acc: 0.8549 | Val Loss: 0.5706 | Val Acc: 0.8000 | Val F1: 0.6162
Epoch [167/300] | Duration: 37.66s | Train Loss: 0.4244 | Train Acc: 0.8569 | Val Loss: 0.5892 | Val Acc: 0.7923 | Val F1: 0.6096
Epoch [168/300] | Duration: 37.51s | Train Loss: 0.4271 | Train Acc: 0.8627 | Val Loss: 0.5885 | Val Acc: 0.7923 | Val F1: 0.6896
Epoch [169/300] | Duration: 37.66s | Train Loss: 0.4256 | Train Acc: 0.8549 | Val Loss: 0.6085 | Val Acc: 0.8000 | Val F1: 0.6953
Epoch [170/300] | Duration: 38.16s | Train Loss: 0.4064 | Train Acc: 0.8549 | Val Loss: 0.5749 | Val Acc: 0.8000 | Val F1: 0.6162
Epoch [171/300] | Duration: 38.25s | Train Loss: 0.3820 | Train Acc: 0.8685 | Val Loss: 0.5843 | Val Acc: 0.7923 | Val F1: 0.6104
Epoch [172/300] | Duration: 38.02s | Train Loss: 0.4067 | Train Acc: 0.8607 | Val Loss: 0.5750 | Val Acc: 0.8000 | Val F1: 0.6162
Epoch [173/300] | Duration: 38.22s | Train Loss: 0.4093 | Train Acc: 0.8607 | Val Loss: 0.6006 | Val Acc: 0.7923 | Val F1: 0.6098
Epoch [174/300] | Duration: 38.06s | Train Loss: 0.4203 | Train Acc: 0.8607 | Val Loss: 0.6049 | Val Acc: 0.7923 | Val F1: 0.6095
Epoch [175/300] | Duration: 38.20s | Train Loss: 0.3926 | Train Acc: 0.8723 | Val Loss: 0.5930 | Val Acc: 0.7846 | Val F1: 0.6041
Epoch [176/300] | Duration: 38.08s | Train Loss: 0.3962 | Train Acc: 0.8665 | Val Loss: 0.5986 | Val Acc: 0.7923 | Val F1: 0.6098
Epoch [177/300] | Duration: 38.12s | Train Loss: 0.4084 | Train Acc: 0.8588 | Val Loss: 0.6079 | Val Acc: 0.7769 | Val F1: 0.5983
Epoch [178/300] | Duration: 38.19s | Train Loss: 0.4009 | Train Acc: 0.8723 | Val Loss: 0.5775 | Val Acc: 0.8000 | Val F1: 0.6162
Epoch [179/300] | Duration: 37.54s | Train Loss: 0.3974 | Train Acc: 0.8607 | Val Loss: 0.5677 | Val Acc: 0.8000 | Val F1: 0.6162
Epoch [180/300] | Duration: 37.66s | Train Loss: 0.4165 | Train Acc: 0.8453 | Val Loss: 0.6058 | Val Acc: 0.7846 | Val F1: 0.6839
Epoch [181/300] | Duration: 37.71s | Train Loss: 0.3989 | Train Acc: 0.8704 | Val Loss: 0.5872 | Val Acc: 0.7923 | Val F1: 0.6104
Epoch [182/300] | Duration: 37.62s | Train Loss: 0.3982 | Train Acc: 0.8646 | Val Loss: 0.5757 | Val Acc: 0.8154 | Val F1: 0.7075
🎉 New best model found! F1-Score: 0.7075. Saved to training_outputs/20250709-194915/best_model.pth
Epoch [183/300] | Duration: 37.62s | Train Loss: 0.4275 | Train Acc: 0.8588 | Val Loss: 0.5880 | Val Acc: 0.7923 | Val F1: 0.6096
Epoch [184/300] | Duration: 37.64s | Train Loss: 0.4280 | Train Acc: 0.8588 | Val Loss: 0.5646 | Val Acc: 0.7923 | Val F1: 0.6106
Epoch [185/300] | Duration: 37.48s | Train Loss: 0.4014 | Train Acc: 0.8627 | Val Loss: 0.5642 | Val Acc: 0.7923 | Val F1: 0.6104
Epoch [186/300] | Duration: 37.73s | Train Loss: 0.3907 | Train Acc: 0.8569 | Val Loss: 0.5539 | Val Acc: 0.8077 | Val F1: 0.6220
Epoch [187/300] | Duration: 37.59s | Train Loss: 0.4205 | Train Acc: 0.8511 | Val Loss: 0.5645 | Val Acc: 0.8000 | Val F1: 0.6155
Epoch [188/300] | Duration: 37.56s | Train Loss: 0.4060 | Train Acc: 0.8627 | Val Loss: 0.5880 | Val Acc: 0.7923 | Val F1: 0.6117
Epoch [189/300] | Duration: 37.57s | Train Loss: 0.4041 | Train Acc: 0.8511 | Val Loss: 0.5727 | Val Acc: 0.8000 | Val F1: 0.6162
Epoch [190/300] | Duration: 37.60s | Train Loss: 0.4008 | Train Acc: 0.8549 | Val Loss: 0.5785 | Val Acc: 0.7846 | Val F1: 0.6039
Epoch [191/300] | Duration: 37.62s | Train Loss: 0.4045 | Train Acc: 0.8627 | Val Loss: 0.5904 | Val Acc: 0.7923 | Val F1: 0.6098
Epoch [192/300] | Duration: 37.50s | Train Loss: 0.4081 | Train Acc: 0.8588 | Val Loss: 0.5715 | Val Acc: 0.7923 | Val F1: 0.6126
Epoch [193/300] | Duration: 37.39s | Train Loss: 0.4018 | Train Acc: 0.8743 | Val Loss: 0.5778 | Val Acc: 0.7923 | Val F1: 0.6104
Epoch [194/300] | Duration: 37.39s | Train Loss: 0.4021 | Train Acc: 0.8511 | Val Loss: 0.5806 | Val Acc: 0.8077 | Val F1: 0.7016
Epoch [195/300] | Duration: 37.49s | Train Loss: 0.3916 | Train Acc: 0.8646 | Val Loss: 0.5574 | Val Acc: 0.8000 | Val F1: 0.6164
Epoch [196/300] | Duration: 37.60s | Train Loss: 0.3851 | Train Acc: 0.8627 | Val Loss: 0.5768 | Val Acc: 0.8077 | Val F1: 0.6912
Epoch [197/300] | Duration: 37.54s | Train Loss: 0.3858 | Train Acc: 0.8665 | Val Loss: 0.5764 | Val Acc: 0.7923 | Val F1: 0.6896
Epoch [198/300] | Duration: 37.47s | Train Loss: 0.3842 | Train Acc: 0.8627 | Val Loss: 0.5661 | Val Acc: 0.8000 | Val F1: 0.6164
Epoch [199/300] | Duration: 37.58s | Train Loss: 0.4127 | Train Acc: 0.8607 | Val Loss: 0.5550 | Val Acc: 0.8077 | Val F1: 0.6220
Epoch [200/300] | Duration: 37.67s | Train Loss: 0.3900 | Train Acc: 0.8781 | Val Loss: 0.5473 | Val Acc: 0.8077 | Val F1: 0.6220
Epoch [201/300] | Duration: 37.55s | Train Loss: 0.3843 | Train Acc: 0.8781 | Val Loss: 0.5783 | Val Acc: 0.8000 | Val F1: 0.6156
Epoch [202/300] | Duration: 37.46s | Train Loss: 0.4050 | Train Acc: 0.8685 | Val Loss: 0.5851 | Val Acc: 0.7846 | Val F1: 0.6039
Epoch [203/300] | Duration: 37.65s | Train Loss: 0.3955 | Train Acc: 0.8607 | Val Loss: 0.5677 | Val Acc: 0.8231 | Val F1: 0.7132
🎉 New best model found! F1-Score: 0.7132. Saved to training_outputs/20250709-194915/best_model.pth
Epoch [204/300] | Duration: 37.87s | Train Loss: 0.3944 | Train Acc: 0.8569 | Val Loss: 0.5911 | Val Acc: 0.8077 | Val F1: 0.7012
Epoch [205/300] | Duration: 38.09s | Train Loss: 0.3933 | Train Acc: 0.8685 | Val Loss: 0.5561 | Val Acc: 0.8154 | Val F1: 0.6296
Epoch [206/300] | Duration: 38.10s | Train Loss: 0.4132 | Train Acc: 0.8588 | Val Loss: 0.5753 | Val Acc: 0.8077 | Val F1: 0.6913
Epoch [207/300] | Duration: 38.16s | Train Loss: 0.4106 | Train Acc: 0.8607 | Val Loss: 0.5769 | Val Acc: 0.8231 | Val F1: 0.7035
Epoch [208/300] | Duration: 38.02s | Train Loss: 0.4049 | Train Acc: 0.8530 | Val Loss: 0.5457 | Val Acc: 0.8154 | Val F1: 0.6296
Epoch [209/300] | Duration: 38.06s | Train Loss: 0.3655 | Train Acc: 0.8704 | Val Loss: 0.5702 | Val Acc: 0.7846 | Val F1: 0.6048
Epoch [210/300] | Duration: 38.04s | Train Loss: 0.3767 | Train Acc: 0.8743 | Val Loss: 0.5798 | Val Acc: 0.8000 | Val F1: 0.6182
Epoch [211/300] | Duration: 38.12s | Train Loss: 0.3833 | Train Acc: 0.8646 | Val Loss: 0.5709 | Val Acc: 0.8077 | Val F1: 0.7016
Epoch [212/300] | Duration: 38.12s | Train Loss: 0.4214 | Train Acc: 0.8607 | Val Loss: 0.5773 | Val Acc: 0.8000 | Val F1: 0.6953
Epoch [213/300] | Duration: 37.94s | Train Loss: 0.3968 | Train Acc: 0.8453 | Val Loss: 0.5788 | Val Acc: 0.8000 | Val F1: 0.6176
Epoch [214/300] | Duration: 37.58s | Train Loss: 0.3686 | Train Acc: 0.8781 | Val Loss: 0.5622 | Val Acc: 0.8000 | Val F1: 0.6164
Epoch [215/300] | Duration: 37.67s | Train Loss: 0.3818 | Train Acc: 0.8685 | Val Loss: 0.5708 | Val Acc: 0.7923 | Val F1: 0.6098
Epoch [216/300] | Duration: 37.69s | Train Loss: 0.4062 | Train Acc: 0.8627 | Val Loss: 0.5535 | Val Acc: 0.8000 | Val F1: 0.6162
Epoch [217/300] | Duration: 37.50s | Train Loss: 0.3719 | Train Acc: 0.8704 | Val Loss: 0.5703 | Val Acc: 0.8077 | Val F1: 0.7019
Epoch [218/300] | Duration: 37.65s | Train Loss: 0.3746 | Train Acc: 0.8743 | Val Loss: 0.5584 | Val Acc: 0.8000 | Val F1: 0.6164
Epoch [219/300] | Duration: 37.59s | Train Loss: 0.4063 | Train Acc: 0.8491 | Val Loss: 0.5509 | Val Acc: 0.8077 | Val F1: 0.6220
Epoch [220/300] | Duration: 37.51s | Train Loss: 0.3574 | Train Acc: 0.8781 | Val Loss: 0.5568 | Val Acc: 0.8077 | Val F1: 0.7019
Epoch [221/300] | Duration: 37.77s | Train Loss: 0.3997 | Train Acc: 0.8549 | Val Loss: 0.5709 | Val Acc: 0.8077 | Val F1: 0.7019
Epoch [222/300] | Duration: 37.61s | Train Loss: 0.3758 | Train Acc: 0.8743 | Val Loss: 0.5698 | Val Acc: 0.8077 | Val F1: 0.6220
Epoch [223/300] | Duration: 37.62s | Train Loss: 0.3644 | Train Acc: 0.8723 | Val Loss: 0.5482 | Val Acc: 0.8154 | Val F1: 0.7077
Epoch [224/300] | Duration: 37.51s | Train Loss: 0.3769 | Train Acc: 0.8743 | Val Loss: 0.5625 | Val Acc: 0.7923 | Val F1: 0.6098
Epoch [225/300] | Duration: 37.50s | Train Loss: 0.3864 | Train Acc: 0.8781 | Val Loss: 0.5670 | Val Acc: 0.7846 | Val F1: 0.6048
Epoch [226/300] | Duration: 37.59s | Train Loss: 0.3893 | Train Acc: 0.8665 | Val Loss: 0.5702 | Val Acc: 0.8154 | Val F1: 0.6297
Epoch [227/300] | Duration: 37.51s | Train Loss: 0.3648 | Train Acc: 0.8859 | Val Loss: 0.5477 | Val Acc: 0.8000 | Val F1: 0.6164
Epoch [228/300] | Duration: 37.53s | Train Loss: 0.3739 | Train Acc: 0.8762 | Val Loss: 0.5548 | Val Acc: 0.8000 | Val F1: 0.6162
Epoch [229/300] | Duration: 37.68s | Train Loss: 0.4090 | Train Acc: 0.8569 | Val Loss: 0.5371 | Val Acc: 0.8000 | Val F1: 0.6162
Epoch [230/300] | Duration: 37.75s | Train Loss: 0.3888 | Train Acc: 0.8685 | Val Loss: 0.5777 | Val Acc: 0.8000 | Val F1: 0.6954
Epoch [231/300] | Duration: 37.66s | Train Loss: 0.3733 | Train Acc: 0.8685 | Val Loss: 0.5575 | Val Acc: 0.8154 | Val F1: 0.6978
Epoch [232/300] | Duration: 37.57s | Train Loss: 0.3536 | Train Acc: 0.8897 | Val Loss: 0.5648 | Val Acc: 0.8154 | Val F1: 0.6978
Epoch [233/300] | Duration: 37.41s | Train Loss: 0.3957 | Train Acc: 0.8665 | Val Loss: 0.5657 | Val Acc: 0.8154 | Val F1: 0.6978
Epoch [234/300] | Duration: 37.74s | Train Loss: 0.3547 | Train Acc: 0.8820 | Val Loss: 0.5471 | Val Acc: 0.8077 | Val F1: 0.6229
Epoch [235/300] | Duration: 37.57s | Train Loss: 0.3711 | Train Acc: 0.8762 | Val Loss: 0.5660 | Val Acc: 0.8154 | Val F1: 0.7077
Epoch [236/300] | Duration: 37.21s | Train Loss: 0.3545 | Train Acc: 0.8801 | Val Loss: 0.5547 | Val Acc: 0.8154 | Val F1: 0.7075
Epoch [237/300] | Duration: 37.61s | Train Loss: 0.3772 | Train Acc: 0.8588 | Val Loss: 0.5451 | Val Acc: 0.8308 | Val F1: 0.6413
Epoch [238/300] | Duration: 37.47s | Train Loss: 0.3722 | Train Acc: 0.8549 | Val Loss: 0.5699 | Val Acc: 0.8000 | Val F1: 0.6789
Epoch [239/300] | Duration: 37.48s | Train Loss: 0.3935 | Train Acc: 0.8685 | Val Loss: 0.5593 | Val Acc: 0.8077 | Val F1: 0.6847
Epoch [240/300] | Duration: 37.72s | Train Loss: 0.3647 | Train Acc: 0.8685 | Val Loss: 0.5493 | Val Acc: 0.8077 | Val F1: 0.6220
Epoch [241/300] | Duration: 37.51s | Train Loss: 0.4011 | Train Acc: 0.8685 | Val Loss: 0.5719 | Val Acc: 0.8077 | Val F1: 0.6919
Epoch [242/300] | Duration: 37.55s | Train Loss: 0.3704 | Train Acc: 0.8704 | Val Loss: 0.5374 | Val Acc: 0.8077 | Val F1: 0.6220
Epoch [243/300] | Duration: 37.40s | Train Loss: 0.3707 | Train Acc: 0.8801 | Val Loss: 0.5347 | Val Acc: 0.8077 | Val F1: 0.6220
Epoch [244/300] | Duration: 37.40s | Train Loss: 0.3559 | Train Acc: 0.8762 | Val Loss: 0.5272 | Val Acc: 0.8077 | Val F1: 0.6220
Epoch [245/300] | Duration: 37.83s | Train Loss: 0.3623 | Train Acc: 0.8743 | Val Loss: 0.5256 | Val Acc: 0.8154 | Val F1: 0.7077
Epoch [246/300] | Duration: 37.56s | Train Loss: 0.3642 | Train Acc: 0.8723 | Val Loss: 0.5370 | Val Acc: 0.8077 | Val F1: 0.6220
Epoch [247/300] | Duration: 37.56s | Train Loss: 0.3652 | Train Acc: 0.8723 | Val Loss: 0.5482 | Val Acc: 0.7923 | Val F1: 0.6121
Epoch [248/300] | Duration: 37.84s | Train Loss: 0.3516 | Train Acc: 0.8743 | Val Loss: 0.5408 | Val Acc: 0.8077 | Val F1: 0.7019
Epoch [249/300] | Duration: 37.61s | Train Loss: 0.3475 | Train Acc: 0.8859 | Val Loss: 0.5196 | Val Acc: 0.8154 | Val F1: 0.6296
Epoch [250/300] | Duration: 37.61s | Train Loss: 0.3616 | Train Acc: 0.8859 | Val Loss: 0.5401 | Val Acc: 0.8077 | Val F1: 0.6240
Epoch [251/300] | Duration: 37.66s | Train Loss: 0.3589 | Train Acc: 0.8781 | Val Loss: 0.5685 | Val Acc: 0.8231 | Val F1: 0.7036
Epoch [252/300] | Duration: 37.49s | Train Loss: 0.3441 | Train Acc: 0.8762 | Val Loss: 0.5391 | Val Acc: 0.8000 | Val F1: 0.6164
Epoch [253/300] | Duration: 37.63s | Train Loss: 0.3536 | Train Acc: 0.8820 | Val Loss: 0.5341 | Val Acc: 0.8077 | Val F1: 0.6240
Epoch [254/300] | Duration: 37.50s | Train Loss: 0.3763 | Train Acc: 0.8781 | Val Loss: 0.5663 | Val Acc: 0.8000 | Val F1: 0.6962
Epoch [255/300] | Duration: 37.58s | Train Loss: 0.3377 | Train Acc: 0.8917 | Val Loss: 0.5562 | Val Acc: 0.8077 | Val F1: 0.6220
Epoch [256/300] | Duration: 37.59s | Train Loss: 0.3635 | Train Acc: 0.8801 | Val Loss: 0.5548 | Val Acc: 0.8077 | Val F1: 0.6220
Epoch [257/300] | Duration: 37.41s | Train Loss: 0.3414 | Train Acc: 0.8781 | Val Loss: 0.5499 | Val Acc: 0.8077 | Val F1: 0.6220
Epoch [258/300] | Duration: 37.36s | Train Loss: 0.3585 | Train Acc: 0.8743 | Val Loss: 0.5136 | Val Acc: 0.8308 | Val F1: 0.7188
🎉 New best model found! F1-Score: 0.7188. Saved to training_outputs/20250709-194915/best_model.pth
Epoch [259/300] | Duration: 37.61s | Train Loss: 0.3345 | Train Acc: 0.8859 | Val Loss: 0.5681 | Val Acc: 0.8077 | Val F1: 0.6921
Epoch [260/300] | Duration: 37.67s | Train Loss: 0.3687 | Train Acc: 0.8820 | Val Loss: 0.5388 | Val Acc: 0.7923 | Val F1: 0.6106
Epoch [261/300] | Duration: 37.55s | Train Loss: 0.3447 | Train Acc: 0.8859 | Val Loss: 0.5333 | Val Acc: 0.8000 | Val F1: 0.6164
Epoch [262/300] | Duration: 37.74s | Train Loss: 0.3408 | Train Acc: 0.8897 | Val Loss: 0.5311 | Val Acc: 0.8231 | Val F1: 0.7132
Epoch [263/300] | Duration: 37.36s | Train Loss: 0.3614 | Train Acc: 0.8646 | Val Loss: 0.5389 | Val Acc: 0.8077 | Val F1: 0.7020
Epoch [264/300] | Duration: 37.42s | Train Loss: 0.3534 | Train Acc: 0.8801 | Val Loss: 0.5462 | Val Acc: 0.8077 | Val F1: 0.6220
Epoch [265/300] | Duration: 37.51s | Train Loss: 0.3623 | Train Acc: 0.8801 | Val Loss: 0.5193 | Val Acc: 0.8077 | Val F1: 0.6218
Epoch [266/300] | Duration: 37.60s | Train Loss: 0.3467 | Train Acc: 0.8704 | Val Loss: 0.5361 | Val Acc: 0.8077 | Val F1: 0.7020
Epoch [267/300] | Duration: 37.61s | Train Loss: 0.3453 | Train Acc: 0.8762 | Val Loss: 0.5376 | Val Acc: 0.8077 | Val F1: 0.6229
Epoch [268/300] | Duration: 37.56s | Train Loss: 0.3600 | Train Acc: 0.8704 | Val Loss: 0.5529 | Val Acc: 0.8000 | Val F1: 0.6164
Epoch [269/300] | Duration: 37.50s | Train Loss: 0.3501 | Train Acc: 0.8859 | Val Loss: 0.5493 | Val Acc: 0.8077 | Val F1: 0.7020
Epoch [270/300] | Duration: 37.58s | Train Loss: 0.3483 | Train Acc: 0.8801 | Val Loss: 0.5542 | Val Acc: 0.8077 | Val F1: 0.6241
Epoch [271/300] | Duration: 37.58s | Train Loss: 0.3453 | Train Acc: 0.8917 | Val Loss: 0.5395 | Val Acc: 0.8154 | Val F1: 0.7077
Epoch [272/300] | Duration: 37.33s | Train Loss: 0.3402 | Train Acc: 0.8975 | Val Loss: 0.5546 | Val Acc: 0.8077 | Val F1: 0.6221
Epoch [273/300] | Duration: 37.41s | Train Loss: 0.3737 | Train Acc: 0.8530 | Val Loss: 0.5240 | Val Acc: 0.8154 | Val F1: 0.6298
Epoch [274/300] | Duration: 37.72s | Train Loss: 0.3391 | Train Acc: 0.8781 | Val Loss: 0.5553 | Val Acc: 0.8000 | Val F1: 0.6164
Epoch [275/300] | Duration: 37.53s | Train Loss: 0.3585 | Train Acc: 0.8897 | Val Loss: 0.5386 | Val Acc: 0.8154 | Val F1: 0.6307
Epoch [276/300] | Duration: 37.46s | Train Loss: 0.3422 | Train Acc: 0.8917 | Val Loss: 0.5532 | Val Acc: 0.8154 | Val F1: 0.7077
Epoch [277/300] | Duration: 37.47s | Train Loss: 0.3362 | Train Acc: 0.8820 | Val Loss: 0.5370 | Val Acc: 0.8077 | Val F1: 0.7020
Epoch [278/300] | Duration: 37.45s | Train Loss: 0.3659 | Train Acc: 0.8839 | Val Loss: 0.5672 | Val Acc: 0.8000 | Val F1: 0.6962
Epoch [279/300] | Duration: 37.36s | Train Loss: 0.3621 | Train Acc: 0.8665 | Val Loss: 0.5430 | Val Acc: 0.8077 | Val F1: 0.7020
Epoch [280/300] | Duration: 37.58s | Train Loss: 0.3377 | Train Acc: 0.8723 | Val Loss: 0.5273 | Val Acc: 0.8154 | Val F1: 0.6978
Epoch [281/300] | Duration: 37.57s | Train Loss: 0.3634 | Train Acc: 0.8878 | Val Loss: 0.5621 | Val Acc: 0.8000 | Val F1: 0.6962
Epoch [282/300] | Duration: 37.49s | Train Loss: 0.3438 | Train Acc: 0.8956 | Val Loss: 0.5722 | Val Acc: 0.8154 | Val F1: 0.6298
Epoch [283/300] | Duration: 37.59s | Train Loss: 0.3182 | Train Acc: 0.8956 | Val Loss: 0.5329 | Val Acc: 0.8154 | Val F1: 0.7077
Epoch [284/300] | Duration: 37.63s | Train Loss: 0.3704 | Train Acc: 0.8704 | Val Loss: 0.5301 | Val Acc: 0.8077 | Val F1: 0.6285
Epoch [285/300] | Duration: 37.44s | Train Loss: 0.3346 | Train Acc: 0.8956 | Val Loss: 0.5246 | Val Acc: 0.8154 | Val F1: 0.6298
Epoch [286/300] | Duration: 37.63s | Train Loss: 0.3441 | Train Acc: 0.9091 | Val Loss: 0.5539 | Val Acc: 0.8154 | Val F1: 0.6864
Epoch [287/300] | Duration: 37.66s | Train Loss: 0.3530 | Train Acc: 0.8704 | Val Loss: 0.5603 | Val Acc: 0.8077 | Val F1: 0.6774
Epoch [288/300] | Duration: 37.62s | Train Loss: 0.3451 | Train Acc: 0.8820 | Val Loss: 0.5320 | Val Acc: 0.8154 | Val F1: 0.7077
Epoch [289/300] | Duration: 37.68s | Train Loss: 0.3466 | Train Acc: 0.8665 | Val Loss: 0.5385 | Val Acc: 0.8000 | Val F1: 0.6962
Epoch [290/300] | Duration: 37.53s | Train Loss: 0.3381 | Train Acc: 0.8994 | Val Loss: 0.5200 | Val Acc: 0.8308 | Val F1: 0.6391
Epoch [291/300] | Duration: 37.55s | Train Loss: 0.3247 | Train Acc: 0.8936 | Val Loss: 0.5266 | Val Acc: 0.8231 | Val F1: 0.7036
Epoch [292/300] | Duration: 37.26s | Train Loss: 0.3384 | Train Acc: 0.8743 | Val Loss: 0.5267 | Val Acc: 0.8077 | Val F1: 0.6230
Epoch [293/300] | Duration: 37.52s | Train Loss: 0.3438 | Train Acc: 0.8781 | Val Loss: 0.5386 | Val Acc: 0.8077 | Val F1: 0.6230
Epoch [294/300] | Duration: 37.68s | Train Loss: 0.3286 | Train Acc: 0.8878 | Val Loss: 0.5189 | Val Acc: 0.8077 | Val F1: 0.6221
Epoch [295/300] | Duration: 37.53s | Train Loss: 0.3448 | Train Acc: 0.8743 | Val Loss: 0.5323 | Val Acc: 0.8231 | Val F1: 0.7135
Epoch [296/300] | Duration: 37.57s | Train Loss: 0.3252 | Train Acc: 0.8975 | Val Loss: 0.5392 | Val Acc: 0.8154 | Val F1: 0.7077
Epoch [297/300] | Duration: 37.54s | Train Loss: 0.3404 | Train Acc: 0.8859 | Val Loss: 0.5342 | Val Acc: 0.8000 | Val F1: 0.6173
Epoch [298/300] | Duration: 37.73s | Train Loss: 0.3288 | Train Acc: 0.8859 | Val Loss: 0.5412 | Val Acc: 0.8154 | Val F1: 0.6976
Epoch [299/300] | Duration: 37.52s | Train Loss: 0.3529 | Train Acc: 0.8820 | Val Loss: 0.5342 | Val Acc: 0.8077 | Val F1: 0.6230
Epoch [300/300] | Duration: 37.65s | Train Loss: 0.3242 | Train Acc: 0.8917 | Val Loss: 0.5452 | Val Acc: 0.8154 | Val F1: 0.7077

✅ Training finished.

💾 Saving final artifacts...
📈 Saved training metrics plot to training_outputs/20250709-194915/training_metrics.png
📊 Saved final confusion matrix to training_outputs/20250709-194915/final_confusion_matrix.png
📝 Saved final classification report to training_outputs/20250709-194915/final_classification_report.txt

✨ Run complete.
