The following modules were not unloaded:
  (Use "module --force purge" to unload all):

  1) modules/2.3-20240529   2) openblas/single-0.3.26
🚀 Starting Run. All outputs will be saved to: training_outputs/20250707-224909
⚙️ Using device: cuda
Hyperparameters: {'input_depth': 64, 'input_height': 64, 'input_width': 64, 'num_classes': 4, 'learning_rate': 1e-05, 'batch_size': 4, 'num_epochs': 200, 'num_input_channels': 3}

Loading datasets...
Found 21585 samples.
Found 21585 samples.

Training on 17268 samples, validating on 4317 samples.
Model has 71,012 trainable parameters.

--- Starting Training ---
Epoch [001/200] | Duration: 977.45s | Train Loss: 1.1512 | Train Acc: 0.8861 | Val Loss: 0.9410 | Val Acc: 0.9407 | Val F1: 0.3299
🎉 New best model found! F1-Score: 0.3299. Saved to training_outputs/20250707-224909/best_model.pth
Epoch [002/200] | Duration: 971.74s | Train Loss: 0.7309 | Train Acc: 0.9637 | Val Loss: 0.5135 | Val Acc: 0.9690 | Val F1: 0.3488
🎉 New best model found! F1-Score: 0.3488. Saved to training_outputs/20250707-224909/best_model.pth
Epoch [003/200] | Duration: 968.14s | Train Loss: 0.3591 | Train Acc: 0.9683 | Val Loss: 0.2103 | Val Acc: 0.9713 | Val F1: 0.3479
Epoch [004/200] | Duration: 1030.85s | Train Loss: 0.1886 | Train Acc: 0.9688 | Val Loss: 0.1250 | Val Acc: 0.9710 | Val F1: 0.3471
Epoch [005/200] | Duration: 992.15s | Train Loss: 0.1371 | Train Acc: 0.9694 | Val Loss: 0.1182 | Val Acc: 0.9713 | Val F1: 0.3406
Epoch [006/200] | Duration: 952.67s | Train Loss: 0.1220 | Train Acc: 0.9699 | Val Loss: 0.1232 | Val Acc: 0.9680 | Val F1: 0.3516
🎉 New best model found! F1-Score: 0.3516. Saved to training_outputs/20250707-224909/best_model.pth
Epoch [007/200] | Duration: 946.10s | Train Loss: 0.1184 | Train Acc: 0.9703 | Val Loss: 0.1189 | Val Acc: 0.9692 | Val F1: 0.3669
🎉 New best model found! F1-Score: 0.3669. Saved to training_outputs/20250707-224909/best_model.pth
Epoch [008/200] | Duration: 968.99s | Train Loss: 0.1149 | Train Acc: 0.9704 | Val Loss: 0.1179 | Val Acc: 0.9692 | Val F1: 0.3528
Epoch [009/200] | Duration: 979.96s | Train Loss: 0.1126 | Train Acc: 0.9701 | Val Loss: 0.1128 | Val Acc: 0.9699 | Val F1: 0.3584
Epoch [010/200] | Duration: 942.83s | Train Loss: 0.1106 | Train Acc: 0.9702 | Val Loss: 0.1121 | Val Acc: 0.9701 | Val F1: 0.3641
Epoch [011/200] | Duration: 939.74s | Train Loss: 0.1119 | Train Acc: 0.9715 | Val Loss: 0.1163 | Val Acc: 0.9722 | Val F1: 0.3550
Epoch [012/200] | Duration: 899.88s | Train Loss: 0.1102 | Train Acc: 0.9711 | Val Loss: 0.1272 | Val Acc: 0.9648 | Val F1: 0.3677
🎉 New best model found! F1-Score: 0.3677. Saved to training_outputs/20250707-224909/best_model.pth
Epoch [013/200] | Duration: 922.42s | Train Loss: 0.1102 | Train Acc: 0.9705 | Val Loss: 0.1248 | Val Acc: 0.9646 | Val F1: 0.3676
Epoch [014/200] | Duration: 940.42s | Train Loss: 0.1085 | Train Acc: 0.9705 | Val Loss: 0.1218 | Val Acc: 0.9722 | Val F1: 0.3439
Epoch [015/200] | Duration: 881.31s | Train Loss: 0.1089 | Train Acc: 0.9716 | Val Loss: 0.1065 | Val Acc: 0.9708 | Val F1: 0.3729
🎉 New best model found! F1-Score: 0.3729. Saved to training_outputs/20250707-224909/best_model.pth
Epoch [016/200] | Duration: 884.29s | Train Loss: 0.1065 | Train Acc: 0.9715 | Val Loss: 0.1064 | Val Acc: 0.9703 | Val F1: 0.3665
Epoch [017/200] | Duration: 880.30s | Train Loss: 0.1056 | Train Acc: 0.9713 | Val Loss: 0.1071 | Val Acc: 0.9703 | Val F1: 0.3629
Epoch [018/200] | Duration: 874.84s | Train Loss: 0.1052 | Train Acc: 0.9712 | Val Loss: 0.1088 | Val Acc: 0.9729 | Val F1: 0.3599
Epoch [019/200] | Duration: 883.78s | Train Loss: 0.1041 | Train Acc: 0.9712 | Val Loss: 0.1401 | Val Acc: 0.9585 | Val F1: 0.3660
Epoch [020/200] | Duration: 872.99s | Train Loss: 0.1053 | Train Acc: 0.9711 | Val Loss: 0.1252 | Val Acc: 0.9620 | Val F1: 0.3718
Epoch [021/200] | Duration: 885.92s | Train Loss: 0.1039 | Train Acc: 0.9723 | Val Loss: 0.7495 | Val Acc: 0.9690 | Val F1: 0.2461
Epoch [022/200] | Duration: 874.52s | Train Loss: 0.1044 | Train Acc: 0.9720 | Val Loss: 0.1009 | Val Acc: 0.9727 | Val F1: 0.3651
Epoch [023/200] | Duration: 852.76s | Train Loss: 0.1025 | Train Acc: 0.9726 | Val Loss: 0.1029 | Val Acc: 0.9729 | Val F1: 0.3660
Epoch [024/200] | Duration: 849.03s | Train Loss: 0.1021 | Train Acc: 0.9714 | Val Loss: 0.1283 | Val Acc: 0.9613 | Val F1: 0.3711
Epoch [025/200] | Duration: 858.94s | Train Loss: 0.1016 | Train Acc: 0.9722 | Val Loss: 0.1109 | Val Acc: 0.9671 | Val F1: 0.3734
🎉 New best model found! F1-Score: 0.3734. Saved to training_outputs/20250707-224909/best_model.pth
Epoch [026/200] | Duration: 845.25s | Train Loss: 0.1022 | Train Acc: 0.9721 | Val Loss: 0.1308 | Val Acc: 0.9609 | Val F1: 0.3701
Epoch [027/200] | Duration: 872.39s | Train Loss: 0.1020 | Train Acc: 0.9722 | Val Loss: 0.1060 | Val Acc: 0.9697 | Val F1: 0.3733
Epoch [028/200] | Duration: 833.84s | Train Loss: 0.1008 | Train Acc: 0.9724 | Val Loss: 0.1057 | Val Acc: 0.9729 | Val F1: 0.3599
Epoch [029/200] | Duration: 835.64s | Train Loss: 0.1009 | Train Acc: 0.9727 | Val Loss: 0.1048 | Val Acc: 0.9706 | Val F1: 0.3736
🎉 New best model found! F1-Score: 0.3736. Saved to training_outputs/20250707-224909/best_model.pth
Epoch [030/200] | Duration: 829.37s | Train Loss: 0.1010 | Train Acc: 0.9720 | Val Loss: 0.1226 | Val Acc: 0.9622 | Val F1: 0.3743
🎉 New best model found! F1-Score: 0.3743. Saved to training_outputs/20250707-224909/best_model.pth
Epoch [031/200] | Duration: 824.72s | Train Loss: 0.0999 | Train Acc: 0.9730 | Val Loss: 0.1118 | Val Acc: 0.9680 | Val F1: 0.3717
Epoch [032/200] | Duration: 820.33s | Train Loss: 0.0993 | Train Acc: 0.9721 | Val Loss: 0.1034 | Val Acc: 0.9701 | Val F1: 0.3802
🎉 New best model found! F1-Score: 0.3802. Saved to training_outputs/20250707-224909/best_model.pth
Epoch [033/200] | Duration: 801.52s | Train Loss: 0.0983 | Train Acc: 0.9728 | Val Loss: 0.1033 | Val Acc: 0.9713 | Val F1: 0.3617
Epoch [034/200] | Duration: 788.16s | Train Loss: 0.1003 | Train Acc: 0.9726 | Val Loss: 0.1190 | Val Acc: 0.9622 | Val F1: 0.3703
Epoch [035/200] | Duration: 773.83s | Train Loss: 0.0990 | Train Acc: 0.9723 | Val Loss: 0.1040 | Val Acc: 0.9724 | Val F1: 0.3413
Epoch [036/200] | Duration: 803.44s | Train Loss: 0.0971 | Train Acc: 0.9721 | Val Loss: 0.1006 | Val Acc: 0.9727 | Val F1: 0.3507
Epoch [037/200] | Duration: 791.62s | Train Loss: 0.0991 | Train Acc: 0.9723 | Val Loss: 0.1000 | Val Acc: 0.9699 | Val F1: 0.3591
Epoch [038/200] | Duration: 786.85s | Train Loss: 0.0976 | Train Acc: 0.9726 | Val Loss: 0.1043 | Val Acc: 0.9685 | Val F1: 0.3799
Epoch [039/200] | Duration: 768.09s | Train Loss: 0.0994 | Train Acc: 0.9716 | Val Loss: 0.1014 | Val Acc: 0.9729 | Val F1: 0.3620
Epoch [040/200] | Duration: 789.17s | Train Loss: 0.0981 | Train Acc: 0.9727 | Val Loss: 0.1348 | Val Acc: 0.9583 | Val F1: 0.3693
Epoch [041/200] | Duration: 830.46s | Train Loss: 0.0988 | Train Acc: 0.9727 | Val Loss: 0.0949 | Val Acc: 0.9722 | Val F1: 0.3715
Epoch [042/200] | Duration: 795.45s | Train Loss: 0.0980 | Train Acc: 0.9726 | Val Loss: 0.1511 | Val Acc: 0.9532 | Val F1: 0.3624
Epoch [043/200] | Duration: 823.25s | Train Loss: 0.0974 | Train Acc: 0.9740 | Val Loss: 0.1108 | Val Acc: 0.9643 | Val F1: 0.3738
Epoch [044/200] | Duration: 837.50s | Train Loss: 0.0954 | Train Acc: 0.9734 | Val Loss: 0.1180 | Val Acc: 0.9622 | Val F1: 0.3748
Epoch [045/200] | Duration: 777.97s | Train Loss: 0.0977 | Train Acc: 0.9731 | Val Loss: 0.1059 | Val Acc: 0.9713 | Val F1: 0.3095
Epoch [046/200] | Duration: 776.82s | Train Loss: 0.0964 | Train Acc: 0.9729 | Val Loss: 0.1332 | Val Acc: 0.9576 | Val F1: 0.3723
srun: Job step aborted: Waiting up to 62 seconds for job step to finish.
slurmstepd: error: *** JOB 4955999 ON workergpu094 CANCELLED AT 2025-07-08T10:01:26 ***
slurmstepd: error: *** STEP 4955999.0 ON workergpu094 CANCELLED AT 2025-07-08T10:01:26 ***
