The following modules were not unloaded:
  (Use "module --force purge" to unload all):

  1) modules/2.3-20240529   2) openblas/single-0.3.26
🚀 Starting Run. All outputs will be saved to: training_outputs/20250708-133419
⚙️ Using device: cuda
Hyperparameters: {'input_depth': 64, 'input_height': 64, 'input_width': 64, 'num_classes': 4, 'learning_rate': 1e-05, 'batch_size': 32, 'num_epochs': 300, 'num_input_channels': 3, 'patience': 50, 'max_samples_per_class': 2000, 'preserve_minority_classes': [0, 3], 'random_seed': 42}

📊 Original class distribution:
  mitotic: 213 samples
  new_daughter: 433 samples
  stable: 20,915 samples
  death: 24 samples
  ✅ mitotic: Preserving all 213 samples (minority class)
  ✅ new_daughter: Keeping all 433 samples (under limit)
Traceback (most recent call last):
  File "/mnt/home/dchhantyal/3d-cnn-classification/model/3ncnn/3ncnn.py", line 506, in <module>
    if __name__ == "__main__":
  File "/mnt/home/dchhantyal/3d-cnn-classification/model/3ncnn/3ncnn.py", line 397, in main
    # Calculate class weights for imbalanced dataset
  File "/mnt/home/dchhantyal/3d-cnn-classification/model/3ncnn/3ncnn.py", line 141, in __init__
    self.samples = self._make_dataset()
  File "/mnt/home/dchhantyal/3d-cnn-classification/model/3ncnn/3ncnn.py", line 190, in _make_dataset
    indices = np.random.choice(
  File "numpy/random/mtrand.pyx", line 947, in numpy.random.mtrand.RandomState.choice
ValueError: a must be 1-dimensional
E0708 13:37:02.826000 39129 torch/distributed/elastic/multiprocessing/api.py:874] failed (exitcode: 1) local_rank: 0 (pid: 39210) of binary: /mnt/home/dchhantyal/venvs/jupyter-gpu/bin/python
Traceback (most recent call last):
  File "/mnt/home/dchhantyal/venvs/jupyter-gpu/bin/torchrun", line 8, in <module>
    sys.exit(main())
  File "/mnt/home/dchhantyal/venvs/jupyter-gpu/lib/python3.10/site-packages/torch/distributed/elastic/multiprocessing/errors/__init__.py", line 355, in wrapper
    return f(*args, **kwargs)
  File "/mnt/home/dchhantyal/venvs/jupyter-gpu/lib/python3.10/site-packages/torch/distributed/run.py", line 892, in main
    run(args)
  File "/mnt/home/dchhantyal/venvs/jupyter-gpu/lib/python3.10/site-packages/torch/distributed/run.py", line 883, in run
    elastic_launch(
  File "/mnt/home/dchhantyal/venvs/jupyter-gpu/lib/python3.10/site-packages/torch/distributed/launcher/api.py", line 139, in __call__
    return launch_agent(self._config, self._entrypoint, list(args))
  File "/mnt/home/dchhantyal/venvs/jupyter-gpu/lib/python3.10/site-packages/torch/distributed/launcher/api.py", line 270, in launch_agent
    raise ChildFailedError(
torch.distributed.elastic.multiprocessing.errors.ChildFailedError: 
============================================================
3ncnn.py FAILED
------------------------------------------------------------
Failures:
  <NO_OTHER_FAILURES>
------------------------------------------------------------
Root Cause (first observed failure):
[0]:
  time      : 2025-07-08_13:37:02
  host      : workergpu090.cm.cluster
  rank      : 0 (local_rank: 0)
  exitcode  : 1 (pid: 39210)
  error_file: <N/A>
  traceback : To enable traceback see: https://pytorch.org/docs/stable/elastic/errors.html
============================================================
srun: error: workergpu090: task 0: Exited with exit code 1
