The following modules were not unloaded:
  (Use "module --force purge" to unload all):

  1) modules/2.3-20240529   2) openblas/single-0.3.26
🚀 Starting Run. All outputs will be saved to: training_outputs/20250708-100437
⚙️ Using device: cuda
Hyperparameters: {'input_depth': 64, 'input_height': 64, 'input_width': 64, 'num_classes': 4, 'learning_rate': 1e-05, 'batch_size': 64, 'num_epochs': 200, 'num_input_channels': 3}

Loading datasets...
Found 21585 samples.
Found 21585 samples.

Training on 17268 samples, validating on 4317 samples.
Model has 71,012 trainable parameters.

--- Starting Training ---
Epoch [001/200] | Duration: 919.04s | Train Loss: 1.3599 | Train Acc: 0.3694 | Val Loss: 1.3215 | Val Acc: 0.6544 | Val F1: 0.2442
🎉 New best model found! F1-Score: 0.2442. Saved to training_outputs/20250708-100437/best_model.pth
Epoch [002/200] | Duration: 917.39s | Train Loss: 1.3380 | Train Acc: 0.6204 | Val Loss: 1.2542 | Val Acc: 0.7906 | Val F1: 0.2696
🎉 New best model found! F1-Score: 0.2696. Saved to training_outputs/20250708-100437/best_model.pth
Epoch [003/200] | Duration: 932.50s | Train Loss: 1.3207 | Train Acc: 0.7175 | Val Loss: 1.2897 | Val Acc: 0.7721 | Val F1: 0.2636
Epoch [004/200] | Duration: 920.42s | Train Loss: 1.3027 | Train Acc: 0.7766 | Val Loss: 1.2137 | Val Acc: 0.8724 | Val F1: 0.3112
🎉 New best model found! F1-Score: 0.3112. Saved to training_outputs/20250708-100437/best_model.pth
Epoch [005/200] | Duration: 922.92s | Train Loss: 1.2838 | Train Acc: 0.8109 | Val Loss: 1.3329 | Val Acc: 0.7464 | Val F1: 0.2557
Epoch [006/200] | Duration: 935.46s | Train Loss: 1.2628 | Train Acc: 0.8374 | Val Loss: 0.6896 | Val Acc: 0.9551 | Val F1: 0.3370
🎉 New best model found! F1-Score: 0.3370. Saved to training_outputs/20250708-100437/best_model.pth
Epoch [007/200] | Duration: 916.32s | Train Loss: 1.2401 | Train Acc: 0.8544 | Val Loss: 1.2935 | Val Acc: 0.8499 | Val F1: 0.2888
Epoch [008/200] | Duration: 909.26s | Train Loss: 1.2175 | Train Acc: 0.8729 | Val Loss: 1.1207 | Val Acc: 0.9231 | Val F1: 0.3174
Epoch [009/200] | Duration: 931.70s | Train Loss: 1.1918 | Train Acc: 0.8831 | Val Loss: 0.1505 | Val Acc: 0.9680 | Val F1: 0.3274
Epoch [010/200] | Duration: 909.18s | Train Loss: 1.1658 | Train Acc: 0.8910 | Val Loss: 1.2667 | Val Acc: 0.8622 | Val F1: 0.2904
Epoch [011/200] | Duration: 918.71s | Train Loss: 1.1398 | Train Acc: 0.9018 | Val Loss: 1.2996 | Val Acc: 0.8233 | Val F1: 0.2947
Epoch [012/200] | Duration: 945.83s | Train Loss: 1.1117 | Train Acc: 0.9115 | Val Loss: 0.7014 | Val Acc: 0.9581 | Val F1: 0.3461
🎉 New best model found! F1-Score: 0.3461. Saved to training_outputs/20250708-100437/best_model.pth
srun: Job step aborted: Waiting up to 62 seconds for job step to finish.
slurmstepd: error: *** JOB 4959199 ON workergpu089 CANCELLED AT 2025-07-08T13:24:19 ***
