The following modules were not unloaded:
  (Use "module --force purge" to unload all):

  1) modules/2.3-20240529   2) openblas/single-0.3.26
🚀 Starting Run. All outputs will be saved to: training_outputs/20250702-164848
Using device: cuda
Found 605 total samples.
Training on 484 samples, validating on 121 samples.
Model has 70,083 total parameters.

--- Epoch [1/200] | Duration: 8.27s ---
Train Loss: 1.0908 | Val Loss: 1.0642 | Val Acc: 0.4132 | Val F1: 0.4026
🎉 New best model found! F1-Score: 0.4026. Saved to training_outputs/20250702-164848/best_model.pth

--- Epoch [2/200] | Duration: 3.91s ---
Train Loss: 1.0661 | Val Loss: 1.0451 | Val Acc: 0.4298 | Val F1: 0.3983

--- Epoch [3/200] | Duration: 3.93s ---
Train Loss: 1.0518 | Val Loss: 1.0292 | Val Acc: 0.4463 | Val F1: 0.4202
🎉 New best model found! F1-Score: 0.4202. Saved to training_outputs/20250702-164848/best_model.pth

--- Epoch [4/200] | Duration: 3.93s ---
Train Loss: 1.0513 | Val Loss: 1.0400 | Val Acc: 0.4463 | Val F1: 0.4251
🎉 New best model found! F1-Score: 0.4251. Saved to training_outputs/20250702-164848/best_model.pth

--- Epoch [5/200] | Duration: 3.94s ---
Train Loss: 1.0476 | Val Loss: 1.0200 | Val Acc: 0.4711 | Val F1: 0.4590
🎉 New best model found! F1-Score: 0.4590. Saved to training_outputs/20250702-164848/best_model.pth

--- Epoch [6/200] | Duration: 3.97s ---
Train Loss: 1.0369 | Val Loss: 1.0207 | Val Acc: 0.4545 | Val F1: 0.4345

--- Epoch [7/200] | Duration: 3.92s ---
Train Loss: 1.0303 | Val Loss: 1.0196 | Val Acc: 0.4711 | Val F1: 0.4545

--- Epoch [8/200] | Duration: 3.90s ---
Train Loss: 1.0447 | Val Loss: 1.0257 | Val Acc: 0.4793 | Val F1: 0.4598
🎉 New best model found! F1-Score: 0.4598. Saved to training_outputs/20250702-164848/best_model.pth

--- Epoch [9/200] | Duration: 3.92s ---
Train Loss: 1.0156 | Val Loss: 1.0292 | Val Acc: 0.4628 | Val F1: 0.4445

--- Epoch [10/200] | Duration: 3.93s ---
Train Loss: 1.0281 | Val Loss: 1.0169 | Val Acc: 0.4628 | Val F1: 0.4462

--- Epoch [11/200] | Duration: 3.93s ---
Train Loss: 1.0322 | Val Loss: 1.0182 | Val Acc: 0.4876 | Val F1: 0.4786
🎉 New best model found! F1-Score: 0.4786. Saved to training_outputs/20250702-164848/best_model.pth

--- Epoch [12/200] | Duration: 3.89s ---
Train Loss: 1.0218 | Val Loss: 1.0317 | Val Acc: 0.4545 | Val F1: 0.4340

--- Epoch [13/200] | Duration: 3.91s ---
Train Loss: 1.0264 | Val Loss: 1.0317 | Val Acc: 0.4545 | Val F1: 0.4462

--- Epoch [14/200] | Duration: 3.92s ---
Train Loss: 1.0345 | Val Loss: 1.0223 | Val Acc: 0.4628 | Val F1: 0.4478

--- Epoch [15/200] | Duration: 3.92s ---
Train Loss: 1.0224 | Val Loss: 1.0165 | Val Acc: 0.4793 | Val F1: 0.4656

--- Epoch [16/200] | Duration: 3.94s ---
Train Loss: 1.0067 | Val Loss: 1.0283 | Val Acc: 0.4793 | Val F1: 0.4537

--- Epoch [17/200] | Duration: 3.92s ---
Train Loss: 1.0055 | Val Loss: 1.0267 | Val Acc: 0.4545 | Val F1: 0.4256

--- Epoch [18/200] | Duration: 3.92s ---
Train Loss: 1.0322 | Val Loss: 1.0147 | Val Acc: 0.4380 | Val F1: 0.4183

--- Epoch [19/200] | Duration: 3.90s ---
Train Loss: 1.0160 | Val Loss: 1.0101 | Val Acc: 0.4545 | Val F1: 0.4418

--- Epoch [20/200] | Duration: 3.90s ---
Train Loss: 1.0144 | Val Loss: 1.0142 | Val Acc: 0.4628 | Val F1: 0.4392

--- Epoch [21/200] | Duration: 3.93s ---
Train Loss: 1.0130 | Val Loss: 1.0101 | Val Acc: 0.4628 | Val F1: 0.4473

--- Epoch [22/200] | Duration: 3.93s ---
Train Loss: 1.0005 | Val Loss: 1.0019 | Val Acc: 0.4628 | Val F1: 0.4391

--- Epoch [23/200] | Duration: 3.96s ---
Train Loss: 1.0038 | Val Loss: 1.0095 | Val Acc: 0.4463 | Val F1: 0.4133

--- Epoch [24/200] | Duration: 3.95s ---
Train Loss: 1.0119 | Val Loss: 1.0129 | Val Acc: 0.4628 | Val F1: 0.4335

--- Epoch [25/200] | Duration: 3.93s ---
Train Loss: 1.0141 | Val Loss: 0.9951 | Val Acc: 0.4628 | Val F1: 0.4384

--- Epoch [26/200] | Duration: 3.91s ---
Train Loss: 1.0192 | Val Loss: 0.9913 | Val Acc: 0.5041 | Val F1: 0.4975
🎉 New best model found! F1-Score: 0.4975. Saved to training_outputs/20250702-164848/best_model.pth

--- Epoch [27/200] | Duration: 3.92s ---
Train Loss: 1.0057 | Val Loss: 1.0079 | Val Acc: 0.4628 | Val F1: 0.4387

--- Epoch [28/200] | Duration: 3.91s ---
Train Loss: 1.0041 | Val Loss: 0.9986 | Val Acc: 0.4793 | Val F1: 0.4677

--- Epoch [29/200] | Duration: 3.88s ---
Train Loss: 0.9927 | Val Loss: 0.9947 | Val Acc: 0.4793 | Val F1: 0.4622

--- Epoch [30/200] | Duration: 3.93s ---
Train Loss: 0.9878 | Val Loss: 1.0099 | Val Acc: 0.4793 | Val F1: 0.4703

--- Epoch [31/200] | Duration: 3.92s ---
Train Loss: 0.9913 | Val Loss: 1.0006 | Val Acc: 0.4628 | Val F1: 0.4384

--- Epoch [32/200] | Duration: 3.93s ---
Train Loss: 0.9900 | Val Loss: 1.0017 | Val Acc: 0.4628 | Val F1: 0.4306

--- Epoch [33/200] | Duration: 3.91s ---
Train Loss: 1.0023 | Val Loss: 0.9921 | Val Acc: 0.4711 | Val F1: 0.4534

--- Epoch [34/200] | Duration: 3.88s ---
Train Loss: 0.9907 | Val Loss: 1.0045 | Val Acc: 0.4876 | Val F1: 0.4684

--- Epoch [35/200] | Duration: 3.91s ---
Train Loss: 0.9956 | Val Loss: 1.0203 | Val Acc: 0.4463 | Val F1: 0.4154

--- Epoch [36/200] | Duration: 3.90s ---
Train Loss: 0.9753 | Val Loss: 1.0026 | Val Acc: 0.4711 | Val F1: 0.4499

--- Epoch [37/200] | Duration: 3.89s ---
Train Loss: 0.9954 | Val Loss: 1.0007 | Val Acc: 0.4959 | Val F1: 0.4813

--- Epoch [38/200] | Duration: 3.87s ---
Train Loss: 0.9867 | Val Loss: 0.9948 | Val Acc: 0.5041 | Val F1: 0.4867

--- Epoch [39/200] | Duration: 3.90s ---
Train Loss: 0.9737 | Val Loss: 0.9835 | Val Acc: 0.4876 | Val F1: 0.4780

--- Epoch [40/200] | Duration: 3.91s ---
Train Loss: 0.9897 | Val Loss: 0.9865 | Val Acc: 0.5372 | Val F1: 0.5191
🎉 New best model found! F1-Score: 0.5191. Saved to training_outputs/20250702-164848/best_model.pth

--- Epoch [41/200] | Duration: 3.95s ---
Train Loss: 0.9882 | Val Loss: 0.9970 | Val Acc: 0.4793 | Val F1: 0.4617

--- Epoch [42/200] | Duration: 3.88s ---
Train Loss: 0.9894 | Val Loss: 1.0022 | Val Acc: 0.4876 | Val F1: 0.4713

--- Epoch [43/200] | Duration: 3.91s ---
Train Loss: 1.0052 | Val Loss: 1.0010 | Val Acc: 0.5041 | Val F1: 0.4895

--- Epoch [44/200] | Duration: 3.90s ---
Train Loss: 0.9906 | Val Loss: 0.9971 | Val Acc: 0.4793 | Val F1: 0.4512

--- Epoch [45/200] | Duration: 3.91s ---
Train Loss: 0.9831 | Val Loss: 0.9945 | Val Acc: 0.4545 | Val F1: 0.4304

--- Epoch [46/200] | Duration: 3.91s ---
Train Loss: 0.9856 | Val Loss: 0.9949 | Val Acc: 0.4793 | Val F1: 0.4582

--- Epoch [47/200] | Duration: 3.91s ---
Train Loss: 0.9837 | Val Loss: 0.9699 | Val Acc: 0.5207 | Val F1: 0.5033

--- Epoch [48/200] | Duration: 3.91s ---
Train Loss: 0.9861 | Val Loss: 0.9942 | Val Acc: 0.4876 | Val F1: 0.4759

--- Epoch [49/200] | Duration: 3.89s ---
Train Loss: 0.9741 | Val Loss: 0.9928 | Val Acc: 0.4959 | Val F1: 0.4702

--- Epoch [50/200] | Duration: 3.88s ---
Train Loss: 0.9735 | Val Loss: 0.9848 | Val Acc: 0.5041 | Val F1: 0.4903

--- Epoch [51/200] | Duration: 3.87s ---
Train Loss: 0.9746 | Val Loss: 0.9881 | Val Acc: 0.5207 | Val F1: 0.5105

--- Epoch [52/200] | Duration: 3.89s ---
Train Loss: 0.9813 | Val Loss: 0.9879 | Val Acc: 0.4793 | Val F1: 0.4539

--- Epoch [53/200] | Duration: 3.89s ---
Train Loss: 0.9768 | Val Loss: 0.9772 | Val Acc: 0.5372 | Val F1: 0.5287
🎉 New best model found! F1-Score: 0.5287. Saved to training_outputs/20250702-164848/best_model.pth

--- Epoch [54/200] | Duration: 3.87s ---
Train Loss: 0.9585 | Val Loss: 0.9847 | Val Acc: 0.4959 | Val F1: 0.4722

--- Epoch [55/200] | Duration: 3.91s ---
Train Loss: 0.9730 | Val Loss: 0.9832 | Val Acc: 0.5041 | Val F1: 0.4953

--- Epoch [56/200] | Duration: 3.89s ---
Train Loss: 0.9890 | Val Loss: 0.9803 | Val Acc: 0.5124 | Val F1: 0.4969

--- Epoch [57/200] | Duration: 3.89s ---
Train Loss: 0.9721 | Val Loss: 1.0135 | Val Acc: 0.4628 | Val F1: 0.4412

--- Epoch [58/200] | Duration: 3.90s ---
Train Loss: 0.9603 | Val Loss: 0.9686 | Val Acc: 0.5041 | Val F1: 0.4968

--- Epoch [59/200] | Duration: 3.88s ---
Train Loss: 0.9918 | Val Loss: 0.9961 | Val Acc: 0.4793 | Val F1: 0.4591

--- Epoch [60/200] | Duration: 3.91s ---
Train Loss: 0.9717 | Val Loss: 0.9896 | Val Acc: 0.5289 | Val F1: 0.5198

--- Epoch [61/200] | Duration: 3.88s ---
Train Loss: 0.9669 | Val Loss: 0.9839 | Val Acc: 0.4959 | Val F1: 0.4812

--- Epoch [62/200] | Duration: 3.92s ---
Train Loss: 0.9834 | Val Loss: 0.9746 | Val Acc: 0.4959 | Val F1: 0.4736

--- Epoch [63/200] | Duration: 3.91s ---
Train Loss: 0.9636 | Val Loss: 0.9755 | Val Acc: 0.5289 | Val F1: 0.5200

--- Epoch [64/200] | Duration: 3.87s ---
Train Loss: 0.9625 | Val Loss: 0.9880 | Val Acc: 0.5289 | Val F1: 0.5175

--- Epoch [65/200] | Duration: 3.88s ---
Train Loss: 0.9849 | Val Loss: 0.9609 | Val Acc: 0.5207 | Val F1: 0.5152

--- Epoch [66/200] | Duration: 3.93s ---
Train Loss: 0.9646 | Val Loss: 0.9717 | Val Acc: 0.5455 | Val F1: 0.5359
🎉 New best model found! F1-Score: 0.5359. Saved to training_outputs/20250702-164848/best_model.pth

--- Epoch [67/200] | Duration: 3.92s ---
Train Loss: 0.9732 | Val Loss: 0.9786 | Val Acc: 0.5372 | Val F1: 0.5300

--- Epoch [68/200] | Duration: 3.91s ---
Train Loss: 0.9800 | Val Loss: 0.9879 | Val Acc: 0.4793 | Val F1: 0.4645

--- Epoch [69/200] | Duration: 3.87s ---
Train Loss: 0.9682 | Val Loss: 0.9597 | Val Acc: 0.5537 | Val F1: 0.5463
🎉 New best model found! F1-Score: 0.5463. Saved to training_outputs/20250702-164848/best_model.pth

--- Epoch [70/200] | Duration: 3.89s ---
Train Loss: 0.9684 | Val Loss: 0.9763 | Val Acc: 0.4959 | Val F1: 0.4803

--- Epoch [71/200] | Duration: 3.89s ---
Train Loss: 0.9625 | Val Loss: 0.9727 | Val Acc: 0.4876 | Val F1: 0.4739

--- Epoch [72/200] | Duration: 3.91s ---
Train Loss: 0.9664 | Val Loss: 0.9769 | Val Acc: 0.5124 | Val F1: 0.4953

--- Epoch [73/200] | Duration: 3.89s ---
Train Loss: 0.9816 | Val Loss: 0.9730 | Val Acc: 0.5207 | Val F1: 0.5143

--- Epoch [74/200] | Duration: 3.89s ---
Train Loss: 0.9602 | Val Loss: 0.9767 | Val Acc: 0.4959 | Val F1: 0.4837

--- Epoch [75/200] | Duration: 3.89s ---
Train Loss: 0.9628 | Val Loss: 0.9630 | Val Acc: 0.5289 | Val F1: 0.5171

--- Epoch [76/200] | Duration: 3.88s ---
Train Loss: 0.9592 | Val Loss: 0.9659 | Val Acc: 0.5372 | Val F1: 0.5340

--- Epoch [77/200] | Duration: 3.89s ---
Train Loss: 0.9455 | Val Loss: 0.9755 | Val Acc: 0.4959 | Val F1: 0.4827

--- Epoch [78/200] | Duration: 3.88s ---
Train Loss: 0.9899 | Val Loss: 0.9652 | Val Acc: 0.5041 | Val F1: 0.4931

--- Epoch [79/200] | Duration: 3.87s ---
Train Loss: 0.9645 | Val Loss: 0.9816 | Val Acc: 0.5207 | Val F1: 0.5112

--- Epoch [80/200] | Duration: 3.91s ---
Train Loss: 0.9629 | Val Loss: 0.9586 | Val Acc: 0.5537 | Val F1: 0.5435

--- Epoch [81/200] | Duration: 3.93s ---
Train Loss: 0.9427 | Val Loss: 0.9661 | Val Acc: 0.5207 | Val F1: 0.5057

--- Epoch [82/200] | Duration: 3.87s ---
Train Loss: 0.9324 | Val Loss: 0.9669 | Val Acc: 0.5041 | Val F1: 0.4891

--- Epoch [83/200] | Duration: 3.92s ---
Train Loss: 0.9622 | Val Loss: 0.9667 | Val Acc: 0.5041 | Val F1: 0.4885

--- Epoch [84/200] | Duration: 3.92s ---
Train Loss: 0.9650 | Val Loss: 0.9442 | Val Acc: 0.5620 | Val F1: 0.5537
🎉 New best model found! F1-Score: 0.5537. Saved to training_outputs/20250702-164848/best_model.pth

--- Epoch [85/200] | Duration: 3.91s ---
Train Loss: 0.9489 | Val Loss: 0.9848 | Val Acc: 0.5124 | Val F1: 0.5017

--- Epoch [86/200] | Duration: 3.90s ---
Train Loss: 0.9631 | Val Loss: 0.9642 | Val Acc: 0.5041 | Val F1: 0.4964

--- Epoch [87/200] | Duration: 3.92s ---
Train Loss: 0.9454 | Val Loss: 0.9638 | Val Acc: 0.5207 | Val F1: 0.5057

--- Epoch [88/200] | Duration: 3.91s ---
Train Loss: 0.9532 | Val Loss: 0.9681 | Val Acc: 0.5124 | Val F1: 0.5017

--- Epoch [89/200] | Duration: 3.93s ---
Train Loss: 0.9489 | Val Loss: 0.9441 | Val Acc: 0.5785 | Val F1: 0.5758
🎉 New best model found! F1-Score: 0.5758. Saved to training_outputs/20250702-164848/best_model.pth

--- Epoch [90/200] | Duration: 3.96s ---
Train Loss: 0.9482 | Val Loss: 0.9730 | Val Acc: 0.5289 | Val F1: 0.5162

--- Epoch [91/200] | Duration: 3.92s ---
Train Loss: 0.9669 | Val Loss: 0.9543 | Val Acc: 0.5207 | Val F1: 0.5088

--- Epoch [92/200] | Duration: 3.91s ---
Train Loss: 0.9419 | Val Loss: 0.9465 | Val Acc: 0.5372 | Val F1: 0.5256

--- Epoch [93/200] | Duration: 3.90s ---
Train Loss: 0.9556 | Val Loss: 0.9562 | Val Acc: 0.5620 | Val F1: 0.5589

--- Epoch [94/200] | Duration: 3.90s ---
Train Loss: 0.9531 | Val Loss: 0.9708 | Val Acc: 0.5289 | Val F1: 0.5149

--- Epoch [95/200] | Duration: 3.90s ---
Train Loss: 0.9469 | Val Loss: 0.9614 | Val Acc: 0.5124 | Val F1: 0.5041

--- Epoch [96/200] | Duration: 3.92s ---
Train Loss: 0.9296 | Val Loss: 0.9452 | Val Acc: 0.5455 | Val F1: 0.5339

--- Epoch [97/200] | Duration: 3.91s ---
Train Loss: 0.9394 | Val Loss: 0.9491 | Val Acc: 0.5455 | Val F1: 0.5362

--- Epoch [98/200] | Duration: 3.90s ---
Train Loss: 0.9493 | Val Loss: 0.9392 | Val Acc: 0.5702 | Val F1: 0.5697

--- Epoch [99/200] | Duration: 3.90s ---
Train Loss: 0.9307 | Val Loss: 0.9469 | Val Acc: 0.5537 | Val F1: 0.5416

--- Epoch [100/200] | Duration: 3.91s ---
Train Loss: 0.9375 | Val Loss: 0.9543 | Val Acc: 0.5702 | Val F1: 0.5662

--- Epoch [101/200] | Duration: 3.91s ---
Train Loss: 0.9367 | Val Loss: 0.9448 | Val Acc: 0.5537 | Val F1: 0.5421

--- Epoch [102/200] | Duration: 3.92s ---
Train Loss: 0.9397 | Val Loss: 0.9323 | Val Acc: 0.5537 | Val F1: 0.5458

--- Epoch [103/200] | Duration: 3.91s ---
Train Loss: 0.9360 | Val Loss: 0.9465 | Val Acc: 0.5620 | Val F1: 0.5485

--- Epoch [104/200] | Duration: 3.90s ---
Train Loss: 0.9366 | Val Loss: 0.9237 | Val Acc: 0.5950 | Val F1: 0.5911
🎉 New best model found! F1-Score: 0.5911. Saved to training_outputs/20250702-164848/best_model.pth

--- Epoch [105/200] | Duration: 3.93s ---
Train Loss: 0.9218 | Val Loss: 0.9509 | Val Acc: 0.5289 | Val F1: 0.5168

--- Epoch [106/200] | Duration: 3.89s ---
Train Loss: 0.9372 | Val Loss: 0.9183 | Val Acc: 0.5455 | Val F1: 0.5415

--- Epoch [107/200] | Duration: 3.91s ---
Train Loss: 0.9496 | Val Loss: 0.9330 | Val Acc: 0.5372 | Val F1: 0.5338

--- Epoch [108/200] | Duration: 3.93s ---
Train Loss: 0.9413 | Val Loss: 0.9447 | Val Acc: 0.5207 | Val F1: 0.5157

--- Epoch [109/200] | Duration: 3.87s ---
Train Loss: 0.9454 | Val Loss: 0.9192 | Val Acc: 0.5620 | Val F1: 0.5555

--- Epoch [110/200] | Duration: 3.90s ---
Train Loss: 0.9599 | Val Loss: 0.9333 | Val Acc: 0.5702 | Val F1: 0.5625

--- Epoch [111/200] | Duration: 3.93s ---
Train Loss: 0.9314 | Val Loss: 0.9388 | Val Acc: 0.5620 | Val F1: 0.5557

--- Epoch [112/200] | Duration: 3.89s ---
Train Loss: 0.9515 | Val Loss: 0.9419 | Val Acc: 0.5455 | Val F1: 0.5409

--- Epoch [113/200] | Duration: 3.90s ---
Train Loss: 0.9307 | Val Loss: 0.9305 | Val Acc: 0.5620 | Val F1: 0.5435

--- Epoch [114/200] | Duration: 3.90s ---
Train Loss: 0.9334 | Val Loss: 0.9121 | Val Acc: 0.5537 | Val F1: 0.5451

--- Epoch [115/200] | Duration: 3.89s ---
Train Loss: 0.9307 | Val Loss: 0.9375 | Val Acc: 0.5620 | Val F1: 0.5572

--- Epoch [116/200] | Duration: 3.88s ---
Train Loss: 0.9447 | Val Loss: 0.9124 | Val Acc: 0.6033 | Val F1: 0.5986
🎉 New best model found! F1-Score: 0.5986. Saved to training_outputs/20250702-164848/best_model.pth

--- Epoch [117/200] | Duration: 3.90s ---
Train Loss: 0.9195 | Val Loss: 0.9249 | Val Acc: 0.6116 | Val F1: 0.6090
🎉 New best model found! F1-Score: 0.6090. Saved to training_outputs/20250702-164848/best_model.pth

--- Epoch [118/200] | Duration: 3.87s ---
Train Loss: 0.9363 | Val Loss: 0.9085 | Val Acc: 0.5868 | Val F1: 0.5831

--- Epoch [119/200] | Duration: 3.89s ---
Train Loss: 0.9383 | Val Loss: 0.9094 | Val Acc: 0.5868 | Val F1: 0.5798

--- Epoch [120/200] | Duration: 3.89s ---
Train Loss: 0.9130 | Val Loss: 0.9206 | Val Acc: 0.5620 | Val F1: 0.5526

--- Epoch [121/200] | Duration: 3.90s ---
Train Loss: 0.9359 | Val Loss: 0.9090 | Val Acc: 0.5868 | Val F1: 0.5811

--- Epoch [122/200] | Duration: 3.90s ---
Train Loss: 0.9364 | Val Loss: 0.9167 | Val Acc: 0.5868 | Val F1: 0.5773

--- Epoch [123/200] | Duration: 3.89s ---
Train Loss: 0.9148 | Val Loss: 0.9294 | Val Acc: 0.5537 | Val F1: 0.5421

--- Epoch [124/200] | Duration: 3.90s ---
Train Loss: 0.9438 | Val Loss: 0.9263 | Val Acc: 0.5702 | Val F1: 0.5600

--- Epoch [125/200] | Duration: 3.89s ---
Train Loss: 0.9427 | Val Loss: 0.9266 | Val Acc: 0.5620 | Val F1: 0.5502

--- Epoch [126/200] | Duration: 3.90s ---
Train Loss: 0.9291 | Val Loss: 0.9136 | Val Acc: 0.5537 | Val F1: 0.5519

--- Epoch [127/200] | Duration: 3.87s ---
Train Loss: 0.9096 | Val Loss: 0.9019 | Val Acc: 0.5950 | Val F1: 0.5924

--- Epoch [128/200] | Duration: 3.88s ---
Train Loss: 0.9398 | Val Loss: 0.8924 | Val Acc: 0.5785 | Val F1: 0.5725

--- Epoch [129/200] | Duration: 3.88s ---
Train Loss: 0.9028 | Val Loss: 0.9074 | Val Acc: 0.5868 | Val F1: 0.5834

--- Epoch [130/200] | Duration: 3.88s ---
Train Loss: 0.9284 | Val Loss: 0.9164 | Val Acc: 0.5785 | Val F1: 0.5708

--- Epoch [131/200] | Duration: 3.91s ---
Train Loss: 0.9087 | Val Loss: 0.9284 | Val Acc: 0.5620 | Val F1: 0.5520

--- Epoch [132/200] | Duration: 3.93s ---
Train Loss: 0.9363 | Val Loss: 0.9251 | Val Acc: 0.5702 | Val F1: 0.5599

--- Epoch [133/200] | Duration: 3.92s ---
Train Loss: 0.9129 | Val Loss: 0.9200 | Val Acc: 0.5455 | Val F1: 0.5415

--- Epoch [134/200] | Duration: 3.91s ---
Train Loss: 0.9269 | Val Loss: 0.9082 | Val Acc: 0.5620 | Val F1: 0.5524

--- Epoch [135/200] | Duration: 3.86s ---
Train Loss: 0.9280 | Val Loss: 0.9286 | Val Acc: 0.5372 | Val F1: 0.5339

--- Epoch [136/200] | Duration: 3.90s ---
Train Loss: 0.9532 | Val Loss: 0.9278 | Val Acc: 0.5785 | Val F1: 0.5648

--- Epoch [137/200] | Duration: 3.88s ---
Train Loss: 0.9280 | Val Loss: 0.9008 | Val Acc: 0.5537 | Val F1: 0.5480

--- Epoch [138/200] | Duration: 3.89s ---
Train Loss: 0.9316 | Val Loss: 0.9228 | Val Acc: 0.5702 | Val F1: 0.5568

--- Epoch [139/200] | Duration: 3.89s ---
Train Loss: 0.9168 | Val Loss: 0.9210 | Val Acc: 0.5702 | Val F1: 0.5682

--- Epoch [140/200] | Duration: 3.88s ---
Train Loss: 0.9439 | Val Loss: 0.9199 | Val Acc: 0.5868 | Val F1: 0.5777

--- Epoch [141/200] | Duration: 3.92s ---
Train Loss: 0.9080 | Val Loss: 0.8950 | Val Acc: 0.5702 | Val F1: 0.5622

--- Epoch [142/200] | Duration: 3.93s ---
Train Loss: 0.9275 | Val Loss: 0.8904 | Val Acc: 0.5950 | Val F1: 0.5910

--- Epoch [143/200] | Duration: 3.91s ---
Train Loss: 0.9298 | Val Loss: 0.9136 | Val Acc: 0.5868 | Val F1: 0.5854

--- Epoch [144/200] | Duration: 3.89s ---
Train Loss: 0.9220 | Val Loss: 0.9094 | Val Acc: 0.5785 | Val F1: 0.5747

--- Epoch [145/200] | Duration: 3.89s ---
Train Loss: 0.9054 | Val Loss: 0.9120 | Val Acc: 0.5785 | Val F1: 0.5767

--- Epoch [146/200] | Duration: 3.91s ---
Train Loss: 0.9174 | Val Loss: 0.9560 | Val Acc: 0.5785 | Val F1: 0.5601

--- Epoch [147/200] | Duration: 3.89s ---
Train Loss: 0.9177 | Val Loss: 0.9217 | Val Acc: 0.5455 | Val F1: 0.5420

--- Epoch [148/200] | Duration: 3.93s ---
Train Loss: 0.9112 | Val Loss: 0.9235 | Val Acc: 0.6281 | Val F1: 0.6189
🎉 New best model found! F1-Score: 0.6189. Saved to training_outputs/20250702-164848/best_model.pth

--- Epoch [149/200] | Duration: 3.91s ---
Train Loss: 0.9071 | Val Loss: 0.9207 | Val Acc: 0.5702 | Val F1: 0.5558

--- Epoch [150/200] | Duration: 3.90s ---
Train Loss: 0.9368 | Val Loss: 0.8988 | Val Acc: 0.6033 | Val F1: 0.5989

--- Epoch [151/200] | Duration: 3.90s ---
Train Loss: 0.9128 | Val Loss: 0.9015 | Val Acc: 0.5950 | Val F1: 0.5841

--- Epoch [152/200] | Duration: 3.92s ---
Train Loss: 0.9049 | Val Loss: 0.9036 | Val Acc: 0.6198 | Val F1: 0.6130

--- Epoch [153/200] | Duration: 3.88s ---
Train Loss: 0.9022 | Val Loss: 0.8971 | Val Acc: 0.5785 | Val F1: 0.5727

--- Epoch [154/200] | Duration: 3.90s ---
Train Loss: 0.9316 | Val Loss: 0.9178 | Val Acc: 0.5620 | Val F1: 0.5547

--- Epoch [155/200] | Duration: 3.88s ---
Train Loss: 0.9219 | Val Loss: 0.8994 | Val Acc: 0.5702 | Val F1: 0.5652

--- Epoch [156/200] | Duration: 3.92s ---
Train Loss: 0.9056 | Val Loss: 0.8963 | Val Acc: 0.5702 | Val F1: 0.5651

--- Epoch [157/200] | Duration: 3.86s ---
Train Loss: 0.9065 | Val Loss: 0.9009 | Val Acc: 0.5702 | Val F1: 0.5593

--- Epoch [158/200] | Duration: 3.91s ---
Train Loss: 0.8906 | Val Loss: 0.8901 | Val Acc: 0.5950 | Val F1: 0.5896

--- Epoch [159/200] | Duration: 3.89s ---
Train Loss: 0.9073 | Val Loss: 0.8955 | Val Acc: 0.6116 | Val F1: 0.6059

--- Epoch [160/200] | Duration: 3.89s ---
Train Loss: 0.9039 | Val Loss: 0.8897 | Val Acc: 0.5868 | Val F1: 0.5775

--- Epoch [161/200] | Duration: 3.88s ---
Train Loss: 0.9298 | Val Loss: 0.9298 | Val Acc: 0.5868 | Val F1: 0.5794

--- Epoch [162/200] | Duration: 3.92s ---
Train Loss: 0.8916 | Val Loss: 0.9021 | Val Acc: 0.5950 | Val F1: 0.5907

--- Epoch [163/200] | Duration: 3.89s ---
Train Loss: 0.8935 | Val Loss: 0.9046 | Val Acc: 0.5455 | Val F1: 0.5305

--- Epoch [164/200] | Duration: 3.92s ---
Train Loss: 0.9215 | Val Loss: 0.8943 | Val Acc: 0.5950 | Val F1: 0.5896

--- Epoch [165/200] | Duration: 3.89s ---
Train Loss: 0.9120 | Val Loss: 0.9249 | Val Acc: 0.5620 | Val F1: 0.5561

--- Epoch [166/200] | Duration: 3.88s ---
Train Loss: 0.9049 | Val Loss: 0.9051 | Val Acc: 0.5620 | Val F1: 0.5515

--- Epoch [167/200] | Duration: 3.86s ---
Train Loss: 0.8860 | Val Loss: 0.8808 | Val Acc: 0.5620 | Val F1: 0.5613

--- Epoch [168/200] | Duration: 3.90s ---
Train Loss: 0.9087 | Val Loss: 0.8936 | Val Acc: 0.5785 | Val F1: 0.5681

--- Epoch [169/200] | Duration: 3.89s ---
Train Loss: 0.9017 | Val Loss: 0.8836 | Val Acc: 0.6033 | Val F1: 0.6023

--- Epoch [170/200] | Duration: 3.91s ---
Train Loss: 0.9006 | Val Loss: 0.8965 | Val Acc: 0.5868 | Val F1: 0.5803

--- Epoch [171/200] | Duration: 3.89s ---
Train Loss: 0.9002 | Val Loss: 0.8899 | Val Acc: 0.5785 | Val F1: 0.5745

--- Epoch [172/200] | Duration: 3.88s ---
Train Loss: 0.8729 | Val Loss: 0.8882 | Val Acc: 0.6364 | Val F1: 0.6361
🎉 New best model found! F1-Score: 0.6361. Saved to training_outputs/20250702-164848/best_model.pth

--- Epoch [173/200] | Duration: 3.90s ---
Train Loss: 0.8819 | Val Loss: 0.8826 | Val Acc: 0.5785 | Val F1: 0.5737

--- Epoch [174/200] | Duration: 3.89s ---
Train Loss: 0.8900 | Val Loss: 0.8998 | Val Acc: 0.5785 | Val F1: 0.5637

--- Epoch [175/200] | Duration: 3.89s ---
Train Loss: 0.8845 | Val Loss: 0.8970 | Val Acc: 0.5785 | Val F1: 0.5708

--- Epoch [176/200] | Duration: 3.90s ---
Train Loss: 0.8967 | Val Loss: 0.9041 | Val Acc: 0.5702 | Val F1: 0.5565

--- Epoch [177/200] | Duration: 3.90s ---
Train Loss: 0.8824 | Val Loss: 0.9066 | Val Acc: 0.5868 | Val F1: 0.5710

--- Epoch [178/200] | Duration: 3.90s ---
Train Loss: 0.8908 | Val Loss: 0.8702 | Val Acc: 0.5620 | Val F1: 0.5561

--- Epoch [179/200] | Duration: 3.88s ---
Train Loss: 0.9081 | Val Loss: 0.8594 | Val Acc: 0.6033 | Val F1: 0.6018

--- Epoch [180/200] | Duration: 3.87s ---
Train Loss: 0.8884 | Val Loss: 0.8691 | Val Acc: 0.6033 | Val F1: 0.5973

--- Epoch [181/200] | Duration: 3.89s ---
Train Loss: 0.8962 | Val Loss: 0.8725 | Val Acc: 0.5785 | Val F1: 0.5647

--- Epoch [182/200] | Duration: 3.92s ---
Train Loss: 0.8955 | Val Loss: 0.8672 | Val Acc: 0.5868 | Val F1: 0.5814

--- Epoch [183/200] | Duration: 3.88s ---
Train Loss: 0.8811 | Val Loss: 0.9059 | Val Acc: 0.6033 | Val F1: 0.5938

--- Epoch [184/200] | Duration: 3.91s ---
Train Loss: 0.8978 | Val Loss: 0.8756 | Val Acc: 0.6033 | Val F1: 0.6000

--- Epoch [185/200] | Duration: 3.91s ---
Train Loss: 0.9214 | Val Loss: 0.8925 | Val Acc: 0.5785 | Val F1: 0.5691

--- Epoch [186/200] | Duration: 3.89s ---
Train Loss: 0.8922 | Val Loss: 0.8718 | Val Acc: 0.6033 | Val F1: 0.6013

--- Epoch [187/200] | Duration: 3.92s ---
Train Loss: 0.8966 | Val Loss: 0.8865 | Val Acc: 0.6116 | Val F1: 0.6063

--- Epoch [188/200] | Duration: 3.91s ---
Train Loss: 0.8723 | Val Loss: 0.8713 | Val Acc: 0.6198 | Val F1: 0.6129

--- Epoch [189/200] | Duration: 3.90s ---
Train Loss: 0.9169 | Val Loss: 0.8653 | Val Acc: 0.5950 | Val F1: 0.5932

--- Epoch [190/200] | Duration: 3.93s ---
Train Loss: 0.9032 | Val Loss: 0.8458 | Val Acc: 0.6116 | Val F1: 0.6090

--- Epoch [191/200] | Duration: 3.94s ---
Train Loss: 0.8900 | Val Loss: 0.8593 | Val Acc: 0.6198 | Val F1: 0.6103

--- Epoch [192/200] | Duration: 3.87s ---
Train Loss: 0.8911 | Val Loss: 0.8574 | Val Acc: 0.5868 | Val F1: 0.5782

--- Epoch [193/200] | Duration: 3.90s ---
Train Loss: 0.8975 | Val Loss: 0.8775 | Val Acc: 0.6116 | Val F1: 0.6071

--- Epoch [194/200] | Duration: 3.91s ---
Train Loss: 0.8757 | Val Loss: 0.8950 | Val Acc: 0.6033 | Val F1: 0.6001

--- Epoch [195/200] | Duration: 3.88s ---
Train Loss: 0.8692 | Val Loss: 0.8600 | Val Acc: 0.5950 | Val F1: 0.5907

--- Epoch [196/200] | Duration: 3.90s ---
Train Loss: 0.8796 | Val Loss: 0.8655 | Val Acc: 0.6116 | Val F1: 0.6032

--- Epoch [197/200] | Duration: 3.89s ---
Train Loss: 0.8816 | Val Loss: 0.8784 | Val Acc: 0.6116 | Val F1: 0.6095

--- Epoch [198/200] | Duration: 3.92s ---
Train Loss: 0.8968 | Val Loss: 0.9106 | Val Acc: 0.5950 | Val F1: 0.5841

--- Epoch [199/200] | Duration: 3.91s ---
Train Loss: 0.8894 | Val Loss: 0.8892 | Val Acc: 0.5868 | Val F1: 0.5787

--- Epoch [200/200] | Duration: 3.90s ---
Train Loss: 0.8759 | Val Loss: 0.9110 | Val Acc: 0.6281 | Val F1: 0.6204

✅ Training finished.

💾 Saving final artifacts...

📈 Saved training metrics plot to training_outputs/20250702-164848/training_metrics.png
📊 Saved final confusion matrix to training_outputs/20250702-164848/final_confusion_matrix.png
📝 Saved final classification report to training_outputs/20250702-164848/classification_report.txt
