The following modules were not unloaded:
  (Use "module --force purge" to unload all):

  1) modules/2.3-20240529   2) openblas/single-0.3.26
🚀 Starting Run. All outputs will be saved to: training_outputs/20250728-135221
⚙️ Using device: cuda
Hyperparameters: {'input_depth': 32, 'input_height': 32, 'input_width': 32, 'num_classes': 3, 'classes_names': ['mitotic', 'new_daughter', 'stable'], 'learning_rate': 1e-05, 'batch_size': 16, 'num_epochs': 300, 'num_input_channels': 4, 'dropout_rate': 0.1, 'weight_decay': 1e-05, 'early_stopping_patience': 35, 'max_samples_per_class': {'mitotic': 221, 'new_daughter': 221, 'stable': 221}, 'class_weights': [1.0, 1.0, 1.0]}

Loading datasets...
Dataset loaded with 660 total samples:
  - mitotic: 218 samples
  - new_daughter: 221 samples
  - stable: 221 samples
  Applied per-class limits:
    - mitotic: 221 max samples
    - new_daughter: 221 max samples
    - stable: 221 max samples
Dataset loaded with 660 total samples:
  - mitotic: 218 samples
  - new_daughter: 221 samples
  - stable: 221 samples
  Applied per-class limits:
    - mitotic: 221 max samples
    - new_daughter: 221 max samples
    - stable: 221 max samples

Training on 528 samples, validating on 132 samples.
Model has 71,379 trainable parameters.

--- Starting Training ---
Epoch [001/300] | Duration: 58.47s | Train Loss: 1.1145 | Train Acc: 0.3674 | Val Loss: 1.0878 | Val Acc: 0.3712 | Val F1: 0.2502
🎉 New best model found! F1-Score: 0.2502. Saved to training_outputs/20250728-135221/best_model.pth
Epoch [002/300] | Duration: 13.05s | Train Loss: 1.0522 | Train Acc: 0.4848 | Val Loss: 1.0483 | Val Acc: 0.5076 | Val F1: 0.4456
🎉 New best model found! F1-Score: 0.4456. Saved to training_outputs/20250728-135221/best_model.pth
Epoch [003/300] | Duration: 12.84s | Train Loss: 1.0117 | Train Acc: 0.5701 | Val Loss: 1.0108 | Val Acc: 0.5833 | Val F1: 0.5590
🎉 New best model found! F1-Score: 0.5590. Saved to training_outputs/20250728-135221/best_model.pth
Epoch [004/300] | Duration: 13.53s | Train Loss: 0.9893 | Train Acc: 0.5739 | Val Loss: 0.9907 | Val Acc: 0.5985 | Val F1: 0.5727
🎉 New best model found! F1-Score: 0.5727. Saved to training_outputs/20250728-135221/best_model.pth
Epoch [005/300] | Duration: 13.26s | Train Loss: 0.9537 | Train Acc: 0.6269 | Val Loss: 0.9734 | Val Acc: 0.5909 | Val F1: 0.5641
Epoch [006/300] | Duration: 13.02s | Train Loss: 0.9388 | Train Acc: 0.6212 | Val Loss: 0.9571 | Val Acc: 0.5833 | Val F1: 0.5582
Epoch [007/300] | Duration: 13.00s | Train Loss: 0.9250 | Train Acc: 0.6212 | Val Loss: 0.9495 | Val Acc: 0.5682 | Val F1: 0.5401
Epoch [008/300] | Duration: 14.08s | Train Loss: 0.9000 | Train Acc: 0.6458 | Val Loss: 0.9344 | Val Acc: 0.5833 | Val F1: 0.5566
Epoch [009/300] | Duration: 13.12s | Train Loss: 0.8862 | Train Acc: 0.6686 | Val Loss: 0.9227 | Val Acc: 0.5985 | Val F1: 0.5728
🎉 New best model found! F1-Score: 0.5728. Saved to training_outputs/20250728-135221/best_model.pth
Epoch [010/300] | Duration: 13.17s | Train Loss: 0.8678 | Train Acc: 0.6742 | Val Loss: 0.9114 | Val Acc: 0.6061 | Val F1: 0.5823
🎉 New best model found! F1-Score: 0.5823. Saved to training_outputs/20250728-135221/best_model.pth
Epoch [011/300] | Duration: 13.15s | Train Loss: 0.8593 | Train Acc: 0.6705 | Val Loss: 0.9028 | Val Acc: 0.5985 | Val F1: 0.5705
Epoch [012/300] | Duration: 12.83s | Train Loss: 0.8398 | Train Acc: 0.6989 | Val Loss: 0.8899 | Val Acc: 0.6212 | Val F1: 0.6012
🎉 New best model found! F1-Score: 0.6012. Saved to training_outputs/20250728-135221/best_model.pth
Epoch [013/300] | Duration: 13.19s | Train Loss: 0.8396 | Train Acc: 0.6742 | Val Loss: 0.8851 | Val Acc: 0.6364 | Val F1: 0.6162
🎉 New best model found! F1-Score: 0.6162. Saved to training_outputs/20250728-135221/best_model.pth
Epoch [014/300] | Duration: 12.86s | Train Loss: 0.8225 | Train Acc: 0.7008 | Val Loss: 0.8728 | Val Acc: 0.6364 | Val F1: 0.6158
Epoch [015/300] | Duration: 12.72s | Train Loss: 0.8028 | Train Acc: 0.7121 | Val Loss: 0.8625 | Val Acc: 0.6667 | Val F1: 0.6507
🎉 New best model found! F1-Score: 0.6507. Saved to training_outputs/20250728-135221/best_model.pth
Epoch [016/300] | Duration: 13.23s | Train Loss: 0.7911 | Train Acc: 0.7216 | Val Loss: 0.8538 | Val Acc: 0.6591 | Val F1: 0.6412
Epoch [017/300] | Duration: 12.94s | Train Loss: 0.7825 | Train Acc: 0.7330 | Val Loss: 0.8432 | Val Acc: 0.6742 | Val F1: 0.6601
🎉 New best model found! F1-Score: 0.6601. Saved to training_outputs/20250728-135221/best_model.pth
Epoch [018/300] | Duration: 13.22s | Train Loss: 0.7909 | Train Acc: 0.7216 | Val Loss: 0.8414 | Val Acc: 0.6591 | Val F1: 0.6420
Epoch [019/300] | Duration: 12.67s | Train Loss: 0.7778 | Train Acc: 0.7330 | Val Loss: 0.8363 | Val Acc: 0.6818 | Val F1: 0.6671
🎉 New best model found! F1-Score: 0.6671. Saved to training_outputs/20250728-135221/best_model.pth
Epoch [020/300] | Duration: 13.01s | Train Loss: 0.7711 | Train Acc: 0.7330 | Val Loss: 0.8289 | Val Acc: 0.6742 | Val F1: 0.6590
Epoch [021/300] | Duration: 12.36s | Train Loss: 0.7736 | Train Acc: 0.7121 | Val Loss: 0.8158 | Val Acc: 0.6894 | Val F1: 0.6749
🎉 New best model found! F1-Score: 0.6749. Saved to training_outputs/20250728-135221/best_model.pth
Epoch [022/300] | Duration: 11.38s | Train Loss: 0.7408 | Train Acc: 0.7689 | Val Loss: 0.8124 | Val Acc: 0.7045 | Val F1: 0.6922
🎉 New best model found! F1-Score: 0.6922. Saved to training_outputs/20250728-135221/best_model.pth
Epoch [023/300] | Duration: 11.21s | Train Loss: 0.7444 | Train Acc: 0.7424 | Val Loss: 0.8023 | Val Acc: 0.7121 | Val F1: 0.7004
🎉 New best model found! F1-Score: 0.7004. Saved to training_outputs/20250728-135221/best_model.pth
Epoch [024/300] | Duration: 11.47s | Train Loss: 0.7447 | Train Acc: 0.7557 | Val Loss: 0.8041 | Val Acc: 0.7045 | Val F1: 0.6919
Epoch [025/300] | Duration: 11.26s | Train Loss: 0.7170 | Train Acc: 0.7614 | Val Loss: 0.7849 | Val Acc: 0.7121 | Val F1: 0.7025
🎉 New best model found! F1-Score: 0.7025. Saved to training_outputs/20250728-135221/best_model.pth
Epoch [026/300] | Duration: 11.99s | Train Loss: 0.7284 | Train Acc: 0.7614 | Val Loss: 0.7788 | Val Acc: 0.6970 | Val F1: 0.6854
Epoch [027/300] | Duration: 11.33s | Train Loss: 0.7104 | Train Acc: 0.7500 | Val Loss: 0.7840 | Val Acc: 0.7197 | Val F1: 0.7090
🎉 New best model found! F1-Score: 0.7090. Saved to training_outputs/20250728-135221/best_model.pth
Epoch [028/300] | Duration: 10.82s | Train Loss: 0.7061 | Train Acc: 0.7784 | Val Loss: 0.7675 | Val Acc: 0.7273 | Val F1: 0.7175
🎉 New best model found! F1-Score: 0.7175. Saved to training_outputs/20250728-135221/best_model.pth
Epoch [029/300] | Duration: 11.78s | Train Loss: 0.7129 | Train Acc: 0.7576 | Val Loss: 0.7670 | Val Acc: 0.7348 | Val F1: 0.7258
🎉 New best model found! F1-Score: 0.7258. Saved to training_outputs/20250728-135221/best_model.pth
Epoch [030/300] | Duration: 11.33s | Train Loss: 0.6951 | Train Acc: 0.7822 | Val Loss: 0.7560 | Val Acc: 0.7424 | Val F1: 0.7342
🎉 New best model found! F1-Score: 0.7342. Saved to training_outputs/20250728-135221/best_model.pth
Epoch [031/300] | Duration: 11.49s | Train Loss: 0.7071 | Train Acc: 0.7708 | Val Loss: 0.7525 | Val Acc: 0.7500 | Val F1: 0.7426
🎉 New best model found! F1-Score: 0.7426. Saved to training_outputs/20250728-135221/best_model.pth
Epoch [032/300] | Duration: 11.25s | Train Loss: 0.6899 | Train Acc: 0.7746 | Val Loss: 0.7420 | Val Acc: 0.7576 | Val F1: 0.7510
🎉 New best model found! F1-Score: 0.7510. Saved to training_outputs/20250728-135221/best_model.pth
Epoch [033/300] | Duration: 10.95s | Train Loss: 0.6706 | Train Acc: 0.7841 | Val Loss: 0.7370 | Val Acc: 0.7576 | Val F1: 0.7515
🎉 New best model found! F1-Score: 0.7515. Saved to training_outputs/20250728-135221/best_model.pth
Epoch [034/300] | Duration: 11.03s | Train Loss: 0.6639 | Train Acc: 0.8049 | Val Loss: 0.7323 | Val Acc: 0.7576 | Val F1: 0.7515
Epoch [035/300] | Duration: 11.44s | Train Loss: 0.6642 | Train Acc: 0.7917 | Val Loss: 0.7279 | Val Acc: 0.7576 | Val F1: 0.7515
Epoch [036/300] | Duration: 11.04s | Train Loss: 0.6412 | Train Acc: 0.8125 | Val Loss: 0.7140 | Val Acc: 0.7652 | Val F1: 0.7594
🎉 New best model found! F1-Score: 0.7594. Saved to training_outputs/20250728-135221/best_model.pth
Epoch [037/300] | Duration: 10.91s | Train Loss: 0.6395 | Train Acc: 0.8144 | Val Loss: 0.6991 | Val Acc: 0.7652 | Val F1: 0.7590
Epoch [038/300] | Duration: 12.03s | Train Loss: 0.6460 | Train Acc: 0.8125 | Val Loss: 0.6872 | Val Acc: 0.7652 | Val F1: 0.7590
Epoch [039/300] | Duration: 10.47s | Train Loss: 0.6465 | Train Acc: 0.7973 | Val Loss: 0.6864 | Val Acc: 0.7727 | Val F1: 0.7677
🎉 New best model found! F1-Score: 0.7677. Saved to training_outputs/20250728-135221/best_model.pth
Epoch [040/300] | Duration: 11.53s | Train Loss: 0.6232 | Train Acc: 0.8087 | Val Loss: 0.6660 | Val Acc: 0.7879 | Val F1: 0.7832
🎉 New best model found! F1-Score: 0.7832. Saved to training_outputs/20250728-135221/best_model.pth
Epoch [041/300] | Duration: 11.57s | Train Loss: 0.6103 | Train Acc: 0.8201 | Val Loss: 0.6645 | Val Acc: 0.7803 | Val F1: 0.7755
Epoch [042/300] | Duration: 10.37s | Train Loss: 0.6058 | Train Acc: 0.8258 | Val Loss: 0.6602 | Val Acc: 0.7803 | Val F1: 0.7760
Epoch [043/300] | Duration: 9.58s | Train Loss: 0.6083 | Train Acc: 0.8182 | Val Loss: 0.6567 | Val Acc: 0.7803 | Val F1: 0.7760
Epoch [044/300] | Duration: 10.96s | Train Loss: 0.6159 | Train Acc: 0.8144 | Val Loss: 0.6457 | Val Acc: 0.7879 | Val F1: 0.7839
🎉 New best model found! F1-Score: 0.7839. Saved to training_outputs/20250728-135221/best_model.pth
Epoch [045/300] | Duration: 10.97s | Train Loss: 0.5975 | Train Acc: 0.8277 | Val Loss: 0.6439 | Val Acc: 0.7955 | Val F1: 0.7912
🎉 New best model found! F1-Score: 0.7912. Saved to training_outputs/20250728-135221/best_model.pth
Epoch [046/300] | Duration: 10.43s | Train Loss: 0.5887 | Train Acc: 0.8352 | Val Loss: 0.6359 | Val Acc: 0.8030 | Val F1: 0.7996
🎉 New best model found! F1-Score: 0.7996. Saved to training_outputs/20250728-135221/best_model.pth
Epoch [047/300] | Duration: 10.32s | Train Loss: 0.5881 | Train Acc: 0.8239 | Val Loss: 0.6187 | Val Acc: 0.8258 | Val F1: 0.8237
🎉 New best model found! F1-Score: 0.8237. Saved to training_outputs/20250728-135221/best_model.pth
Epoch [048/300] | Duration: 11.08s | Train Loss: 0.5753 | Train Acc: 0.8485 | Val Loss: 0.6216 | Val Acc: 0.8182 | Val F1: 0.8153
Epoch [049/300] | Duration: 11.26s | Train Loss: 0.5744 | Train Acc: 0.8295 | Val Loss: 0.6121 | Val Acc: 0.8258 | Val F1: 0.8233
Epoch [050/300] | Duration: 10.77s | Train Loss: 0.5678 | Train Acc: 0.8580 | Val Loss: 0.6121 | Val Acc: 0.8106 | Val F1: 0.8073
Epoch [051/300] | Duration: 11.15s | Train Loss: 0.5626 | Train Acc: 0.8504 | Val Loss: 0.6002 | Val Acc: 0.8258 | Val F1: 0.8238
🎉 New best model found! F1-Score: 0.8238. Saved to training_outputs/20250728-135221/best_model.pth
Epoch [052/300] | Duration: 11.90s | Train Loss: 0.5688 | Train Acc: 0.8049 | Val Loss: 0.6030 | Val Acc: 0.8182 | Val F1: 0.8156
Epoch [053/300] | Duration: 12.05s | Train Loss: 0.5656 | Train Acc: 0.8277 | Val Loss: 0.5831 | Val Acc: 0.8258 | Val F1: 0.8238
Epoch [054/300] | Duration: 11.73s | Train Loss: 0.5616 | Train Acc: 0.8371 | Val Loss: 0.5883 | Val Acc: 0.8333 | Val F1: 0.8314
🎉 New best model found! F1-Score: 0.8314. Saved to training_outputs/20250728-135221/best_model.pth
Epoch [055/300] | Duration: 10.91s | Train Loss: 0.5487 | Train Acc: 0.8447 | Val Loss: 0.5836 | Val Acc: 0.8258 | Val F1: 0.8234
Epoch [056/300] | Duration: 10.78s | Train Loss: 0.5496 | Train Acc: 0.8371 | Val Loss: 0.5846 | Val Acc: 0.8182 | Val F1: 0.8151
Epoch [057/300] | Duration: 11.21s | Train Loss: 0.5674 | Train Acc: 0.8163 | Val Loss: 0.5726 | Val Acc: 0.8409 | Val F1: 0.8389
🎉 New best model found! F1-Score: 0.8389. Saved to training_outputs/20250728-135221/best_model.pth
Epoch [058/300] | Duration: 12.07s | Train Loss: 0.5446 | Train Acc: 0.8390 | Val Loss: 0.5763 | Val Acc: 0.8258 | Val F1: 0.8232
Epoch [059/300] | Duration: 11.48s | Train Loss: 0.5301 | Train Acc: 0.8485 | Val Loss: 0.5663 | Val Acc: 0.8258 | Val F1: 0.8234
Epoch [060/300] | Duration: 12.28s | Train Loss: 0.5208 | Train Acc: 0.8674 | Val Loss: 0.5665 | Val Acc: 0.8333 | Val F1: 0.8314
Epoch [061/300] | Duration: 11.92s | Train Loss: 0.5349 | Train Acc: 0.8390 | Val Loss: 0.5569 | Val Acc: 0.8409 | Val F1: 0.8389
Epoch [062/300] | Duration: 11.96s | Train Loss: 0.5513 | Train Acc: 0.8428 | Val Loss: 0.5768 | Val Acc: 0.8258 | Val F1: 0.8234
Epoch [063/300] | Duration: 10.92s | Train Loss: 0.5102 | Train Acc: 0.8655 | Val Loss: 0.5636 | Val Acc: 0.8258 | Val F1: 0.8236
Epoch [064/300] | Duration: 9.93s | Train Loss: 0.5396 | Train Acc: 0.8390 | Val Loss: 0.5594 | Val Acc: 0.8258 | Val F1: 0.8234
Epoch [065/300] | Duration: 11.24s | Train Loss: 0.5117 | Train Acc: 0.8542 | Val Loss: 0.5442 | Val Acc: 0.8333 | Val F1: 0.8314
Epoch [066/300] | Duration: 12.44s | Train Loss: 0.5141 | Train Acc: 0.8617 | Val Loss: 0.5498 | Val Acc: 0.8258 | Val F1: 0.8232
Epoch [067/300] | Duration: 11.89s | Train Loss: 0.5107 | Train Acc: 0.8485 | Val Loss: 0.5455 | Val Acc: 0.8333 | Val F1: 0.8314
Epoch [068/300] | Duration: 12.42s | Train Loss: 0.5081 | Train Acc: 0.8580 | Val Loss: 0.5407 | Val Acc: 0.8333 | Val F1: 0.8314
Epoch [069/300] | Duration: 11.54s | Train Loss: 0.4954 | Train Acc: 0.8636 | Val Loss: 0.5418 | Val Acc: 0.8333 | Val F1: 0.8314
Epoch [070/300] | Duration: 11.31s | Train Loss: 0.5107 | Train Acc: 0.8466 | Val Loss: 0.5319 | Val Acc: 0.8258 | Val F1: 0.8239
Epoch [071/300] | Duration: 12.66s | Train Loss: 0.5083 | Train Acc: 0.8523 | Val Loss: 0.5273 | Val Acc: 0.8258 | Val F1: 0.8239
Epoch [072/300] | Duration: 12.48s | Train Loss: 0.4933 | Train Acc: 0.8617 | Val Loss: 0.5370 | Val Acc: 0.8333 | Val F1: 0.8314
Epoch [073/300] | Duration: 13.52s | Train Loss: 0.4860 | Train Acc: 0.8655 | Val Loss: 0.5364 | Val Acc: 0.8333 | Val F1: 0.8319
Epoch [074/300] | Duration: 11.51s | Train Loss: 0.4913 | Train Acc: 0.8674 | Val Loss: 0.5294 | Val Acc: 0.8333 | Val F1: 0.8315
Epoch [075/300] | Duration: 11.31s | Train Loss: 0.4841 | Train Acc: 0.8598 | Val Loss: 0.5161 | Val Acc: 0.8333 | Val F1: 0.8314
Epoch [076/300] | Duration: 11.21s | Train Loss: 0.5151 | Train Acc: 0.8485 | Val Loss: 0.5107 | Val Acc: 0.8485 | Val F1: 0.8472
🎉 New best model found! F1-Score: 0.8472. Saved to training_outputs/20250728-135221/best_model.pth
Epoch [077/300] | Duration: 11.84s | Train Loss: 0.4890 | Train Acc: 0.8580 | Val Loss: 0.5237 | Val Acc: 0.8333 | Val F1: 0.8314
Epoch [078/300] | Duration: 10.85s | Train Loss: 0.4877 | Train Acc: 0.8580 | Val Loss: 0.5182 | Val Acc: 0.8409 | Val F1: 0.8394
Epoch [079/300] | Duration: 10.11s | Train Loss: 0.4907 | Train Acc: 0.8598 | Val Loss: 0.5137 | Val Acc: 0.8258 | Val F1: 0.8229
Epoch [080/300] | Duration: 11.40s | Train Loss: 0.4824 | Train Acc: 0.8674 | Val Loss: 0.5119 | Val Acc: 0.8409 | Val F1: 0.8389
Epoch [081/300] | Duration: 11.16s | Train Loss: 0.4963 | Train Acc: 0.8390 | Val Loss: 0.5076 | Val Acc: 0.8409 | Val F1: 0.8389
Epoch [082/300] | Duration: 11.38s | Train Loss: 0.4862 | Train Acc: 0.8504 | Val Loss: 0.4956 | Val Acc: 0.8409 | Val F1: 0.8395
Epoch [083/300] | Duration: 10.26s | Train Loss: 0.4883 | Train Acc: 0.8598 | Val Loss: 0.4919 | Val Acc: 0.8333 | Val F1: 0.8318
Epoch [084/300] | Duration: 9.70s | Train Loss: 0.4721 | Train Acc: 0.8580 | Val Loss: 0.4973 | Val Acc: 0.8409 | Val F1: 0.8389
Epoch [085/300] | Duration: 10.64s | Train Loss: 0.4658 | Train Acc: 0.8731 | Val Loss: 0.4974 | Val Acc: 0.8409 | Val F1: 0.8395
Epoch [086/300] | Duration: 10.83s | Train Loss: 0.4788 | Train Acc: 0.8447 | Val Loss: 0.4869 | Val Acc: 0.8409 | Val F1: 0.8396
Epoch [087/300] | Duration: 11.94s | Train Loss: 0.4587 | Train Acc: 0.8693 | Val Loss: 0.5057 | Val Acc: 0.8333 | Val F1: 0.8319
Epoch [088/300] | Duration: 11.83s | Train Loss: 0.4806 | Train Acc: 0.8466 | Val Loss: 0.4881 | Val Acc: 0.8333 | Val F1: 0.8318
Epoch [089/300] | Duration: 11.04s | Train Loss: 0.4809 | Train Acc: 0.8466 | Val Loss: 0.4897 | Val Acc: 0.8258 | Val F1: 0.8236
Epoch [090/300] | Duration: 12.22s | Train Loss: 0.4722 | Train Acc: 0.8523 | Val Loss: 0.4894 | Val Acc: 0.8409 | Val F1: 0.8389
Epoch [091/300] | Duration: 12.14s | Train Loss: 0.4547 | Train Acc: 0.8750 | Val Loss: 0.4783 | Val Acc: 0.8333 | Val F1: 0.8318
Epoch [092/300] | Duration: 12.13s | Train Loss: 0.4474 | Train Acc: 0.8598 | Val Loss: 0.4906 | Val Acc: 0.8409 | Val F1: 0.8394
Epoch [093/300] | Duration: 11.29s | Train Loss: 0.4492 | Train Acc: 0.8674 | Val Loss: 0.4829 | Val Acc: 0.8333 | Val F1: 0.8318
Epoch [094/300] | Duration: 9.91s | Train Loss: 0.4543 | Train Acc: 0.8712 | Val Loss: 0.4763 | Val Acc: 0.8333 | Val F1: 0.8318
Epoch [095/300] | Duration: 10.56s | Train Loss: 0.4593 | Train Acc: 0.8598 | Val Loss: 0.4899 | Val Acc: 0.8333 | Val F1: 0.8312
Epoch [096/300] | Duration: 11.10s | Train Loss: 0.4482 | Train Acc: 0.8750 | Val Loss: 0.4832 | Val Acc: 0.8333 | Val F1: 0.8315
Epoch [097/300] | Duration: 11.77s | Train Loss: 0.4377 | Train Acc: 0.8883 | Val Loss: 0.4721 | Val Acc: 0.8333 | Val F1: 0.8318
Epoch [098/300] | Duration: 12.36s | Train Loss: 0.4618 | Train Acc: 0.8523 | Val Loss: 0.4890 | Val Acc: 0.8333 | Val F1: 0.8319
Epoch [099/300] | Duration: 12.08s | Train Loss: 0.4598 | Train Acc: 0.8561 | Val Loss: 0.4608 | Val Acc: 0.8409 | Val F1: 0.8395
Epoch [100/300] | Duration: 11.29s | Train Loss: 0.4421 | Train Acc: 0.8674 | Val Loss: 0.4811 | Val Acc: 0.8409 | Val F1: 0.8395
Epoch [101/300] | Duration: 11.83s | Train Loss: 0.4267 | Train Acc: 0.8731 | Val Loss: 0.4774 | Val Acc: 0.8409 | Val F1: 0.8394
Epoch [102/300] | Duration: 10.93s | Train Loss: 0.4531 | Train Acc: 0.8693 | Val Loss: 0.4673 | Val Acc: 0.8485 | Val F1: 0.8465
Epoch [103/300] | Duration: 11.08s | Train Loss: 0.4458 | Train Acc: 0.8636 | Val Loss: 0.4617 | Val Acc: 0.8409 | Val F1: 0.8395
Epoch [104/300] | Duration: 9.38s | Train Loss: 0.4520 | Train Acc: 0.8598 | Val Loss: 0.4708 | Val Acc: 0.8333 | Val F1: 0.8318
Epoch [105/300] | Duration: 9.92s | Train Loss: 0.4380 | Train Acc: 0.8636 | Val Loss: 0.4719 | Val Acc: 0.8258 | Val F1: 0.8242
Epoch [106/300] | Duration: 10.67s | Train Loss: 0.4323 | Train Acc: 0.8845 | Val Loss: 0.4597 | Val Acc: 0.8333 | Val F1: 0.8318
Epoch [107/300] | Duration: 11.72s | Train Loss: 0.4485 | Train Acc: 0.8617 | Val Loss: 0.4679 | Val Acc: 0.8409 | Val F1: 0.8394
Epoch [108/300] | Duration: 11.37s | Train Loss: 0.4227 | Train Acc: 0.8655 | Val Loss: 0.4538 | Val Acc: 0.8333 | Val F1: 0.8318
Epoch [109/300] | Duration: 11.66s | Train Loss: 0.4221 | Train Acc: 0.8693 | Val Loss: 0.4563 | Val Acc: 0.8409 | Val F1: 0.8389
Epoch [110/300] | Duration: 11.55s | Train Loss: 0.4397 | Train Acc: 0.8598 | Val Loss: 0.4592 | Val Acc: 0.8409 | Val F1: 0.8394
Epoch [111/300] | Duration: 10.86s | Train Loss: 0.4468 | Train Acc: 0.8674 | Val Loss: 0.4502 | Val Acc: 0.8409 | Val F1: 0.8389

🛑 Early stopping triggered after 35 epochs with no improvement.

✅ Training finished.

💾 Saving final artifacts...
Loaded best model from training_outputs/20250728-135221/best_model.pth for final evaluation.
📈 Saved training metrics plot to training_outputs/20250728-135221/training_metrics.png
📊 Saved final confusion matrix to training_outputs/20250728-135221/final_confusion_matrix.png
📝 Saved final classification report to training_outputs/20250728-135221/final_classification_report.txt

✨ Run complete.
