The following modules were not unloaded:
  (Use "module --force purge" to unload all):

  1) modules/2.3-20240529   2) openblas/single-0.3.26
🚀 Starting Run. All outputs will be saved to: training_outputs/20250728-121652
⚙️ Using device: cuda
Hyperparameters: {'input_depth': 32, 'input_height': 32, 'input_width': 32, 'num_classes': 3, 'classes_names': ['mitotic', 'new_daughter', 'stable'], 'learning_rate': 1e-05, 'batch_size': 16, 'num_epochs': 300, 'num_input_channels': 4, 'dropout_rate': 0.1, 'weight_decay': 1e-05, 'early_stopping_patience': 35, 'max_samples_per_class': {'mitotic': 221, 'new_daughter': 221, 'stable': 221}, 'class_weights': [1.0, 1.0, 1.0]}

Loading datasets...
Dataset loaded with 660 total samples:
  - mitotic: 218 samples
  - new_daughter: 221 samples
  - stable: 221 samples
  Applied per-class limits:
    - mitotic: 221 max samples
    - new_daughter: 221 max samples
    - stable: 221 max samples
Dataset loaded with 660 total samples:
  - mitotic: 218 samples
  - new_daughter: 221 samples
  - stable: 221 samples
  Applied per-class limits:
    - mitotic: 221 max samples
    - new_daughter: 221 max samples
    - stable: 221 max samples

Training on 528 samples, validating on 132 samples.
Model has 71,379 trainable parameters.

--- Starting Training ---
Epoch [001/300] | Duration: 45.79s | Train Loss: 1.1104 | Train Acc: 0.3239 | Val Loss: 1.1152 | Val Acc: 0.3333 | Val F1: 0.1667
🎉 New best model found! F1-Score: 0.1667. Saved to training_outputs/20250728-121652/best_model.pth
Epoch [002/300] | Duration: 7.60s | Train Loss: 1.0531 | Train Acc: 0.4792 | Val Loss: 1.0476 | Val Acc: 0.5530 | Val F1: 0.5124
🎉 New best model found! F1-Score: 0.5124. Saved to training_outputs/20250728-121652/best_model.pth
Epoch [003/300] | Duration: 8.53s | Train Loss: 1.0120 | Train Acc: 0.6136 | Val Loss: 1.0050 | Val Acc: 0.6439 | Val F1: 0.6349
🎉 New best model found! F1-Score: 0.6349. Saved to training_outputs/20250728-121652/best_model.pth
Epoch [004/300] | Duration: 10.25s | Train Loss: 0.9832 | Train Acc: 0.6061 | Val Loss: 0.9790 | Val Acc: 0.6364 | Val F1: 0.6244
Epoch [005/300] | Duration: 9.19s | Train Loss: 0.9584 | Train Acc: 0.6288 | Val Loss: 0.9596 | Val Acc: 0.6591 | Val F1: 0.6411
🎉 New best model found! F1-Score: 0.6411. Saved to training_outputs/20250728-121652/best_model.pth
Epoch [006/300] | Duration: 9.93s | Train Loss: 0.9396 | Train Acc: 0.6250 | Val Loss: 0.9404 | Val Acc: 0.6591 | Val F1: 0.6413
🎉 New best model found! F1-Score: 0.6413. Saved to training_outputs/20250728-121652/best_model.pth
Epoch [007/300] | Duration: 8.38s | Train Loss: 0.9129 | Train Acc: 0.6496 | Val Loss: 0.9212 | Val Acc: 0.6667 | Val F1: 0.6514
🎉 New best model found! F1-Score: 0.6514. Saved to training_outputs/20250728-121652/best_model.pth
Epoch [008/300] | Duration: 9.29s | Train Loss: 0.8963 | Train Acc: 0.6534 | Val Loss: 0.9154 | Val Acc: 0.6667 | Val F1: 0.6507
Epoch [009/300] | Duration: 10.32s | Train Loss: 0.8905 | Train Acc: 0.6477 | Val Loss: 0.9066 | Val Acc: 0.6591 | Val F1: 0.6417
Epoch [010/300] | Duration: 10.16s | Train Loss: 0.8693 | Train Acc: 0.6553 | Val Loss: 0.8994 | Val Acc: 0.6667 | Val F1: 0.6499
Epoch [011/300] | Duration: 9.28s | Train Loss: 0.8526 | Train Acc: 0.6799 | Val Loss: 0.8921 | Val Acc: 0.6667 | Val F1: 0.6505
Epoch [012/300] | Duration: 10.83s | Train Loss: 0.8377 | Train Acc: 0.6837 | Val Loss: 0.8812 | Val Acc: 0.6894 | Val F1: 0.6757
🎉 New best model found! F1-Score: 0.6757. Saved to training_outputs/20250728-121652/best_model.pth
Epoch [013/300] | Duration: 10.56s | Train Loss: 0.8387 | Train Acc: 0.6799 | Val Loss: 0.8757 | Val Acc: 0.6970 | Val F1: 0.6844
🎉 New best model found! F1-Score: 0.6844. Saved to training_outputs/20250728-121652/best_model.pth
Epoch [014/300] | Duration: 9.80s | Train Loss: 0.8220 | Train Acc: 0.6951 | Val Loss: 0.8770 | Val Acc: 0.6818 | Val F1: 0.6672
Epoch [015/300] | Duration: 9.50s | Train Loss: 0.8106 | Train Acc: 0.6932 | Val Loss: 0.8677 | Val Acc: 0.6970 | Val F1: 0.6845
🎉 New best model found! F1-Score: 0.6845. Saved to training_outputs/20250728-121652/best_model.pth
Epoch [016/300] | Duration: 9.45s | Train Loss: 0.8049 | Train Acc: 0.7216 | Val Loss: 0.8585 | Val Acc: 0.7121 | Val F1: 0.7014
🎉 New best model found! F1-Score: 0.7014. Saved to training_outputs/20250728-121652/best_model.pth
Epoch [017/300] | Duration: 8.91s | Train Loss: 0.7993 | Train Acc: 0.7197 | Val Loss: 0.8534 | Val Acc: 0.7045 | Val F1: 0.6930
Epoch [018/300] | Duration: 9.11s | Train Loss: 0.7959 | Train Acc: 0.7197 | Val Loss: 0.8352 | Val Acc: 0.7424 | Val F1: 0.7372
🎉 New best model found! F1-Score: 0.7372. Saved to training_outputs/20250728-121652/best_model.pth
Epoch [019/300] | Duration: 9.64s | Train Loss: 0.7775 | Train Acc: 0.7197 | Val Loss: 0.8363 | Val Acc: 0.7121 | Val F1: 0.7013
Epoch [020/300] | Duration: 9.82s | Train Loss: 0.7825 | Train Acc: 0.7064 | Val Loss: 0.8244 | Val Acc: 0.7273 | Val F1: 0.7187
Epoch [021/300] | Duration: 9.92s | Train Loss: 0.7684 | Train Acc: 0.7330 | Val Loss: 0.8289 | Val Acc: 0.7045 | Val F1: 0.6934
Epoch [022/300] | Duration: 10.01s | Train Loss: 0.7641 | Train Acc: 0.7254 | Val Loss: 0.8160 | Val Acc: 0.7121 | Val F1: 0.7013
Epoch [023/300] | Duration: 10.12s | Train Loss: 0.7433 | Train Acc: 0.7519 | Val Loss: 0.8077 | Val Acc: 0.7273 | Val F1: 0.7172
Epoch [024/300] | Duration: 9.62s | Train Loss: 0.7483 | Train Acc: 0.7557 | Val Loss: 0.8063 | Val Acc: 0.7121 | Val F1: 0.7015
Epoch [025/300] | Duration: 9.40s | Train Loss: 0.7294 | Train Acc: 0.7670 | Val Loss: 0.7983 | Val Acc: 0.7273 | Val F1: 0.7180
Epoch [026/300] | Duration: 9.88s | Train Loss: 0.7292 | Train Acc: 0.7462 | Val Loss: 0.7895 | Val Acc: 0.7424 | Val F1: 0.7344
Epoch [027/300] | Duration: 9.67s | Train Loss: 0.7228 | Train Acc: 0.7727 | Val Loss: 0.7805 | Val Acc: 0.7500 | Val F1: 0.7426
🎉 New best model found! F1-Score: 0.7426. Saved to training_outputs/20250728-121652/best_model.pth
Epoch [028/300] | Duration: 9.27s | Train Loss: 0.7166 | Train Acc: 0.7670 | Val Loss: 0.7780 | Val Acc: 0.7652 | Val F1: 0.7593
🎉 New best model found! F1-Score: 0.7593. Saved to training_outputs/20250728-121652/best_model.pth
Epoch [029/300] | Duration: 8.41s | Train Loss: 0.7016 | Train Acc: 0.7689 | Val Loss: 0.7736 | Val Acc: 0.7652 | Val F1: 0.7588
Epoch [030/300] | Duration: 7.98s | Train Loss: 0.7000 | Train Acc: 0.7519 | Val Loss: 0.7593 | Val Acc: 0.7803 | Val F1: 0.7764
🎉 New best model found! F1-Score: 0.7764. Saved to training_outputs/20250728-121652/best_model.pth
Epoch [031/300] | Duration: 9.15s | Train Loss: 0.6819 | Train Acc: 0.8030 | Val Loss: 0.7485 | Val Acc: 0.7955 | Val F1: 0.7918
🎉 New best model found! F1-Score: 0.7918. Saved to training_outputs/20250728-121652/best_model.pth
Epoch [032/300] | Duration: 9.51s | Train Loss: 0.6821 | Train Acc: 0.8011 | Val Loss: 0.7450 | Val Acc: 0.7879 | Val F1: 0.7841
Epoch [033/300] | Duration: 8.80s | Train Loss: 0.6755 | Train Acc: 0.7879 | Val Loss: 0.7416 | Val Acc: 0.7879 | Val F1: 0.7844
Epoch [034/300] | Duration: 10.74s | Train Loss: 0.6710 | Train Acc: 0.7992 | Val Loss: 0.7275 | Val Acc: 0.7955 | Val F1: 0.7920
🎉 New best model found! F1-Score: 0.7920. Saved to training_outputs/20250728-121652/best_model.pth
Epoch [035/300] | Duration: 10.48s | Train Loss: 0.6755 | Train Acc: 0.7784 | Val Loss: 0.7154 | Val Acc: 0.8030 | Val F1: 0.7996
🎉 New best model found! F1-Score: 0.7996. Saved to training_outputs/20250728-121652/best_model.pth
Epoch [036/300] | Duration: 8.65s | Train Loss: 0.6443 | Train Acc: 0.8125 | Val Loss: 0.7268 | Val Acc: 0.7955 | Val F1: 0.7914
Epoch [037/300] | Duration: 8.25s | Train Loss: 0.6545 | Train Acc: 0.7917 | Val Loss: 0.7107 | Val Acc: 0.8030 | Val F1: 0.7989
Epoch [038/300] | Duration: 8.67s | Train Loss: 0.6288 | Train Acc: 0.8087 | Val Loss: 0.6986 | Val Acc: 0.7955 | Val F1: 0.7926
Epoch [039/300] | Duration: 8.26s | Train Loss: 0.6448 | Train Acc: 0.8068 | Val Loss: 0.6977 | Val Acc: 0.8106 | Val F1: 0.8077
🎉 New best model found! F1-Score: 0.8077. Saved to training_outputs/20250728-121652/best_model.pth
Epoch [040/300] | Duration: 8.01s | Train Loss: 0.6251 | Train Acc: 0.8125 | Val Loss: 0.6976 | Val Acc: 0.8106 | Val F1: 0.8077
Epoch [041/300] | Duration: 8.79s | Train Loss: 0.6320 | Train Acc: 0.8163 | Val Loss: 0.6892 | Val Acc: 0.8106 | Val F1: 0.8072
Epoch [042/300] | Duration: 8.83s | Train Loss: 0.6272 | Train Acc: 0.7917 | Val Loss: 0.6757 | Val Acc: 0.8030 | Val F1: 0.8007
Epoch [043/300] | Duration: 7.68s | Train Loss: 0.6236 | Train Acc: 0.8030 | Val Loss: 0.6828 | Val Acc: 0.8106 | Val F1: 0.8077
Epoch [044/300] | Duration: 8.86s | Train Loss: 0.5976 | Train Acc: 0.8447 | Val Loss: 0.6770 | Val Acc: 0.8030 | Val F1: 0.7999
Epoch [045/300] | Duration: 9.15s | Train Loss: 0.5965 | Train Acc: 0.8295 | Val Loss: 0.6684 | Val Acc: 0.8106 | Val F1: 0.8077
Epoch [046/300] | Duration: 9.56s | Train Loss: 0.5941 | Train Acc: 0.8314 | Val Loss: 0.6584 | Val Acc: 0.8106 | Val F1: 0.8075
Epoch [047/300] | Duration: 9.12s | Train Loss: 0.5966 | Train Acc: 0.8447 | Val Loss: 0.6550 | Val Acc: 0.8182 | Val F1: 0.8155
🎉 New best model found! F1-Score: 0.8155. Saved to training_outputs/20250728-121652/best_model.pth
Epoch [048/300] | Duration: 10.07s | Train Loss: 0.5968 | Train Acc: 0.8106 | Val Loss: 0.6524 | Val Acc: 0.8106 | Val F1: 0.8073
Epoch [049/300] | Duration: 9.54s | Train Loss: 0.6009 | Train Acc: 0.8239 | Val Loss: 0.6477 | Val Acc: 0.8030 | Val F1: 0.8005
Epoch [050/300] | Duration: 10.14s | Train Loss: 0.5760 | Train Acc: 0.8258 | Val Loss: 0.6425 | Val Acc: 0.8106 | Val F1: 0.8075
Epoch [051/300] | Duration: 10.39s | Train Loss: 0.5841 | Train Acc: 0.8371 | Val Loss: 0.6525 | Val Acc: 0.8258 | Val F1: 0.8229
🎉 New best model found! F1-Score: 0.8229. Saved to training_outputs/20250728-121652/best_model.pth
Epoch [052/300] | Duration: 10.20s | Train Loss: 0.5705 | Train Acc: 0.8409 | Val Loss: 0.6408 | Val Acc: 0.8106 | Val F1: 0.8083
Epoch [053/300] | Duration: 10.19s | Train Loss: 0.5815 | Train Acc: 0.8163 | Val Loss: 0.6358 | Val Acc: 0.8258 | Val F1: 0.8230
🎉 New best model found! F1-Score: 0.8230. Saved to training_outputs/20250728-121652/best_model.pth
Epoch [054/300] | Duration: 9.44s | Train Loss: 0.5715 | Train Acc: 0.8295 | Val Loss: 0.6284 | Val Acc: 0.8182 | Val F1: 0.8158
Epoch [055/300] | Duration: 41.13s | Train Loss: 0.5609 | Train Acc: 0.8428 | Val Loss: 0.6243 | Val Acc: 0.8182 | Val F1: 0.8161
Epoch [056/300] | Duration: 16.82s | Train Loss: 0.5855 | Train Acc: 0.8220 | Val Loss: 0.6085 | Val Acc: 0.8182 | Val F1: 0.8166
Epoch [057/300] | Duration: 10.22s | Train Loss: 0.5571 | Train Acc: 0.8409 | Val Loss: 0.6221 | Val Acc: 0.8182 | Val F1: 0.8161
Epoch [058/300] | Duration: 10.52s | Train Loss: 0.5528 | Train Acc: 0.8504 | Val Loss: 0.6167 | Val Acc: 0.8182 | Val F1: 0.8158
Epoch [059/300] | Duration: 8.93s | Train Loss: 0.5567 | Train Acc: 0.8201 | Val Loss: 0.6090 | Val Acc: 0.8182 | Val F1: 0.8158
Epoch [060/300] | Duration: 8.45s | Train Loss: 0.5747 | Train Acc: 0.8409 | Val Loss: 0.6128 | Val Acc: 0.8182 | Val F1: 0.8146
Epoch [061/300] | Duration: 8.82s | Train Loss: 0.5476 | Train Acc: 0.8333 | Val Loss: 0.6097 | Val Acc: 0.8182 | Val F1: 0.8151
Epoch [062/300] | Duration: 9.73s | Train Loss: 0.5377 | Train Acc: 0.8428 | Val Loss: 0.6056 | Val Acc: 0.8333 | Val F1: 0.8312
🎉 New best model found! F1-Score: 0.8312. Saved to training_outputs/20250728-121652/best_model.pth
Epoch [063/300] | Duration: 8.15s | Train Loss: 0.5410 | Train Acc: 0.8542 | Val Loss: 0.6042 | Val Acc: 0.8182 | Val F1: 0.8147
Epoch [064/300] | Duration: 7.73s | Train Loss: 0.5455 | Train Acc: 0.8390 | Val Loss: 0.6005 | Val Acc: 0.8106 | Val F1: 0.8072
Epoch [065/300] | Duration: 7.95s | Train Loss: 0.5412 | Train Acc: 0.8314 | Val Loss: 0.6100 | Val Acc: 0.8333 | Val F1: 0.8319
🎉 New best model found! F1-Score: 0.8319. Saved to training_outputs/20250728-121652/best_model.pth
Epoch [066/300] | Duration: 8.04s | Train Loss: 0.5468 | Train Acc: 0.8239 | Val Loss: 0.6073 | Val Acc: 0.8258 | Val F1: 0.8234
Epoch [067/300] | Duration: 8.50s | Train Loss: 0.5263 | Train Acc: 0.8523 | Val Loss: 0.5961 | Val Acc: 0.8333 | Val F1: 0.8325
🎉 New best model found! F1-Score: 0.8325. Saved to training_outputs/20250728-121652/best_model.pth
Epoch [068/300] | Duration: 8.76s | Train Loss: 0.5134 | Train Acc: 0.8674 | Val Loss: 0.5899 | Val Acc: 0.8333 | Val F1: 0.8325
Epoch [069/300] | Duration: 8.58s | Train Loss: 0.5182 | Train Acc: 0.8580 | Val Loss: 0.5880 | Val Acc: 0.8182 | Val F1: 0.8161
Epoch [070/300] | Duration: 8.08s | Train Loss: 0.5295 | Train Acc: 0.8447 | Val Loss: 0.5907 | Val Acc: 0.8182 | Val F1: 0.8156
Epoch [071/300] | Duration: 8.43s | Train Loss: 0.5312 | Train Acc: 0.8333 | Val Loss: 0.5889 | Val Acc: 0.8333 | Val F1: 0.8325
Epoch [072/300] | Duration: 10.00s | Train Loss: 0.5418 | Train Acc: 0.8371 | Val Loss: 0.5766 | Val Acc: 0.8409 | Val F1: 0.8400
🎉 New best model found! F1-Score: 0.8400. Saved to training_outputs/20250728-121652/best_model.pth
Epoch [073/300] | Duration: 10.02s | Train Loss: 0.5116 | Train Acc: 0.8542 | Val Loss: 0.5743 | Val Acc: 0.8182 | Val F1: 0.8161
Epoch [074/300] | Duration: 9.38s | Train Loss: 0.5055 | Train Acc: 0.8636 | Val Loss: 0.5786 | Val Acc: 0.8333 | Val F1: 0.8313
Epoch [075/300] | Duration: 8.51s | Train Loss: 0.4961 | Train Acc: 0.8617 | Val Loss: 0.5730 | Val Acc: 0.8258 | Val F1: 0.8243
Epoch [076/300] | Duration: 10.06s | Train Loss: 0.5049 | Train Acc: 0.8580 | Val Loss: 0.5575 | Val Acc: 0.8258 | Val F1: 0.8240
Epoch [077/300] | Duration: 10.47s | Train Loss: 0.4982 | Train Acc: 0.8598 | Val Loss: 0.5654 | Val Acc: 0.8333 | Val F1: 0.8313
Epoch [078/300] | Duration: 10.70s | Train Loss: 0.5057 | Train Acc: 0.8466 | Val Loss: 0.5683 | Val Acc: 0.8258 | Val F1: 0.8243
Epoch [079/300] | Duration: 9.34s | Train Loss: 0.4897 | Train Acc: 0.8731 | Val Loss: 0.5711 | Val Acc: 0.8258 | Val F1: 0.8243
Epoch [080/300] | Duration: 7.94s | Train Loss: 0.5045 | Train Acc: 0.8561 | Val Loss: 0.5538 | Val Acc: 0.8333 | Val F1: 0.8321
Epoch [081/300] | Duration: 8.26s | Train Loss: 0.4935 | Train Acc: 0.8504 | Val Loss: 0.5464 | Val Acc: 0.8258 | Val F1: 0.8246
Epoch [082/300] | Duration: 9.55s | Train Loss: 0.4817 | Train Acc: 0.8674 | Val Loss: 0.5461 | Val Acc: 0.8485 | Val F1: 0.8474
🎉 New best model found! F1-Score: 0.8474. Saved to training_outputs/20250728-121652/best_model.pth
Epoch [083/300] | Duration: 8.54s | Train Loss: 0.4977 | Train Acc: 0.8542 | Val Loss: 0.5531 | Val Acc: 0.8333 | Val F1: 0.8312
Epoch [084/300] | Duration: 9.42s | Train Loss: 0.4845 | Train Acc: 0.8561 | Val Loss: 0.5485 | Val Acc: 0.8561 | Val F1: 0.8554
🎉 New best model found! F1-Score: 0.8554. Saved to training_outputs/20250728-121652/best_model.pth
Epoch [085/300] | Duration: 9.42s | Train Loss: 0.4886 | Train Acc: 0.8504 | Val Loss: 0.5468 | Val Acc: 0.8333 | Val F1: 0.8319
Epoch [086/300] | Duration: 10.66s | Train Loss: 0.4731 | Train Acc: 0.8693 | Val Loss: 0.5601 | Val Acc: 0.8485 | Val F1: 0.8477
Epoch [087/300] | Duration: 9.91s | Train Loss: 0.4875 | Train Acc: 0.8523 | Val Loss: 0.5407 | Val Acc: 0.8333 | Val F1: 0.8311
Epoch [088/300] | Duration: 10.50s | Train Loss: 0.4874 | Train Acc: 0.8409 | Val Loss: 0.5473 | Val Acc: 0.8409 | Val F1: 0.8400
Epoch [089/300] | Duration: 10.54s | Train Loss: 0.4701 | Train Acc: 0.8750 | Val Loss: 0.5504 | Val Acc: 0.8333 | Val F1: 0.8311
Epoch [090/300] | Duration: 10.58s | Train Loss: 0.4821 | Train Acc: 0.8447 | Val Loss: 0.5273 | Val Acc: 0.8333 | Val F1: 0.8318
Epoch [091/300] | Duration: 9.03s | Train Loss: 0.4784 | Train Acc: 0.8504 | Val Loss: 0.5380 | Val Acc: 0.8409 | Val F1: 0.8385
Epoch [092/300] | Duration: 8.39s | Train Loss: 0.4755 | Train Acc: 0.8466 | Val Loss: 0.5442 | Val Acc: 0.8485 | Val F1: 0.8477
Epoch [093/300] | Duration: 9.04s | Train Loss: 0.4532 | Train Acc: 0.8674 | Val Loss: 0.5381 | Val Acc: 0.8636 | Val F1: 0.8634
🎉 New best model found! F1-Score: 0.8634. Saved to training_outputs/20250728-121652/best_model.pth
Epoch [094/300] | Duration: 9.04s | Train Loss: 0.4608 | Train Acc: 0.8693 | Val Loss: 0.5357 | Val Acc: 0.8485 | Val F1: 0.8482
Epoch [095/300] | Duration: 10.33s | Train Loss: 0.4661 | Train Acc: 0.8693 | Val Loss: 0.5158 | Val Acc: 0.8485 | Val F1: 0.8474
Epoch [096/300] | Duration: 9.88s | Train Loss: 0.4501 | Train Acc: 0.8693 | Val Loss: 0.5216 | Val Acc: 0.8409 | Val F1: 0.8392
Epoch [097/300] | Duration: 9.73s | Train Loss: 0.4698 | Train Acc: 0.8674 | Val Loss: 0.5270 | Val Acc: 0.8409 | Val F1: 0.8385
Epoch [098/300] | Duration: 9.12s | Train Loss: 0.4707 | Train Acc: 0.8712 | Val Loss: 0.5241 | Val Acc: 0.8561 | Val F1: 0.8555
Epoch [099/300] | Duration: 8.07s | Train Loss: 0.4692 | Train Acc: 0.8693 | Val Loss: 0.5138 | Val Acc: 0.8636 | Val F1: 0.8635
🎉 New best model found! F1-Score: 0.8635. Saved to training_outputs/20250728-121652/best_model.pth
Epoch [100/300] | Duration: 8.03s | Train Loss: 0.4392 | Train Acc: 0.8845 | Val Loss: 0.5116 | Val Acc: 0.8636 | Val F1: 0.8635
Epoch [101/300] | Duration: 7.67s | Train Loss: 0.4505 | Train Acc: 0.8598 | Val Loss: 0.5167 | Val Acc: 0.8409 | Val F1: 0.8385
Epoch [102/300] | Duration: 9.30s | Train Loss: 0.4487 | Train Acc: 0.8617 | Val Loss: 0.5089 | Val Acc: 0.8636 | Val F1: 0.8635
Epoch [103/300] | Duration: 9.70s | Train Loss: 0.4546 | Train Acc: 0.8712 | Val Loss: 0.5033 | Val Acc: 0.8712 | Val F1: 0.8714
🎉 New best model found! F1-Score: 0.8714. Saved to training_outputs/20250728-121652/best_model.pth
Epoch [104/300] | Duration: 10.01s | Train Loss: 0.4451 | Train Acc: 0.8674 | Val Loss: 0.5023 | Val Acc: 0.8561 | Val F1: 0.8548
Epoch [105/300] | Duration: 9.84s | Train Loss: 0.4644 | Train Acc: 0.8636 | Val Loss: 0.5128 | Val Acc: 0.8712 | Val F1: 0.8714
Epoch [106/300] | Duration: 9.84s | Train Loss: 0.4570 | Train Acc: 0.8636 | Val Loss: 0.5076 | Val Acc: 0.8409 | Val F1: 0.8385
Epoch [107/300] | Duration: 7.32s | Train Loss: 0.4607 | Train Acc: 0.8542 | Val Loss: 0.5021 | Val Acc: 0.8561 | Val F1: 0.8554
Epoch [108/300] | Duration: 7.94s | Train Loss: 0.4437 | Train Acc: 0.8750 | Val Loss: 0.4959 | Val Acc: 0.8636 | Val F1: 0.8635
Epoch [109/300] | Duration: 9.03s | Train Loss: 0.4468 | Train Acc: 0.8598 | Val Loss: 0.4984 | Val Acc: 0.8485 | Val F1: 0.8474
Epoch [110/300] | Duration: 8.64s | Train Loss: 0.4460 | Train Acc: 0.8617 | Val Loss: 0.5050 | Val Acc: 0.8485 | Val F1: 0.8481
Epoch [111/300] | Duration: 9.03s | Train Loss: 0.4243 | Train Acc: 0.8845 | Val Loss: 0.4946 | Val Acc: 0.8636 | Val F1: 0.8635
Epoch [112/300] | Duration: 7.16s | Train Loss: 0.4605 | Train Acc: 0.8636 | Val Loss: 0.4890 | Val Acc: 0.8636 | Val F1: 0.8635
Epoch [113/300] | Duration: 8.03s | Train Loss: 0.4234 | Train Acc: 0.8693 | Val Loss: 0.4939 | Val Acc: 0.8561 | Val F1: 0.8554
Epoch [114/300] | Duration: 8.67s | Train Loss: 0.4327 | Train Acc: 0.8636 | Val Loss: 0.4989 | Val Acc: 0.8485 | Val F1: 0.8474
Epoch [115/300] | Duration: 9.27s | Train Loss: 0.4432 | Train Acc: 0.8617 | Val Loss: 0.4926 | Val Acc: 0.8561 | Val F1: 0.8554
Epoch [116/300] | Duration: 8.61s | Train Loss: 0.4350 | Train Acc: 0.8712 | Val Loss: 0.4852 | Val Acc: 0.8561 | Val F1: 0.8554
Epoch [117/300] | Duration: 7.51s | Train Loss: 0.4388 | Train Acc: 0.8731 | Val Loss: 0.4939 | Val Acc: 0.8485 | Val F1: 0.8474
Epoch [118/300] | Duration: 7.27s | Train Loss: 0.4325 | Train Acc: 0.8788 | Val Loss: 0.4868 | Val Acc: 0.8636 | Val F1: 0.8635
Epoch [119/300] | Duration: 8.73s | Train Loss: 0.4323 | Train Acc: 0.8674 | Val Loss: 0.4863 | Val Acc: 0.8561 | Val F1: 0.8554
Epoch [120/300] | Duration: 8.06s | Train Loss: 0.4213 | Train Acc: 0.8807 | Val Loss: 0.4871 | Val Acc: 0.8712 | Val F1: 0.8708
Epoch [121/300] | Duration: 8.47s | Train Loss: 0.4477 | Train Acc: 0.8428 | Val Loss: 0.4825 | Val Acc: 0.8485 | Val F1: 0.8474
Epoch [122/300] | Duration: 10.67s | Train Loss: 0.4231 | Train Acc: 0.8788 | Val Loss: 0.4794 | Val Acc: 0.8636 | Val F1: 0.8635
Epoch [123/300] | Duration: 10.87s | Train Loss: 0.4297 | Train Acc: 0.8636 | Val Loss: 0.4867 | Val Acc: 0.8864 | Val F1: 0.8863
🎉 New best model found! F1-Score: 0.8863. Saved to training_outputs/20250728-121652/best_model.pth
Epoch [124/300] | Duration: 9.51s | Train Loss: 0.4252 | Train Acc: 0.8693 | Val Loss: 0.4967 | Val Acc: 0.8712 | Val F1: 0.8704
Epoch [125/300] | Duration: 9.11s | Train Loss: 0.4347 | Train Acc: 0.8655 | Val Loss: 0.4694 | Val Acc: 0.8561 | Val F1: 0.8554
Epoch [126/300] | Duration: 8.57s | Train Loss: 0.4271 | Train Acc: 0.8731 | Val Loss: 0.4732 | Val Acc: 0.8561 | Val F1: 0.8548
Epoch [127/300] | Duration: 8.27s | Train Loss: 0.4058 | Train Acc: 0.8807 | Val Loss: 0.4824 | Val Acc: 0.8788 | Val F1: 0.8782
Epoch [128/300] | Duration: 7.93s | Train Loss: 0.3959 | Train Acc: 0.8883 | Val Loss: 0.4686 | Val Acc: 0.8485 | Val F1: 0.8474
Epoch [129/300] | Duration: 8.95s | Train Loss: 0.4361 | Train Acc: 0.8485 | Val Loss: 0.4733 | Val Acc: 0.8485 | Val F1: 0.8474
Epoch [130/300] | Duration: 9.82s | Train Loss: 0.4323 | Train Acc: 0.8693 | Val Loss: 0.4586 | Val Acc: 0.8636 | Val F1: 0.8635
Epoch [131/300] | Duration: 9.80s | Train Loss: 0.4067 | Train Acc: 0.8750 | Val Loss: 0.4520 | Val Acc: 0.8788 | Val F1: 0.8789
Epoch [132/300] | Duration: 9.07s | Train Loss: 0.4141 | Train Acc: 0.8636 | Val Loss: 0.4605 | Val Acc: 0.8636 | Val F1: 0.8628
Epoch [133/300] | Duration: 10.01s | Train Loss: 0.4316 | Train Acc: 0.8636 | Val Loss: 0.4671 | Val Acc: 0.8561 | Val F1: 0.8548
Epoch [134/300] | Duration: 10.18s | Train Loss: 0.4247 | Train Acc: 0.8655 | Val Loss: 0.4784 | Val Acc: 0.8636 | Val F1: 0.8619
Epoch [135/300] | Duration: 9.32s | Train Loss: 0.4084 | Train Acc: 0.8807 | Val Loss: 0.4564 | Val Acc: 0.8485 | Val F1: 0.8474
Epoch [136/300] | Duration: 8.53s | Train Loss: 0.4157 | Train Acc: 0.8788 | Val Loss: 0.4600 | Val Acc: 0.8485 | Val F1: 0.8474
Epoch [137/300] | Duration: 8.32s | Train Loss: 0.4178 | Train Acc: 0.8693 | Val Loss: 0.4663 | Val Acc: 0.8636 | Val F1: 0.8619
Epoch [138/300] | Duration: 8.91s | Train Loss: 0.3963 | Train Acc: 0.8864 | Val Loss: 0.4575 | Val Acc: 0.8561 | Val F1: 0.8554
Epoch [139/300] | Duration: 10.53s | Train Loss: 0.4068 | Train Acc: 0.8826 | Val Loss: 0.4682 | Val Acc: 0.8788 | Val F1: 0.8782
Epoch [140/300] | Duration: 10.53s | Train Loss: 0.4153 | Train Acc: 0.8769 | Val Loss: 0.4524 | Val Acc: 0.8561 | Val F1: 0.8548
Epoch [141/300] | Duration: 10.02s | Train Loss: 0.4024 | Train Acc: 0.8864 | Val Loss: 0.4627 | Val Acc: 0.8485 | Val F1: 0.8467
Epoch [142/300] | Duration: 9.02s | Train Loss: 0.4038 | Train Acc: 0.8845 | Val Loss: 0.4621 | Val Acc: 0.8788 | Val F1: 0.8782
Epoch [143/300] | Duration: 9.09s | Train Loss: 0.3934 | Train Acc: 0.8826 | Val Loss: 0.4542 | Val Acc: 0.8636 | Val F1: 0.8619
Epoch [144/300] | Duration: 8.14s | Train Loss: 0.3903 | Train Acc: 0.8845 | Val Loss: 0.4540 | Val Acc: 0.8788 | Val F1: 0.8782
Epoch [145/300] | Duration: 7.52s | Train Loss: 0.4124 | Train Acc: 0.8750 | Val Loss: 0.4372 | Val Acc: 0.8636 | Val F1: 0.8628
Epoch [146/300] | Duration: 8.99s | Train Loss: 0.4067 | Train Acc: 0.8864 | Val Loss: 0.4456 | Val Acc: 0.8712 | Val F1: 0.8708
Epoch [147/300] | Duration: 8.57s | Train Loss: 0.4138 | Train Acc: 0.8693 | Val Loss: 0.4490 | Val Acc: 0.8712 | Val F1: 0.8708
Epoch [148/300] | Duration: 8.85s | Train Loss: 0.3745 | Train Acc: 0.8902 | Val Loss: 0.4543 | Val Acc: 0.8636 | Val F1: 0.8619
Epoch [149/300] | Duration: 9.00s | Train Loss: 0.3646 | Train Acc: 0.8920 | Val Loss: 0.4503 | Val Acc: 0.8712 | Val F1: 0.8701
Epoch [150/300] | Duration: 9.55s | Train Loss: 0.3942 | Train Acc: 0.8883 | Val Loss: 0.4502 | Val Acc: 0.8636 | Val F1: 0.8619
Epoch [151/300] | Duration: 10.18s | Train Loss: 0.3928 | Train Acc: 0.8902 | Val Loss: 0.4469 | Val Acc: 0.8561 | Val F1: 0.8554
Epoch [152/300] | Duration: 10.09s | Train Loss: 0.4059 | Train Acc: 0.8826 | Val Loss: 0.4427 | Val Acc: 0.8561 | Val F1: 0.8545
Epoch [153/300] | Duration: 10.56s | Train Loss: 0.3870 | Train Acc: 0.8731 | Val Loss: 0.4583 | Val Acc: 0.8788 | Val F1: 0.8782
Epoch [154/300] | Duration: 9.78s | Train Loss: 0.4044 | Train Acc: 0.8712 | Val Loss: 0.4526 | Val Acc: 0.8712 | Val F1: 0.8708
Epoch [155/300] | Duration: 8.44s | Train Loss: 0.3888 | Train Acc: 0.8769 | Val Loss: 0.4492 | Val Acc: 0.8636 | Val F1: 0.8621
Epoch [156/300] | Duration: 7.59s | Train Loss: 0.3950 | Train Acc: 0.8750 | Val Loss: 0.4514 | Val Acc: 0.8636 | Val F1: 0.8619
Epoch [157/300] | Duration: 8.37s | Train Loss: 0.3914 | Train Acc: 0.8864 | Val Loss: 0.4525 | Val Acc: 0.8636 | Val F1: 0.8619
Epoch [158/300] | Duration: 8.72s | Train Loss: 0.3982 | Train Acc: 0.8693 | Val Loss: 0.4451 | Val Acc: 0.8485 | Val F1: 0.8474

🛑 Early stopping triggered after 35 epochs with no improvement.

✅ Training finished.

💾 Saving final artifacts...
Loaded best model from training_outputs/20250728-121652/best_model.pth for final evaluation.
📈 Saved training metrics plot to training_outputs/20250728-121652/training_metrics.png
📊 Saved final confusion matrix to training_outputs/20250728-121652/final_confusion_matrix.png
📝 Saved final classification report to training_outputs/20250728-121652/final_classification_report.txt

✨ Run complete.
