The following modules were not unloaded:
  (Use "module --force purge" to unload all):

  1) modules/2.3-20240529   2) openblas/single-0.3.26
🚀 Starting Run. All outputs will be saved to: training_outputs/20250722-102749
⚙️ Using device: cuda
Hyperparameters: {'input_depth': 32, 'input_height': 32, 'input_width': 32, 'num_classes': 3, 'classes_names': ['mitotic', 'new_daughter', 'stable'], 'learning_rate': 1e-05, 'batch_size': 16, 'num_epochs': 300, 'num_input_channels': 4, 'dropout_rate': 0.1, 'weight_decay': 1e-05, 'early_stopping_patience': 35, 'max_samples_per_class': {'mitotic': 218, 'new_daughter': 218, 'stable': 218}, 'class_weights': [1.0, 1.0, 1.0]}

Loading datasets...
Dataset loaded with 654 total samples:
  - mitotic: 218 samples
  - new_daughter: 218 samples
  - stable: 218 samples
  Applied per-class limits:
    - mitotic: 218 max samples
    - new_daughter: 218 max samples
    - stable: 218 max samples
Dataset loaded with 654 total samples:
  - mitotic: 218 samples
  - new_daughter: 218 samples
  - stable: 218 samples
  Applied per-class limits:
    - mitotic: 218 max samples
    - new_daughter: 218 max samples
    - stable: 218 max samples

Training on 523 samples, validating on 131 samples.
Model has 71,379 trainable parameters.

--- Starting Training ---
Epoch [001/300] | Duration: 67.39s | Train Loss: 1.0918 | Train Acc: 0.3767 | Val Loss: 1.2091 | Val Acc: 0.3282 | Val F1: 0.1657
🎉 New best model found! F1-Score: 0.1657. Saved to training_outputs/20250722-102749/best_model.pth
Epoch [002/300] | Duration: 18.93s | Train Loss: 1.0403 | Train Acc: 0.4837 | Val Loss: 1.0203 | Val Acc: 0.4733 | Val F1: 0.3986
🎉 New best model found! F1-Score: 0.3986. Saved to training_outputs/20250722-102749/best_model.pth
Epoch [003/300] | Duration: 18.90s | Train Loss: 1.0049 | Train Acc: 0.5583 | Val Loss: 0.9517 | Val Acc: 0.6336 | Val F1: 0.6271
🎉 New best model found! F1-Score: 0.6271. Saved to training_outputs/20250722-102749/best_model.pth
Epoch [004/300] | Duration: 18.66s | Train Loss: 0.9860 | Train Acc: 0.5717 | Val Loss: 0.9223 | Val Acc: 0.6718 | Val F1: 0.6633
🎉 New best model found! F1-Score: 0.6633. Saved to training_outputs/20250722-102749/best_model.pth
Epoch [005/300] | Duration: 18.67s | Train Loss: 0.9548 | Train Acc: 0.6119 | Val Loss: 0.8936 | Val Acc: 0.6947 | Val F1: 0.6900
🎉 New best model found! F1-Score: 0.6900. Saved to training_outputs/20250722-102749/best_model.pth
Epoch [006/300] | Duration: 18.70s | Train Loss: 0.9146 | Train Acc: 0.6463 | Val Loss: 0.8676 | Val Acc: 0.7252 | Val F1: 0.7207
🎉 New best model found! F1-Score: 0.7207. Saved to training_outputs/20250722-102749/best_model.pth
Epoch [007/300] | Duration: 18.63s | Train Loss: 0.9091 | Train Acc: 0.6214 | Val Loss: 0.8456 | Val Acc: 0.7099 | Val F1: 0.6989
Epoch [008/300] | Duration: 18.79s | Train Loss: 0.8888 | Train Acc: 0.6788 | Val Loss: 0.8266 | Val Acc: 0.7328 | Val F1: 0.7261
🎉 New best model found! F1-Score: 0.7261. Saved to training_outputs/20250722-102749/best_model.pth
Epoch [009/300] | Duration: 18.69s | Train Loss: 0.8813 | Train Acc: 0.6482 | Val Loss: 0.8110 | Val Acc: 0.7481 | Val F1: 0.7424
🎉 New best model found! F1-Score: 0.7424. Saved to training_outputs/20250722-102749/best_model.pth
Epoch [010/300] | Duration: 18.70s | Train Loss: 0.8567 | Train Acc: 0.6673 | Val Loss: 0.7995 | Val Acc: 0.7328 | Val F1: 0.7252
Epoch [011/300] | Duration: 18.71s | Train Loss: 0.8523 | Train Acc: 0.6577 | Val Loss: 0.7827 | Val Acc: 0.7634 | Val F1: 0.7589
🎉 New best model found! F1-Score: 0.7589. Saved to training_outputs/20250722-102749/best_model.pth
Epoch [012/300] | Duration: 18.85s | Train Loss: 0.8350 | Train Acc: 0.6941 | Val Loss: 0.7673 | Val Acc: 0.7328 | Val F1: 0.7244
Epoch [013/300] | Duration: 19.01s | Train Loss: 0.8155 | Train Acc: 0.7017 | Val Loss: 0.7484 | Val Acc: 0.7557 | Val F1: 0.7514
Epoch [014/300] | Duration: 18.93s | Train Loss: 0.8159 | Train Acc: 0.6883 | Val Loss: 0.7361 | Val Acc: 0.7710 | Val F1: 0.7679
🎉 New best model found! F1-Score: 0.7679. Saved to training_outputs/20250722-102749/best_model.pth
Epoch [015/300] | Duration: 18.92s | Train Loss: 0.7987 | Train Acc: 0.7036 | Val Loss: 0.7219 | Val Acc: 0.7786 | Val F1: 0.7758
🎉 New best model found! F1-Score: 0.7758. Saved to training_outputs/20250722-102749/best_model.pth
Epoch [016/300] | Duration: 19.00s | Train Loss: 0.7758 | Train Acc: 0.7266 | Val Loss: 0.7215 | Val Acc: 0.7710 | Val F1: 0.7680
Epoch [017/300] | Duration: 18.94s | Train Loss: 0.7761 | Train Acc: 0.7457 | Val Loss: 0.7058 | Val Acc: 0.7939 | Val F1: 0.7919
🎉 New best model found! F1-Score: 0.7919. Saved to training_outputs/20250722-102749/best_model.pth
Epoch [018/300] | Duration: 18.92s | Train Loss: 0.7727 | Train Acc: 0.7151 | Val Loss: 0.6987 | Val Acc: 0.7863 | Val F1: 0.7840
Epoch [019/300] | Duration: 18.82s | Train Loss: 0.7744 | Train Acc: 0.7208 | Val Loss: 0.6855 | Val Acc: 0.7939 | Val F1: 0.7925
🎉 New best model found! F1-Score: 0.7925. Saved to training_outputs/20250722-102749/best_model.pth
Epoch [020/300] | Duration: 18.83s | Train Loss: 0.7591 | Train Acc: 0.7342 | Val Loss: 0.6818 | Val Acc: 0.7786 | Val F1: 0.7765
Epoch [021/300] | Duration: 18.98s | Train Loss: 0.7516 | Train Acc: 0.7285 | Val Loss: 0.6670 | Val Acc: 0.8015 | Val F1: 0.8006
🎉 New best model found! F1-Score: 0.8006. Saved to training_outputs/20250722-102749/best_model.pth
Epoch [022/300] | Duration: 19.04s | Train Loss: 0.7423 | Train Acc: 0.7495 | Val Loss: 0.6690 | Val Acc: 0.8015 | Val F1: 0.8015
🎉 New best model found! F1-Score: 0.8015. Saved to training_outputs/20250722-102749/best_model.pth
Epoch [023/300] | Duration: 18.91s | Train Loss: 0.7244 | Train Acc: 0.7706 | Val Loss: 0.6552 | Val Acc: 0.8244 | Val F1: 0.8243
🎉 New best model found! F1-Score: 0.8243. Saved to training_outputs/20250722-102749/best_model.pth
Epoch [024/300] | Duration: 18.51s | Train Loss: 0.7324 | Train Acc: 0.7553 | Val Loss: 0.6497 | Val Acc: 0.8092 | Val F1: 0.8084
Epoch [025/300] | Duration: 18.56s | Train Loss: 0.7114 | Train Acc: 0.7744 | Val Loss: 0.6423 | Val Acc: 0.8321 | Val F1: 0.8321
🎉 New best model found! F1-Score: 0.8321. Saved to training_outputs/20250722-102749/best_model.pth
Epoch [026/300] | Duration: 18.83s | Train Loss: 0.7076 | Train Acc: 0.7782 | Val Loss: 0.6402 | Val Acc: 0.8168 | Val F1: 0.8169
Epoch [027/300] | Duration: 18.63s | Train Loss: 0.7161 | Train Acc: 0.7648 | Val Loss: 0.6371 | Val Acc: 0.8244 | Val F1: 0.8253
Epoch [028/300] | Duration: 18.78s | Train Loss: 0.7123 | Train Acc: 0.7878 | Val Loss: 0.6260 | Val Acc: 0.8321 | Val F1: 0.8321
Epoch [029/300] | Duration: 18.63s | Train Loss: 0.6970 | Train Acc: 0.7648 | Val Loss: 0.6292 | Val Acc: 0.8244 | Val F1: 0.8247
Epoch [030/300] | Duration: 18.58s | Train Loss: 0.6868 | Train Acc: 0.7935 | Val Loss: 0.6196 | Val Acc: 0.8321 | Val F1: 0.8328
🎉 New best model found! F1-Score: 0.8328. Saved to training_outputs/20250722-102749/best_model.pth
Epoch [031/300] | Duration: 18.46s | Train Loss: 0.6791 | Train Acc: 0.7839 | Val Loss: 0.6133 | Val Acc: 0.8244 | Val F1: 0.8247
Epoch [032/300] | Duration: 18.62s | Train Loss: 0.6636 | Train Acc: 0.7992 | Val Loss: 0.6088 | Val Acc: 0.8321 | Val F1: 0.8328
Epoch [033/300] | Duration: 18.76s | Train Loss: 0.6847 | Train Acc: 0.7973 | Val Loss: 0.6065 | Val Acc: 0.8321 | Val F1: 0.8328
Epoch [034/300] | Duration: 18.78s | Train Loss: 0.6681 | Train Acc: 0.7992 | Val Loss: 0.6067 | Val Acc: 0.8244 | Val F1: 0.8247
Epoch [035/300] | Duration: 18.65s | Train Loss: 0.6598 | Train Acc: 0.7859 | Val Loss: 0.6116 | Val Acc: 0.8168 | Val F1: 0.8174
Epoch [036/300] | Duration: 18.90s | Train Loss: 0.6654 | Train Acc: 0.7839 | Val Loss: 0.6008 | Val Acc: 0.8244 | Val F1: 0.8247
Epoch [037/300] | Duration: 18.61s | Train Loss: 0.6604 | Train Acc: 0.7897 | Val Loss: 0.5970 | Val Acc: 0.8244 | Val F1: 0.8247
Epoch [038/300] | Duration: 19.08s | Train Loss: 0.6534 | Train Acc: 0.7992 | Val Loss: 0.5902 | Val Acc: 0.8244 | Val F1: 0.8247
Epoch [039/300] | Duration: 18.93s | Train Loss: 0.6624 | Train Acc: 0.7839 | Val Loss: 0.5961 | Val Acc: 0.8244 | Val F1: 0.8247
Epoch [040/300] | Duration: 18.81s | Train Loss: 0.6469 | Train Acc: 0.8184 | Val Loss: 0.5906 | Val Acc: 0.8244 | Val F1: 0.8247
Epoch [041/300] | Duration: 18.70s | Train Loss: 0.6324 | Train Acc: 0.8184 | Val Loss: 0.5821 | Val Acc: 0.8244 | Val F1: 0.8247
Epoch [042/300] | Duration: 18.81s | Train Loss: 0.6229 | Train Acc: 0.8107 | Val Loss: 0.5785 | Val Acc: 0.8244 | Val F1: 0.8247
Epoch [043/300] | Duration: 19.01s | Train Loss: 0.6168 | Train Acc: 0.7973 | Val Loss: 0.5900 | Val Acc: 0.8244 | Val F1: 0.8249
Epoch [044/300] | Duration: 18.46s | Train Loss: 0.6350 | Train Acc: 0.7954 | Val Loss: 0.5772 | Val Acc: 0.8244 | Val F1: 0.8247
Epoch [045/300] | Duration: 18.44s | Train Loss: 0.6310 | Train Acc: 0.7973 | Val Loss: 0.5795 | Val Acc: 0.8244 | Val F1: 0.8247
Epoch [046/300] | Duration: 18.82s | Train Loss: 0.6151 | Train Acc: 0.8260 | Val Loss: 0.5757 | Val Acc: 0.8244 | Val F1: 0.8247
Epoch [047/300] | Duration: 18.80s | Train Loss: 0.6091 | Train Acc: 0.8241 | Val Loss: 0.5744 | Val Acc: 0.8244 | Val F1: 0.8251
Epoch [048/300] | Duration: 18.66s | Train Loss: 0.6178 | Train Acc: 0.8241 | Val Loss: 0.5629 | Val Acc: 0.8397 | Val F1: 0.8401
🎉 New best model found! F1-Score: 0.8401. Saved to training_outputs/20250722-102749/best_model.pth
Epoch [049/300] | Duration: 18.64s | Train Loss: 0.6222 | Train Acc: 0.8107 | Val Loss: 0.5690 | Val Acc: 0.8244 | Val F1: 0.8247
Epoch [050/300] | Duration: 18.59s | Train Loss: 0.6180 | Train Acc: 0.8031 | Val Loss: 0.5689 | Val Acc: 0.8244 | Val F1: 0.8251
Epoch [051/300] | Duration: 18.75s | Train Loss: 0.6180 | Train Acc: 0.8031 | Val Loss: 0.5584 | Val Acc: 0.8244 | Val F1: 0.8251
Epoch [052/300] | Duration: 18.60s | Train Loss: 0.5918 | Train Acc: 0.8203 | Val Loss: 0.5595 | Val Acc: 0.8321 | Val F1: 0.8328
Epoch [053/300] | Duration: 18.54s | Train Loss: 0.6007 | Train Acc: 0.8241 | Val Loss: 0.5537 | Val Acc: 0.8244 | Val F1: 0.8247
Epoch [054/300] | Duration: 18.59s | Train Loss: 0.5823 | Train Acc: 0.8375 | Val Loss: 0.5619 | Val Acc: 0.8244 | Val F1: 0.8251
Epoch [055/300] | Duration: 18.58s | Train Loss: 0.5950 | Train Acc: 0.8031 | Val Loss: 0.5470 | Val Acc: 0.8244 | Val F1: 0.8247
Epoch [056/300] | Duration: 18.50s | Train Loss: 0.5888 | Train Acc: 0.8031 | Val Loss: 0.5613 | Val Acc: 0.8244 | Val F1: 0.8251
Epoch [057/300] | Duration: 18.66s | Train Loss: 0.5777 | Train Acc: 0.8317 | Val Loss: 0.5523 | Val Acc: 0.8244 | Val F1: 0.8251
Epoch [058/300] | Duration: 18.89s | Train Loss: 0.5746 | Train Acc: 0.8241 | Val Loss: 0.5578 | Val Acc: 0.8244 | Val F1: 0.8251
Epoch [059/300] | Duration: 19.01s | Train Loss: 0.5770 | Train Acc: 0.8126 | Val Loss: 0.5547 | Val Acc: 0.8244 | Val F1: 0.8251
Epoch [060/300] | Duration: 18.72s | Train Loss: 0.5907 | Train Acc: 0.8069 | Val Loss: 0.5490 | Val Acc: 0.8321 | Val F1: 0.8324
Epoch [061/300] | Duration: 18.45s | Train Loss: 0.5803 | Train Acc: 0.8184 | Val Loss: 0.5502 | Val Acc: 0.8244 | Val F1: 0.8251
Epoch [062/300] | Duration: 18.55s | Train Loss: 0.5686 | Train Acc: 0.8222 | Val Loss: 0.5469 | Val Acc: 0.8321 | Val F1: 0.8328
Epoch [063/300] | Duration: 18.70s | Train Loss: 0.5613 | Train Acc: 0.8413 | Val Loss: 0.5483 | Val Acc: 0.8244 | Val F1: 0.8251
Epoch [064/300] | Duration: 18.62s | Train Loss: 0.5682 | Train Acc: 0.8298 | Val Loss: 0.5518 | Val Acc: 0.8244 | Val F1: 0.8251
Epoch [065/300] | Duration: 18.67s | Train Loss: 0.5834 | Train Acc: 0.7935 | Val Loss: 0.5506 | Val Acc: 0.8244 | Val F1: 0.8251
Epoch [066/300] | Duration: 18.72s | Train Loss: 0.5639 | Train Acc: 0.8451 | Val Loss: 0.5580 | Val Acc: 0.8244 | Val F1: 0.8256
Epoch [067/300] | Duration: 18.65s | Train Loss: 0.5784 | Train Acc: 0.8222 | Val Loss: 0.5388 | Val Acc: 0.8244 | Val F1: 0.8243
Epoch [068/300] | Duration: 18.77s | Train Loss: 0.5743 | Train Acc: 0.8337 | Val Loss: 0.5333 | Val Acc: 0.8397 | Val F1: 0.8404
🎉 New best model found! F1-Score: 0.8404. Saved to training_outputs/20250722-102749/best_model.pth
Epoch [069/300] | Duration: 18.84s | Train Loss: 0.5552 | Train Acc: 0.8337 | Val Loss: 0.5378 | Val Acc: 0.8321 | Val F1: 0.8328
Epoch [070/300] | Duration: 18.70s | Train Loss: 0.5654 | Train Acc: 0.8241 | Val Loss: 0.5393 | Val Acc: 0.8244 | Val F1: 0.8251
Epoch [071/300] | Duration: 18.73s | Train Loss: 0.5400 | Train Acc: 0.8337 | Val Loss: 0.5411 | Val Acc: 0.8244 | Val F1: 0.8251
Epoch [072/300] | Duration: 18.89s | Train Loss: 0.5533 | Train Acc: 0.8203 | Val Loss: 0.5410 | Val Acc: 0.8321 | Val F1: 0.8328
Epoch [073/300] | Duration: 18.73s | Train Loss: 0.5556 | Train Acc: 0.8432 | Val Loss: 0.5328 | Val Acc: 0.8321 | Val F1: 0.8328
Epoch [074/300] | Duration: 18.73s | Train Loss: 0.5399 | Train Acc: 0.8356 | Val Loss: 0.5421 | Val Acc: 0.8244 | Val F1: 0.8251
Epoch [075/300] | Duration: 18.89s | Train Loss: 0.5535 | Train Acc: 0.8260 | Val Loss: 0.5223 | Val Acc: 0.8397 | Val F1: 0.8400
Epoch [076/300] | Duration: 18.94s | Train Loss: 0.5621 | Train Acc: 0.8279 | Val Loss: 0.5384 | Val Acc: 0.8321 | Val F1: 0.8332
Epoch [077/300] | Duration: 18.61s | Train Loss: 0.5430 | Train Acc: 0.8337 | Val Loss: 0.5256 | Val Acc: 0.8244 | Val F1: 0.8245
Epoch [078/300] | Duration: 18.53s | Train Loss: 0.5597 | Train Acc: 0.8145 | Val Loss: 0.5277 | Val Acc: 0.8244 | Val F1: 0.8251
Epoch [079/300] | Duration: 18.89s | Train Loss: 0.5349 | Train Acc: 0.8375 | Val Loss: 0.5336 | Val Acc: 0.8244 | Val F1: 0.8251
Epoch [080/300] | Duration: 18.50s | Train Loss: 0.5667 | Train Acc: 0.8126 | Val Loss: 0.5389 | Val Acc: 0.8244 | Val F1: 0.8251
Epoch [081/300] | Duration: 18.77s | Train Loss: 0.5305 | Train Acc: 0.8375 | Val Loss: 0.5267 | Val Acc: 0.8321 | Val F1: 0.8332
Epoch [082/300] | Duration: 18.72s | Train Loss: 0.5563 | Train Acc: 0.8279 | Val Loss: 0.5296 | Val Acc: 0.8321 | Val F1: 0.8332
Epoch [083/300] | Duration: 18.66s | Train Loss: 0.5542 | Train Acc: 0.8164 | Val Loss: 0.5278 | Val Acc: 0.8244 | Val F1: 0.8251
Epoch [084/300] | Duration: 18.72s | Train Loss: 0.5199 | Train Acc: 0.8528 | Val Loss: 0.5375 | Val Acc: 0.8244 | Val F1: 0.8251
Epoch [085/300] | Duration: 18.72s | Train Loss: 0.5301 | Train Acc: 0.8470 | Val Loss: 0.5285 | Val Acc: 0.8321 | Val F1: 0.8332
Epoch [086/300] | Duration: 18.79s | Train Loss: 0.5229 | Train Acc: 0.8394 | Val Loss: 0.5264 | Val Acc: 0.8397 | Val F1: 0.8408
🎉 New best model found! F1-Score: 0.8408. Saved to training_outputs/20250722-102749/best_model.pth
Epoch [087/300] | Duration: 18.85s | Train Loss: 0.5277 | Train Acc: 0.8222 | Val Loss: 0.5176 | Val Acc: 0.8397 | Val F1: 0.8408
Epoch [088/300] | Duration: 18.80s | Train Loss: 0.5362 | Train Acc: 0.8432 | Val Loss: 0.5251 | Val Acc: 0.8244 | Val F1: 0.8251
Epoch [089/300] | Duration: 18.65s | Train Loss: 0.5342 | Train Acc: 0.8241 | Val Loss: 0.5310 | Val Acc: 0.8244 | Val F1: 0.8251
Epoch [090/300] | Duration: 18.69s | Train Loss: 0.5270 | Train Acc: 0.8432 | Val Loss: 0.5199 | Val Acc: 0.8244 | Val F1: 0.8245
Epoch [091/300] | Duration: 18.70s | Train Loss: 0.5162 | Train Acc: 0.8394 | Val Loss: 0.5235 | Val Acc: 0.8244 | Val F1: 0.8251
Epoch [092/300] | Duration: 18.90s | Train Loss: 0.5288 | Train Acc: 0.8337 | Val Loss: 0.5244 | Val Acc: 0.8244 | Val F1: 0.8251
Epoch [093/300] | Duration: 18.90s | Train Loss: 0.5364 | Train Acc: 0.8241 | Val Loss: 0.5327 | Val Acc: 0.8244 | Val F1: 0.8251
Epoch [094/300] | Duration: 18.81s | Train Loss: 0.5257 | Train Acc: 0.8375 | Val Loss: 0.5220 | Val Acc: 0.8321 | Val F1: 0.8332
Epoch [095/300] | Duration: 18.68s | Train Loss: 0.5398 | Train Acc: 0.8356 | Val Loss: 0.5188 | Val Acc: 0.8321 | Val F1: 0.8332
Epoch [096/300] | Duration: 18.71s | Train Loss: 0.5265 | Train Acc: 0.8279 | Val Loss: 0.5315 | Val Acc: 0.8321 | Val F1: 0.8332
Epoch [097/300] | Duration: 18.70s | Train Loss: 0.5364 | Train Acc: 0.8317 | Val Loss: 0.5237 | Val Acc: 0.8397 | Val F1: 0.8408
Epoch [098/300] | Duration: 18.88s | Train Loss: 0.5318 | Train Acc: 0.8413 | Val Loss: 0.5227 | Val Acc: 0.8321 | Val F1: 0.8332
Epoch [099/300] | Duration: 18.71s | Train Loss: 0.5160 | Train Acc: 0.8279 | Val Loss: 0.5189 | Val Acc: 0.8321 | Val F1: 0.8328
Epoch [100/300] | Duration: 18.84s | Train Loss: 0.5139 | Train Acc: 0.8413 | Val Loss: 0.5348 | Val Acc: 0.8321 | Val F1: 0.8332
Epoch [101/300] | Duration: 18.91s | Train Loss: 0.5471 | Train Acc: 0.8298 | Val Loss: 0.5295 | Val Acc: 0.8244 | Val F1: 0.8251
Epoch [102/300] | Duration: 18.67s | Train Loss: 0.5301 | Train Acc: 0.8298 | Val Loss: 0.5237 | Val Acc: 0.8473 | Val F1: 0.8482
🎉 New best model found! F1-Score: 0.8482. Saved to training_outputs/20250722-102749/best_model.pth
Epoch [103/300] | Duration: 18.75s | Train Loss: 0.5313 | Train Acc: 0.8432 | Val Loss: 0.5252 | Val Acc: 0.8244 | Val F1: 0.8251
Epoch [104/300] | Duration: 18.62s | Train Loss: 0.5063 | Train Acc: 0.8489 | Val Loss: 0.5273 | Val Acc: 0.8244 | Val F1: 0.8251
Epoch [105/300] | Duration: 18.94s | Train Loss: 0.5489 | Train Acc: 0.8126 | Val Loss: 0.5268 | Val Acc: 0.8244 | Val F1: 0.8251
Epoch [106/300] | Duration: 19.12s | Train Loss: 0.5310 | Train Acc: 0.8394 | Val Loss: 0.5315 | Val Acc: 0.8321 | Val F1: 0.8332
Epoch [107/300] | Duration: 18.59s | Train Loss: 0.5249 | Train Acc: 0.8260 | Val Loss: 0.5223 | Val Acc: 0.8321 | Val F1: 0.8332
Epoch [108/300] | Duration: 18.91s | Train Loss: 0.5160 | Train Acc: 0.8241 | Val Loss: 0.5221 | Val Acc: 0.8244 | Val F1: 0.8251
Epoch [109/300] | Duration: 18.70s | Train Loss: 0.5300 | Train Acc: 0.8375 | Val Loss: 0.5264 | Val Acc: 0.8244 | Val F1: 0.8251
Epoch [110/300] | Duration: 18.75s | Train Loss: 0.5324 | Train Acc: 0.8413 | Val Loss: 0.5404 | Val Acc: 0.8321 | Val F1: 0.8332
Epoch [111/300] | Duration: 18.71s | Train Loss: 0.5358 | Train Acc: 0.8260 | Val Loss: 0.5139 | Val Acc: 0.8473 | Val F1: 0.8482
Epoch [112/300] | Duration: 18.64s | Train Loss: 0.5342 | Train Acc: 0.8317 | Val Loss: 0.5195 | Val Acc: 0.8321 | Val F1: 0.8332
Epoch [113/300] | Duration: 18.79s | Train Loss: 0.5392 | Train Acc: 0.8337 | Val Loss: 0.5423 | Val Acc: 0.8321 | Val F1: 0.8332
Epoch [114/300] | Duration: 18.77s | Train Loss: 0.5400 | Train Acc: 0.8375 | Val Loss: 0.5236 | Val Acc: 0.8397 | Val F1: 0.8408
Epoch [115/300] | Duration: 18.86s | Train Loss: 0.5159 | Train Acc: 0.8432 | Val Loss: 0.5176 | Val Acc: 0.8321 | Val F1: 0.8322
Epoch [116/300] | Duration: 18.78s | Train Loss: 0.5057 | Train Acc: 0.8260 | Val Loss: 0.5273 | Val Acc: 0.8321 | Val F1: 0.8332
Epoch [117/300] | Duration: 18.62s | Train Loss: 0.5176 | Train Acc: 0.8432 | Val Loss: 0.5202 | Val Acc: 0.8397 | Val F1: 0.8408
Epoch [118/300] | Duration: 18.72s | Train Loss: 0.5410 | Train Acc: 0.8356 | Val Loss: 0.5286 | Val Acc: 0.8244 | Val F1: 0.8251
Epoch [119/300] | Duration: 18.71s | Train Loss: 0.5341 | Train Acc: 0.8260 | Val Loss: 0.5126 | Val Acc: 0.8321 | Val F1: 0.8322
Epoch [120/300] | Duration: 18.84s | Train Loss: 0.5346 | Train Acc: 0.8203 | Val Loss: 0.5225 | Val Acc: 0.8244 | Val F1: 0.8251
Epoch [121/300] | Duration: 18.73s | Train Loss: 0.5460 | Train Acc: 0.8337 | Val Loss: 0.5254 | Val Acc: 0.8321 | Val F1: 0.8332
Epoch [122/300] | Duration: 18.77s | Train Loss: 0.5462 | Train Acc: 0.8069 | Val Loss: 0.5274 | Val Acc: 0.8244 | Val F1: 0.8251
Epoch [123/300] | Duration: 18.66s | Train Loss: 0.5378 | Train Acc: 0.8164 | Val Loss: 0.5340 | Val Acc: 0.8321 | Val F1: 0.8332
Epoch [124/300] | Duration: 18.76s | Train Loss: 0.5241 | Train Acc: 0.8317 | Val Loss: 0.5245 | Val Acc: 0.8321 | Val F1: 0.8332
Epoch [125/300] | Duration: 18.71s | Train Loss: 0.5321 | Train Acc: 0.8470 | Val Loss: 0.5174 | Val Acc: 0.8473 | Val F1: 0.8482
Epoch [126/300] | Duration: 18.61s | Train Loss: 0.5183 | Train Acc: 0.8279 | Val Loss: 0.5257 | Val Acc: 0.8321 | Val F1: 0.8332
Epoch [127/300] | Duration: 18.78s | Train Loss: 0.5231 | Train Acc: 0.8126 | Val Loss: 0.5228 | Val Acc: 0.8321 | Val F1: 0.8332
Epoch [128/300] | Duration: 18.78s | Train Loss: 0.5527 | Train Acc: 0.8222 | Val Loss: 0.5246 | Val Acc: 0.8244 | Val F1: 0.8251
Epoch [129/300] | Duration: 18.70s | Train Loss: 0.5192 | Train Acc: 0.8279 | Val Loss: 0.5293 | Val Acc: 0.8321 | Val F1: 0.8332
Epoch [130/300] | Duration: 18.87s | Train Loss: 0.5369 | Train Acc: 0.8069 | Val Loss: 0.5295 | Val Acc: 0.8244 | Val F1: 0.8251
Epoch [131/300] | Duration: 18.84s | Train Loss: 0.5319 | Train Acc: 0.8317 | Val Loss: 0.5307 | Val Acc: 0.8321 | Val F1: 0.8332
Epoch [132/300] | Duration: 18.83s | Train Loss: 0.5357 | Train Acc: 0.8375 | Val Loss: 0.5175 | Val Acc: 0.8321 | Val F1: 0.8322
Epoch [133/300] | Duration: 18.81s | Train Loss: 0.5264 | Train Acc: 0.8489 | Val Loss: 0.5238 | Val Acc: 0.8244 | Val F1: 0.8245
Epoch [134/300] | Duration: 19.15s | Train Loss: 0.5437 | Train Acc: 0.8337 | Val Loss: 0.5238 | Val Acc: 0.8397 | Val F1: 0.8408
Epoch [135/300] | Duration: 18.71s | Train Loss: 0.5407 | Train Acc: 0.8241 | Val Loss: 0.5206 | Val Acc: 0.8321 | Val F1: 0.8332
Epoch [136/300] | Duration: 18.81s | Train Loss: 0.5164 | Train Acc: 0.8413 | Val Loss: 0.5323 | Val Acc: 0.8321 | Val F1: 0.8332
Epoch [137/300] | Duration: 18.65s | Train Loss: 0.5503 | Train Acc: 0.8126 | Val Loss: 0.5373 | Val Acc: 0.8321 | Val F1: 0.8332

🛑 Early stopping triggered after 35 epochs with no improvement.

✅ Training finished.

💾 Saving final artifacts...
Loaded best model from training_outputs/20250722-102749/best_model.pth for final evaluation.
📈 Saved training metrics plot to training_outputs/20250722-102749/training_metrics.png
📊 Saved final confusion matrix to training_outputs/20250722-102749/final_confusion_matrix.png
📝 Saved final classification report to training_outputs/20250722-102749/final_classification_report.txt

✨ Run complete.
