The following modules were not unloaded:
  (Use "module --force purge" to unload all):

  1) modules/2.3-20240529   2) openblas/single-0.3.26
🚀 Starting Run. All outputs will be saved to: training_outputs/20250729-172907
⚙️ Using device: cuda
Hyperparameters: {'input_depth': 32, 'input_height': 32, 'input_width': 32, 'num_classes': 3, 'classes_names': ['mitotic', 'new_daughter', 'stable'], 'learning_rate': 1e-05, 'batch_size': 16, 'num_epochs': 300, 'num_input_channels': 4, 'dropout_rate': 0.1, 'weight_decay': 1e-05, 'early_stopping_patience': 35, 'max_samples_per_class': {'mitotic': 221, 'new_daughter': 221, 'stable': 221}, 'class_weights': [1.0, 1.0, 1.0]}

Loading datasets...
Dataset loaded with 660 total samples:
  - mitotic: 218 samples
  - new_daughter: 221 samples
  - stable: 221 samples
  Applied per-class limits:
    - mitotic: 221 max samples
    - new_daughter: 221 max samples
    - stable: 221 max samples
Dataset loaded with 660 total samples:
  - mitotic: 218 samples
  - new_daughter: 221 samples
  - stable: 221 samples
  Applied per-class limits:
    - mitotic: 221 max samples
    - new_daughter: 221 max samples
    - stable: 221 max samples

Training on 528 samples, validating on 132 samples.
Model has 71,379 trainable parameters.

--- Starting Training ---
Epoch [001/300] | Duration: 56.29s | Train Loss: 1.1290 | Train Acc: 0.2727 | Val Loss: 1.1280 | Val Acc: 0.3333 | Val F1: 0.1667
🎉 New best model found! F1-Score: 0.1667. Saved to training_outputs/20250729-172907/best_model.pth
Epoch [002/300] | Duration: 13.38s | Train Loss: 1.0711 | Train Acc: 0.4034 | Val Loss: 1.0459 | Val Acc: 0.4318 | Val F1: 0.3566
🎉 New best model found! F1-Score: 0.3566. Saved to training_outputs/20250729-172907/best_model.pth
Epoch [003/300] | Duration: 13.24s | Train Loss: 1.0405 | Train Acc: 0.5038 | Val Loss: 1.0011 | Val Acc: 0.6439 | Val F1: 0.6279
🎉 New best model found! F1-Score: 0.6279. Saved to training_outputs/20250729-172907/best_model.pth
Epoch [004/300] | Duration: 13.60s | Train Loss: 1.0011 | Train Acc: 0.5814 | Val Loss: 0.9750 | Val Acc: 0.6515 | Val F1: 0.6269
Epoch [005/300] | Duration: 13.31s | Train Loss: 0.9658 | Train Acc: 0.6420 | Val Loss: 0.9499 | Val Acc: 0.6591 | Val F1: 0.6392
🎉 New best model found! F1-Score: 0.6392. Saved to training_outputs/20250729-172907/best_model.pth
Epoch [006/300] | Duration: 13.88s | Train Loss: 0.9397 | Train Acc: 0.6250 | Val Loss: 0.9274 | Val Acc: 0.6818 | Val F1: 0.6575
🎉 New best model found! F1-Score: 0.6575. Saved to training_outputs/20250729-172907/best_model.pth
Epoch [007/300] | Duration: 13.17s | Train Loss: 0.9202 | Train Acc: 0.6326 | Val Loss: 0.9151 | Val Acc: 0.6667 | Val F1: 0.6392
Epoch [008/300] | Duration: 13.44s | Train Loss: 0.9009 | Train Acc: 0.6534 | Val Loss: 0.8966 | Val Acc: 0.6894 | Val F1: 0.6676
🎉 New best model found! F1-Score: 0.6676. Saved to training_outputs/20250729-172907/best_model.pth
Epoch [009/300] | Duration: 13.36s | Train Loss: 0.8831 | Train Acc: 0.6686 | Val Loss: 0.8892 | Val Acc: 0.6970 | Val F1: 0.6748
🎉 New best model found! F1-Score: 0.6748. Saved to training_outputs/20250729-172907/best_model.pth
Epoch [010/300] | Duration: 23.88s | Train Loss: 0.8763 | Train Acc: 0.6761 | Val Loss: 0.8818 | Val Acc: 0.6742 | Val F1: 0.6391
Epoch [011/300] | Duration: 26.80s | Train Loss: 0.8522 | Train Acc: 0.6723 | Val Loss: 0.8745 | Val Acc: 0.6894 | Val F1: 0.6607
Epoch [012/300] | Duration: 13.20s | Train Loss: 0.8495 | Train Acc: 0.6742 | Val Loss: 0.8662 | Val Acc: 0.6667 | Val F1: 0.6279
Epoch [013/300] | Duration: 13.35s | Train Loss: 0.8428 | Train Acc: 0.6932 | Val Loss: 0.8608 | Val Acc: 0.6742 | Val F1: 0.6391
Epoch [014/300] | Duration: 13.13s | Train Loss: 0.8363 | Train Acc: 0.6989 | Val Loss: 0.8562 | Val Acc: 0.6742 | Val F1: 0.6391
Epoch [015/300] | Duration: 13.10s | Train Loss: 0.8191 | Train Acc: 0.6818 | Val Loss: 0.8481 | Val Acc: 0.7121 | Val F1: 0.6914
🎉 New best model found! F1-Score: 0.6914. Saved to training_outputs/20250729-172907/best_model.pth
Epoch [016/300] | Duration: 13.31s | Train Loss: 0.8054 | Train Acc: 0.7027 | Val Loss: 0.8492 | Val Acc: 0.6894 | Val F1: 0.6607
Epoch [017/300] | Duration: 12.92s | Train Loss: 0.8081 | Train Acc: 0.6932 | Val Loss: 0.8438 | Val Acc: 0.6970 | Val F1: 0.6712
Epoch [018/300] | Duration: 13.17s | Train Loss: 0.7943 | Train Acc: 0.7064 | Val Loss: 0.8391 | Val Acc: 0.7121 | Val F1: 0.6915
🎉 New best model found! F1-Score: 0.6915. Saved to training_outputs/20250729-172907/best_model.pth
Epoch [019/300] | Duration: 12.92s | Train Loss: 0.7990 | Train Acc: 0.7045 | Val Loss: 0.8349 | Val Acc: 0.7197 | Val F1: 0.7036
🎉 New best model found! F1-Score: 0.7036. Saved to training_outputs/20250729-172907/best_model.pth
