The following modules were not unloaded:
  (Use "module --force purge" to unload all):

  1) modules/2.3-20240529   2) openblas/single-0.3.26
🚀 Starting Run. All outputs will be saved to: training_outputs/20250728-144521
⚙️ Using device: cuda
Hyperparameters: {'input_depth': 32, 'input_height': 32, 'input_width': 32, 'num_classes': 3, 'classes_names': ['mitotic', 'new_daughter', 'stable'], 'learning_rate': 1e-05, 'batch_size': 16, 'num_epochs': 300, 'num_input_channels': 4, 'dropout_rate': 0.1, 'weight_decay': 1e-05, 'early_stopping_patience': 35, 'max_samples_per_class': {'mitotic': 221, 'new_daughter': 221, 'stable': 221}, 'class_weights': [1.0, 1.0, 1.0]}

Loading datasets...
Dataset loaded with 660 total samples:
  - mitotic: 218 samples
  - new_daughter: 221 samples
  - stable: 221 samples
  Applied per-class limits:
    - mitotic: 221 max samples
    - new_daughter: 221 max samples
    - stable: 221 max samples
Dataset loaded with 660 total samples:
  - mitotic: 218 samples
  - new_daughter: 221 samples
  - stable: 221 samples
  Applied per-class limits:
    - mitotic: 221 max samples
    - new_daughter: 221 max samples
    - stable: 221 max samples

Training on 528 samples, validating on 132 samples.
Model has 71,379 trainable parameters.

--- Starting Training ---
Epoch [001/300] | Duration: 59.57s | Train Loss: 1.0725 | Train Acc: 0.4489 | Val Loss: 1.1627 | Val Acc: 0.3333 | Val F1: 0.1667
🎉 New best model found! F1-Score: 0.1667. Saved to training_outputs/20250728-144521/best_model.pth
Epoch [002/300] | Duration: 13.03s | Train Loss: 1.0268 | Train Acc: 0.5663 | Val Loss: 1.0492 | Val Acc: 0.3939 | Val F1: 0.2803
🎉 New best model found! F1-Score: 0.2803. Saved to training_outputs/20250728-144521/best_model.pth
Epoch [003/300] | Duration: 12.81s | Train Loss: 0.9917 | Train Acc: 0.5928 | Val Loss: 0.9743 | Val Acc: 0.6288 | Val F1: 0.6016
🎉 New best model found! F1-Score: 0.6016. Saved to training_outputs/20250728-144521/best_model.pth
Epoch [004/300] | Duration: 24.63s | Train Loss: 0.9525 | Train Acc: 0.6307 | Val Loss: 0.9453 | Val Acc: 0.6591 | Val F1: 0.6418
🎉 New best model found! F1-Score: 0.6418. Saved to training_outputs/20250728-144521/best_model.pth
Epoch [005/300] | Duration: 18.02s | Train Loss: 0.9437 | Train Acc: 0.6117 | Val Loss: 0.9279 | Val Acc: 0.6894 | Val F1: 0.6759
🎉 New best model found! F1-Score: 0.6759. Saved to training_outputs/20250728-144521/best_model.pth
Epoch [006/300] | Duration: 12.81s | Train Loss: 0.9169 | Train Acc: 0.6402 | Val Loss: 0.9111 | Val Acc: 0.6742 | Val F1: 0.6574
Epoch [007/300] | Duration: 12.35s | Train Loss: 0.9000 | Train Acc: 0.6572 | Val Loss: 0.8975 | Val Acc: 0.6818 | Val F1: 0.6692
Epoch [008/300] | Duration: 13.05s | Train Loss: 0.8864 | Train Acc: 0.6591 | Val Loss: 0.8786 | Val Acc: 0.6970 | Val F1: 0.6854
🎉 New best model found! F1-Score: 0.6854. Saved to training_outputs/20250728-144521/best_model.pth
Epoch [009/300] | Duration: 13.10s | Train Loss: 0.8659 | Train Acc: 0.6761 | Val Loss: 0.8678 | Val Acc: 0.6894 | Val F1: 0.6773
Epoch [010/300] | Duration: 12.94s | Train Loss: 0.8645 | Train Acc: 0.6856 | Val Loss: 0.8546 | Val Acc: 0.6970 | Val F1: 0.6859
🎉 New best model found! F1-Score: 0.6859. Saved to training_outputs/20250728-144521/best_model.pth
Epoch [011/300] | Duration: 13.25s | Train Loss: 0.8451 | Train Acc: 0.7064 | Val Loss: 0.8440 | Val Acc: 0.7045 | Val F1: 0.6947
🎉 New best model found! F1-Score: 0.6947. Saved to training_outputs/20250728-144521/best_model.pth
Epoch [012/300] | Duration: 13.05s | Train Loss: 0.8269 | Train Acc: 0.7178 | Val Loss: 0.8285 | Val Acc: 0.7197 | Val F1: 0.7112
🎉 New best model found! F1-Score: 0.7112. Saved to training_outputs/20250728-144521/best_model.pth
Epoch [013/300] | Duration: 12.98s | Train Loss: 0.8164 | Train Acc: 0.7386 | Val Loss: 0.8226 | Val Acc: 0.7197 | Val F1: 0.7095
Epoch [014/300] | Duration: 12.89s | Train Loss: 0.8013 | Train Acc: 0.7348 | Val Loss: 0.8089 | Val Acc: 0.7424 | Val F1: 0.7346
🎉 New best model found! F1-Score: 0.7346. Saved to training_outputs/20250728-144521/best_model.pth
Epoch [015/300] | Duration: 13.07s | Train Loss: 0.7857 | Train Acc: 0.7576 | Val Loss: 0.7921 | Val Acc: 0.7424 | Val F1: 0.7346
Epoch [016/300] | Duration: 12.56s | Train Loss: 0.7740 | Train Acc: 0.7652 | Val Loss: 0.7917 | Val Acc: 0.7273 | Val F1: 0.7180
Epoch [017/300] | Duration: 12.57s | Train Loss: 0.7616 | Train Acc: 0.7576 | Val Loss: 0.7784 | Val Acc: 0.7576 | Val F1: 0.7509
🎉 New best model found! F1-Score: 0.7509. Saved to training_outputs/20250728-144521/best_model.pth
Epoch [018/300] | Duration: 12.59s | Train Loss: 0.7547 | Train Acc: 0.7822 | Val Loss: 0.7623 | Val Acc: 0.7727 | Val F1: 0.7668
🎉 New best model found! F1-Score: 0.7668. Saved to training_outputs/20250728-144521/best_model.pth
Epoch [019/300] | Duration: 12.69s | Train Loss: 0.7390 | Train Acc: 0.7955 | Val Loss: 0.7559 | Val Acc: 0.7803 | Val F1: 0.7753
🎉 New best model found! F1-Score: 0.7753. Saved to training_outputs/20250728-144521/best_model.pth
Epoch [020/300] | Duration: 12.70s | Train Loss: 0.7367 | Train Acc: 0.7841 | Val Loss: 0.7426 | Val Acc: 0.7727 | Val F1: 0.7673
Epoch [021/300] | Duration: 12.64s | Train Loss: 0.7201 | Train Acc: 0.7822 | Val Loss: 0.7378 | Val Acc: 0.7803 | Val F1: 0.7759
🎉 New best model found! F1-Score: 0.7759. Saved to training_outputs/20250728-144521/best_model.pth
Epoch [022/300] | Duration: 12.56s | Train Loss: 0.7175 | Train Acc: 0.7803 | Val Loss: 0.7219 | Val Acc: 0.7879 | Val F1: 0.7833
🎉 New best model found! F1-Score: 0.7833. Saved to training_outputs/20250728-144521/best_model.pth
Epoch [023/300] | Duration: 12.36s | Train Loss: 0.6920 | Train Acc: 0.8087 | Val Loss: 0.7110 | Val Acc: 0.8106 | Val F1: 0.8067
🎉 New best model found! F1-Score: 0.8067. Saved to training_outputs/20250728-144521/best_model.pth
Epoch [024/300] | Duration: 12.61s | Train Loss: 0.6916 | Train Acc: 0.8087 | Val Loss: 0.7083 | Val Acc: 0.8182 | Val F1: 0.8151
🎉 New best model found! F1-Score: 0.8151. Saved to training_outputs/20250728-144521/best_model.pth
Epoch [025/300] | Duration: 44.23s | Train Loss: 0.6783 | Train Acc: 0.8125 | Val Loss: 0.6951 | Val Acc: 0.8258 | Val F1: 0.8236
🎉 New best model found! F1-Score: 0.8236. Saved to training_outputs/20250728-144521/best_model.pth
Epoch [026/300] | Duration: 14.18s | Train Loss: 0.6638 | Train Acc: 0.8144 | Val Loss: 0.6836 | Val Acc: 0.8258 | Val F1: 0.8236
Epoch [027/300] | Duration: 12.89s | Train Loss: 0.6642 | Train Acc: 0.8220 | Val Loss: 0.6811 | Val Acc: 0.8333 | Val F1: 0.8307
🎉 New best model found! F1-Score: 0.8307. Saved to training_outputs/20250728-144521/best_model.pth
Epoch [028/300] | Duration: 12.85s | Train Loss: 0.6601 | Train Acc: 0.8258 | Val Loss: 0.6748 | Val Acc: 0.8333 | Val F1: 0.8310
🎉 New best model found! F1-Score: 0.8310. Saved to training_outputs/20250728-144521/best_model.pth
Epoch [029/300] | Duration: 12.91s | Train Loss: 0.6385 | Train Acc: 0.8239 | Val Loss: 0.6604 | Val Acc: 0.8333 | Val F1: 0.8307
Epoch [030/300] | Duration: 12.59s | Train Loss: 0.6372 | Train Acc: 0.8182 | Val Loss: 0.6650 | Val Acc: 0.8258 | Val F1: 0.8233
Epoch [031/300] | Duration: 12.98s | Train Loss: 0.6430 | Train Acc: 0.8182 | Val Loss: 0.6544 | Val Acc: 0.8333 | Val F1: 0.8315
🎉 New best model found! F1-Score: 0.8315. Saved to training_outputs/20250728-144521/best_model.pth
Epoch [032/300] | Duration: 13.04s | Train Loss: 0.6076 | Train Acc: 0.8504 | Val Loss: 0.6461 | Val Acc: 0.8333 | Val F1: 0.8319
🎉 New best model found! F1-Score: 0.8319. Saved to training_outputs/20250728-144521/best_model.pth
Epoch [033/300] | Duration: 12.64s | Train Loss: 0.6220 | Train Acc: 0.8201 | Val Loss: 0.6418 | Val Acc: 0.8333 | Val F1: 0.8322
🎉 New best model found! F1-Score: 0.8322. Saved to training_outputs/20250728-144521/best_model.pth
Epoch [034/300] | Duration: 13.04s | Train Loss: 0.6134 | Train Acc: 0.8295 | Val Loss: 0.6421 | Val Acc: 0.8333 | Val F1: 0.8314
Epoch [035/300] | Duration: 12.84s | Train Loss: 0.6013 | Train Acc: 0.8428 | Val Loss: 0.6293 | Val Acc: 0.8561 | Val F1: 0.8549
🎉 New best model found! F1-Score: 0.8549. Saved to training_outputs/20250728-144521/best_model.pth
Epoch [036/300] | Duration: 12.88s | Train Loss: 0.5936 | Train Acc: 0.8409 | Val Loss: 0.6258 | Val Acc: 0.8409 | Val F1: 0.8391
Epoch [037/300] | Duration: 12.59s | Train Loss: 0.6037 | Train Acc: 0.8295 | Val Loss: 0.6278 | Val Acc: 0.8409 | Val F1: 0.8391
Epoch [038/300] | Duration: 12.58s | Train Loss: 0.5871 | Train Acc: 0.8617 | Val Loss: 0.6124 | Val Acc: 0.8485 | Val F1: 0.8476
Epoch [039/300] | Duration: 12.79s | Train Loss: 0.5839 | Train Acc: 0.8447 | Val Loss: 0.6155 | Val Acc: 0.8409 | Val F1: 0.8391
Epoch [040/300] | Duration: 12.25s | Train Loss: 0.5803 | Train Acc: 0.8561 | Val Loss: 0.5992 | Val Acc: 0.8485 | Val F1: 0.8476
Epoch [041/300] | Duration: 12.42s | Train Loss: 0.5862 | Train Acc: 0.8277 | Val Loss: 0.6141 | Val Acc: 0.8333 | Val F1: 0.8314
Epoch [042/300] | Duration: 12.48s | Train Loss: 0.5874 | Train Acc: 0.8333 | Val Loss: 0.6011 | Val Acc: 0.8485 | Val F1: 0.8476
Epoch [043/300] | Duration: 12.62s | Train Loss: 0.5722 | Train Acc: 0.8428 | Val Loss: 0.5971 | Val Acc: 0.8485 | Val F1: 0.8473
Epoch [044/300] | Duration: 12.41s | Train Loss: 0.5802 | Train Acc: 0.8428 | Val Loss: 0.6100 | Val Acc: 0.8409 | Val F1: 0.8391
Epoch [045/300] | Duration: 12.36s | Train Loss: 0.5594 | Train Acc: 0.8504 | Val Loss: 0.6023 | Val Acc: 0.8409 | Val F1: 0.8396
Epoch [046/300] | Duration: 12.30s | Train Loss: 0.5681 | Train Acc: 0.8352 | Val Loss: 0.5951 | Val Acc: 0.8485 | Val F1: 0.8472
Epoch [047/300] | Duration: 12.37s | Train Loss: 0.5583 | Train Acc: 0.8466 | Val Loss: 0.5810 | Val Acc: 0.8561 | Val F1: 0.8549
Epoch [048/300] | Duration: 12.40s | Train Loss: 0.5492 | Train Acc: 0.8485 | Val Loss: 0.5901 | Val Acc: 0.8485 | Val F1: 0.8472
Epoch [049/300] | Duration: 12.71s | Train Loss: 0.5318 | Train Acc: 0.8504 | Val Loss: 0.5871 | Val Acc: 0.8409 | Val F1: 0.8396
Epoch [050/300] | Duration: 12.51s | Train Loss: 0.5464 | Train Acc: 0.8485 | Val Loss: 0.5825 | Val Acc: 0.8485 | Val F1: 0.8472
Epoch [051/300] | Duration: 12.43s | Train Loss: 0.5286 | Train Acc: 0.8485 | Val Loss: 0.5777 | Val Acc: 0.8485 | Val F1: 0.8473
Epoch [052/300] | Duration: 12.59s | Train Loss: 0.5206 | Train Acc: 0.8561 | Val Loss: 0.5674 | Val Acc: 0.8636 | Val F1: 0.8625
🎉 New best model found! F1-Score: 0.8625. Saved to training_outputs/20250728-144521/best_model.pth
Epoch [053/300] | Duration: 12.29s | Train Loss: 0.5396 | Train Acc: 0.8542 | Val Loss: 0.5691 | Val Acc: 0.8636 | Val F1: 0.8625
Epoch [054/300] | Duration: 12.44s | Train Loss: 0.5445 | Train Acc: 0.8390 | Val Loss: 0.5699 | Val Acc: 0.8561 | Val F1: 0.8549
Epoch [055/300] | Duration: 12.63s | Train Loss: 0.5361 | Train Acc: 0.8390 | Val Loss: 0.5614 | Val Acc: 0.8636 | Val F1: 0.8625
Epoch [056/300] | Duration: 12.76s | Train Loss: 0.5125 | Train Acc: 0.8598 | Val Loss: 0.5687 | Val Acc: 0.8485 | Val F1: 0.8472
Epoch [057/300] | Duration: 13.13s | Train Loss: 0.5192 | Train Acc: 0.8580 | Val Loss: 0.5647 | Val Acc: 0.8485 | Val F1: 0.8472
Epoch [058/300] | Duration: 12.83s | Train Loss: 0.5364 | Train Acc: 0.8371 | Val Loss: 0.5555 | Val Acc: 0.8636 | Val F1: 0.8625
Epoch [059/300] | Duration: 12.59s | Train Loss: 0.5165 | Train Acc: 0.8542 | Val Loss: 0.5554 | Val Acc: 0.8485 | Val F1: 0.8472
Epoch [060/300] | Duration: 12.36s | Train Loss: 0.5397 | Train Acc: 0.8106 | Val Loss: 0.5461 | Val Acc: 0.8636 | Val F1: 0.8625
Epoch [061/300] | Duration: 12.48s | Train Loss: 0.5251 | Train Acc: 0.8390 | Val Loss: 0.5492 | Val Acc: 0.8485 | Val F1: 0.8473
Epoch [062/300] | Duration: 12.43s | Train Loss: 0.5153 | Train Acc: 0.8561 | Val Loss: 0.5473 | Val Acc: 0.8485 | Val F1: 0.8476
Epoch [063/300] | Duration: 12.05s | Train Loss: 0.5060 | Train Acc: 0.8485 | Val Loss: 0.5427 | Val Acc: 0.8561 | Val F1: 0.8547
Epoch [064/300] | Duration: 12.23s | Train Loss: 0.5058 | Train Acc: 0.8504 | Val Loss: 0.5410 | Val Acc: 0.8636 | Val F1: 0.8625
Epoch [065/300] | Duration: 12.47s | Train Loss: 0.5214 | Train Acc: 0.8352 | Val Loss: 0.5404 | Val Acc: 0.8636 | Val F1: 0.8625
Epoch [066/300] | Duration: 12.43s | Train Loss: 0.5025 | Train Acc: 0.8598 | Val Loss: 0.5445 | Val Acc: 0.8561 | Val F1: 0.8549
Epoch [067/300] | Duration: 12.35s | Train Loss: 0.5045 | Train Acc: 0.8371 | Val Loss: 0.5392 | Val Acc: 0.8712 | Val F1: 0.8702
🎉 New best model found! F1-Score: 0.8702. Saved to training_outputs/20250728-144521/best_model.pth
Epoch [068/300] | Duration: 12.32s | Train Loss: 0.4781 | Train Acc: 0.8598 | Val Loss: 0.5306 | Val Acc: 0.8636 | Val F1: 0.8625
Epoch [069/300] | Duration: 12.38s | Train Loss: 0.4887 | Train Acc: 0.8561 | Val Loss: 0.5338 | Val Acc: 0.8636 | Val F1: 0.8625
Epoch [070/300] | Duration: 12.14s | Train Loss: 0.5088 | Train Acc: 0.8371 | Val Loss: 0.5343 | Val Acc: 0.8636 | Val F1: 0.8625
Epoch [071/300] | Duration: 11.76s | Train Loss: 0.5090 | Train Acc: 0.8466 | Val Loss: 0.5404 | Val Acc: 0.8561 | Val F1: 0.8548
Epoch [072/300] | Duration: 11.92s | Train Loss: 0.4782 | Train Acc: 0.8617 | Val Loss: 0.5344 | Val Acc: 0.8561 | Val F1: 0.8547
Epoch [073/300] | Duration: 12.06s | Train Loss: 0.4987 | Train Acc: 0.8333 | Val Loss: 0.5337 | Val Acc: 0.8636 | Val F1: 0.8625
Epoch [074/300] | Duration: 12.61s | Train Loss: 0.4782 | Train Acc: 0.8636 | Val Loss: 0.5338 | Val Acc: 0.8712 | Val F1: 0.8702
Epoch [075/300] | Duration: 12.34s | Train Loss: 0.4916 | Train Acc: 0.8561 | Val Loss: 0.5302 | Val Acc: 0.8712 | Val F1: 0.8702
Epoch [076/300] | Duration: 12.31s | Train Loss: 0.4704 | Train Acc: 0.8617 | Val Loss: 0.5368 | Val Acc: 0.8636 | Val F1: 0.8628
Epoch [077/300] | Duration: 12.55s | Train Loss: 0.4787 | Train Acc: 0.8674 | Val Loss: 0.5272 | Val Acc: 0.8712 | Val F1: 0.8705
🎉 New best model found! F1-Score: 0.8705. Saved to training_outputs/20250728-144521/best_model.pth
Epoch [078/300] | Duration: 12.63s | Train Loss: 0.4688 | Train Acc: 0.8617 | Val Loss: 0.5386 | Val Acc: 0.8636 | Val F1: 0.8624
Epoch [079/300] | Duration: 12.21s | Train Loss: 0.4756 | Train Acc: 0.8561 | Val Loss: 0.5179 | Val Acc: 0.8788 | Val F1: 0.8782
🎉 New best model found! F1-Score: 0.8782. Saved to training_outputs/20250728-144521/best_model.pth
Epoch [080/300] | Duration: 12.26s | Train Loss: 0.4821 | Train Acc: 0.8542 | Val Loss: 0.5170 | Val Acc: 0.8636 | Val F1: 0.8627
Epoch [081/300] | Duration: 12.50s | Train Loss: 0.4741 | Train Acc: 0.8523 | Val Loss: 0.5212 | Val Acc: 0.8712 | Val F1: 0.8698
Epoch [082/300] | Duration: 12.38s | Train Loss: 0.4857 | Train Acc: 0.8447 | Val Loss: 0.5207 | Val Acc: 0.8712 | Val F1: 0.8701
Epoch [083/300] | Duration: 12.31s | Train Loss: 0.4957 | Train Acc: 0.8390 | Val Loss: 0.5193 | Val Acc: 0.8712 | Val F1: 0.8702
Epoch [084/300] | Duration: 12.37s | Train Loss: 0.4642 | Train Acc: 0.8542 | Val Loss: 0.5211 | Val Acc: 0.8788 | Val F1: 0.8783
🎉 New best model found! F1-Score: 0.8783. Saved to training_outputs/20250728-144521/best_model.pth
Epoch [085/300] | Duration: 12.36s | Train Loss: 0.4630 | Train Acc: 0.8788 | Val Loss: 0.5209 | Val Acc: 0.8485 | Val F1: 0.8467
Epoch [086/300] | Duration: 12.22s | Train Loss: 0.4755 | Train Acc: 0.8580 | Val Loss: 0.5188 | Val Acc: 0.8712 | Val F1: 0.8705
Epoch [087/300] | Duration: 12.40s | Train Loss: 0.4388 | Train Acc: 0.8769 | Val Loss: 0.5098 | Val Acc: 0.8788 | Val F1: 0.8782
Epoch [088/300] | Duration: 12.50s | Train Loss: 0.4894 | Train Acc: 0.8409 | Val Loss: 0.5245 | Val Acc: 0.8636 | Val F1: 0.8621
Epoch [089/300] | Duration: 12.36s | Train Loss: 0.4566 | Train Acc: 0.8598 | Val Loss: 0.5227 | Val Acc: 0.8712 | Val F1: 0.8702
Epoch [090/300] | Duration: 12.22s | Train Loss: 0.4821 | Train Acc: 0.8314 | Val Loss: 0.5046 | Val Acc: 0.8712 | Val F1: 0.8704
Epoch [091/300] | Duration: 12.81s | Train Loss: 0.4569 | Train Acc: 0.8580 | Val Loss: 0.5147 | Val Acc: 0.8712 | Val F1: 0.8703
Epoch [092/300] | Duration: 12.70s | Train Loss: 0.4449 | Train Acc: 0.8731 | Val Loss: 0.5140 | Val Acc: 0.8788 | Val F1: 0.8777
Epoch [093/300] | Duration: 12.35s | Train Loss: 0.4655 | Train Acc: 0.8617 | Val Loss: 0.5006 | Val Acc: 0.8788 | Val F1: 0.8782
Epoch [094/300] | Duration: 12.39s | Train Loss: 0.4659 | Train Acc: 0.8598 | Val Loss: 0.5063 | Val Acc: 0.8788 | Val F1: 0.8782
Epoch [095/300] | Duration: 12.50s | Train Loss: 0.4596 | Train Acc: 0.8655 | Val Loss: 0.5065 | Val Acc: 0.8788 | Val F1: 0.8782
Epoch [096/300] | Duration: 12.22s | Train Loss: 0.4306 | Train Acc: 0.8712 | Val Loss: 0.5112 | Val Acc: 0.8788 | Val F1: 0.8782
Epoch [097/300] | Duration: 12.40s | Train Loss: 0.4616 | Train Acc: 0.8598 | Val Loss: 0.5029 | Val Acc: 0.8788 | Val F1: 0.8782
Epoch [098/300] | Duration: 12.42s | Train Loss: 0.4581 | Train Acc: 0.8542 | Val Loss: 0.5027 | Val Acc: 0.8712 | Val F1: 0.8705
Epoch [099/300] | Duration: 12.22s | Train Loss: 0.4535 | Train Acc: 0.8561 | Val Loss: 0.5031 | Val Acc: 0.8712 | Val F1: 0.8702
Epoch [100/300] | Duration: 12.52s | Train Loss: 0.4385 | Train Acc: 0.8731 | Val Loss: 0.5061 | Val Acc: 0.8712 | Val F1: 0.8705
Epoch [101/300] | Duration: 12.50s | Train Loss: 0.4550 | Train Acc: 0.8598 | Val Loss: 0.5011 | Val Acc: 0.8788 | Val F1: 0.8782
Epoch [102/300] | Duration: 12.37s | Train Loss: 0.4439 | Train Acc: 0.8561 | Val Loss: 0.5116 | Val Acc: 0.8788 | Val F1: 0.8782
Epoch [103/300] | Duration: 12.73s | Train Loss: 0.4430 | Train Acc: 0.8580 | Val Loss: 0.5097 | Val Acc: 0.8636 | Val F1: 0.8630
Epoch [104/300] | Duration: 12.31s | Train Loss: 0.4514 | Train Acc: 0.8636 | Val Loss: 0.5199 | Val Acc: 0.8712 | Val F1: 0.8703
Epoch [105/300] | Duration: 12.12s | Train Loss: 0.4229 | Train Acc: 0.8731 | Val Loss: 0.5097 | Val Acc: 0.8712 | Val F1: 0.8705
Epoch [106/300] | Duration: 11.82s | Train Loss: 0.4415 | Train Acc: 0.8636 | Val Loss: 0.5011 | Val Acc: 0.8788 | Val F1: 0.8782
Epoch [107/300] | Duration: 11.72s | Train Loss: 0.4531 | Train Acc: 0.8636 | Val Loss: 0.5053 | Val Acc: 0.8788 | Val F1: 0.8783
Epoch [108/300] | Duration: 12.16s | Train Loss: 0.4439 | Train Acc: 0.8731 | Val Loss: 0.5142 | Val Acc: 0.8712 | Val F1: 0.8709
Epoch [109/300] | Duration: 11.82s | Train Loss: 0.4415 | Train Acc: 0.8712 | Val Loss: 0.5058 | Val Acc: 0.8712 | Val F1: 0.8705
Epoch [110/300] | Duration: 12.52s | Train Loss: 0.4277 | Train Acc: 0.8769 | Val Loss: 0.4999 | Val Acc: 0.8712 | Val F1: 0.8708
Epoch [111/300] | Duration: 12.64s | Train Loss: 0.4474 | Train Acc: 0.8636 | Val Loss: 0.5127 | Val Acc: 0.8636 | Val F1: 0.8628
Epoch [112/300] | Duration: 12.46s | Train Loss: 0.4513 | Train Acc: 0.8636 | Val Loss: 0.5078 | Val Acc: 0.8788 | Val F1: 0.8783
Epoch [113/300] | Duration: 12.57s | Train Loss: 0.4361 | Train Acc: 0.8712 | Val Loss: 0.5025 | Val Acc: 0.8712 | Val F1: 0.8705
Epoch [114/300] | Duration: 12.67s | Train Loss: 0.4139 | Train Acc: 0.8731 | Val Loss: 0.5019 | Val Acc: 0.8788 | Val F1: 0.8783
Epoch [115/300] | Duration: 11.89s | Train Loss: 0.4273 | Train Acc: 0.8788 | Val Loss: 0.5010 | Val Acc: 0.8788 | Val F1: 0.8785
🎉 New best model found! F1-Score: 0.8785. Saved to training_outputs/20250728-144521/best_model.pth
Epoch [116/300] | Duration: 12.23s | Train Loss: 0.4239 | Train Acc: 0.8826 | Val Loss: 0.5060 | Val Acc: 0.8712 | Val F1: 0.8705
Epoch [117/300] | Duration: 12.33s | Train Loss: 0.4273 | Train Acc: 0.8693 | Val Loss: 0.5083 | Val Acc: 0.8788 | Val F1: 0.8783
Epoch [118/300] | Duration: 12.82s | Train Loss: 0.4279 | Train Acc: 0.8864 | Val Loss: 0.5048 | Val Acc: 0.8636 | Val F1: 0.8621
Epoch [119/300] | Duration: 12.91s | Train Loss: 0.4287 | Train Acc: 0.8693 | Val Loss: 0.5027 | Val Acc: 0.8864 | Val F1: 0.8855
🎉 New best model found! F1-Score: 0.8855. Saved to training_outputs/20250728-144521/best_model.pth
Epoch [120/300] | Duration: 12.71s | Train Loss: 0.4485 | Train Acc: 0.8769 | Val Loss: 0.5059 | Val Acc: 0.8788 | Val F1: 0.8783
Epoch [121/300] | Duration: 12.60s | Train Loss: 0.4381 | Train Acc: 0.8674 | Val Loss: 0.5011 | Val Acc: 0.8788 | Val F1: 0.8783
Epoch [122/300] | Duration: 12.43s | Train Loss: 0.4224 | Train Acc: 0.8826 | Val Loss: 0.5018 | Val Acc: 0.8788 | Val F1: 0.8783
Epoch [123/300] | Duration: 12.82s | Train Loss: 0.4290 | Train Acc: 0.8731 | Val Loss: 0.4976 | Val Acc: 0.8788 | Val F1: 0.8783
Epoch [124/300] | Duration: 12.54s | Train Loss: 0.4306 | Train Acc: 0.8655 | Val Loss: 0.5004 | Val Acc: 0.8712 | Val F1: 0.8705
Epoch [125/300] | Duration: 12.34s | Train Loss: 0.4353 | Train Acc: 0.8580 | Val Loss: 0.5025 | Val Acc: 0.8788 | Val F1: 0.8783
Epoch [126/300] | Duration: 12.41s | Train Loss: 0.4317 | Train Acc: 0.8750 | Val Loss: 0.5005 | Val Acc: 0.8788 | Val F1: 0.8783
Epoch [127/300] | Duration: 11.84s | Train Loss: 0.4380 | Train Acc: 0.8712 | Val Loss: 0.5010 | Val Acc: 0.8712 | Val F1: 0.8705
Epoch [128/300] | Duration: 12.06s | Train Loss: 0.4277 | Train Acc: 0.8731 | Val Loss: 0.4962 | Val Acc: 0.8788 | Val F1: 0.8783
Epoch [129/300] | Duration: 12.23s | Train Loss: 0.4304 | Train Acc: 0.8750 | Val Loss: 0.5011 | Val Acc: 0.8788 | Val F1: 0.8777
Epoch [130/300] | Duration: 12.50s | Train Loss: 0.4360 | Train Acc: 0.8750 | Val Loss: 0.5003 | Val Acc: 0.8712 | Val F1: 0.8702
Epoch [131/300] | Duration: 12.53s | Train Loss: 0.4427 | Train Acc: 0.8636 | Val Loss: 0.5043 | Val Acc: 0.8864 | Val F1: 0.8855
Epoch [132/300] | Duration: 12.41s | Train Loss: 0.4230 | Train Acc: 0.8693 | Val Loss: 0.5019 | Val Acc: 0.8788 | Val F1: 0.8777
Epoch [133/300] | Duration: 12.36s | Train Loss: 0.4371 | Train Acc: 0.8731 | Val Loss: 0.4992 | Val Acc: 0.8788 | Val F1: 0.8783
Epoch [134/300] | Duration: 12.75s | Train Loss: 0.4351 | Train Acc: 0.8674 | Val Loss: 0.5034 | Val Acc: 0.8788 | Val F1: 0.8777
Epoch [135/300] | Duration: 12.34s | Train Loss: 0.4075 | Train Acc: 0.8769 | Val Loss: 0.5044 | Val Acc: 0.8788 | Val F1: 0.8777
Epoch [136/300] | Duration: 12.48s | Train Loss: 0.4554 | Train Acc: 0.8655 | Val Loss: 0.5042 | Val Acc: 0.8788 | Val F1: 0.8783
Epoch [137/300] | Duration: 12.46s | Train Loss: 0.4348 | Train Acc: 0.8693 | Val Loss: 0.5060 | Val Acc: 0.8712 | Val F1: 0.8703
Epoch [138/300] | Duration: 11.92s | Train Loss: 0.4135 | Train Acc: 0.8864 | Val Loss: 0.4995 | Val Acc: 0.8864 | Val F1: 0.8860
🎉 New best model found! F1-Score: 0.8860. Saved to training_outputs/20250728-144521/best_model.pth
Epoch [139/300] | Duration: 12.05s | Train Loss: 0.4474 | Train Acc: 0.8542 | Val Loss: 0.5029 | Val Acc: 0.8712 | Val F1: 0.8705
Epoch [140/300] | Duration: 11.97s | Train Loss: 0.4367 | Train Acc: 0.8485 | Val Loss: 0.5024 | Val Acc: 0.8788 | Val F1: 0.8777
Epoch [141/300] | Duration: 12.11s | Train Loss: 0.4333 | Train Acc: 0.8712 | Val Loss: 0.5011 | Val Acc: 0.8788 | Val F1: 0.8777
Epoch [142/300] | Duration: 12.34s | Train Loss: 0.4366 | Train Acc: 0.8655 | Val Loss: 0.5038 | Val Acc: 0.8712 | Val F1: 0.8703
Epoch [143/300] | Duration: 12.13s | Train Loss: 0.4211 | Train Acc: 0.8731 | Val Loss: 0.5005 | Val Acc: 0.8712 | Val F1: 0.8702
Epoch [144/300] | Duration: 12.00s | Train Loss: 0.4104 | Train Acc: 0.8807 | Val Loss: 0.5065 | Val Acc: 0.8864 | Val F1: 0.8855
Epoch [145/300] | Duration: 11.91s | Train Loss: 0.4213 | Train Acc: 0.8655 | Val Loss: 0.5020 | Val Acc: 0.8712 | Val F1: 0.8705
Epoch [146/300] | Duration: 12.03s | Train Loss: 0.4281 | Train Acc: 0.8636 | Val Loss: 0.4966 | Val Acc: 0.8864 | Val F1: 0.8860
Epoch [147/300] | Duration: 12.48s | Train Loss: 0.4310 | Train Acc: 0.8712 | Val Loss: 0.4946 | Val Acc: 0.8712 | Val F1: 0.8708
Epoch [148/300] | Duration: 12.48s | Train Loss: 0.4257 | Train Acc: 0.8712 | Val Loss: 0.5032 | Val Acc: 0.8788 | Val F1: 0.8783
Epoch [149/300] | Duration: 12.58s | Train Loss: 0.4349 | Train Acc: 0.8788 | Val Loss: 0.4993 | Val Acc: 0.8788 | Val F1: 0.8783
Epoch [150/300] | Duration: 12.56s | Train Loss: 0.4482 | Train Acc: 0.8580 | Val Loss: 0.5043 | Val Acc: 0.8712 | Val F1: 0.8704
Epoch [151/300] | Duration: 12.25s | Train Loss: 0.4433 | Train Acc: 0.8636 | Val Loss: 0.5040 | Val Acc: 0.8712 | Val F1: 0.8703
Epoch [152/300] | Duration: 12.30s | Train Loss: 0.4000 | Train Acc: 0.8845 | Val Loss: 0.5041 | Val Acc: 0.8864 | Val F1: 0.8855
Epoch [153/300] | Duration: 12.27s | Train Loss: 0.4553 | Train Acc: 0.8504 | Val Loss: 0.5013 | Val Acc: 0.8712 | Val F1: 0.8699
Epoch [154/300] | Duration: 12.59s | Train Loss: 0.4260 | Train Acc: 0.8788 | Val Loss: 0.5036 | Val Acc: 0.8864 | Val F1: 0.8855
Epoch [155/300] | Duration: 12.80s | Train Loss: 0.4429 | Train Acc: 0.8617 | Val Loss: 0.5072 | Val Acc: 0.8712 | Val F1: 0.8703
Epoch [156/300] | Duration: 12.77s | Train Loss: 0.4247 | Train Acc: 0.8617 | Val Loss: 0.4941 | Val Acc: 0.8788 | Val F1: 0.8783
Epoch [157/300] | Duration: 12.73s | Train Loss: 0.4306 | Train Acc: 0.8542 | Val Loss: 0.4977 | Val Acc: 0.8788 | Val F1: 0.8783
Epoch [158/300] | Duration: 12.79s | Train Loss: 0.4502 | Train Acc: 0.8598 | Val Loss: 0.5029 | Val Acc: 0.8788 | Val F1: 0.8777
Epoch [159/300] | Duration: 12.77s | Train Loss: 0.4322 | Train Acc: 0.8712 | Val Loss: 0.4988 | Val Acc: 0.8712 | Val F1: 0.8705
Epoch [160/300] | Duration: 12.48s | Train Loss: 0.4237 | Train Acc: 0.8769 | Val Loss: 0.5058 | Val Acc: 0.8788 | Val F1: 0.8782
Epoch [161/300] | Duration: 12.35s | Train Loss: 0.4471 | Train Acc: 0.8561 | Val Loss: 0.4987 | Val Acc: 0.8788 | Val F1: 0.8783
Epoch [162/300] | Duration: 13.02s | Train Loss: 0.4303 | Train Acc: 0.8655 | Val Loss: 0.5050 | Val Acc: 0.8712 | Val F1: 0.8703
Epoch [163/300] | Duration: 12.60s | Train Loss: 0.4178 | Train Acc: 0.8731 | Val Loss: 0.4994 | Val Acc: 0.8788 | Val F1: 0.8783
Epoch [164/300] | Duration: 12.67s | Train Loss: 0.4383 | Train Acc: 0.8750 | Val Loss: 0.5006 | Val Acc: 0.8864 | Val F1: 0.8855
Epoch [165/300] | Duration: 12.87s | Train Loss: 0.4354 | Train Acc: 0.8731 | Val Loss: 0.4950 | Val Acc: 0.8864 | Val F1: 0.8860
Epoch [166/300] | Duration: 12.58s | Train Loss: 0.4488 | Train Acc: 0.8655 | Val Loss: 0.4977 | Val Acc: 0.8788 | Val F1: 0.8783
Epoch [167/300] | Duration: 12.63s | Train Loss: 0.4341 | Train Acc: 0.8617 | Val Loss: 0.4997 | Val Acc: 0.8788 | Val F1: 0.8782
Epoch [168/300] | Duration: 12.71s | Train Loss: 0.4466 | Train Acc: 0.8561 | Val Loss: 0.4928 | Val Acc: 0.8864 | Val F1: 0.8860
Epoch [169/300] | Duration: 12.60s | Train Loss: 0.4311 | Train Acc: 0.8674 | Val Loss: 0.5082 | Val Acc: 0.8864 | Val F1: 0.8855
Epoch [170/300] | Duration: 12.70s | Train Loss: 0.4278 | Train Acc: 0.8674 | Val Loss: 0.4991 | Val Acc: 0.8788 | Val F1: 0.8777
Epoch [171/300] | Duration: 12.73s | Train Loss: 0.4361 | Train Acc: 0.8636 | Val Loss: 0.4968 | Val Acc: 0.8712 | Val F1: 0.8705
Epoch [172/300] | Duration: 12.56s | Train Loss: 0.4279 | Train Acc: 0.8826 | Val Loss: 0.4980 | Val Acc: 0.8788 | Val F1: 0.8783
Epoch [173/300] | Duration: 12.47s | Train Loss: 0.4545 | Train Acc: 0.8636 | Val Loss: 0.5069 | Val Acc: 0.8712 | Val F1: 0.8703

🛑 Early stopping triggered after 35 epochs with no improvement.

✅ Training finished.

💾 Saving final artifacts...
Loaded best model from training_outputs/20250728-144521/best_model.pth for final evaluation.
📈 Saved training metrics plot to training_outputs/20250728-144521/training_metrics.png
📊 Saved final confusion matrix to training_outputs/20250728-144521/final_confusion_matrix.png
📝 Saved final classification report to training_outputs/20250728-144521/final_classification_report.txt

✨ Run complete.
